#
# A fatal error has been detected by the Java Runtime Environment:
#
#  SIGSEGV (0xb) at pc=0x00007f0455188baf, pid=10396, tid=0x00007f04388c0700
#
# JRE version: OpenJDK Runtime Environment (8.0_191-b12) (build 1.8.0_191-8u191-b12-2ubuntu0.18.04.1-b12)
# Java VM: OpenJDK 64-Bit Server VM (25.191-b12 mixed mode linux-amd64 compressed oops)
# Problematic frame:
# V  [libjvm.so+0x978baf]
#
# Failed to write core dump. Core dumps have been disabled. To enable core dumping, try "ulimit -c unlimited" before starting Java again
#
# If you would like to submit a bug report, please visit:
#   http://bugreport.java.com/bugreport/crash.jsp
#

---------------  T H R E A D  ---------------

Current thread (0x00007f044c0be800):  JavaThread "C2 CompilerThread1" daemon [_thread_in_native, id=10861, stack(0x00007f04387c1000,0x00007f04388c1000)]

siginfo: si_signo: 11 (SIGSEGV), si_code: 2 (SEGV_ACCERR), si_addr: 0x00007f040e6dc008

Registers:
RAX=0x00007f040e6dc050, RBX=0x00007f040e6dbf70, RCX=0x00007f040cd2f828, RDX=0x00007f040cd2f828
RSP=0x00007f04388bc4c0, RBP=0x00007f04388bc530, RSI=0x00000000ffffffff, RDI=0x00007f040cd2f940
R8 =0x00000000ffffffff, R9 =0x0000000000000000, R10=0x0000000000c00000, R11=0x00000000ffffffff
R12=0x00007f040e6dbff8, R13=0x00007f040cd2f828, R14=0x00007f04388beef0, R15=0x00007f04388bf088
RIP=0x00007f0455188baf, EFLAGS=0x0000000000010202, CSGSFS=0x00000053002b0033, ERR=0x0000000000000000
  TRAPNO=0x0000000000000000

Top of Stack: (sp=0x00007f04388bc4c0)
0x00007f04388bc4c0:   00007f040cd11f60 00007f040e6dbf70
0x00007f04388bc4d0:   0000000000000004 0000000000000002
0x00007f04388bc4e0:   00007f040cd2f828 00007f040cd2f828
0x00007f04388bc4f0:   00007f040cd2f828 00007f040cd2f828
0x00007f04388bc500:   0000000000000013 0000000000000024
0x00007f04388bc510:   00007f040cd11f60 00007f040e6dbf70
0x00007f04388bc520:   00007f04388bcb40 00007f040cbef7b0
0x00007f04388bc530:   00007f04388bc590 00007f04551895fe
0x00007f04388bc540:   00007f040c669d30 000000050cd11f60
0x00007f04388bc550:   0000346c00000000 00007f0400000013
0x00007f04388bc560:   00007f04388bc5b0 00007f040cbef7b0
0x00007f04388bc570:   00007f040e6dbf70 00007f04388bcb40
0x00007f04388bc580:   0000000000000024 00007f040cbef7b0
0x00007f04388bc590:   00007f04388bc7b0 00007f045518c186
0x00007f04388bc5a0:   0000000000000000 0000000000000000
0x00007f04388bc5b0:   00007f04388bc750 0000000000000052
0x00007f04388bc5c0:   ffffbfff08000000 0000000000000108
0x00007f04388bc5d0:   00000000000003d8 00017f0400000008
0x00007f04388bc5e0:   00007f040e2fe262 00007f04388bc70c
0x00007f04388bc5f0:   00007f04388bc730 00007f040c0fb330
0x00007f04388bc600:   00007f040c0fb708 00007f04388bc710
0x00007f04388bc610:   0000019a00000181 00007f040c0fb320
0x00007f04388bc620:   00007f040cd2f828 00007f040cd2f918
0x00007f04388bc630:   00007f040da34100 00007f040e37c890
0x00007f04388bc640:   00007f040000001c 0000000000000052
0x00007f04388bc650:   00007f040d3b9c30 00007f0454be0000
0x00007f04388bc660:   0000000000000052 00007f04388bc750
0x00007f04388bc670:   00007f040ddddb70 00007f040da34140
0x00007f04388bc680:   00007f040cd11f60 00007f040dddce90
0x00007f04388bc690:   0000000000088e18 00007f040ddc3ac0
0x00007f04388bc6a0:   00007f040c669d30 00007f040e37d2e0
0x00007f04388bc6b0:   0000000000000120 0101010101010101 

Instructions: (pc=0x00007f0455188baf)
0x00007f0455188b8f:   49 8d 44 24 58 49 3b 86 b8 01 00 00 0f 87 df 00
0x00007f0455188b9f:   00 00 49 89 86 b0 01 00 00 4d 85 e4 48 89 4d c8
0x00007f0455188baf:   4d 89 74 24 10 74 79 31 f6 4c 89 e7 e8 f0 65 f4
0x00007f0455188bbf:   ff b8 02 00 00 00 48 8b 4d c8 41 c7 44 24 30 00 

Register to memory mapping:

RAX=0x00007f040e6dc050 is an unknown value
RBX=0x00007f040e6dbf70 is an unknown value
RCX=0x00007f040cd2f828 is an unknown value
RDX=0x00007f040cd2f828 is an unknown value
RSP=0x00007f04388bc4c0 is pointing into the stack for thread: 0x00007f044c0be800
RBP=0x00007f04388bc530 is pointing into the stack for thread: 0x00007f044c0be800
RSI=0x00000000ffffffff is an unallocated location in the heap
RDI=0x00007f040cd2f940 is an unknown value
R8 =0x00000000ffffffff is an unallocated location in the heap
R9 =0x0000000000000000 is an unknown value
R10=0x0000000000c00000 is an unknown value
R11=0x00000000ffffffff is an unallocated location in the heap
R12=0x00007f040e6dbff8 is an unknown value
R13=0x00007f040cd2f828 is an unknown value
R14=0x00007f04388beef0 is pointing into the stack for thread: 0x00007f044c0be800
R15=0x00007f04388bf088 is pointing into the stack for thread: 0x00007f044c0be800


Stack: [0x00007f04387c1000,0x00007f04388c1000],  sp=0x00007f04388bc4c0,  free space=1005k
Native frames: (J=compiled Java code, j=interpreted, Vv=VM code, C=native code)
V  [libjvm.so+0x978baf]
V  [libjvm.so+0x9795fe]
V  [libjvm.so+0x97c186]
V  [libjvm.so+0x3deff7]
V  [libjvm.so+0x478448]
V  [libjvm.so+0x47948b]
V  [libjvm.so+0x3c08da]
V  [libjvm.so+0x48487b]
V  [libjvm.so+0x486b58]
V  [libjvm.so+0xa4fd93]
V  [libjvm.so+0xa501c2]
V  [libjvm.so+0x8ea992]
C  [libpthread.so.0+0x76db]  start_thread+0xdb


Current CompileTask:
C2: 794057 1123   !   4       gc.WeakReference::send (199 bytes)


---------------  P R O C E S S  ---------------

Java Threads: ( => current thread )
  0x00007f03cc004800 JavaThread "Thread-11" [_thread_blocked, id=14516, stack(0x00007f0403360000,0x00007f0403461000)]
  0x00007f03fc009000 JavaThread "Handler Loop 4" [_thread_in_native, id=14502, stack(0x00007f0403250000,0x00007f0403351000)]
  0x00007f03fc005000 JavaThread "gc.serverGC.GCAgent$State" [_thread_blocked, id=13133, stack(0x00007f0403470000,0x00007f0403571000)]
  0x00007f03fc003000 JavaThread "wwc.messaging.WWCSystem$State" [_thread_blocked, id=13129, stack(0x00007f0403580000,0x00007f0403681000)]
  0x00007f044c00b000 JavaThread "DestroyJavaVM" [_thread_blocked, id=10418, stack(0x00007f0456521000,0x00007f0456621000)]
  0x00007f03ec007800 JavaThread "wwc.resources.StandardInput$State" [_thread_blocked, id=12296, stack(0x00007f04037a0000,0x00007f04038a1000)]
  0x00007f03ec004000 JavaThread "wwc.resources.StandardError$State" [_thread_blocked, id=12279, stack(0x00007f04038b0000,0x00007f04039b1000)]
  0x00007f03ec001800 JavaThread "wwc.resources.StandardOutput$State" [_thread_blocked, id=12267, stack(0x00007f04039c0000,0x00007f0403ac1000)]
  0x00007f044c184800 JavaThread "examples.chat.Speaker$State" [_thread_blocked, id=12253, stack(0x00007f0403ad0000,0x00007f0403bd1000)]
  0x00007f044c183000 JavaThread "RunTime Exit Thead" daemon [_thread_blocked, id=12241, stack(0x00007f0403be0000,0x00007f0403ce1000)]
  0x00007f044c16f800 JavaThread "Clear Socket Thread" [_thread_blocked, id=11474, stack(0x00007f0438050000,0x00007f0438151000)]
  0x00007f044c16e000 JavaThread "Listen Loop Thread" [_thread_in_native, id=11202, stack(0x00007f0438160000,0x00007f0438261000)]
  0x00007f044c0c3000 JavaThread "Service Thread" daemon [_thread_blocked, id=11064, stack(0x00007f04385a0000,0x00007f04386a1000)]
  0x00007f044c0c0000 JavaThread "C1 CompilerThread2" daemon [_thread_blocked, id=10934, stack(0x00007f04386b1000,0x00007f04387b1000)]
=>0x00007f044c0be800 JavaThread "C2 CompilerThread1" daemon [_thread_in_native, id=10861, stack(0x00007f04387c1000,0x00007f04388c1000)]
  0x00007f044c0bb800 JavaThread "C2 CompilerThread0" daemon [_thread_blocked, id=10821, stack(0x00007f04388d1000,0x00007f04389d1000)]
  0x00007f044c0ba000 JavaThread "Signal Dispatcher" daemon [_thread_blocked, id=10784, stack(0x00007f04389e0000,0x00007f0438ae1000)]
  0x00007f044c085000 JavaThread "Finalizer" daemon [_thread_blocked, id=10655, stack(0x00007f0438df0000,0x00007f0438ef1000)]
  0x00007f044c082800 JavaThread "Reference Handler" daemon [_thread_blocked, id=10637, stack(0x00007f0438f00000,0x00007f0439001000)]

Other Threads:
  0x00007f044c079000 VMThread [stack: 0x00007f0439011000,0x00007f0439111000] [id=10586]
  0x00007f044c0c5800 WatcherThread [stack: 0x00007f0438491000,0x00007f0438591000] [id=11091]

VM state:at safepoint (normal execution)

VM Mutex/Monitor currently owned by a thread:  ([mutex/lock_event])
[0x00007f044c007810] Threads_lock - owner thread: 0x00007f044c079000
[0x00007f044c007d10] Heap_lock - owner thread: 0x00007f044c183000

Heap:
 PSYoungGen      total 37888K, used 0K [0x00000000d6180000, 0x00000000d8b80000, 0x0000000100000000)
  eden space 32768K, 0% used [0x00000000d6180000,0x00000000d6180000,0x00000000d8180000)
  from space 5120K, 0% used [0x00000000d8680000,0x00000000d8680000,0x00000000d8b80000)
  to   space 5120K, 0% used [0x00000000d8180000,0x00000000d8180000,0x00000000d8680000)
 ParOldGen       total 86016K, used 2247K [0x0000000082400000, 0x0000000087800000, 0x00000000d6180000)
  object space 86016K, 2% used [0x0000000082400000,0x0000000082631e40,0x0000000087800000)
 Metaspace       used 6010K, capacity 6218K, committed 6400K, reserved 1056768K
  class space    used 608K, capacity 697K, committed 768K, reserved 1048576K

Card table byte_map: [0x00007f0452640000,0x00007f0452a2f000] byte_map_base: 0x00007f045222e000

Marking Bits: (ParMarkBitMap*) 0x00007f0455779340
 Begin Bits: [0x00007f0439120000, 0x00007f043b090000)
 End Bits:   [0x00007f043b090000, 0x00007f043d000000)

Polling page: 0x00007f0456690000

CodeCache: size=245760Kb used=4131Kb max_used=4712Kb free=241628Kb
 bounds [0x00007f043d000000, 0x00007f043d4a0000, 0x00007f044c000000]
 total_blobs=1197 nmethods=910 adapters=202
 compilation: enabled

Compilation events (10 events):
Event: 739.036 Thread 0x00007f044c0c0000 nmethod 1111 0x00007f043d3a6150 code [0x00007f043d3a6d80, 0x00007f043d3af888]
Event: 739.036 Thread 0x00007f044c0c0000 1113       3       java.util.regex.Pattern::clazz (405 bytes)
Event: 739.041 Thread 0x00007f044c0c0000 nmethod 1113 0x00007f043d17ea90 code [0x00007f043d17ef60, 0x00007f043d181818]
Event: 751.255 Thread 0x00007f044c0c0000 1119       3       java.lang.Boolean::<init> (10 bytes)
Event: 751.255 Thread 0x00007f044c0c0000 nmethod 1119 0x00007f043d14fd90 code [0x00007f043d14ff00, 0x00007f043d1500b0]
Event: 752.218 Thread 0x00007f044c0c0000 1120   !   3       sun.reflect.GeneratedMethodAccessor14::invoke (119 bytes)
Event: 752.218 Thread 0x00007f044c0c0000 nmethod 1120 0x00007f043d1c6ad0 code [0x00007f043d1c6d20, 0x00007f043d1c7b88]
Event: 761.440 Thread 0x00007f044c0be800 1122       4       java.util.regex.Matcher::find (69 bytes)
Event: 761.446 Thread 0x00007f044c0be800 nmethod 1122 0x00007f043d248950 code [0x00007f043d248ac0, 0x00007f043d248dd8]
Event: 764.856 Thread 0x00007f044c0be800 1123   !   4       gc.WeakReference::send (199 bytes)

GC Heap History (10 events):
Event: 763.201 GC heap after
Heap after GC invocations=334 (full 167):
 PSYoungGen      total 37888K, used 0K [0x00000000d6180000, 0x00000000d8b80000, 0x0000000100000000)
  eden space 32768K, 0% used [0x00000000d6180000,0x00000000d6180000,0x00000000d8180000)
  from space 5120K, 0% used [0x00000000d8180000,0x00000000d8180000,0x00000000d8680000)
  to   space 5120K, 0% used [0x00000000d8680000,0x00000000d8680000,0x00000000d8b80000)
 ParOldGen       total 86016K, used 2244K [0x0000000082400000, 0x0000000087800000, 0x00000000d6180000)
  object space 86016K, 2% used [0x0000000082400000,0x0000000082631190,0x0000000087800000)
 Metaspace       used 6010K, capacity 6218K, committed 6400K, reserved 1056768K
  class space    used 608K, capacity 697K, committed 768K, reserved 1048576K
}
Event: 765.944 GC heap before
{Heap before GC invocations=335 (full 167):
 PSYoungGen      total 37888K, used 2802K [0x00000000d6180000, 0x00000000d8b80000, 0x0000000100000000)
  eden space 32768K, 8% used [0x00000000d6180000,0x00000000d643c8b8,0x00000000d8180000)
  from space 5120K, 0% used [0x00000000d8180000,0x00000000d8180000,0x00000000d8680000)
  to   space 5120K, 0% used [0x00000000d8680000,0x00000000d8680000,0x00000000d8b80000)
 ParOldGen       total 86016K, used 2244K [0x0000000082400000, 0x0000000087800000, 0x00000000d6180000)
  object space 86016K, 2% used [0x0000000082400000,0x0000000082631190,0x0000000087800000)
 Metaspace       used 6010K, capacity 6218K, committed 6400K, reserved 1056768K
  class space    used 608K, capacity 697K, committed 768K, reserved 1048576K
Event: 766.035 GC heap after
Heap after GC invocations=335 (full 167):
 PSYoungGen      total 37888K, used 32K [0x00000000d6180000, 0x00000000d8b80000, 0x0000000100000000)
  eden space 32768K, 0% used [0x00000000d6180000,0x00000000d6180000,0x00000000d8180000)
  from space 5120K, 0% used [0x00000000d8680000,0x00000000d8688000,0x00000000d8b80000)
  to   space 5120K, 0% used [0x00000000d8180000,0x00000000d8180000,0x00000000d8680000)
 ParOldGen       total 86016K, used 2244K [0x0000000082400000, 0x0000000087800000, 0x00000000d6180000)
  object space 86016K, 2% used [0x0000000082400000,0x0000000082631190,0x0000000087800000)
 Metaspace       used 6010K, capacity 6218K, committed 6400K, reserved 1056768K
  class space    used 608K, capacity 697K, committed 768K, reserved 1048576K
}
Event: 766.035 GC heap before
{Heap before GC invocations=336 (full 168):
 PSYoungGen      total 37888K, used 32K [0x00000000d6180000, 0x00000000d8b80000, 0x0000000100000000)
  eden space 32768K, 0% used [0x00000000d6180000,0x00000000d6180000,0x00000000d8180000)
  from space 5120K, 0% used [0x00000000d8680000,0x00000000d8688000,0x00000000d8b80000)
  to   space 5120K, 0% used [0x00000000d8180000,0x00000000d8180000,0x00000000d8680000)
 ParOldGen       total 86016K, used 2244K [0x0000000082400000, 0x0000000087800000, 0x00000000d6180000)
  object space 86016K, 2% used [0x0000000082400000,0x0000000082631190,0x0000000087800000)
 Metaspace       used 6010K, capacity 6218K, committed 6400K, reserved 1056768K
  class space    used 608K, capacity 697K, committed 768K, reserved 1048576K
Event: 766.920 GC heap after
Heap after GC invocations=336 (full 168):
 PSYoungGen      total 37888K, used 0K [0x00000000d6180000, 0x00000000d8b80000, 0x0000000100000000)
  eden space 32768K, 0% used [0x00000000d6180000,0x00000000d6180000,0x00000000d8180000)
  from space 5120K, 0% used [0x00000000d8680000,0x00000000d8680000,0x00000000d8b80000)
  to   space 5120K, 0% used [0x00000000d8180000,0x00000000d8180000,0x00000000d8680000)
 ParOldGen       total 86016K, used 2247K [0x0000000082400000, 0x0000000087800000, 0x00000000d6180000)
  object space 86016K, 2% used [0x0000000082400000,0x0000000082631e40,0x0000000087800000)
 Metaspace       used 6010K, capacity 6218K, committed 6400K, reserved 1056768K
  class space    used 608K, capacity 697K, committed 768K, reserved 1048576K
}
Event: 772.596 GC heap before
{Heap before GC invocations=337 (full 168):
 PSYoungGen      total 37888K, used 1310K [0x00000000d6180000, 0x00000000d8b80000, 0x0000000100000000)
  eden space 32768K, 3% used [0x00000000d6180000,0x00000000d62c7ae0,0x00000000d8180000)
  from space 5120K, 0% used [0x00000000d8680000,0x00000000d8680000,0x00000000d8b80000)
  to   space 5120K, 0% used [0x00000000d8180000,0x00000000d8180000,0x00000000d8680000)
 ParOldGen       total 86016K, used 2247K [0x0000000082400000, 0x0000000087800000, 0x00000000d6180000)
  object space 86016K, 2% used [0x0000000082400000,0x0000000082631e40,0x0000000087800000)
 Metaspace       used 6010K, capacity 6218K, committed 6400K, reserved 1056768K
  class space    used 608K, capacity 697K, committed 768K, reserved 1048576K
Event: 773.838 GC heap after
Heap after GC invocations=337 (full 168):
 PSYoungGen      total 37888K, used 0K [0x00000000d6180000, 0x00000000d8b80000, 0x0000000100000000)
  eden space 32768K, 0% used [0x00000000d6180000,0x00000000d6180000,0x00000000d8180000)
  from space 5120K, 0% used [0x00000000d8180000,0x00000000d8180000,0x00000000d8680000)
  to   space 5120K, 0% used [0x00000000d8680000,0x00000000d8680000,0x00000000d8b80000)
 ParOldGen       total 86016K, used 2247K [0x0000000082400000, 0x0000000087800000, 0x00000000d6180000)
  object space 86016K, 2% used [0x0000000082400000,0x0000000082631e40,0x0000000087800000)
 Metaspace       used 6010K, capacity 6218K, committed 6400K, reserved 1056768K
  class space    used 608K, capacity 697K, committed 768K, reserved 1048576K
}
Event: 773.838 GC heap before
{Heap before GC invocations=338 (full 169):
 PSYoungGen      total 37888K, used 0K [0x00000000d6180000, 0x00000000d8b80000, 0x0000000100000000)
  eden space 32768K, 0% used [0x00000000d6180000,0x00000000d6180000,0x00000000d8180000)
  from space 5120K, 0% used [0x00000000d8180000,0x00000000d8180000,0x00000000d8680000)
  to   space 5120K, 0% used [0x00000000d8680000,0x00000000d8680000,0x00000000d8b80000)
 ParOldGen       total 86016K, used 2247K [0x0000000082400000, 0x0000000087800000, 0x00000000d6180000)
  object space 86016K, 2% used [0x0000000082400000,0x0000000082631e40,0x0000000087800000)
 Metaspace       used 6010K, capacity 6218K, committed 6400K, reserved 1056768K
  class space    used 608K, capacity 697K, committed 768K, reserved 1048576K
Event: 783.706 GC heap after
Heap after GC invocations=338 (full 169):
 PSYoungGen      total 37888K, used 0K [0x00000000d6180000, 0x00000000d8b80000, 0x0000000100000000)
  eden space 32768K, 0% used [0x00000000d6180000,0x00000000d6180000,0x00000000d8180000)
  from space 5120K, 0% used [0x00000000d8180000,0x00000000d8180000,0x00000000d8680000)
  to   space 5120K, 0% used [0x00000000d8680000,0x00000000d8680000,0x00000000d8b80000)
 ParOldGen       total 86016K, used 2247K [0x0000000082400000, 0x0000000087800000, 0x00000000d6180000)
  object space 86016K, 2% used [0x0000000082400000,0x0000000082631e40,0x0000000087800000)
 Metaspace       used 6010K, capacity 6218K, committed 6400K, reserved 1056768K
  class space    used 608K, capacity 697K, committed 768K, reserved 1048576K
}
Event: 792.569 GC heap before
{Heap before GC invocations=339 (full 169):
 PSYoungGen      total 37888K, used 1310K [0x00000000d6180000, 0x00000000d8b80000, 0x0000000100000000)
  eden space 32768K, 3% used [0x00000000d6180000,0x00000000d62c7ae0,0x00000000d8180000)
  from space 5120K, 0% used [0x00000000d8180000,0x00000000d8180000,0x00000000d8680000)
  to   space 5120K, 0% used [0x00000000d8680000,0x00000000d8680000,0x00000000d8b80000)
 ParOldGen       total 86016K, used 2247K [0x0000000082400000, 0x0000000087800000, 0x00000000d6180000)
  object space 86016K, 2% used [0x0000000082400000,0x0000000082631e40,0x0000000087800000)
 Metaspace       used 6010K, capacity 6218K, committed 6400K, reserved 1056768K
  class space    used 608K, capacity 697K, committed 768K, reserved 1048576K

Deoptimization events (10 events):
Event: 197.362 Thread 0x00007f044c184800 Uncommon trap: reason=unstable_if action=reinterpret pc=0x00007f043d332a70 method=java.lang.reflect.Method.invoke(Ljava/lang/Object;[Ljava/lang/Object;)Ljava/lang/Object; @ 45
Event: 231.490 Thread 0x00007f03fc007000 Uncommon trap: reason=class_check action=maybe_recompile pc=0x00007f043d1a0540 method=java.io.ObjectInputStream$PeekInputStream.read()I @ 23
Event: 231.969 Thread 0x00007f03fc007000 Uncommon trap: reason=unstable_if action=reinterpret pc=0x00007f043d3a6868 method=java.io.ObjectInputStream.isCustomSubclass()Z @ 12
Event: 231.984 Thread 0x00007f03fc007000 Uncommon trap: reason=unstable_if action=reinterpret pc=0x00007f043d3d71a4 method=java.io.ObjectInputStream.isCustomSubclass()Z @ 12
Event: 239.649 Thread 0x00007f03dc00a000 Uncommon trap: reason=unstable_if action=reinterpret pc=0x00007f043d2f88b8 method=java.io.ObjectStreamClass.writeNonProxy(Ljava/io/ObjectOutputStream;)V @ 142
Event: 269.287 Thread 0x00007f03fc007000 Uncommon trap: reason=unstable_if action=reinterpret pc=0x00007f043d1d3338 method=java.net.SocketInputStream.read([BIII)I @ 124
Event: 269.288 Thread 0x00007f03fc007000 Uncommon trap: reason=unstable_if action=reinterpret pc=0x00007f043d2032ac method=java.net.SocketInputStream.read()I @ 28
Event: 378.245 Thread 0x00007f03fc007000 Uncommon trap: reason=unstable_if action=reinterpret pc=0x00007f043d20522c method=java.net.SocketInputStream.read()I @ 28
Event: 404.082 Thread 0x00007f03fc009000 Uncommon trap: reason=unstable_if action=reinterpret pc=0x00007f043d1d3338 method=java.net.SocketInputStream.read([BIII)I @ 124
Event: 404.082 Thread 0x00007f03fc009000 Uncommon trap: reason=unstable_if action=reinterpret pc=0x00007f043d2032ac method=java.net.SocketInputStream.read()I @ 28

Classes redefined (0 events):
No events

Internal exceptions (10 events):
Event: 100.607 Thread 0x00007f03ec001800 Exception <a 'java/lang/IllegalArgumentException': argument type mismatch> (0x00000000d63c9298) thrown at [/build/openjdk-8-5w_p1G/openjdk-8-8u191-b12/src/hotspot/src/share/vm/runtime/reflection.cpp, line 201]
Event: 100.607 Thread 0x00007f03ec001800 Exception <a 'java/lang/IllegalArgumentException': argument type mismatch> (0x00000000d63c9510) thrown at [/build/openjdk-8-5w_p1G/openjdk-8-8u191-b12/src/hotspot/src/share/vm/runtime/reflection.cpp, line 201]
Event: 100.607 Thread 0x00007f03ec001800 Exception <a 'java/lang/IllegalArgumentException': argument type mismatch> (0x00000000d63c9788) thrown at [/build/openjdk-8-5w_p1G/openjdk-8-8u191-b12/src/hotspot/src/share/vm/runtime/reflection.cpp, line 201]
Event: 100.608 Thread 0x00007f03ec001800 Exception <a 'java/lang/IllegalArgumentException': argument type mismatch> (0x00000000d63cf0f0) thrown at [/build/openjdk-8-5w_p1G/openjdk-8-8u191-b12/src/hotspot/src/share/vm/runtime/reflection.cpp, line 201]
Event: 100.609 Thread 0x00007f03ec001800 Exception <a 'java/lang/IllegalArgumentException': argument type mismatch> (0x00000000d63d1cb8) thrown at [/build/openjdk-8-5w_p1G/openjdk-8-8u191-b12/src/hotspot/src/share/vm/runtime/reflection.cpp, line 201]
Event: 100.609 Thread 0x00007f03ec001800 Exception <a 'java/lang/IllegalArgumentException': argument type mismatch> (0x00000000d63d4948) thrown at [/build/openjdk-8-5w_p1G/openjdk-8-8u191-b12/src/hotspot/src/share/vm/runtime/reflection.cpp, line 201]
Event: 100.610 Thread 0x00007f03ec001800 Exception <a 'java/lang/IllegalArgumentException': argument type mismatch> (0x00000000d63d7698) thrown at [/build/openjdk-8-5w_p1G/openjdk-8-8u191-b12/src/hotspot/src/share/vm/runtime/reflection.cpp, line 201]
Event: 195.078 Thread 0x00007f03fc009000 Implicit null exception at 0x00007f043d3ec5c6 to 0x00007f043d3ec996
Event: 195.079 Thread 0x00007f03fc009000 Exception <a 'java/lang/NoSuchMethodError': <clinit>> (0x00000000d6189db0) thrown at [/build/openjdk-8-5w_p1G/openjdk-8-8u191-b12/src/hotspot/src/share/vm/prims/jni.cpp, line 1613]
Event: 197.362 Thread 0x00007f044c184800 Implicit null exception at 0x00007f043d3329d8 to 0x00007f043d332a56

Events (10 events):
Event: 760.650 Executing VM operation: ParallelGCSystemGC done
Event: 761.446 Thread 0x00007f044c0be800 flushing nmethod 0x00007f043d202e10
Event: 761.446 Thread 0x00007f044c0be800 flushing nmethod 0x00007f043d204dd0
Event: 762.964 Executing VM operation: ParallelGCSystemGC
Event: 763.201 Executing VM operation: ParallelGCSystemGC done
Event: 765.943 Executing VM operation: ParallelGCSystemGC
Event: 766.920 Executing VM operation: ParallelGCSystemGC done
Event: 772.595 Executing VM operation: ParallelGCSystemGC
Event: 783.707 Executing VM operation: ParallelGCSystemGC done
Event: 790.966 Executing VM operation: ParallelGCSystemGC


Dynamic libraries:
82400000-87800000 rw-p 00000000 00:00 0
87800000-d6180000 ---p 00000000 00:00 0
d6180000-d8b80000 rw-p 00000000 00:00 0
d8b80000-100000000 ---p 00000000 00:00 0
100000000-1000c0000 rw-p 00000000 00:00 0
1000c0000-140000000 ---p 00000000 00:00 0
7f03cc000000-7f03cc021000 rw-p 00000000 00:00 0
7f03cc021000-7f03d0000000 ---p 00000000 00:00 0
7f03d4000000-7f03d4021000 rw-p 00000000 00:00 0
7f03d4021000-7f03d8000000 ---p 00000000 00:00 0
7f03d8000000-7f03d8021000 rw-p 00000000 00:00 0
7f03d8021000-7f03dc000000 ---p 00000000 00:00 0
7f03dc000000-7f03dc021000 rw-p 00000000 00:00 0
7f03dc021000-7f03e0000000 ---p 00000000 00:00 0
7f03e0000000-7f03e0021000 rw-p 00000000 00:00 0
7f03e0021000-7f03e4000000 ---p 00000000 00:00 0
7f03e4000000-7f03e4021000 rw-p 00000000 00:00 0
7f03e4021000-7f03e8000000 ---p 00000000 00:00 0
7f03e8000000-7f03e8021000 rw-p 00000000 00:00 0
7f03e8021000-7f03ec000000 ---p 00000000 00:00 0
7f03ec000000-7f03ec032000 rw-p 00000000 00:00 0
7f03ec032000-7f03f0000000 ---p 00000000 00:00 0
7f03f0000000-7f03f0021000 rw-p 00000000 00:00 0
7f03f0021000-7f03f4000000 ---p 00000000 00:00 0
7f03f4000000-7f03f4021000 rw-p 00000000 00:00 0
7f03f4021000-7f03f8000000 ---p 00000000 00:00 0
7f03f8000000-7f03f8021000 rw-p 00000000 00:00 0
7f03f8021000-7f03fc000000 ---p 00000000 00:00 0
7f03fc000000-7f03fc021000 rw-p 00000000 00:00 0
7f03fc021000-7f0400000000 ---p 00000000 00:00 0
7f0403250000-7f0403253000 ---p 00000000 00:00 0
7f0403253000-7f0403351000 rw-p 00000000 00:00 0
7f0403360000-7f0403363000 ---p 00000000 00:00 0
7f0403363000-7f0403461000 rw-p 00000000 00:00 0
7f0403470000-7f0403473000 ---p 00000000 00:00 0
7f0403473000-7f0403571000 rw-p 00000000 00:00 0
7f0403580000-7f0403583000 ---p 00000000 00:00 0
7f0403583000-7f0403681000 rw-p 00000000 00:00 0
7f0403690000-7f0403693000 ---p 00000000 00:00 0
7f0403693000-7f0403791000 rw-p 00000000 00:00 0
7f04037a0000-7f04037a3000 ---p 00000000 00:00 0
7f04037a3000-7f04038a1000 rw-p 00000000 00:00 0
7f04038b0000-7f04038b3000 ---p 00000000 00:00 0
7f04038b3000-7f04039b1000 rw-p 00000000 00:00 0
7f04039c0000-7f04039c3000 ---p 00000000 00:00 0
7f04039c3000-7f0403ac1000 rw-p 00000000 00:00 0
7f0403ad0000-7f0403ad3000 ---p 00000000 00:00 0
7f0403ad3000-7f0403bd1000 rw-p 00000000 00:00 0
7f0403be0000-7f0403be3000 ---p 00000000 00:00 0
7f0403be3000-7f0403ce1000 rw-p 00000000 00:00 0
7f0403cf0000-7f0403ff1000 rw-p 00000000 00:00 0
7f0404000000-7f0404021000 rw-p 00000000 00:00 0
7f0404021000-7f0408000000 ---p 00000000 00:00 0
7f0408000000-7f0408021000 rw-p 00000000 00:00 0
7f0408021000-7f040c000000 ---p 00000000 00:00 0
7f040c000000-7f040e6e0000 rw-p 00000000 00:00 0
7f040e6e0000-7f0410000000 ---p 00000000 00:00 0
7f0410000000-7f04103df000 rw-p 00000000 00:00 0
7f04103df000-7f0414000000 ---p 00000000 00:00 0
7f0414000000-7f0414021000 rw-p 00000000 00:00 0
7f0414021000-7f0418000000 ---p 00000000 00:00 0
7f0418000000-7f041946f000 rw-p 00000000 00:00 0
7f041946f000-7f041c000000 ---p 00000000 00:00 0
7f041c000000-7f041c021000 rw-p 00000000 00:00 0
7f041c021000-7f0420000000 ---p 00000000 00:00 0
7f0420000000-7f0420021000 rw-p 00000000 00:00 0
7f0420021000-7f0424000000 ---p 00000000 00:00 0
7f0424000000-7f0424021000 rw-p 00000000 00:00 0
7f0424021000-7f0428000000 ---p 00000000 00:00 0
7f0428000000-7f0428083000 rw-p 00000000 00:00 0
7f0428083000-7f042c000000 ---p 00000000 00:00 0
7f042c000000-7f042c021000 rw-p 00000000 00:00 0
7f042c021000-7f0430000000 ---p 00000000 00:00 0
7f0430000000-7f0430021000 rw-p 00000000 00:00 0
7f0430021000-7f0434000000 ---p 00000000 00:00 0
7f0434000000-7f0434021000 rw-p 00000000 00:00 0
7f0434021000-7f0438000000 ---p 00000000 00:00 0
7f0438050000-7f0438053000 ---p 00000000 00:00 0
7f0438053000-7f0438151000 rw-p 00000000 00:00 0
7f0438160000-7f0438163000 ---p 00000000 00:00 0
7f0438163000-7f0438261000 rw-p 00000000 00:00 0
7f0438270000-7f0438287000 r-xp 00000000 00:00 213561             /usr/lib/jvm/java-8-openjdk-amd64/jre/lib/amd64/libnet.so
7f0438287000-7f0438288000 ---p 00017000 00:00 213561             /usr/lib/jvm/java-8-openjdk-amd64/jre/lib/amd64/libnet.so
7f0438288000-7f0438486000 ---p 00000018 00:00 213561             /usr/lib/jvm/java-8-openjdk-amd64/jre/lib/amd64/libnet.so
7f0438486000-7f0438487000 r--p 00016000 00:00 213561             /usr/lib/jvm/java-8-openjdk-amd64/jre/lib/amd64/libnet.so
7f0438487000-7f0438488000 rw-p 00017000 00:00 213561             /usr/lib/jvm/java-8-openjdk-amd64/jre/lib/amd64/libnet.so
7f0438490000-7f0438491000 ---p 00000000 00:00 0
7f0438491000-7f0438591000 rw-p 00000000 00:00 0
7f04385a0000-7f04385a3000 ---p 00000000 00:00 0
7f04385a3000-7f04386a1000 rw-p 00000000 00:00 0
7f04386b0000-7f04386b4000 ---p 00000000 00:00 0
7f04386b4000-7f04387b1000 rw-p 00000000 00:00 0
7f04387c0000-7f04387c4000 ---p 00000000 00:00 0
7f04387c4000-7f04388c1000 rw-p 00000000 00:00 0
7f04388d0000-7f04388d4000 ---p 00000000 00:00 0
7f04388d4000-7f04389d1000 rw-p 00000000 00:00 0
7f04389e0000-7f04389e3000 ---p 00000000 00:00 0
7f04389e3000-7f0438ae1000 rw-p 00000000 00:00 0
7f0438ae2000-7f0438c55000 r--p 00000000 00:00 1165082            /usr/lib/locale/C.UTF-8/LC_COLLATE
7f0438c55000-7f0438df0000 r--p 00000000 00:00 1165094            /usr/lib/locale/locale-archive
7f0438df0000-7f0438df3000 ---p 00000000 00:00 0
7f0438df3000-7f0438ef1000 rw-p 00000000 00:00 0
7f0438f00000-7f0438f03000 ---p 00000000 00:00 0
7f0438f03000-7f0439001000 rw-p 00000000 00:00 0
7f0439010000-7f0439011000 ---p 00000000 00:00 0
7f0439011000-7f0439111000 rw-p 00000000 00:00 0
7f0439120000-7f043d000000 rw-p 00000000 00:00 0
7f043d000000-7f043d4a0000 rwxp 00000000 00:00 0
7f043d4a0000-7f044c000000 ---p 00000000 00:00 0
7f044c000000-7f044c1c4000 rw-p 00000000 00:00 0
7f044c1c4000-7f0450000000 ---p 00000000 00:00 0
7f0450004000-7f045001f000 r--s 001d6000 00:00 43386              /usr/lib/jvm/java-8-openjdk-amd64/jre/lib/ext/nashorn.jar
7f045001f000-7f0450050000 r--p 00000000 00:00 1165083            /usr/lib/locale/C.UTF-8/LC_CTYPE
7f0450050000-7f0450151000 rw-p 00000000 00:00 0
7f0450160000-7f0450261000 rw-p 00000000 00:00 0
7f0450270000-7f0450371000 rw-p 00000000 00:00 0
7f0450380000-7f0450481000 rw-p 00000000 00:00 0
7f0450490000-7f0450591000 rw-p 00000000 00:00 0
7f04505a0000-7f04505c1000 rw-p 00000000 00:00 0
7f04505d0000-7f04506d1000 rw-p 00000000 00:00 0
7f04506e0000-7f0450701000 rw-p 00000000 00:00 0
7f0450710000-7f0450811000 rw-p 00000000 00:00 0
7f0450820000-7f0450841000 rw-p 00000000 00:00 0
7f0450850000-7f0450951000 rw-p 00000000 00:00 0
7f0450960000-7f0450981000 rw-p 00000000 00:00 0
7f0450990000-7f0450a91000 rw-p 00000000 00:00 0
7f0450aa0000-7f0450ac1000 rw-p 00000000 00:00 0
7f0450ad0000-7f0450bd1000 rw-p 00000000 00:00 0
7f0450be0000-7f0450ce1000 rw-p 00000000 00:00 0
7f0450cf0000-7f0450df1000 rw-p 00000000 00:00 0
7f0450e00000-7f0450f01000 rw-p 00000000 00:00 0
7f0450f10000-7f0451011000 rw-p 00000000 00:00 0
7f0451020000-7f0451121000 rw-p 00000000 00:00 0
7f0451121000-7f04512f0000 r--s 03c33000 00:00 213628             /usr/lib/jvm/java-8-openjdk-amd64/jre/lib/rt.jar
7f04512f0000-7f0451366000 rw-p 00000000 00:00 0
7f0451370000-7f04518f0000 rw-p 00000000 00:00 0
7f04518f0000-7f0451b70000 ---p 00000000 00:00 0
7f0451b70000-7f0451f5e000 rw-p 00000000 00:00 0
7f0451f60000-7f0451f61000 ---p 00000000 00:00 0
7f0451f61000-7f0452061000 rw-p 00000000 00:00 0
7f0452070000-7f0452071000 ---p 00000000 00:00 0
7f0452071000-7f0452171000 rw-p 00000000 00:00 0
7f0452180000-7f0452181000 ---p 00000000 00:00 0
7f0452181000-7f0452281000 rw-p 00000000 00:00 0
7f0452290000-7f0452291000 ---p 00000000 00:00 0
7f0452291000-7f0452391000 rw-p 00000000 00:00 0
7f04523a0000-7f04523ca000 rw-p 00000000 00:00 0
7f04523ca000-7f045263f000 ---p 00000000 00:00 0
7f0452640000-7f045266a000 rw-p 00000000 00:00 0
7f045266a000-7f04528de000 ---p 00000000 00:00 0
7f04528de000-7f04528f4000 rw-p 00000000 00:00 0
7f04528f4000-7f0452a2e000 ---p 00000000 00:00 0
7f0452a2e000-7f0452a2f000 rw-p 00000000 00:00 0
7f0452a30000-7f0452a43000 rw-p 00000000 00:00 0
7f0452a43000-7f0452df0000 ---p 00000000 00:00 0
7f0452df0000-7f0452df8000 r-xp 00000000 00:00 213569             /usr/lib/jvm/java-8-openjdk-amd64/jre/lib/amd64/libzip.so
7f0452df8000-7f0452df9000 ---p 00008000 00:00 213569             /usr/lib/jvm/java-8-openjdk-amd64/jre/lib/amd64/libzip.so
7f0452df9000-7f0452ff7000 ---p 00000009 00:00 213569             /usr/lib/jvm/java-8-openjdk-amd64/jre/lib/amd64/libzip.so
7f0452ff7000-7f0452ff8000 r--p 00007000 00:00 213569             /usr/lib/jvm/java-8-openjdk-amd64/jre/lib/amd64/libzip.so
7f0452ff8000-7f0452ff9000 rw-p 00008000 00:00 213569             /usr/lib/jvm/java-8-openjdk-amd64/jre/lib/amd64/libzip.so
7f0453000000-7f045300b000 r-xp 00000000 00:00 1163848            /lib/x86_64-linux-gnu/libnss_files-2.27.so
7f045300b000-7f045300c000 ---p 0000b000 00:00 1163848            /lib/x86_64-linux-gnu/libnss_files-2.27.so
7f045300c000-7f045320a000 ---p 0000000c 00:00 1163848            /lib/x86_64-linux-gnu/libnss_files-2.27.so
7f045320a000-7f045320b000 r--p 0000a000 00:00 1163848            /lib/x86_64-linux-gnu/libnss_files-2.27.so
7f045320b000-7f045320c000 rw-p 0000b000 00:00 1163848            /lib/x86_64-linux-gnu/libnss_files-2.27.so
7f045320c000-7f0453212000 rw-p 00000000 00:00 0
7f0453220000-7f0453237000 r-xp 00000000 00:00 1163842            /lib/x86_64-linux-gnu/libnsl-2.27.so
7f0453237000-7f0453238000 ---p 00017000 00:00 1163842            /lib/x86_64-linux-gnu/libnsl-2.27.so
7f0453238000-7f0453436000 ---p 00000018 00:00 1163842            /lib/x86_64-linux-gnu/libnsl-2.27.so
7f0453436000-7f0453437000 r--p 00016000 00:00 1163842            /lib/x86_64-linux-gnu/libnsl-2.27.so
7f0453437000-7f0453438000 rw-p 00017000 00:00 1163842            /lib/x86_64-linux-gnu/libnsl-2.27.so
7f0453438000-7f045343a000 rw-p 00000000 00:00 0
7f0453440000-7f045344b000 r-xp 00000000 00:00 1163852            /lib/x86_64-linux-gnu/libnss_nis-2.27.so
7f045344b000-7f045344c000 ---p 0000b000 00:00 1163852            /lib/x86_64-linux-gnu/libnss_nis-2.27.so
7f045344c000-7f045364a000 ---p 0000000c 00:00 1163852            /lib/x86_64-linux-gnu/libnss_nis-2.27.so
7f045364a000-7f045364b000 r--p 0000a000 00:00 1163852            /lib/x86_64-linux-gnu/libnss_nis-2.27.so
7f045364b000-7f045364c000 rw-p 0000b000 00:00 1163852            /lib/x86_64-linux-gnu/libnss_nis-2.27.so
7f0453650000-7f0453658000 r-xp 00000000 00:00 1163844            /lib/x86_64-linux-gnu/libnss_compat-2.27.so
7f0453658000-7f045365a000 ---p 00008000 00:00 1163844            /lib/x86_64-linux-gnu/libnss_compat-2.27.so
7f045365a000-7f0453858000 ---p 0000000a 00:00 1163844            /lib/x86_64-linux-gnu/libnss_compat-2.27.so
7f0453858000-7f0453859000 r--p 00008000 00:00 1163844            /lib/x86_64-linux-gnu/libnss_compat-2.27.so
7f0453859000-7f045385a000 rw-p 00009000 00:00 1163844            /lib/x86_64-linux-gnu/libnss_compat-2.27.so
7f0453860000-7f045388e000 r-xp 00000000 00:00 213546             /usr/lib/jvm/java-8-openjdk-amd64/jre/lib/amd64/libjava.so
7f045388e000-7f0453890000 ---p 0002e000 00:00 213546             /usr/lib/jvm/java-8-openjdk-amd64/jre/lib/amd64/libjava.so
7f0453890000-7f0453a8d000 ---p 00000030 00:00 213546             /usr/lib/jvm/java-8-openjdk-amd64/jre/lib/amd64/libjava.so
7f0453a8d000-7f0453a8e000 r--p 0002d000 00:00 213546             /usr/lib/jvm/java-8-openjdk-amd64/jre/lib/amd64/libjava.so
7f0453a8e000-7f0453a90000 rw-p 0002e000 00:00 213546             /usr/lib/jvm/java-8-openjdk-amd64/jre/lib/amd64/libjava.so
7f0453a90000-7f0453aa0000 r-xp 00000000 00:00 213568             /usr/lib/jvm/java-8-openjdk-amd64/jre/lib/amd64/libverify.so
7f0453aa0000-7f0453aa2000 ---p 00010000 00:00 213568             /usr/lib/jvm/java-8-openjdk-amd64/jre/lib/amd64/libverify.so
7f0453aa2000-7f0453c9f000 ---p 00000012 00:00 213568             /usr/lib/jvm/java-8-openjdk-amd64/jre/lib/amd64/libverify.so
7f0453c9f000-7f0453ca1000 r--p 0000f000 00:00 213568             /usr/lib/jvm/java-8-openjdk-amd64/jre/lib/amd64/libverify.so
7f0453ca1000-7f0453ca2000 rw-p 00011000 00:00 213568             /usr/lib/jvm/java-8-openjdk-amd64/jre/lib/amd64/libverify.so
7f0453cb0000-7f0453cb7000 r-xp 00000000 00:00 1163891            /lib/x86_64-linux-gnu/librt-2.27.so
7f0453cb7000-7f0453cb8000 ---p 00007000 00:00 1163891            /lib/x86_64-linux-gnu/librt-2.27.so
7f0453cb8000-7f0453eb6000 ---p 00000008 00:00 1163891            /lib/x86_64-linux-gnu/librt-2.27.so
7f0453eb6000-7f0453eb7000 r--p 00006000 00:00 1163891            /lib/x86_64-linux-gnu/librt-2.27.so
7f0453eb7000-7f0453eb8000 rw-p 00007000 00:00 1163891            /lib/x86_64-linux-gnu/librt-2.27.so
7f0453ec0000-7f0453ed7000 r-xp 00000000 00:00 1195636            /lib/x86_64-linux-gnu/libgcc_s.so.1
7f0453ed7000-7f0453ed8000 ---p 00017000 00:00 1195636            /lib/x86_64-linux-gnu/libgcc_s.so.1
7f0453ed8000-7f04540d6000 ---p 00000018 00:00 1195636            /lib/x86_64-linux-gnu/libgcc_s.so.1
7f04540d6000-7f04540d7000 r--p 00016000 00:00 1195636            /lib/x86_64-linux-gnu/libgcc_s.so.1
7f04540d7000-7f04540d8000 rw-p 00017000 00:00 1195636            /lib/x86_64-linux-gnu/libgcc_s.so.1
7f04540e0000-7f045427d000 r-xp 00000000 00:00 1163825            /lib/x86_64-linux-gnu/libm-2.27.so
7f045427d000-7f0454280000 ---p 0019d000 00:00 1163825            /lib/x86_64-linux-gnu/libm-2.27.so
7f0454280000-7f045447c000 ---p 000001a0 00:00 1163825            /lib/x86_64-linux-gnu/libm-2.27.so
7f045447c000-7f045447d000 r--p 0019c000 00:00 1163825            /lib/x86_64-linux-gnu/libm-2.27.so
7f045447d000-7f045447e000 rw-p 0019d000 00:00 1163825            /lib/x86_64-linux-gnu/libm-2.27.so
7f0454480000-7f04545f9000 r-xp 00000000 00:00 1252565            /usr/lib/x86_64-linux-gnu/libstdc++.so.6.0.25
7f04545f9000-7f0454606000 ---p 00179000 00:00 1252565            /usr/lib/x86_64-linux-gnu/libstdc++.so.6.0.25
7f0454606000-7f04547f9000 ---p 00000186 00:00 1252565            /usr/lib/x86_64-linux-gnu/libstdc++.so.6.0.25
7f04547f9000-7f0454803000 r--p 00179000 00:00 1252565            /usr/lib/x86_64-linux-gnu/libstdc++.so.6.0.25
7f0454803000-7f0454805000 rw-p 00183000 00:00 1252565            /usr/lib/x86_64-linux-gnu/libstdc++.so.6.0.25
7f0454805000-7f0454809000 rw-p 00000000 00:00 0
7f0454810000-7f04554aa000 r-xp 00000000 00:00 213574             /usr/lib/jvm/java-8-openjdk-amd64/jre/lib/amd64/server/libjvm.so
7f04554aa000-7f0455574000 ---p 00c9a000 00:00 213574             /usr/lib/jvm/java-8-openjdk-amd64/jre/lib/amd64/server/libjvm.so
7f0455574000-7f04556a9000 ---p 00000d64 00:00 213574             /usr/lib/jvm/java-8-openjdk-amd64/jre/lib/amd64/server/libjvm.so
7f04556a9000-7f045573d000 r--p 00c99000 00:00 213574             /usr/lib/jvm/java-8-openjdk-amd64/jre/lib/amd64/server/libjvm.so
7f045573d000-7f0455766000 rw-p 00d2d000 00:00 213574             /usr/lib/jvm/java-8-openjdk-amd64/jre/lib/amd64/server/libjvm.so
7f0455766000-7f0455796000 rw-p 00000000 00:00 0
7f04557a0000-7f04557ba000 r-xp 00000000 00:00 1163883            /lib/x86_64-linux-gnu/libpthread-2.27.so
7f04557ba000-7f04557c4000 ---p 0001a000 00:00 1163883            /lib/x86_64-linux-gnu/libpthread-2.27.so
7f04557c4000-7f04559b9000 ---p 00000024 00:00 1163883            /lib/x86_64-linux-gnu/libpthread-2.27.so
7f04559b9000-7f04559ba000 r--p 00019000 00:00 1163883            /lib/x86_64-linux-gnu/libpthread-2.27.so
7f04559ba000-7f04559bb000 rw-p 0001a000 00:00 1163883            /lib/x86_64-linux-gnu/libpthread-2.27.so
7f04559bb000-7f04559bf000 rw-p 00000000 00:00 0
7f04559c0000-7f04559c3000 r-xp 00000000 00:00 1163697            /lib/x86_64-linux-gnu/libdl-2.27.so
7f04559c3000-7f04559c4000 ---p 00003000 00:00 1163697            /lib/x86_64-linux-gnu/libdl-2.27.so
7f04559c4000-7f0455bc2000 ---p 00000004 00:00 1163697            /lib/x86_64-linux-gnu/libdl-2.27.so
7f0455bc2000-7f0455bc3000 r--p 00002000 00:00 1163697            /lib/x86_64-linux-gnu/libdl-2.27.so
7f0455bc3000-7f0455bc4000 rw-p 00003000 00:00 1163697            /lib/x86_64-linux-gnu/libdl-2.27.so
7f0455bd0000-7f0455bec000 r-xp 00000000 00:00 1163923            /lib/x86_64-linux-gnu/libz.so.1.2.11
7f0455bec000-7f0455bed000 ---p 0001c000 00:00 1163923            /lib/x86_64-linux-gnu/libz.so.1.2.11
7f0455bed000-7f0455deb000 ---p 0000001d 00:00 1163923            /lib/x86_64-linux-gnu/libz.so.1.2.11
7f0455deb000-7f0455dec000 r--p 0001b000 00:00 1163923            /lib/x86_64-linux-gnu/libz.so.1.2.11
7f0455dec000-7f0455ded000 rw-p 0001c000 00:00 1163923            /lib/x86_64-linux-gnu/libz.so.1.2.11
7f0455df0000-7f0455fd7000 r-xp 00000000 00:00 1163633            /lib/x86_64-linux-gnu/libc-2.27.so
7f0455fd7000-7f0455fe0000 ---p 001e7000 00:00 1163633            /lib/x86_64-linux-gnu/libc-2.27.so
7f0455fe0000-7f04561d7000 ---p 000001f0 00:00 1163633            /lib/x86_64-linux-gnu/libc-2.27.so
7f04561d7000-7f04561db000 r--p 001e7000 00:00 1163633            /lib/x86_64-linux-gnu/libc-2.27.so
7f04561db000-7f04561dd000 rw-p 001eb000 00:00 1163633            /lib/x86_64-linux-gnu/libc-2.27.so
7f04561dd000-7f04561e1000 rw-p 00000000 00:00 0
7f04561f0000-7f04561fe000 r-xp 00000000 00:00 213532             /usr/lib/jvm/java-8-openjdk-amd64/jre/lib/amd64/jli/libjli.so
7f04561fe000-7f04561ff000 ---p 0000e000 00:00 213532             /usr/lib/jvm/java-8-openjdk-amd64/jre/lib/amd64/jli/libjli.so
7f04561ff000-7f04563fd000 ---p 0000000f 00:00 213532             /usr/lib/jvm/java-8-openjdk-amd64/jre/lib/amd64/jli/libjli.so
7f04563fd000-7f04563fe000 r--p 0000d000 00:00 213532             /usr/lib/jvm/java-8-openjdk-amd64/jre/lib/amd64/jli/libjli.so
7f04563fe000-7f04563ff000 rw-p 0000e000 00:00 213532             /usr/lib/jvm/java-8-openjdk-amd64/jre/lib/amd64/jli/libjli.so
7f0456400000-7f0456426000 r-xp 00000000 00:00 1163578            /lib/x86_64-linux-gnu/ld-2.27.so
7f0456426000-7f0456427000 r-xp 00026000 00:00 1163578            /lib/x86_64-linux-gnu/ld-2.27.so
7f0456440000-7f045648e000 rw-p 00000000 00:00 0
7f0456490000-7f04564eb000 rw-p 00000000 00:00 0
7f04564f0000-7f0456518000 rw-p 00000000 00:00 0
7f0456520000-7f0456524000 ---p 00000000 00:00 0
7f0456524000-7f0456621000 rw-p 00000000 00:00 0
7f0456621000-7f0456627000 r--s 0004e000 00:00 614318             /mnt/c/Users/ksank/akka-resources/src/libs/salsa1.1.5.jar
7f0456627000-7f0456628000 r--p 00027000 00:00 1163578            /lib/x86_64-linux-gnu/ld-2.27.so
7f0456628000-7f0456629000 rw-p 00028000 00:00 1163578            /lib/x86_64-linux-gnu/ld-2.27.so
7f0456629000-7f045662a000 rw-p 00000000 00:00 0
7f045662a000-7f045662f000 r--s 000a0000 00:00 213618             /usr/lib/jvm/java-8-openjdk-amd64/jre/lib/jsse.jar
7f045662f000-7f0456635000 r--s 0002b000 00:00 155396             /mnt/c/Users/ksank/akka-resources/src/libs/kotlin-runtime-1.2.20-dev-331.jar
7f0456635000-7f0456650000 r--s 00394000 00:00 213588             /usr/lib/jvm/java-8-openjdk-amd64/jre/lib/ext/cldrdata.jar
7f0456650000-7f0456678000 rw-p 00000000 00:00 0
7f045667a000-7f0456680000 r--s 0003b000 00:00 213596             /usr/lib/jvm/java-8-openjdk-amd64/jre/lib/ext/sunjce_provider.jar
7f0456680000-7f0456681000 rw-p 00000000 00:00 0
7f0456681000-7f0456684000 r--s 00038000 00:00 213598             /usr/lib/jvm/java-8-openjdk-amd64/jre/lib/ext/sunpkcs11.jar
7f0456684000-7f0456686000 r--s 00008000 00:00 213595             /usr/lib/jvm/java-8-openjdk-amd64/jre/lib/ext/sunec.jar
7f0456686000-7f0456690000 r--s 00116000 00:00 39595              /usr/lib/jvm/java-8-openjdk-amd64/jre/lib/ext/localedata.jar
7f0456690000-7f0456691000 ---p 00000000 00:00 0
7f0456691000-7f0456692000 r--s 00010000 00:00 213599             /usr/lib/jvm/java-8-openjdk-amd64/jre/lib/ext/zipfs.jar
7f0456692000-7f0456694000 r--s 00007000 00:00 215852             /usr/share/java/java-atk-wrapper.jar
7f0456694000-7f0456697000 r--s 0000f000 00:00 213590             /usr/lib/jvm/java-8-openjdk-amd64/jre/lib/ext/icedtea-sound.jar
7f0456697000-7f0456699000 r--s 00001000 00:00 213589             /usr/lib/jvm/java-8-openjdk-amd64/jre/lib/ext/dnsns.jar
7f0456699000-7f04566a0000 r--s 00000000 00:00 1170996            /usr/lib/x86_64-linux-gnu/gconv/gconv-modules.cache
7f04566a0000-7f04566a2000 rw-p 00000000 00:00 0
7f04566a2000-7f04566a3000 r--s 0000a000 00:00 213591             /usr/lib/jvm/java-8-openjdk-amd64/jre/lib/ext/jaccess.jar
7f04566a3000-7f04566a4000 r--p 00000000 00:00 1165090            /usr/lib/locale/C.UTF-8/LC_NUMERIC
7f04566a4000-7f04566a5000 r--p 00000000 00:00 1165093            /usr/lib/locale/C.UTF-8/LC_TIME
7f04566a5000-7f04566a6000 r--p 00000000 00:00 1165088            /usr/lib/locale/C.UTF-8/LC_MONETARY
7f04566a6000-7f04566a7000 r--p 00000000 00:00 1165087            /usr/lib/locale/C.UTF-8/LC_MESSAGES/SYS_LC_MESSAGES
7f04566a7000-7f04566a8000 r--p 00000000 00:00 1165091            /usr/lib/locale/C.UTF-8/LC_PAPER
7f04566a8000-7f04566b0000 rw-s 00000000 00:00 1127388            /tmp/hsperfdata_rohankasi/10396
7f04566b0000-7f04566b2000 rw-p 00000000 00:00 0
7f04566b2000-7f04566b3000 r--p 00000000 00:00 1165089            /usr/lib/locale/C.UTF-8/LC_NAME
7f04566b3000-7f04566b4000 r--p 00000000 00:00 1165081            /usr/lib/locale/C.UTF-8/LC_ADDRESS
7f04566b4000-7f04566b5000 r--p 00000000 00:00 1165092            /usr/lib/locale/C.UTF-8/LC_TELEPHONE
7f04566b5000-7f04566b6000 r--p 00000000 00:00 1165085            /usr/lib/locale/C.UTF-8/LC_MEASUREMENT
7f04566b6000-7f04566b7000 r--p 00000000 00:00 1165084            /usr/lib/locale/C.UTF-8/LC_IDENTIFICATION
7f0456800000-7f0456801000 r-xp 00000000 00:00 213513             /usr/lib/jvm/java-8-openjdk-amd64/jre/bin/java
7f0456a00000-7f0456a01000 r--p 00000000 00:00 213513             /usr/lib/jvm/java-8-openjdk-amd64/jre/bin/java
7f0456a01000-7f0456a02000 rw-p 00001000 00:00 213513             /usr/lib/jvm/java-8-openjdk-amd64/jre/bin/java
7fffbfa22000-7fffbfa43000 rw-p 00000000 00:00 0                  [heap]
7fffc7cd3000-7fffc84d3000 rw-p 00000000 00:00 0                  [stack]
7fffc8905000-7fffc8906000 r-xp 00000000 00:00 0                  [vdso]

VM Arguments:
jvm_args: -Duan=uan://localhost:3030/id33 
java_command: examples.chat.SpeakerKtKt uan://localhost:3030/id1 uan://localhost:3030/id33
java_class_path (initial): .:./libs/kotlin-runtime-1.2.20-dev-331.jar:./libs/salsa1.1.5.jar
Launcher Type: SUN_STANDARD

Environment Variables:
PATH=/home/rohankasi/.local/bin:/home/rohankasi/.sdkman/candidates/kotlin/current/bin:/opt/maven/bin:/usr/local/sbin:/usr/local/bin:/usr/sbin:/usr/bin:/sbin:/bin:/usr/games:/usr/local/games:/mnt/c/Program Files/WindowsApps/CanonicalGroupLimited.UbuntuonWindows_1804.2019.521.0_x64__79rhkp1fndgsc:/mnt/c/ProgramData/DockerDesktop/version-bin:/mnt/c/Program Files/Docker/Docker/resources/bin:/mnt/c/Python34:/mnt/c/Python34/Scripts:/mnt/c/Program Files/Haskell Platform/8.0.1/lib/extralibs/bin:/mnt/c/Program Files/Haskell Platform/8.0.1/bin:/mnt/c/Program Files (x86)/Intel/iCLS Client:/mnt/c/Program Files/Intel/iCLS Client:/mnt/c/Windows/System32:/mnt/c/Windows:/mnt/c/Windows/System32/wbem:/mnt/c/Windows/System32/WindowsPowerShell/v1.0:/mnt/c/Program Files (x86)/Intel/Intel(R) Management Engine Components/DAL:/mnt/c/Program Files/Intel/Intel(R) Management Engine Components/DAL:/mnt/c/Program Files (x86)/Intel/Intel(R) Management Engine Components/IPT:/mnt/c/Program Files/Intel/Intel(R) Management Engine Components/IPT:/mnt/c/Program Files/Haskell Platform/8.0.1/mingw/bin:/mnt/c/Program Files (x86)/GtkSharp/2.12/bin:/mnt/c/Program Files/Git/cmd:/mnt/c/Program Files/PuTTY:/mnt/c/Program Files/doxygen/bin:/mnt/c/Program Files/cURL/bin:/mnt/c/Program Files/nodejs:/mnt/c/Windows/System32/OpenSSH:/mnt/c/Program Files/Microsoft Windows Performance Toolkit:/mnt/c/TDM-GCC-64/bin:/mnt/c/Program Files/Intel/WiFi/bin:/mnt/c/Program Files/Common Files/Intel/WirelessCommon:/mnt/c/Users/ksank/AppData/Roaming/local/bin:/mnt/c/Users/ksank/AppData/Local/Microsoft/WindowsApps:/mnt/c/Users/ksank/Downloads/svm_light:/mnt/c/Program Files (x86)/Java/jdk1.8.0_144/bin:/mnt/c/Users/ksank/AppData/Local/.meteor:/mnt/c/Users/ksank/AppData/Roaming/npm:/mnt/c/MinGW/bin:/mnt/c/Users/ksank/AppData/Local/atom/bin:/snap/bin
SHELL=/bin/bash
HOSTTYPE=x86_64

Signal Handlers:
SIGSEGV: [libjvm.so+0xab2ea0], sa_mask[0]=11111111111111111111111111111110, sa_flags=SA_RESTART|SA_SIGINFO
SIGBUS: [libjvm.so+0xab2ea0], sa_mask[0]=11111111111111111111111111111110, sa_flags=SA_RESTART|SA_SIGINFO
SIGFPE: [libjvm.so+0x8e87b0], sa_mask[0]=11111111111111111111111111111110, sa_flags=SA_RESTART|SA_SIGINFO
SIGPIPE: [libjvm.so+0x8e87b0], sa_mask[0]=11111111111111111111111111111110, sa_flags=SA_RESTART|SA_SIGINFO
SIGXFSZ: [libjvm.so+0x8e87b0], sa_mask[0]=11111111111111111111111111111110, sa_flags=SA_RESTART|SA_SIGINFO
SIGILL: [libjvm.so+0x8e87b0], sa_mask[0]=11111111111111111111111111111110, sa_flags=SA_RESTART|SA_SIGINFO
SIGUSR1: SIG_DFL, sa_mask[0]=00000000000000000000000000000000, sa_flags=none
SIGUSR2: [libjvm.so+0x8e8660], sa_mask[0]=00000000000000000000000000000000, sa_flags=SA_RESTART|SA_SIGINFO
SIGHUP: [libjvm.so+0x8e8cd0], sa_mask[0]=11111111111111111111111111111110, sa_flags=SA_RESTART|SA_SIGINFO
SIGINT: SIG_IGN, sa_mask[0]=00000000000000000000000000000000, sa_flags=none
SIGTERM: [libjvm.so+0x8e8cd0], sa_mask[0]=11111111111111111111111111111110, sa_flags=SA_RESTART|SA_SIGINFO
SIGQUIT: [libjvm.so+0x8e8cd0], sa_mask[0]=11111111111111111111111111111110, sa_flags=SA_RESTART|SA_SIGINFO


---------------  S Y S T E M  ---------------

OS:DISTRIB_ID=Ubuntu
DISTRIB_RELEASE=18.04
DISTRIB_CODENAME=bionic
DISTRIB_DESCRIPTION="Ubuntu 18.04.1 LTS"

uname:Linux 4.4.0-17134-Microsoft #706-Microsoft Mon Apr 01 18:13:00 PST 2019 x86_64
libc:glibc 2.27 NPTL 2.27 
rlimit: STACK 8192k, CORE 0k, NPROC 7823, NOFILE 65536, AS infinity
load average:0.52 0.58 0.59

/proc/meminfo:
MemTotal:        8233460 kB
MemFree:          256816 kB
Buffers:           34032 kB
Cached:           188576 kB
SwapCached:            0 kB
Active:           167556 kB
Inactive:         157876 kB
Active(anon):     103104 kB
Inactive(anon):    17440 kB
Active(file):      64452 kB
Inactive(file):   140436 kB
Unevictable:           0 kB
Mlocked:               0 kB
SwapTotal:      15465852 kB
SwapFree:       12370956 kB
Dirty:                 0 kB
Writeback:             0 kB
AnonPages:        102824 kB
Mapped:            71404 kB
Shmem:             17720 kB
Slab:              13868 kB
SReclaimable:       6744 kB
SUnreclaim:         7124 kB
KernelStack:        2848 kB
PageTables:         2524 kB
NFS_Unstable:          0 kB
Bounce:                0 kB
WritebackTmp:          0 kB
CommitLimit:      515524 kB
Committed_AS:    3450064 kB
VmallocTotal:     122880 kB
VmallocUsed:       21296 kB
VmallocChunk:      66044 kB
HardwareCorrupted:     0 kB
AnonHugePages:      2048 kB
HugePages_Total:       0
HugePages_Free:        0
HugePages_Rsvd:        0
HugePages_Surp:        0
Hugepagesize:       2048 kB
DirectMap4k:       12280 kB
DirectMap4M:      897024 kB


CPU:total 4 (initial active 4) (2 cores per cpu, 2 threads per core) family 6 model 78 stepping 3, cmov, cx8, fxsr, mmx, sse, sse2, sse3, ssse3, sse4.1, sse4.2, popcnt, avx, avx2, aes, clmul, erms, 3dnowpref, lzcnt, ht, tsc, tscinvbit, bmi1, bmi2, adx

/proc/cpuinfo:
processor	: 0
vendor_id	: GenuineIntel
cpu family	: 6
model		: 78
model name	: Intel(R) Core(TM) i5-6200U CPU @ 2.30GHz
stepping	: 3
microcode	: 0xffffffff
cpu MHz		: 2400.000
cache size	: 256 KB
physical id	: 0
siblings	: 4
core id		: 0
cpu cores	: 2
apicid		: 0
initial apicid	: 0
fpu		: yes
fpu_exception	: yes
cpuid level	: 6
wp		: yes
flags		: fpu vme de pse tsc msr pae mce cx8 apic sep mtrr pge mca cmov pat pse36 clflush dts acpi mmx fxsr sse sse2 ss ht tm pbe syscall nx pdpe1gb rdtscp lm pni pclmulqdq est tm2 ssse3 fma cx16 xtpr pdcm pcid sse4_1 sse4_2 movbe popcnt aes xsave osxsave avx f16c rdrand hypervisor
bogomips	: 4800.00
clflush size	: 64
cache_alignment	: 64
address sizes	: 36 bits physical, 48 bits virtual
power management:

processor	: 1
vendor_id	: GenuineIntel
cpu family	: 6
model		: 78
model name	: Intel(R) Core(TM) i5-6200U CPU @ 2.30GHz
stepping	: 3
microcode	: 0xffffffff
cpu MHz		: 2400.000
cache size	: 256 KB
physical id	: 0
siblings	: 4
core id		: 0
cpu cores	: 2
apicid		: 0
initial apicid	: 0
fpu		: yes
fpu_exception	: yes
cpuid level	: 6
wp		: yes
flags		: fpu vme de pse tsc msr pae mce cx8 apic sep mtrr pge mca cmov pat pse36 clflush dts acpi mmx fxsr sse sse2 ss ht tm pbe syscall nx pdpe1gb rdtscp lm pni pclmulqdq est tm2 ssse3 fma cx16 xtpr pdcm pcid sse4_1 sse4_2 movbe popcnt aes xsave osxsave avx f16c rdrand hypervisor
bogomips	: 4800.00
clflush size	: 64
cache_alignment	: 64
address sizes	: 36 bits physical, 48 bits virtual
power management:

processor	: 2
vendor_id	: GenuineIntel
cpu family	: 6
model		: 78
model name	: Intel(R) Core(TM) i5-6200U CPU @ 2.30GHz
stepping	: 3
microcode	: 0xffffffff
cpu MHz		: 2400.000
cache size	: 256 KB
physical id	: 0
siblings	: 4
core id		: 1
cpu cores	: 2
apicid		: 0
initial apicid	: 0
fpu		: yes
fpu_exception	: yes
cpuid level	: 6
wp		: yes
flags		: fpu vme de pse tsc msr pae mce cx8 apic sep mtrr pge mca cmov pat pse36 clflush dts acpi mmx fxsr sse sse2 ss ht tm pbe syscall nx pdpe1gb rdtscp lm pni pclmulqdq est tm2 ssse3 fma cx16 xtpr pdcm pcid sse4_1 sse4_2 movbe popcnt aes xsave osxsave avx f16c rdrand hypervisor
bogomips	: 4800.00
clflush size	: 64
cache_alignment	: 64
address sizes	: 36 bits physical, 48 bits virtual
power management:

processor	: 3
vendor_id	: GenuineIntel
cpu family	: 6
model		: 78
model name	: Intel(R) Core(TM) i5-6200U CPU @ 2.30GHz
stepping	: 3
microcode	: 0xffffffff
cpu MHz		: 2400.000
cache size	: 256 KB
physical id	: 0
siblings	: 4
core id		: 1
cpu cores	: 2
apicid		: 0
initial apicid	: 0
fpu		: yes
fpu_exception	: yes
cpuid level	: 6
wp		: yes
flags		: fpu vme de pse tsc msr pae mce cx8 apic sep mtrr pge mca cmov pat pse36 clflush dts acpi mmx fxsr sse sse2 ss ht tm pbe syscall nx pdpe1gb rdtscp lm pni pclmulqdq est tm2 ssse3 fma cx16 xtpr pdcm pcid sse4_1 sse4_2 movbe popcnt aes xsave osxsave avx f16c rdrand hypervisor
bogomips	: 4800.00
clflush size	: 64
cache_alignment	: 64
address sizes	: 36 bits physical, 48 bits virtual
power management:



Memory: 4k page, physical 8233460k(256236k free), swap 15465852k(12370956k free)

vm_info: OpenJDK 64-Bit Server VM (25.191-b12) for linux-amd64 JRE (1.8.0_191-8u191-b12-2ubuntu0.18.04.1-b12), built on Jan 14 2019 21:02:00 by "buildd" with gcc 7.3.0

time: Wed Nov 13 17:26:04 2019
elapsed time: 795 seconds (0d 0h 13m 15s)

