#
# A fatal error has been detected by the Java Runtime Environment:
#
#  SIGSEGV (0xb) at pc=0x00007f97a72d2172, pid=30760, tid=0x00007f977ec10700
#
# JRE version: OpenJDK Runtime Environment (8.0_191-b12) (build 1.8.0_191-8u191-b12-2ubuntu0.18.04.1-b12)
# Java VM: OpenJDK 64-Bit Server VM (25.191-b12 mixed mode linux-amd64 compressed oops)
# Problematic frame:
# V  [libjvm.so+0x8c2172]
#
# Failed to write core dump. Core dumps have been disabled. To enable core dumping, try "ulimit -c unlimited" before starting Java again
#
# If you would like to submit a bug report, please visit:
#   http://bugreport.java.com/bugreport/crash.jsp
#

---------------  T H R E A D  ---------------

Current thread (0x00007f97a00bb800):  JavaThread "C2 CompilerThread0" daemon [_thread_in_native, id=31406, stack(0x00007f977eb11000,0x00007f977ec11000)]

siginfo: si_signo: 11 (SIGSEGV), si_code: 2 (SEGV_ACCERR), si_addr: 0x00007f976947d000

Registers:
RAX=0x00000000000000e6, RBX=0x00007f97684f3420, RCX=0x00007f9768c91910, RDX=0x00007f976947c8d0
RSP=0x00007f977ec0c8d0, RBP=0x00007f977ec0c910, RSI=0x0000000000000001, RDI=0x00007f97684f3420
R8 =0x0000000000000000, R9 =0x00007f976947c620, R10=0x0000000000000000, R11=0x0000000020011000
R12=0x0000000000000000, R13=0x00007f977ec0eef0, R14=0x00000000000000e6, R15=0x00007f976947c8a0
RIP=0x00007f97a72d2172, EFLAGS=0x0000000000010246, CSGSFS=0x00000053002b0033, ERR=0x0000000000000000
  TRAPNO=0x0000000000000000

Top of Stack: (sp=0x00007f977ec0c8d0)
0x00007f977ec0c8d0:   00007f977ec0c910 00000042a725ce27
0x00007f977ec0c8e0:   00007f977ec0c910 00007f97684f3420
0x00007f977ec0c8f0:   00007f976947c6d0 00007f977ec0d610
0x00007f977ec0c900:   0000000000000000 00007f976901b800
0x00007f977ec0c910:   00007f977ec0c9a0 00007f97a724ead2
0x00007f977ec0c920:   0000000100000001 00007f97a6cccbcc
0x00007f977ec0c930:   00007f9700000000 00007f977ec0c940
0x00007f977ec0c940:   00007f9769267080 00007f9769338c30
0x00007f977ec0c950:   00007f976925c230 00007f97a00bc090
0x00007f977ec0c960:   00007f977ec0f0b8 30f3183758e1c400
0x00007f977ec0c970:   00007f977ec0eef0 0000000000003728
0x00007f977ec0c980:   00007f977ec0f0b8 00007f977ec0d610
0x00007f977ec0c990:   00007f977ec0eef0 00007f977ec0eef0
0x00007f977ec0c9a0:   00007f977ec0ca40 00007f97a72508a1
0x00007f977ec0c9b0:   00007f97a00bc090 00007f977ec0eef0
0x00007f977ec0c9c0:   00007f975c15a520 00007f97a7964988
0x00007f977ec0c9d0:   00007f9768d9ff58 0000000000000000
0x00007f977ec0c9e0:   0000000000000000 0000000000000000
0x00007f977ec0c9f0:   0000000000000000 0000000000000004
0x00007f977ec0ca00:   0000000000000000 30f3183758e1c400
0x00007f977ec0ca10:   00007f977ec0ca40 00007f977ec0d610
0x00007f977ec0ca20:   00007f977ec0cb40 0000000000000014
0x00007f977ec0ca30:   0000000000000001 00007f977ec0eef0
0x00007f977ec0ca40:   00007f977ec0e2d0 00007f97a6e8832d
0x00007f977ec0ca50:   0000000000000000 0000000000000000
0x00007f977ec0ca60:   0000000000000000 0000000000000000
0x00007f977ec0ca70:   0000000000000000 0000000000000000
0x00007f977ec0ca80:   0000000000000000 0000000000000000
0x00007f977ec0ca90:   0000000000000000 0000000000000000
0x00007f977ec0caa0:   0000000000000000 0000000000000000
0x00007f977ec0cab0:   0000000000000000 0000000000000000
0x00007f977ec0cac0:   0000000000000000 0000000000000000 

Instructions: (pc=0x00007f97a72d2172)
0x00007f97a72d2152:   43 1c 85 c0 74 50 45 31 f6 eb 07 0f 1f 00 49 8b
0x00007f97a72d2162:   57 08 48 8b 4b 08 44 89 f0 4c 8b 24 c1 4d 85 e4
0x00007f97a72d2172:   4c 89 24 c2 74 26 49 8b 4c 24 10 48 85 c9 74 1c
0x00007f97a72d2182:   41 8b 54 24 20 41 3b 54 24 24 0f 84 de 00 00 00 

Register to memory mapping:

RAX=0x00000000000000e6 is an unknown value
RBX=0x00007f97684f3420 is an unknown value
RCX=0x00007f9768c91910 is an unknown value
RDX=0x00007f976947c8d0 is an unknown value
RSP=0x00007f977ec0c8d0 is pointing into the stack for thread: 0x00007f97a00bb800
RBP=0x00007f977ec0c910 is pointing into the stack for thread: 0x00007f97a00bb800
RSI=0x0000000000000001 is an unknown value
RDI=0x00007f97684f3420 is an unknown value
R8 =0x0000000000000000 is an unknown value
R9 =0x00007f976947c620 is an unknown value
R10=0x0000000000000000 is an unknown value
R11=0x0000000020011000 is an unknown value
R12=0x0000000000000000 is an unknown value
R13=0x00007f977ec0eef0 is pointing into the stack for thread: 0x00007f97a00bb800
R14=0x00000000000000e6 is an unknown value
R15=0x00007f976947c8a0 is an unknown value


Stack: [0x00007f977eb11000,0x00007f977ec11000],  sp=0x00007f977ec0c8d0,  free space=1006k
Native frames: (J=compiled Java code, j=interpreted, Vv=VM code, C=native code)
V  [libjvm.so+0x8c2172]
V  [libjvm.so+0x83ead2]
V  [libjvm.so+0x8408a1]
V  [libjvm.so+0x47832d]
V  [libjvm.so+0x47948b]
V  [libjvm.so+0x3c08da]
V  [libjvm.so+0x48487b]
V  [libjvm.so+0x486b58]
V  [libjvm.so+0xa4fd93]
V  [libjvm.so+0xa501c2]
V  [libjvm.so+0x8ea992]
C  [libpthread.so.0+0x76db]  start_thread+0xdb


Current CompileTask:
C2:1006083 1055   !   4       gc.WeakReference::send (199 bytes)


---------------  P R O C E S S  ---------------

Java Threads: ( => current thread )
  0x00007f973800a800 JavaThread "Thread-12" [_thread_blocked, id=1306, stack(0x00007f977d4b0000,0x00007f977d5b1000)]
  0x00007f974c009000 JavaThread "Handler Loop 3" [_thread_in_native, id=1298, stack(0x00007f977d8f0000,0x00007f977d9f1000)]
  0x00007f974c005000 JavaThread "gc.serverGC.GCAgent$State" [_thread_blocked, id=32579, stack(0x00007f977d6d0000,0x00007f977d7d1000)]
  0x00007f974c003000 JavaThread "wwc.messaging.WWCSystem$State" [_thread_blocked, id=32574, stack(0x00007f977d7e0000,0x00007f977d8e1000)]
  0x00007f97a000b000 JavaThread "DestroyJavaVM" [_thread_blocked, id=30884, stack(0x00007f97a8721000,0x00007f97a8821000)]
  0x00007f9748007800 JavaThread "wwc.resources.StandardInput$State" [_thread_blocked, id=32057, stack(0x00007f977da00000,0x00007f977db01000)]
  0x00007f9748004800 JavaThread "wwc.resources.StandardError$State" [_thread_blocked, id=32047, stack(0x00007f977db10000,0x00007f977dc11000)]
  0x00007f9748003800 JavaThread "wwc.resources.StandardOutput$State" [_thread_blocked, id=32037, stack(0x00007f977dc20000,0x00007f977dd21000)]
  0x00007f97a0184000 JavaThread "examples.chat.Speaker$State" [_thread_blocked, id=31999, stack(0x00007f977dd30000,0x00007f977de31000)]
  0x00007f97a0182800 JavaThread "RunTime Exit Thead" daemon [_thread_blocked, id=31989, stack(0x00007f977de40000,0x00007f977df41000)]
  0x00007f97a016f800 JavaThread "Clear Socket Thread" [_thread_blocked, id=31611, stack(0x00007f977df50000,0x00007f977e051000)]
  0x00007f97a016e000 JavaThread "Listen Loop Thread" [_thread_in_native, id=31586, stack(0x00007f977e060000,0x00007f977e161000)]
  0x00007f97a00c3000 JavaThread "Service Thread" daemon [_thread_blocked, id=31497, stack(0x00007f977e7e0000,0x00007f977e8e1000)]
  0x00007f97a00c0000 JavaThread "C1 CompilerThread2" daemon [_thread_blocked, id=31465, stack(0x00007f977e8f1000,0x00007f977e9f1000)]
  0x00007f97a00be800 JavaThread "C2 CompilerThread1" daemon [_thread_blocked, id=31441, stack(0x00007f977ea01000,0x00007f977eb01000)]
=>0x00007f97a00bb800 JavaThread "C2 CompilerThread0" daemon [_thread_in_native, id=31406, stack(0x00007f977eb11000,0x00007f977ec11000)]
  0x00007f97a00ba000 JavaThread "Signal Dispatcher" daemon [_thread_blocked, id=31384, stack(0x00007f977ec20000,0x00007f977ed21000)]
  0x00007f97a0085000 JavaThread "Finalizer" daemon [_thread_blocked, id=31302, stack(0x00007f977f060000,0x00007f977f161000)]
  0x00007f97a0082800 JavaThread "Reference Handler" daemon [_thread_blocked, id=31282, stack(0x00007f977f170000,0x00007f977f271000)]

Other Threads:
  0x00007f97a0079000 VMThread [stack: 0x00007f977f281000,0x00007f977f381000] [id=31210]
  0x00007f97a00c5800 WatcherThread [stack: 0x00007f977e6d1000,0x00007f977e7d1000] [id=31519]

VM state:not at safepoint (normal execution)

VM Mutex/Monitor currently owned by a thread: None

Heap:
 PSYoungGen      total 37888K, used 0K [0x00000000d6180000, 0x00000000d8b80000, 0x0000000100000000)
  eden space 32768K, 0% used [0x00000000d6180000,0x00000000d6180000,0x00000000d8180000)
  from space 5120K, 0% used [0x00000000d8180000,0x00000000d8180000,0x00000000d8680000)
  to   space 5120K, 0% used [0x00000000d8680000,0x00000000d8680000,0x00000000d8b80000)
 ParOldGen       total 86016K, used 2719K [0x0000000082400000, 0x0000000087800000, 0x00000000d6180000)
  object space 86016K, 3% used [0x0000000082400000,0x00000000826a7c28,0x0000000087800000)
 Metaspace       used 5839K, capacity 6014K, committed 6144K, reserved 1056768K
  class space    used 596K, capacity 695K, committed 768K, reserved 1048576K

Card table byte_map: [0x00007f97a4840000,0x00007f97a4c2f000] byte_map_base: 0x00007f97a442e000

Marking Bits: (ParMarkBitMap*) 0x00007f97a7979340
 Begin Bits: [0x00007f978d120000, 0x00007f978f090000)
 End Bits:   [0x00007f978f090000, 0x00007f9791000000)

Polling page: 0x00007f97a88a0000

CodeCache: size=245760Kb used=4243Kb max_used=4526Kb free=241516Kb
 bounds [0x00007f9791000000, 0x00007f9791480000, 0x00007f97a0000000]
 total_blobs=1173 nmethods=886 adapters=202
 compilation: enabled

Compilation events (10 events):
Event: 899.081 Thread 0x00007f97a00bb800 nmethod 1050 0x00007f979122ef90 code [0x00007f979122f1e0, 0x00007f97912303d0]
Event: 899.669 Thread 0x00007f97a00be800 1051   !   4       java.io.ObjectStreamClass::readNonProxy (407 bytes)
Event: 900.540 Thread 0x00007f97a00bb800 1052       4       java.io.ObjectStreamClass::writeNonProxy (161 bytes)
Event: 900.723 Thread 0x00007f97a00bb800 nmethod 1052 0x00007f9791240450 code [0x00007f9791240720, 0x00007f97912424e8]
Event: 904.395 Thread 0x00007f97a00be800 nmethod 1051 0x00007f97911c4b90 code [0x00007f97911c51e0, 0x00007f97911c7b48]
Event: 946.502 Thread 0x00007f97a00be800 1053       4       java.io.ObjectInputStream$GetFieldImpl::get (67 bytes)
Event: 946.531 Thread 0x00007f97a00be800 nmethod 1053 0x00007f97911f2c50 code [0x00007f97911f2e40, 0x00007f97911f3728]
Event: 951.198 Thread 0x00007f97a00c0000 1054       3       gc.serverGC.SLocalPRID::snapshotUALReg (77 bytes)
Event: 951.379 Thread 0x00007f97a00c0000 nmethod 1054 0x00007f9791186f90 code [0x00007f97911871a0, 0x00007f9791187e68]
Event: 971.060 Thread 0x00007f97a00bb800 1055   !   4       gc.WeakReference::send (199 bytes)

GC Heap History (10 events):
Event: 968.840 GC heap before
{Heap before GC invocations=426 (full 213):
 PSYoungGen      total 37888K, used 32K [0x00000000d6180000, 0x00000000d8b80000, 0x0000000100000000)
  eden space 32768K, 0% used [0x00000000d6180000,0x00000000d6180000,0x00000000d8180000)
  from space 5120K, 0% used [0x00000000d8180000,0x00000000d8188000,0x00000000d8680000)
  to   space 5120K, 0% used [0x00000000d8680000,0x00000000d8680000,0x00000000d8b80000)
 ParOldGen       total 86016K, used 2688K [0x0000000082400000, 0x0000000087800000, 0x00000000d6180000)
  object space 86016K, 3% used [0x0000000082400000,0x00000000826a0370,0x0000000087800000)
 Metaspace       used 5839K, capacity 6014K, committed 6144K, reserved 1056768K
  class space    used 596K, capacity 695K, committed 768K, reserved 1048576K
Event: 969.167 GC heap after
Heap after GC invocations=426 (full 213):
 PSYoungGen      total 37888K, used 0K [0x00000000d6180000, 0x00000000d8b80000, 0x0000000100000000)
  eden space 32768K, 0% used [0x00000000d6180000,0x00000000d6180000,0x00000000d8180000)
  from space 5120K, 0% used [0x00000000d8180000,0x00000000d8180000,0x00000000d8680000)
  to   space 5120K, 0% used [0x00000000d8680000,0x00000000d8680000,0x00000000d8b80000)
 ParOldGen       total 86016K, used 2697K [0x0000000082400000, 0x0000000087800000, 0x00000000d6180000)
  object space 86016K, 3% used [0x0000000082400000,0x00000000826a25c0,0x0000000087800000)
 Metaspace       used 5839K, capacity 6014K, committed 6144K, reserved 1056768K
  class space    used 596K, capacity 695K, committed 768K, reserved 1048576K
}
Event: 973.594 GC heap before
{Heap before GC invocations=427 (full 213):
 PSYoungGen      total 37888K, used 3058K [0x00000000d6180000, 0x00000000d8b80000, 0x0000000100000000)
  eden space 32768K, 9% used [0x00000000d6180000,0x00000000d647c9e8,0x00000000d8180000)
  from space 5120K, 0% used [0x00000000d8180000,0x00000000d8180000,0x00000000d8680000)
  to   space 5120K, 0% used [0x00000000d8680000,0x00000000d8680000,0x00000000d8b80000)
 ParOldGen       total 86016K, used 2697K [0x0000000082400000, 0x0000000087800000, 0x00000000d6180000)
  object space 86016K, 3% used [0x0000000082400000,0x00000000826a25c0,0x0000000087800000)
 Metaspace       used 5839K, capacity 6014K, committed 6144K, reserved 1056768K
  class space    used 596K, capacity 695K, committed 768K, reserved 1048576K
Event: 974.750 GC heap after
Heap after GC invocations=427 (full 213):
 PSYoungGen      total 37888K, used 32K [0x00000000d6180000, 0x00000000d8b80000, 0x0000000100000000)
  eden space 32768K, 0% used [0x00000000d6180000,0x00000000d6180000,0x00000000d8180000)
  from space 5120K, 0% used [0x00000000d8680000,0x00000000d8688000,0x00000000d8b80000)
  to   space 5120K, 0% used [0x00000000d8180000,0x00000000d8180000,0x00000000d8680000)
 ParOldGen       total 86016K, used 2697K [0x0000000082400000, 0x0000000087800000, 0x00000000d6180000)
  object space 86016K, 3% used [0x0000000082400000,0x00000000826a25c0,0x0000000087800000)
 Metaspace       used 5839K, capacity 6014K, committed 6144K, reserved 1056768K
  class space    used 596K, capacity 695K, committed 768K, reserved 1048576K
}
Event: 974.750 GC heap before
{Heap before GC invocations=428 (full 214):
 PSYoungGen      total 37888K, used 32K [0x00000000d6180000, 0x00000000d8b80000, 0x0000000100000000)
  eden space 32768K, 0% used [0x00000000d6180000,0x00000000d6180000,0x00000000d8180000)
  from space 5120K, 0% used [0x00000000d8680000,0x00000000d8688000,0x00000000d8b80000)
  to   space 5120K, 0% used [0x00000000d8180000,0x00000000d8180000,0x00000000d8680000)
 ParOldGen       total 86016K, used 2697K [0x0000000082400000, 0x0000000087800000, 0x00000000d6180000)
  object space 86016K, 3% used [0x0000000082400000,0x00000000826a25c0,0x0000000087800000)
 Metaspace       used 5839K, capacity 6014K, committed 6144K, reserved 1056768K
  class space    used 596K, capacity 695K, committed 768K, reserved 1048576K
Event: 976.999 GC heap after
Heap after GC invocations=428 (full 214):
 PSYoungGen      total 37888K, used 0K [0x00000000d6180000, 0x00000000d8b80000, 0x0000000100000000)
  eden space 32768K, 0% used [0x00000000d6180000,0x00000000d6180000,0x00000000d8180000)
  from space 5120K, 0% used [0x00000000d8680000,0x00000000d8680000,0x00000000d8b80000)
  to   space 5120K, 0% used [0x00000000d8180000,0x00000000d8180000,0x00000000d8680000)
 ParOldGen       total 86016K, used 2719K [0x0000000082400000, 0x0000000087800000, 0x00000000d6180000)
  object space 86016K, 3% used [0x0000000082400000,0x00000000826a7c28,0x0000000087800000)
 Metaspace       used 5839K, capacity 6014K, committed 6144K, reserved 1056768K
  class space    used 596K, capacity 695K, committed 768K, reserved 1048576K
}
Event: 992.276 GC heap before
{Heap before GC invocations=429 (full 214):
 PSYoungGen      total 37888K, used 1310K [0x00000000d6180000, 0x00000000d8b80000, 0x0000000100000000)
  eden space 32768K, 3% used [0x00000000d6180000,0x00000000d62c7ae0,0x00000000d8180000)
  from space 5120K, 0% used [0x00000000d8680000,0x00000000d8680000,0x00000000d8b80000)
  to   space 5120K, 0% used [0x00000000d8180000,0x00000000d8180000,0x00000000d8680000)
 ParOldGen       total 86016K, used 2719K [0x0000000082400000, 0x0000000087800000, 0x00000000d6180000)
  object space 86016K, 3% used [0x0000000082400000,0x00000000826a7c28,0x0000000087800000)
 Metaspace       used 5839K, capacity 6014K, committed 6144K, reserved 1056768K
  class space    used 596K, capacity 695K, committed 768K, reserved 1048576K
Event: 992.901 GC heap after
Heap after GC invocations=429 (full 214):
 PSYoungGen      total 37888K, used 0K [0x00000000d6180000, 0x00000000d8b80000, 0x0000000100000000)
  eden space 32768K, 0% used [0x00000000d6180000,0x00000000d6180000,0x00000000d8180000)
  from space 5120K, 0% used [0x00000000d8180000,0x00000000d8180000,0x00000000d8680000)
  to   space 5120K, 0% used [0x00000000d8680000,0x00000000d8680000,0x00000000d8b80000)
 ParOldGen       total 86016K, used 2719K [0x0000000082400000, 0x0000000087800000, 0x00000000d6180000)
  object space 86016K, 3% used [0x0000000082400000,0x00000000826a7c28,0x0000000087800000)
 Metaspace       used 5839K, capacity 6014K, committed 6144K, reserved 1056768K
  class space    used 596K, capacity 695K, committed 768K, reserved 1048576K
}
Event: 992.901 GC heap before
{Heap before GC invocations=430 (full 215):
 PSYoungGen      total 37888K, used 0K [0x00000000d6180000, 0x00000000d8b80000, 0x0000000100000000)
  eden space 32768K, 0% used [0x00000000d6180000,0x00000000d6180000,0x00000000d8180000)
  from space 5120K, 0% used [0x00000000d8180000,0x00000000d8180000,0x00000000d8680000)
  to   space 5120K, 0% used [0x00000000d8680000,0x00000000d8680000,0x00000000d8b80000)
 ParOldGen       total 86016K, used 2719K [0x0000000082400000, 0x0000000087800000, 0x00000000d6180000)
  object space 86016K, 3% used [0x0000000082400000,0x00000000826a7c28,0x0000000087800000)
 Metaspace       used 5839K, capacity 6014K, committed 6144K, reserved 1056768K
  class space    used 596K, capacity 695K, committed 768K, reserved 1048576K
Event: 999.534 GC heap after
Heap after GC invocations=430 (full 215):
 PSYoungGen      total 37888K, used 0K [0x00000000d6180000, 0x00000000d8b80000, 0x0000000100000000)
  eden space 32768K, 0% used [0x00000000d6180000,0x00000000d6180000,0x00000000d8180000)
  from space 5120K, 0% used [0x00000000d8180000,0x00000000d8180000,0x00000000d8680000)
  to   space 5120K, 0% used [0x00000000d8680000,0x00000000d8680000,0x00000000d8b80000)
 ParOldGen       total 86016K, used 2719K [0x0000000082400000, 0x0000000087800000, 0x00000000d6180000)
  object space 86016K, 3% used [0x0000000082400000,0x00000000826a7c28,0x0000000087800000)
 Metaspace       used 5839K, capacity 6014K, committed 6144K, reserved 1056768K
  class space    used 596K, capacity 695K, committed 768K, reserved 1048576K
}

Deoptimization events (10 events):
Event: 407.073 Thread 0x00007f97a0184000 Uncommon trap: reason=array_check action=maybe_recompile pc=0x00007f97913200ac method=java.util.Arrays.fill([Ljava/lang/Object;IILjava/lang/Object;)V @ 20
Event: 459.239 Thread 0x00007f974c007000 Uncommon trap: reason=unstable_if action=reinterpret pc=0x00007f9791369fdc method=java.io.ObjectInputStream$BlockDataInputStream.readUTFBody(J)Ljava/lang/String; @ 53
Event: 459.240 Thread 0x00007f974c007000 Uncommon trap: reason=unstable_if action=reinterpret pc=0x00007f979110ed74 method=java.io.ObjectStreamClass.computeFieldOffsets()V @ 275
Event: 459.404 Thread 0x00007f974c007000 Uncommon trap: reason=null_check action=make_not_entrant pc=0x00007f979127f24c method=java.io.ObjectStreamClass.lookup(Ljava/lang/Class;Z)Ljava/io/ObjectStreamClass; @ 45
Event: 459.406 Thread 0x00007f974c007000 Uncommon trap: reason=null_check action=make_not_entrant pc=0x00007f97913ef368 method=java.io.ObjectStreamClass.getReflector([Ljava/io/ObjectStreamField;Ljava/io/ObjectStreamClass;)Ljava/io/ObjectStreamClass$FieldReflector; @ 49
Event: 459.407 Thread 0x00007f974c007000 Uncommon trap: reason=unstable_if action=reinterpret pc=0x00007f97912d50a4 method=java.lang.Long.valueOf(J)Ljava/lang/Long; @ 13
Event: 463.424 Thread 0x00007f974c007000 Uncommon trap: reason=unstable_if action=reinterpret pc=0x00007f97913a0acc method=java.io.ObjectInputStream.readSerialData(Ljava/lang/Object;Ljava/io/ObjectStreamClass;)V @ 84
Event: 463.549 Thread 0x00007f974c007000 Uncommon trap: reason=unstable_if action=reinterpret pc=0x00007f979125d000 method=java.io.ObjectStreamClass.hasReadResolveMethod()Z @ 8
Event: 463.656 Thread 0x00007f97a0184000 Uncommon trap: reason=unstable_if action=reinterpret pc=0x00007f97912f3f70 method=java.lang.reflect.Method.invoke(Ljava/lang/Object;[Ljava/lang/Object;)Ljava/lang/Object; @ 45
Event: 505.660 Thread 0x00007f974c009000 Uncommon trap: reason=unstable_if action=reinterpret pc=0x00007f9791340610 method=java.io.ObjectInputStream.isCustomSubclass()Z @ 12

Classes redefined (0 events):
No events

Internal exceptions (10 events):
Event: 357.625 Thread 0x00007f9748003800 Exception <a 'java/lang/IllegalArgumentException': argument type mismatch> (0x00000000d631c850) thrown at [/build/openjdk-8-5w_p1G/openjdk-8-8u191-b12/src/hotspot/src/share/vm/runtime/reflection.cpp, line 201]
Event: 357.625 Thread 0x00007f9748003800 Exception <a 'java/lang/IllegalArgumentException': argument type mismatch> (0x00000000d631cac8) thrown at [/build/openjdk-8-5w_p1G/openjdk-8-8u191-b12/src/hotspot/src/share/vm/runtime/reflection.cpp, line 201]
Event: 357.625 Thread 0x00007f9748003800 Exception <a 'java/lang/IllegalArgumentException': argument type mismatch> (0x00000000d631cd40) thrown at [/build/openjdk-8-5w_p1G/openjdk-8-8u191-b12/src/hotspot/src/share/vm/runtime/reflection.cpp, line 201]
Event: 357.625 Thread 0x00007f9748003800 Exception <a 'java/lang/IllegalArgumentException': argument type mismatch> (0x00000000d631cfb8) thrown at [/build/openjdk-8-5w_p1G/openjdk-8-8u191-b12/src/hotspot/src/share/vm/runtime/reflection.cpp, line 201]
Event: 357.628 Thread 0x00007f9748003800 Exception <a 'java/lang/IllegalArgumentException': argument type mismatch> (0x00000000d6322920) thrown at [/build/openjdk-8-5w_p1G/openjdk-8-8u191-b12/src/hotspot/src/share/vm/runtime/reflection.cpp, line 201]
Event: 357.629 Thread 0x00007f9748003800 Exception <a 'java/lang/IllegalArgumentException': argument type mismatch> (0x00000000d63254e8) thrown at [/build/openjdk-8-5w_p1G/openjdk-8-8u191-b12/src/hotspot/src/share/vm/runtime/reflection.cpp, line 201]
Event: 357.631 Thread 0x00007f9748003800 Exception <a 'java/lang/IllegalArgumentException': argument type mismatch> (0x00000000d6328180) thrown at [/build/openjdk-8-5w_p1G/openjdk-8-8u191-b12/src/hotspot/src/share/vm/runtime/reflection.cpp, line 201]
Event: 357.632 Thread 0x00007f9748003800 Exception <a 'java/lang/IllegalArgumentException': argument type mismatch> (0x00000000d632aed8) thrown at [/build/openjdk-8-5w_p1G/openjdk-8-8u191-b12/src/hotspot/src/share/vm/runtime/reflection.cpp, line 201]
Event: 459.407 Thread 0x00007f974c007000 Exception <a 'java/lang/NoSuchMethodError': <clinit>> (0x00000000d6189db0) thrown at [/build/openjdk-8-5w_p1G/openjdk-8-8u191-b12/src/hotspot/src/share/vm/prims/jni.cpp, line 1613]
Event: 463.656 Thread 0x00007f97a0184000 Implicit null exception at 0x00007f97912f3ed8 to 0x00007f97912f3f56

Events (10 events):
Event: 962.583 Executing VM operation: ParallelGCSystemGC
Event: 963.336 Executing VM operation: ParallelGCSystemGC done
Event: 965.814 Executing VM operation: ParallelGCSystemGC
Event: 966.320 Executing VM operation: ParallelGCSystemGC done
Event: 968.787 Executing VM operation: ParallelGCSystemGC
Event: 969.167 Executing VM operation: ParallelGCSystemGC done
Event: 973.594 Executing VM operation: ParallelGCSystemGC
Event: 976.999 Executing VM operation: ParallelGCSystemGC done
Event: 992.276 Executing VM operation: ParallelGCSystemGC
Event: 999.534 Executing VM operation: ParallelGCSystemGC done


Dynamic libraries:
82400000-87800000 rw-p 00000000 00:00 0
87800000-d6180000 ---p 00000000 00:00 0
d6180000-d8b80000 rw-p 00000000 00:00 0
d8b80000-100000000 ---p 00000000 00:00 0
100000000-1000c0000 rw-p 00000000 00:00 0
1000c0000-140000000 ---p 00000000 00:00 0
7f9724000000-7f9724021000 rw-p 00000000 00:00 0
7f9724021000-7f9728000000 ---p 00000000 00:00 0
7f9728000000-7f9728021000 rw-p 00000000 00:00 0
7f9728021000-7f972c000000 ---p 00000000 00:00 0
7f972c000000-7f972c021000 rw-p 00000000 00:00 0
7f972c021000-7f9730000000 ---p 00000000 00:00 0
7f9730000000-7f9730021000 rw-p 00000000 00:00 0
7f9730021000-7f9734000000 ---p 00000000 00:00 0
7f9734000000-7f9734021000 rw-p 00000000 00:00 0
7f9734021000-7f9738000000 ---p 00000000 00:00 0
7f9738000000-7f9738021000 rw-p 00000000 00:00 0
7f9738021000-7f973c000000 ---p 00000000 00:00 0
7f973c000000-7f973c021000 rw-p 00000000 00:00 0
7f973c021000-7f9740000000 ---p 00000000 00:00 0
7f9740000000-7f9740021000 rw-p 00000000 00:00 0
7f9740021000-7f9744000000 ---p 00000000 00:00 0
7f9744000000-7f9744021000 rw-p 00000000 00:00 0
7f9744021000-7f9748000000 ---p 00000000 00:00 0
7f9748000000-7f9748033000 rw-p 00000000 00:00 0
7f9748033000-7f974c000000 ---p 00000000 00:00 0
7f974c000000-7f974c021000 rw-p 00000000 00:00 0
7f974c021000-7f9750000000 ---p 00000000 00:00 0
7f9750000000-7f9750021000 rw-p 00000000 00:00 0
7f9750021000-7f9754000000 ---p 00000000 00:00 0
7f9754000000-7f9754021000 rw-p 00000000 00:00 0
7f9754021000-7f9758000000 ---p 00000000 00:00 0
7f9758000000-7f9758021000 rw-p 00000000 00:00 0
7f9758021000-7f975c000000 ---p 00000000 00:00 0
7f975c000000-7f975dc21000 rw-p 00000000 00:00 0
7f975dc21000-7f9760000000 ---p 00000000 00:00 0
7f9760000000-7f976038d000 rw-p 00000000 00:00 0
7f976038d000-7f9764000000 ---p 00000000 00:00 0
7f9764000000-7f9764021000 rw-p 00000000 00:00 0
7f9764021000-7f9768000000 ---p 00000000 00:00 0
7f9768000000-7f9769481000 rw-p 00000000 00:00 0
7f9769481000-7f976c000000 ---p 00000000 00:00 0
7f976c000000-7f976c021000 rw-p 00000000 00:00 0
7f976c021000-7f9770000000 ---p 00000000 00:00 0
7f9770000000-7f9770021000 rw-p 00000000 00:00 0
7f9770021000-7f9774000000 ---p 00000000 00:00 0
7f9774000000-7f9774033000 rw-p 00000000 00:00 0
7f9774033000-7f9778000000 ---p 00000000 00:00 0
7f9778000000-7f9778021000 rw-p 00000000 00:00 0
7f9778021000-7f977c000000 ---p 00000000 00:00 0
7f977d4b0000-7f977d4b3000 ---p 00000000 00:00 0
7f977d4b3000-7f977d5b1000 rw-p 00000000 00:00 0
7f977d5c0000-7f977d5c3000 ---p 00000000 00:00 0
7f977d5c3000-7f977d6c1000 rw-p 00000000 00:00 0
7f977d6d0000-7f977d6d3000 ---p 00000000 00:00 0
7f977d6d3000-7f977d7d1000 rw-p 00000000 00:00 0
7f977d7e0000-7f977d7e3000 ---p 00000000 00:00 0
7f977d7e3000-7f977d8e1000 rw-p 00000000 00:00 0
7f977d8f0000-7f977d8f3000 ---p 00000000 00:00 0
7f977d8f3000-7f977d9f1000 rw-p 00000000 00:00 0
7f977da00000-7f977da03000 ---p 00000000 00:00 0
7f977da03000-7f977db01000 rw-p 00000000 00:00 0
7f977db10000-7f977db13000 ---p 00000000 00:00 0
7f977db13000-7f977dc11000 rw-p 00000000 00:00 0
7f977dc20000-7f977dc23000 ---p 00000000 00:00 0
7f977dc23000-7f977dd21000 rw-p 00000000 00:00 0
7f977dd30000-7f977dd33000 ---p 00000000 00:00 0
7f977dd33000-7f977de31000 rw-p 00000000 00:00 0
7f977de40000-7f977de43000 ---p 00000000 00:00 0
7f977de43000-7f977df41000 rw-p 00000000 00:00 0
7f977df50000-7f977df53000 ---p 00000000 00:00 0
7f977df53000-7f977e051000 rw-p 00000000 00:00 0
7f977e060000-7f977e063000 ---p 00000000 00:00 0
7f977e063000-7f977e161000 rw-p 00000000 00:00 0
7f977e170000-7f977e471000 rw-p 00000000 00:00 0
7f977e480000-7f977e497000 r-xp 00000000 00:00 213561             /usr/lib/jvm/java-8-openjdk-amd64/jre/lib/amd64/libnet.so
7f977e497000-7f977e498000 ---p 00017000 00:00 213561             /usr/lib/jvm/java-8-openjdk-amd64/jre/lib/amd64/libnet.so
7f977e498000-7f977e696000 ---p 00000018 00:00 213561             /usr/lib/jvm/java-8-openjdk-amd64/jre/lib/amd64/libnet.so
7f977e696000-7f977e697000 r--p 00016000 00:00 213561             /usr/lib/jvm/java-8-openjdk-amd64/jre/lib/amd64/libnet.so
7f977e697000-7f977e698000 rw-p 00017000 00:00 213561             /usr/lib/jvm/java-8-openjdk-amd64/jre/lib/amd64/libnet.so
7f977e69a000-7f977e6b5000 r--s 001d6000 00:00 43386              /usr/lib/jvm/java-8-openjdk-amd64/jre/lib/ext/nashorn.jar
7f977e6b5000-7f977e6d0000 r--s 00394000 00:00 213588             /usr/lib/jvm/java-8-openjdk-amd64/jre/lib/ext/cldrdata.jar
7f977e6d0000-7f977e6d1000 ---p 00000000 00:00 0
7f977e6d1000-7f977e7d1000 rw-p 00000000 00:00 0
7f977e7e0000-7f977e7e3000 ---p 00000000 00:00 0
7f977e7e3000-7f977e8e1000 rw-p 00000000 00:00 0
7f977e8f0000-7f977e8f4000 ---p 00000000 00:00 0
7f977e8f4000-7f977e9f1000 rw-p 00000000 00:00 0
7f977ea00000-7f977ea04000 ---p 00000000 00:00 0
7f977ea04000-7f977eb01000 rw-p 00000000 00:00 0
7f977eb10000-7f977eb14000 ---p 00000000 00:00 0
7f977eb14000-7f977ec11000 rw-p 00000000 00:00 0
7f977ec20000-7f977ec23000 ---p 00000000 00:00 0
7f977ec23000-7f977ed21000 rw-p 00000000 00:00 0
7f977ed21000-7f977ed52000 r--p 00000000 00:00 1165083            /usr/lib/locale/C.UTF-8/LC_CTYPE
7f977ed52000-7f977eec5000 r--p 00000000 00:00 1165082            /usr/lib/locale/C.UTF-8/LC_COLLATE
7f977eec5000-7f977f060000 r--p 00000000 00:00 1165094            /usr/lib/locale/locale-archive
7f977f060000-7f977f063000 ---p 00000000 00:00 0
7f977f063000-7f977f161000 rw-p 00000000 00:00 0
7f977f170000-7f977f173000 ---p 00000000 00:00 0
7f977f173000-7f977f271000 rw-p 00000000 00:00 0
7f977f280000-7f977f281000 ---p 00000000 00:00 0
7f977f281000-7f977f381000 rw-p 00000000 00:00 0
7f977f390000-7f977f491000 rw-p 00000000 00:00 0
7f977f4a0000-7f977f5a1000 rw-p 00000000 00:00 0
7f977f5b0000-7f977f6b1000 rw-p 00000000 00:00 0
7f977f6c0000-7f977f7c1000 rw-p 00000000 00:00 0
7f977f7d0000-7f977f8d1000 rw-p 00000000 00:00 0
7f977f8e0000-7f977f901000 rw-p 00000000 00:00 0
7f977f910000-7f977fa11000 rw-p 00000000 00:00 0
7f977fa20000-7f977fa41000 rw-p 00000000 00:00 0
7f977fa50000-7f977fb51000 rw-p 00000000 00:00 0
7f977fb60000-7f977fb81000 rw-p 00000000 00:00 0
7f977fb90000-7f977fc91000 rw-p 00000000 00:00 0
7f977fca0000-7f977fcc1000 rw-p 00000000 00:00 0
7f977fcd0000-7f977fdd1000 rw-p 00000000 00:00 0
7f977fde0000-7f977fee1000 rw-p 00000000 00:00 0
7f977fef0000-7f977fff1000 rw-p 00000000 00:00 0
7f9780000000-7f9780021000 rw-p 00000000 00:00 0
7f9780021000-7f9784000000 ---p 00000000 00:00 0
7f9784000000-7f9784021000 rw-p 00000000 00:00 0
7f9784021000-7f9788000000 ---p 00000000 00:00 0
7f9788000000-7f9788021000 rw-p 00000000 00:00 0
7f9788021000-7f978c000000 ---p 00000000 00:00 0
7f978c010000-7f978c031000 rw-p 00000000 00:00 0
7f978c040000-7f978c141000 rw-p 00000000 00:00 0
7f978c150000-7f978c251000 rw-p 00000000 00:00 0
7f978c260000-7f978c361000 rw-p 00000000 00:00 0
7f978c361000-7f978c530000 r--s 03c33000 00:00 213628             /usr/lib/jvm/java-8-openjdk-amd64/jre/lib/rt.jar
7f978c530000-7f978ca70000 rw-p 00000000 00:00 0
7f978ca70000-7f978cd30000 ---p 00000000 00:00 0
7f978cd30000-7f978d11e000 rw-p 00000000 00:00 0
7f978d120000-7f9791000000 rw-p 00000000 00:00 0
7f9791000000-7f9791480000 rwxp 00000000 00:00 0
7f9791480000-7f97a0000000 ---p 00000000 00:00 0
7f97a0000000-7f97a01c3000 rw-p 00000000 00:00 0
7f97a01c3000-7f97a4000000 ---p 00000000 00:00 0
7f97a4000000-7f97a4101000 rw-p 00000000 00:00 0
7f97a4110000-7f97a415e000 rw-p 00000000 00:00 0
7f97a4160000-7f97a4161000 ---p 00000000 00:00 0
7f97a4161000-7f97a4261000 rw-p 00000000 00:00 0
7f97a4270000-7f97a4271000 ---p 00000000 00:00 0
7f97a4271000-7f97a4371000 rw-p 00000000 00:00 0
7f97a4380000-7f97a4381000 ---p 00000000 00:00 0
7f97a4381000-7f97a4481000 rw-p 00000000 00:00 0
7f97a4490000-7f97a4491000 ---p 00000000 00:00 0
7f97a4491000-7f97a4591000 rw-p 00000000 00:00 0
7f97a45a0000-7f97a45ca000 rw-p 00000000 00:00 0
7f97a45ca000-7f97a483f000 ---p 00000000 00:00 0
7f97a4840000-7f97a486a000 rw-p 00000000 00:00 0
7f97a486a000-7f97a4ade000 ---p 00000000 00:00 0
7f97a4ade000-7f97a4af4000 rw-p 00000000 00:00 0
7f97a4af4000-7f97a4c2e000 ---p 00000000 00:00 0
7f97a4c2e000-7f97a4c2f000 rw-p 00000000 00:00 0
7f97a4c30000-7f97a4c42000 rw-p 00000000 00:00 0
7f97a4c42000-7f97a4ff0000 ---p 00000000 00:00 0
7f97a4ff0000-7f97a4ff8000 r-xp 00000000 00:00 213569             /usr/lib/jvm/java-8-openjdk-amd64/jre/lib/amd64/libzip.so
7f97a4ff8000-7f97a4ff9000 ---p 00008000 00:00 213569             /usr/lib/jvm/java-8-openjdk-amd64/jre/lib/amd64/libzip.so
7f97a4ff9000-7f97a51f7000 ---p 00000009 00:00 213569             /usr/lib/jvm/java-8-openjdk-amd64/jre/lib/amd64/libzip.so
7f97a51f7000-7f97a51f8000 r--p 00007000 00:00 213569             /usr/lib/jvm/java-8-openjdk-amd64/jre/lib/amd64/libzip.so
7f97a51f8000-7f97a51f9000 rw-p 00008000 00:00 213569             /usr/lib/jvm/java-8-openjdk-amd64/jre/lib/amd64/libzip.so
7f97a5200000-7f97a520b000 r-xp 00000000 00:00 1163848            /lib/x86_64-linux-gnu/libnss_files-2.27.so
7f97a520b000-7f97a520c000 ---p 0000b000 00:00 1163848            /lib/x86_64-linux-gnu/libnss_files-2.27.so
7f97a520c000-7f97a540a000 ---p 0000000c 00:00 1163848            /lib/x86_64-linux-gnu/libnss_files-2.27.so
7f97a540a000-7f97a540b000 r--p 0000a000 00:00 1163848            /lib/x86_64-linux-gnu/libnss_files-2.27.so
7f97a540b000-7f97a540c000 rw-p 0000b000 00:00 1163848            /lib/x86_64-linux-gnu/libnss_files-2.27.so
7f97a540c000-7f97a5412000 rw-p 00000000 00:00 0
7f97a5420000-7f97a5437000 r-xp 00000000 00:00 1163842            /lib/x86_64-linux-gnu/libnsl-2.27.so
7f97a5437000-7f97a5438000 ---p 00017000 00:00 1163842            /lib/x86_64-linux-gnu/libnsl-2.27.so
7f97a5438000-7f97a5636000 ---p 00000018 00:00 1163842            /lib/x86_64-linux-gnu/libnsl-2.27.so
7f97a5636000-7f97a5637000 r--p 00016000 00:00 1163842            /lib/x86_64-linux-gnu/libnsl-2.27.so
7f97a5637000-7f97a5638000 rw-p 00017000 00:00 1163842            /lib/x86_64-linux-gnu/libnsl-2.27.so
7f97a5638000-7f97a563a000 rw-p 00000000 00:00 0
7f97a5640000-7f97a564b000 r-xp 00000000 00:00 1163852            /lib/x86_64-linux-gnu/libnss_nis-2.27.so
7f97a564b000-7f97a564c000 ---p 0000b000 00:00 1163852            /lib/x86_64-linux-gnu/libnss_nis-2.27.so
7f97a564c000-7f97a584a000 ---p 0000000c 00:00 1163852            /lib/x86_64-linux-gnu/libnss_nis-2.27.so
7f97a584a000-7f97a584b000 r--p 0000a000 00:00 1163852            /lib/x86_64-linux-gnu/libnss_nis-2.27.so
7f97a584b000-7f97a584c000 rw-p 0000b000 00:00 1163852            /lib/x86_64-linux-gnu/libnss_nis-2.27.so
7f97a5850000-7f97a5858000 r-xp 00000000 00:00 1163844            /lib/x86_64-linux-gnu/libnss_compat-2.27.so
7f97a5858000-7f97a585a000 ---p 00008000 00:00 1163844            /lib/x86_64-linux-gnu/libnss_compat-2.27.so
7f97a585a000-7f97a5a58000 ---p 0000000a 00:00 1163844            /lib/x86_64-linux-gnu/libnss_compat-2.27.so
7f97a5a58000-7f97a5a59000 r--p 00008000 00:00 1163844            /lib/x86_64-linux-gnu/libnss_compat-2.27.so
7f97a5a59000-7f97a5a5a000 rw-p 00009000 00:00 1163844            /lib/x86_64-linux-gnu/libnss_compat-2.27.so
7f97a5a60000-7f97a5a8e000 r-xp 00000000 00:00 213546             /usr/lib/jvm/java-8-openjdk-amd64/jre/lib/amd64/libjava.so
7f97a5a8e000-7f97a5a90000 ---p 0002e000 00:00 213546             /usr/lib/jvm/java-8-openjdk-amd64/jre/lib/amd64/libjava.so
7f97a5a90000-7f97a5c8d000 ---p 00000030 00:00 213546             /usr/lib/jvm/java-8-openjdk-amd64/jre/lib/amd64/libjava.so
7f97a5c8d000-7f97a5c8e000 r--p 0002d000 00:00 213546             /usr/lib/jvm/java-8-openjdk-amd64/jre/lib/amd64/libjava.so
7f97a5c8e000-7f97a5c90000 rw-p 0002e000 00:00 213546             /usr/lib/jvm/java-8-openjdk-amd64/jre/lib/amd64/libjava.so
7f97a5c90000-7f97a5ca0000 r-xp 00000000 00:00 213568             /usr/lib/jvm/java-8-openjdk-amd64/jre/lib/amd64/libverify.so
7f97a5ca0000-7f97a5ca2000 ---p 00010000 00:00 213568             /usr/lib/jvm/java-8-openjdk-amd64/jre/lib/amd64/libverify.so
7f97a5ca2000-7f97a5e9f000 ---p 00000012 00:00 213568             /usr/lib/jvm/java-8-openjdk-amd64/jre/lib/amd64/libverify.so
7f97a5e9f000-7f97a5ea1000 r--p 0000f000 00:00 213568             /usr/lib/jvm/java-8-openjdk-amd64/jre/lib/amd64/libverify.so
7f97a5ea1000-7f97a5ea2000 rw-p 00011000 00:00 213568             /usr/lib/jvm/java-8-openjdk-amd64/jre/lib/amd64/libverify.so
7f97a5eb0000-7f97a5eb7000 r-xp 00000000 00:00 1163891            /lib/x86_64-linux-gnu/librt-2.27.so
7f97a5eb7000-7f97a5eb8000 ---p 00007000 00:00 1163891            /lib/x86_64-linux-gnu/librt-2.27.so
7f97a5eb8000-7f97a60b6000 ---p 00000008 00:00 1163891            /lib/x86_64-linux-gnu/librt-2.27.so
7f97a60b6000-7f97a60b7000 r--p 00006000 00:00 1163891            /lib/x86_64-linux-gnu/librt-2.27.so
7f97a60b7000-7f97a60b8000 rw-p 00007000 00:00 1163891            /lib/x86_64-linux-gnu/librt-2.27.so
7f97a60c0000-7f97a60d7000 r-xp 00000000 00:00 1195636            /lib/x86_64-linux-gnu/libgcc_s.so.1
7f97a60d7000-7f97a60d8000 ---p 00017000 00:00 1195636            /lib/x86_64-linux-gnu/libgcc_s.so.1
7f97a60d8000-7f97a62d6000 ---p 00000018 00:00 1195636            /lib/x86_64-linux-gnu/libgcc_s.so.1
7f97a62d6000-7f97a62d7000 r--p 00016000 00:00 1195636            /lib/x86_64-linux-gnu/libgcc_s.so.1
7f97a62d7000-7f97a62d8000 rw-p 00017000 00:00 1195636            /lib/x86_64-linux-gnu/libgcc_s.so.1
7f97a62e0000-7f97a647d000 r-xp 00000000 00:00 1163825            /lib/x86_64-linux-gnu/libm-2.27.so
7f97a647d000-7f97a6480000 ---p 0019d000 00:00 1163825            /lib/x86_64-linux-gnu/libm-2.27.so
7f97a6480000-7f97a667c000 ---p 000001a0 00:00 1163825            /lib/x86_64-linux-gnu/libm-2.27.so
7f97a667c000-7f97a667d000 r--p 0019c000 00:00 1163825            /lib/x86_64-linux-gnu/libm-2.27.so
7f97a667d000-7f97a667e000 rw-p 0019d000 00:00 1163825            /lib/x86_64-linux-gnu/libm-2.27.so
7f97a6680000-7f97a67f9000 r-xp 00000000 00:00 1252565            /usr/lib/x86_64-linux-gnu/libstdc++.so.6.0.25
7f97a67f9000-7f97a6806000 ---p 00179000 00:00 1252565            /usr/lib/x86_64-linux-gnu/libstdc++.so.6.0.25
7f97a6806000-7f97a69f9000 ---p 00000186 00:00 1252565            /usr/lib/x86_64-linux-gnu/libstdc++.so.6.0.25
7f97a69f9000-7f97a6a03000 r--p 00179000 00:00 1252565            /usr/lib/x86_64-linux-gnu/libstdc++.so.6.0.25
7f97a6a03000-7f97a6a05000 rw-p 00183000 00:00 1252565            /usr/lib/x86_64-linux-gnu/libstdc++.so.6.0.25
7f97a6a05000-7f97a6a09000 rw-p 00000000 00:00 0
7f97a6a10000-7f97a76aa000 r-xp 00000000 00:00 213574             /usr/lib/jvm/java-8-openjdk-amd64/jre/lib/amd64/server/libjvm.so
7f97a76aa000-7f97a7774000 ---p 00c9a000 00:00 213574             /usr/lib/jvm/java-8-openjdk-amd64/jre/lib/amd64/server/libjvm.so
7f97a7774000-7f97a78a9000 ---p 00000d64 00:00 213574             /usr/lib/jvm/java-8-openjdk-amd64/jre/lib/amd64/server/libjvm.so
7f97a78a9000-7f97a793d000 r--p 00c99000 00:00 213574             /usr/lib/jvm/java-8-openjdk-amd64/jre/lib/amd64/server/libjvm.so
7f97a793d000-7f97a7966000 rw-p 00d2d000 00:00 213574             /usr/lib/jvm/java-8-openjdk-amd64/jre/lib/amd64/server/libjvm.so
7f97a7966000-7f97a7996000 rw-p 00000000 00:00 0
7f97a79a0000-7f97a79ba000 r-xp 00000000 00:00 1163883            /lib/x86_64-linux-gnu/libpthread-2.27.so
7f97a79ba000-7f97a79c4000 ---p 0001a000 00:00 1163883            /lib/x86_64-linux-gnu/libpthread-2.27.so
7f97a79c4000-7f97a7bb9000 ---p 00000024 00:00 1163883            /lib/x86_64-linux-gnu/libpthread-2.27.so
7f97a7bb9000-7f97a7bba000 r--p 00019000 00:00 1163883            /lib/x86_64-linux-gnu/libpthread-2.27.so
7f97a7bba000-7f97a7bbb000 rw-p 0001a000 00:00 1163883            /lib/x86_64-linux-gnu/libpthread-2.27.so
7f97a7bbb000-7f97a7bbf000 rw-p 00000000 00:00 0
7f97a7bc0000-7f97a7bc3000 r-xp 00000000 00:00 1163697            /lib/x86_64-linux-gnu/libdl-2.27.so
7f97a7bc3000-7f97a7bc4000 ---p 00003000 00:00 1163697            /lib/x86_64-linux-gnu/libdl-2.27.so
7f97a7bc4000-7f97a7dc2000 ---p 00000004 00:00 1163697            /lib/x86_64-linux-gnu/libdl-2.27.so
7f97a7dc2000-7f97a7dc3000 r--p 00002000 00:00 1163697            /lib/x86_64-linux-gnu/libdl-2.27.so
7f97a7dc3000-7f97a7dc4000 rw-p 00003000 00:00 1163697            /lib/x86_64-linux-gnu/libdl-2.27.so
7f97a7dd0000-7f97a7dec000 r-xp 00000000 00:00 1163923            /lib/x86_64-linux-gnu/libz.so.1.2.11
7f97a7dec000-7f97a7ded000 ---p 0001c000 00:00 1163923            /lib/x86_64-linux-gnu/libz.so.1.2.11
7f97a7ded000-7f97a7feb000 ---p 0000001d 00:00 1163923            /lib/x86_64-linux-gnu/libz.so.1.2.11
7f97a7feb000-7f97a7fec000 r--p 0001b000 00:00 1163923            /lib/x86_64-linux-gnu/libz.so.1.2.11
7f97a7fec000-7f97a7fed000 rw-p 0001c000 00:00 1163923            /lib/x86_64-linux-gnu/libz.so.1.2.11
7f97a7ff0000-7f97a81d7000 r-xp 00000000 00:00 1163633            /lib/x86_64-linux-gnu/libc-2.27.so
7f97a81d7000-7f97a81e0000 ---p 001e7000 00:00 1163633            /lib/x86_64-linux-gnu/libc-2.27.so
7f97a81e0000-7f97a83d7000 ---p 000001f0 00:00 1163633            /lib/x86_64-linux-gnu/libc-2.27.so
7f97a83d7000-7f97a83db000 r--p 001e7000 00:00 1163633            /lib/x86_64-linux-gnu/libc-2.27.so
7f97a83db000-7f97a83dd000 rw-p 001eb000 00:00 1163633            /lib/x86_64-linux-gnu/libc-2.27.so
7f97a83dd000-7f97a83e1000 rw-p 00000000 00:00 0
7f97a83f0000-7f97a83fe000 r-xp 00000000 00:00 213532             /usr/lib/jvm/java-8-openjdk-amd64/jre/lib/amd64/jli/libjli.so
7f97a83fe000-7f97a83ff000 ---p 0000e000 00:00 213532             /usr/lib/jvm/java-8-openjdk-amd64/jre/lib/amd64/jli/libjli.so
7f97a83ff000-7f97a85fd000 ---p 0000000f 00:00 213532             /usr/lib/jvm/java-8-openjdk-amd64/jre/lib/amd64/jli/libjli.so
7f97a85fd000-7f97a85fe000 r--p 0000d000 00:00 213532             /usr/lib/jvm/java-8-openjdk-amd64/jre/lib/amd64/jli/libjli.so
7f97a85fe000-7f97a85ff000 rw-p 0000e000 00:00 213532             /usr/lib/jvm/java-8-openjdk-amd64/jre/lib/amd64/jli/libjli.so
7f97a8600000-7f97a8626000 r-xp 00000000 00:00 1163578            /lib/x86_64-linux-gnu/ld-2.27.so
7f97a8626000-7f97a8627000 r-xp 00026000 00:00 1163578            /lib/x86_64-linux-gnu/ld-2.27.so
7f97a8640000-7f97a86b6000 rw-p 00000000 00:00 0
7f97a86c0000-7f97a871b000 rw-p 00000000 00:00 0
7f97a8720000-7f97a8724000 ---p 00000000 00:00 0
7f97a8724000-7f97a8821000 rw-p 00000000 00:00 0
7f97a8827000-7f97a8828000 r--p 00027000 00:00 1163578            /lib/x86_64-linux-gnu/ld-2.27.so
7f97a8828000-7f97a8829000 rw-p 00028000 00:00 1163578            /lib/x86_64-linux-gnu/ld-2.27.so
7f97a8829000-7f97a882a000 rw-p 00000000 00:00 0
7f97a882a000-7f97a8830000 r--s 0004e000 00:00 614318             /mnt/c/Users/ksank/akka-resources/src/libs/salsa1.1.5.jar
7f97a8830000-7f97a8858000 rw-p 00000000 00:00 0
7f97a885a000-7f97a8860000 r--s 0002b000 00:00 155396             /mnt/c/Users/ksank/akka-resources/src/libs/kotlin-runtime-1.2.20-dev-331.jar
7f97a8860000-7f97a8888000 rw-p 00000000 00:00 0
7f97a888a000-7f97a8890000 r--s 0003b000 00:00 213596             /usr/lib/jvm/java-8-openjdk-amd64/jre/lib/ext/sunjce_provider.jar
7f97a8890000-7f97a8891000 rw-p 00000000 00:00 0
7f97a8891000-7f97a8896000 r--s 000a0000 00:00 213618             /usr/lib/jvm/java-8-openjdk-amd64/jre/lib/jsse.jar
7f97a8896000-7f97a88a0000 r--s 00116000 00:00 39595              /usr/lib/jvm/java-8-openjdk-amd64/jre/lib/ext/localedata.jar
7f97a88a0000-7f97a88a1000 r--p 00000000 00:00 0
7f97a88a1000-7f97a88a2000 r--s 00010000 00:00 213599             /usr/lib/jvm/java-8-openjdk-amd64/jre/lib/ext/zipfs.jar
7f97a88a2000-7f97a88a5000 r--s 00038000 00:00 213598             /usr/lib/jvm/java-8-openjdk-amd64/jre/lib/ext/sunpkcs11.jar
7f97a88a5000-7f97a88a7000 r--s 00008000 00:00 213595             /usr/lib/jvm/java-8-openjdk-amd64/jre/lib/ext/sunec.jar
7f97a88a7000-7f97a88a9000 r--s 00007000 00:00 215852             /usr/share/java/java-atk-wrapper.jar
7f97a88a9000-7f97a88aa000 r--s 0000a000 00:00 213591             /usr/lib/jvm/java-8-openjdk-amd64/jre/lib/ext/jaccess.jar
7f97a88aa000-7f97a88ad000 r--s 0000f000 00:00 213590             /usr/lib/jvm/java-8-openjdk-amd64/jre/lib/ext/icedtea-sound.jar
7f97a88ad000-7f97a88af000 r--s 00001000 00:00 213589             /usr/lib/jvm/java-8-openjdk-amd64/jre/lib/ext/dnsns.jar
7f97a88af000-7f97a88b0000 r--p 00000000 00:00 1165090            /usr/lib/locale/C.UTF-8/LC_NUMERIC
7f97a88b0000-7f97a88b2000 rw-p 00000000 00:00 0
7f97a88b2000-7f97a88b3000 r--p 00000000 00:00 1165093            /usr/lib/locale/C.UTF-8/LC_TIME
7f97a88b3000-7f97a88b4000 r--p 00000000 00:00 1165088            /usr/lib/locale/C.UTF-8/LC_MONETARY
7f97a88b4000-7f97a88b5000 r--p 00000000 00:00 1165087            /usr/lib/locale/C.UTF-8/LC_MESSAGES/SYS_LC_MESSAGES
7f97a88b5000-7f97a88b6000 r--p 00000000 00:00 1165091            /usr/lib/locale/C.UTF-8/LC_PAPER
7f97a88b6000-7f97a88b7000 r--p 00000000 00:00 1165089            /usr/lib/locale/C.UTF-8/LC_NAME
7f97a88b7000-7f97a88b8000 r--p 00000000 00:00 1165081            /usr/lib/locale/C.UTF-8/LC_ADDRESS
7f97a88b8000-7f97a88b9000 r--p 00000000 00:00 1165092            /usr/lib/locale/C.UTF-8/LC_TELEPHONE
7f97a88b9000-7f97a88c0000 r--s 00000000 00:00 1170996            /usr/lib/x86_64-linux-gnu/gconv/gconv-modules.cache
7f97a88c0000-7f97a88c2000 rw-p 00000000 00:00 0
7f97a88c2000-7f97a88c3000 r--p 00000000 00:00 1165085            /usr/lib/locale/C.UTF-8/LC_MEASUREMENT
7f97a88c3000-7f97a88c4000 r--p 00000000 00:00 1165084            /usr/lib/locale/C.UTF-8/LC_IDENTIFICATION
7f97a88c4000-7f97a88cc000 rw-s 00000000 00:00 1870191            /tmp/hsperfdata_rohankasi/30760
7f97a8a00000-7f97a8a01000 r-xp 00000000 00:00 213513             /usr/lib/jvm/java-8-openjdk-amd64/jre/bin/java
7f97a8c00000-7f97a8c01000 r--p 00000000 00:00 213513             /usr/lib/jvm/java-8-openjdk-amd64/jre/bin/java
7f97a8c01000-7f97a8c02000 rw-p 00001000 00:00 213513             /usr/lib/jvm/java-8-openjdk-amd64/jre/bin/java
7ffff2c0e000-7ffff2c2f000 rw-p 00000000 00:00 0                  [heap]
7ffff9f38000-7ffffa738000 rw-p 00000000 00:00 0                  [stack]
7ffffabc0000-7ffffabc1000 r-xp 00000000 00:00 0                  [vdso]

VM Arguments:
jvm_args: -Duan=uan://localhost:3030/id93 
java_command: examples.chat.SpeakerKtKt uan://localhost:3030/id1 uan://localhost:3030/id93
java_class_path (initial): .:./libs/kotlin-runtime-1.2.20-dev-331.jar:./libs/salsa1.1.5.jar
Launcher Type: SUN_STANDARD

Environment Variables:
PATH=/home/rohankasi/.local/bin:/home/rohankasi/.sdkman/candidates/kotlin/current/bin:/opt/maven/bin:/usr/local/sbin:/usr/local/bin:/usr/sbin:/usr/bin:/sbin:/bin:/usr/games:/usr/local/games:/mnt/c/Program Files/WindowsApps/CanonicalGroupLimited.UbuntuonWindows_1804.2019.521.0_x64__79rhkp1fndgsc:/mnt/c/ProgramData/DockerDesktop/version-bin:/mnt/c/Program Files/Docker/Docker/resources/bin:/mnt/c/Python34:/mnt/c/Python34/Scripts:/mnt/c/Program Files/Haskell Platform/8.0.1/lib/extralibs/bin:/mnt/c/Program Files/Haskell Platform/8.0.1/bin:/mnt/c/Program Files (x86)/Intel/iCLS Client:/mnt/c/Program Files/Intel/iCLS Client:/mnt/c/Windows/System32:/mnt/c/Windows:/mnt/c/Windows/System32/wbem:/mnt/c/Windows/System32/WindowsPowerShell/v1.0:/mnt/c/Program Files (x86)/Intel/Intel(R) Management Engine Components/DAL:/mnt/c/Program Files/Intel/Intel(R) Management Engine Components/DAL:/mnt/c/Program Files (x86)/Intel/Intel(R) Management Engine Components/IPT:/mnt/c/Program Files/Intel/Intel(R) Management Engine Components/IPT:/mnt/c/Program Files/Haskell Platform/8.0.1/mingw/bin:/mnt/c/Program Files (x86)/GtkSharp/2.12/bin:/mnt/c/Program Files/Git/cmd:/mnt/c/Program Files/PuTTY:/mnt/c/Program Files/doxygen/bin:/mnt/c/Program Files/cURL/bin:/mnt/c/Program Files/nodejs:/mnt/c/Windows/System32/OpenSSH:/mnt/c/Program Files/Microsoft Windows Performance Toolkit:/mnt/c/TDM-GCC-64/bin:/mnt/c/Program Files/Intel/WiFi/bin:/mnt/c/Program Files/Common Files/Intel/WirelessCommon:/mnt/c/Users/ksank/AppData/Roaming/local/bin:/mnt/c/Users/ksank/AppData/Local/Microsoft/WindowsApps:/mnt/c/Users/ksank/Downloads/svm_light:/mnt/c/Program Files (x86)/Java/jdk1.8.0_144/bin:/mnt/c/Users/ksank/AppData/Local/.meteor:/mnt/c/Users/ksank/AppData/Roaming/npm:/mnt/c/MinGW/bin:/mnt/c/Users/ksank/AppData/Local/atom/bin:/snap/bin
SHELL=/bin/bash
HOSTTYPE=x86_64

Signal Handlers:
SIGSEGV: [libjvm.so+0xab2ea0], sa_mask[0]=11111111111111111111111111111110, sa_flags=SA_RESTART|SA_SIGINFO
SIGBUS: [libjvm.so+0xab2ea0], sa_mask[0]=11111111111111111111111111111110, sa_flags=SA_RESTART|SA_SIGINFO
SIGFPE: [libjvm.so+0x8e87b0], sa_mask[0]=11111111111111111111111111111110, sa_flags=SA_RESTART|SA_SIGINFO
SIGPIPE: [libjvm.so+0x8e87b0], sa_mask[0]=11111111111111111111111111111110, sa_flags=SA_RESTART|SA_SIGINFO
SIGXFSZ: [libjvm.so+0x8e87b0], sa_mask[0]=11111111111111111111111111111110, sa_flags=SA_RESTART|SA_SIGINFO
SIGILL: [libjvm.so+0x8e87b0], sa_mask[0]=11111111111111111111111111111110, sa_flags=SA_RESTART|SA_SIGINFO
SIGUSR1: SIG_DFL, sa_mask[0]=00000000000000000000000000000000, sa_flags=none
SIGUSR2: [libjvm.so+0x8e8660], sa_mask[0]=00000000000000000000000000000000, sa_flags=SA_RESTART|SA_SIGINFO
SIGHUP: [libjvm.so+0x8e8cd0], sa_mask[0]=11111111111111111111111111111110, sa_flags=SA_RESTART|SA_SIGINFO
SIGINT: SIG_IGN, sa_mask[0]=00000000000000000000000000000000, sa_flags=none
SIGTERM: [libjvm.so+0x8e8cd0], sa_mask[0]=11111111111111111111111111111110, sa_flags=SA_RESTART|SA_SIGINFO
SIGQUIT: [libjvm.so+0x8e8cd0], sa_mask[0]=11111111111111111111111111111110, sa_flags=SA_RESTART|SA_SIGINFO


---------------  S Y S T E M  ---------------

OS:DISTRIB_ID=Ubuntu
DISTRIB_RELEASE=18.04
DISTRIB_CODENAME=bionic
DISTRIB_DESCRIPTION="Ubuntu 18.04.1 LTS"

uname:Linux 4.4.0-17134-Microsoft #706-Microsoft Mon Apr 01 18:13:00 PST 2019 x86_64
libc:glibc 2.27 NPTL 2.27 
rlimit: STACK 8192k, CORE 0k, NPROC 7823, NOFILE 65536, AS infinity
load average:0.52 0.58 0.59

/proc/meminfo:
MemTotal:        8233460 kB
MemFree:          290220 kB
Buffers:           34032 kB
Cached:           188576 kB
SwapCached:            0 kB
Active:           167556 kB
Inactive:         157876 kB
Active(anon):     103104 kB
Inactive(anon):    17440 kB
Active(file):      64452 kB
Inactive(file):   140436 kB
Unevictable:           0 kB
Mlocked:               0 kB
SwapTotal:      15465852 kB
SwapFree:       11989668 kB
Dirty:                 0 kB
Writeback:             0 kB
AnonPages:        102824 kB
Mapped:            71404 kB
Shmem:             17720 kB
Slab:              13868 kB
SReclaimable:       6744 kB
SUnreclaim:         7124 kB
KernelStack:        2848 kB
PageTables:         2524 kB
NFS_Unstable:          0 kB
Bounce:                0 kB
WritebackTmp:          0 kB
CommitLimit:      515524 kB
Committed_AS:    3450064 kB
VmallocTotal:     122880 kB
VmallocUsed:       21296 kB
VmallocChunk:      66044 kB
HardwareCorrupted:     0 kB
AnonHugePages:      2048 kB
HugePages_Total:       0
HugePages_Free:        0
HugePages_Rsvd:        0
HugePages_Surp:        0
Hugepagesize:       2048 kB
DirectMap4k:       12280 kB
DirectMap4M:      897024 kB


CPU:total 4 (initial active 4) (2 cores per cpu, 2 threads per core) family 6 model 78 stepping 3, cmov, cx8, fxsr, mmx, sse, sse2, sse3, ssse3, sse4.1, sse4.2, popcnt, avx, avx2, aes, clmul, erms, 3dnowpref, lzcnt, ht, tsc, tscinvbit, bmi1, bmi2, adx

/proc/cpuinfo:
processor	: 0
vendor_id	: GenuineIntel
cpu family	: 6
model		: 78
model name	: Intel(R) Core(TM) i5-6200U CPU @ 2.30GHz
stepping	: 3
microcode	: 0xffffffff
cpu MHz		: 2400.000
cache size	: 256 KB
physical id	: 0
siblings	: 4
core id		: 0
cpu cores	: 2
apicid		: 0
initial apicid	: 0
fpu		: yes
fpu_exception	: yes
cpuid level	: 6
wp		: yes
flags		: fpu vme de pse tsc msr pae mce cx8 apic sep mtrr pge mca cmov pat pse36 clflush dts acpi mmx fxsr sse sse2 ss ht tm pbe syscall nx pdpe1gb rdtscp lm pni pclmulqdq est tm2 ssse3 fma cx16 xtpr pdcm pcid sse4_1 sse4_2 movbe popcnt aes xsave osxsave avx f16c rdrand hypervisor
bogomips	: 4800.00
clflush size	: 64
cache_alignment	: 64
address sizes	: 36 bits physical, 48 bits virtual
power management:

processor	: 1
vendor_id	: GenuineIntel
cpu family	: 6
model		: 78
model name	: Intel(R) Core(TM) i5-6200U CPU @ 2.30GHz
stepping	: 3
microcode	: 0xffffffff
cpu MHz		: 2400.000
cache size	: 256 KB
physical id	: 0
siblings	: 4
core id		: 0
cpu cores	: 2
apicid		: 0
initial apicid	: 0
fpu		: yes
fpu_exception	: yes
cpuid level	: 6
wp		: yes
flags		: fpu vme de pse tsc msr pae mce cx8 apic sep mtrr pge mca cmov pat pse36 clflush dts acpi mmx fxsr sse sse2 ss ht tm pbe syscall nx pdpe1gb rdtscp lm pni pclmulqdq est tm2 ssse3 fma cx16 xtpr pdcm pcid sse4_1 sse4_2 movbe popcnt aes xsave osxsave avx f16c rdrand hypervisor
bogomips	: 4800.00
clflush size	: 64
cache_alignment	: 64
address sizes	: 36 bits physical, 48 bits virtual
power management:

processor	: 2
vendor_id	: GenuineIntel
cpu family	: 6
model		: 78
model name	: Intel(R) Core(TM) i5-6200U CPU @ 2.30GHz
stepping	: 3
microcode	: 0xffffffff
cpu MHz		: 2400.000
cache size	: 256 KB
physical id	: 0
siblings	: 4
core id		: 1
cpu cores	: 2
apicid		: 0
initial apicid	: 0
fpu		: yes
fpu_exception	: yes
cpuid level	: 6
wp		: yes
flags		: fpu vme de pse tsc msr pae mce cx8 apic sep mtrr pge mca cmov pat pse36 clflush dts acpi mmx fxsr sse sse2 ss ht tm pbe syscall nx pdpe1gb rdtscp lm pni pclmulqdq est tm2 ssse3 fma cx16 xtpr pdcm pcid sse4_1 sse4_2 movbe popcnt aes xsave osxsave avx f16c rdrand hypervisor
bogomips	: 4800.00
clflush size	: 64
cache_alignment	: 64
address sizes	: 36 bits physical, 48 bits virtual
power management:

processor	: 3
vendor_id	: GenuineIntel
cpu family	: 6
model		: 78
model name	: Intel(R) Core(TM) i5-6200U CPU @ 2.30GHz
stepping	: 3
microcode	: 0xffffffff
cpu MHz		: 2400.000
cache size	: 256 KB
physical id	: 0
siblings	: 4
core id		: 1
cpu cores	: 2
apicid		: 0
initial apicid	: 0
fpu		: yes
fpu_exception	: yes
cpuid level	: 6
wp		: yes
flags		: fpu vme de pse tsc msr pae mce cx8 apic sep mtrr pge mca cmov pat pse36 clflush dts acpi mmx fxsr sse sse2 ss ht tm pbe syscall nx pdpe1gb rdtscp lm pni pclmulqdq est tm2 ssse3 fma cx16 xtpr pdcm pcid sse4_1 sse4_2 movbe popcnt aes xsave osxsave avx f16c rdrand hypervisor
bogomips	: 4800.00
clflush size	: 64
cache_alignment	: 64
address sizes	: 36 bits physical, 48 bits virtual
power management:



Memory: 4k page, physical 8233460k(290284k free), swap 15465852k(11989668k free)

vm_info: OpenJDK 64-Bit Server VM (25.191-b12) for linux-amd64 JRE (1.8.0_191-8u191-b12-2ubuntu0.18.04.1-b12), built on Jan 14 2019 21:02:00 by "buildd" with gcc 7.3.0

time: Wed Nov 13 14:15:41 2019
elapsed time: 1007 seconds (0d 0h 16m 47s)

