#
# A fatal error has been detected by the Java Runtime Environment:
#
#  SIGSEGV (0xb) at pc=0x00007fd41c97ef95, pid=29853, tid=0x00007fd3f3360700
#
# JRE version: OpenJDK Runtime Environment (8.0_191-b12) (build 1.8.0_191-8u191-b12-2ubuntu0.18.04.1-b12)
# Java VM: OpenJDK 64-Bit Server VM (25.191-b12 mixed mode linux-amd64 compressed oops)
# Problematic frame:
# C  [libc.so.6+0x18ef95]
#
# Failed to write core dump. Core dumps have been disabled. To enable core dumping, try "ulimit -c unlimited" before starting Java again
#
# If you would like to submit a bug report, please visit:
#   http://bugreport.java.com/bugreport/crash.jsp
#

---------------  T H R E A D  ---------------

Current thread (0x00007fd4140be800):  JavaThread "C2 CompilerThread1" daemon [_thread_in_native, id=30318, stack(0x00007fd3f3261000,0x00007fd3f3361000)]

siginfo: si_signo: 11 (SIGSEGV), si_code: 2 (SEGV_ACCERR), si_addr: 0x00007fd3d25db008

Registers:
RAX=0x00007fd3d25dafa8, RBX=0x00007fd3d0e26090, RCX=0x0000000000000100, RDX=0x0000000000000080
RSP=0x00007fd3f335c4a8, RBP=0x00007fd3f335c4e0, RSI=0x0000000000000000, RDI=0x00007fd3d25dafa8
R8 =0x0000000000000000, R9 =0x00007fd3d25daf28, R10=0x0000000000000000, R11=0x000000000ffffcff
R12=0x00007fd3d25dae30, R13=0x0000000000000001, R14=0x0000000000000080, R15=0x0000000000000010
RIP=0x00007fd41c97ef95, EFLAGS=0x0000000000010246, CSGSFS=0x00000053002b0033, ERR=0x0000000000000000
  TRAPNO=0x0000000000000000

Top of Stack: (sp=0x00007fd3f335c4a8)
0x00007fd3f335c4a8:   00007fd41bad632c 00007fd3f335c530
0x00007fd3f335c4b8:   0000000000000001 00007fd3f335cb40
0x00007fd3f335c4c8:   0000000000004404 00007fd3d0e26080
0x00007fd3f335c4d8:   00007fd3d25dae30 00007fd3f335c530
0x00007fd3f335c4e8:   00007fd41bb88db1 00007fd3d0dae7d8
0x00007fd3f335c4f8:   00007fd3d0dae7d8 00007fd3d0e26ca0
0x00007fd3f335c508:   0000000000000001 00007fd3d0e26080
0x00007fd3f335c518:   00007fd3d25dae30 00007fd3f335cb40
0x00007fd3f335c528:   00007fd3d04d8db0 00007fd3f335c590
0x00007fd3f335c538:   00007fd41bb89626 00007fd3d0dae7d8
0x00007fd3f335c548:   000044030000000e 0000440500000001
0x00007fd3f335c558:   0000000000000001 00007fd3f335c5b0
0x00007fd3f335c568:   00007fd3f335c750 00007fd3d25dad78
0x00007fd3f335c578:   00007fd3f335cb40 0000000000000001
0x00007fd3f335c588:   00007fd3d04d8db0 00007fd3f335c7b0
0x00007fd3f335c598:   00007fd41bb8cb0b 0000000000000001
0x00007fd3f335c5a8:   0000000000000001 00007fd3f335c750
0x00007fd3f335c5b8:   0000000000000001 00007fd3f335c6c0
0x00007fd3f335c5c8:   0000000000000010 00000000000003d8
0x00007fd3f335c5d8:   00017fd3d26cd1a0 00007fd3d206d311
0x00007fd3f335c5e8:   00007fd3f335c70c 00007fd3f335c730
0x00007fd3f335c5f8:   00007fd3d021dc60 00007fd3d021e038
0x00007fd3f335c608:   00007fd3f335c710 0000001200000249
0x00007fd3f335c618:   00007fd3d021dc50 00007fd3d0dae7d8
0x00007fd3f335c628:   00007fd41c1664e0 00007fd3d1686cf0
0x00007fd3f335c638:   00007fd3d206d278 00007fd3d2646800
0x00007fd3f335c648:   0000000000000001 00007fd3d25dd430
0x00007fd3f335c658:   00007fd41b5e0000 0000000000000001
0x00007fd3f335c668:   00007fd3f335c750 00007fd3d20ba6d0
0x00007fd3f335c678:   00007fd3d1686d30 00007fd3d0e26080
0x00007fd3f335c688:   00007fd3d20ba630 000000000016d930
0x00007fd3f335c698:   00007fd3d1b72e70 0000000000000000 

Instructions: (pc=0x00007fd41c97ef95)
0x00007fd41c97ef75:   07 c5 f8 77 c3 48 81 fa 00 08 00 00 77 9d 48 81
0x00007fd41c97ef85:   fa 80 00 00 00 77 19 c5 fe 7f 07 c5 fe 7f 47 20
0x00007fd41c97ef95:   c5 fe 7f 44 17 e0 c5 fe 7f 44 17 c0 c5 f8 77 c3
0x00007fd41c97efa5:   48 8d 8f 80 00 00 00 c5 fe 7f 07 48 83 e1 80 c5 

Register to memory mapping:

RAX=0x00007fd3d25dafa8 is an unknown value
RBX=0x00007fd3d0e26090 is an unknown value
RCX=0x0000000000000100 is an unknown value
RDX=0x0000000000000080 is an unknown value
RSP=0x00007fd3f335c4a8 is pointing into the stack for thread: 0x00007fd4140be800
RBP=0x00007fd3f335c4e0 is pointing into the stack for thread: 0x00007fd4140be800
RSI=0x0000000000000000 is an unknown value
RDI=0x00007fd3d25dafa8 is an unknown value
R8 =0x0000000000000000 is an unknown value
R9 =0x00007fd3d25daf28 is an unknown value
R10=0x0000000000000000 is an unknown value
R11=0x000000000ffffcff is an unknown value
R12=0x00007fd3d25dae30 is an unknown value
R13=0x0000000000000001 is an unknown value
R14=0x0000000000000080 is an unknown value
R15=0x0000000000000010 is an unknown value


Stack: [0x00007fd3f3261000,0x00007fd3f3361000],  sp=0x00007fd3f335c4a8,  free space=1005k
Native frames: (J=compiled Java code, j=interpreted, Vv=VM code, C=native code)
C  [libc.so.6+0x18ef95]
V  [libjvm.so+0x978db1]
V  [libjvm.so+0x979626]
V  [libjvm.so+0x97cb0b]
V  [libjvm.so+0x3deff7]
V  [libjvm.so+0x478448]
V  [libjvm.so+0x47948b]
V  [libjvm.so+0x3c08da]
V  [libjvm.so+0x48487b]
V  [libjvm.so+0x486b58]
V  [libjvm.so+0xa4fd93]
V  [libjvm.so+0xa501c2]
V  [libjvm.so+0x8ea992]
C  [libpthread.so.0+0x76db]  start_thread+0xdb


Current CompileTask:
C2:1012362 1081   !   4       gc.WeakReference::send (199 bytes)


---------------  P R O C E S S  ---------------

Java Threads: ( => current thread )
  0x00007fd398002000 JavaThread "Thread-10" [_thread_blocked, id=1238, stack(0x00007fd3f2180000,0x00007fd3f2281000)]
  0x00007fd3c0007000 JavaThread "Handler Loop 4" [_thread_in_native, id=1167, stack(0x00007fd3f1e50000,0x00007fd3f1f51000)]
  0x00007fd3c0005000 JavaThread "gc.serverGC.GCAgent$State" [_thread_blocked, id=32497, stack(0x00007fd3f1f60000,0x00007fd3f2061000)]
  0x00007fd3c0003000 JavaThread "wwc.messaging.WWCSystem$State" [_thread_blocked, id=32496, stack(0x00007fd3f2070000,0x00007fd3f2171000)]
  0x00007fd41400b000 JavaThread "DestroyJavaVM" [_thread_blocked, id=29925, stack(0x00007fd41d0d1000,0x00007fd41d1d1000)]
  0x00007fd3bc007800 JavaThread "wwc.resources.StandardInput$State" [_thread_blocked, id=31722, stack(0x00007fd3f2290000,0x00007fd3f2391000)]
  0x00007fd3bc005800 JavaThread "wwc.resources.StandardError$State" [_thread_blocked, id=31704, stack(0x00007fd3f23a0000,0x00007fd3f24a1000)]
  0x00007fd3bc001800 JavaThread "wwc.resources.StandardOutput$State" [_thread_blocked, id=31682, stack(0x00007fd3f24b0000,0x00007fd3f25b1000)]
  0x00007fd414184800 JavaThread "examples.chat.Speaker$State" [_thread_blocked, id=31666, stack(0x00007fd3f25c0000,0x00007fd3f26c1000)]
  0x00007fd414183000 JavaThread "RunTime Exit Thead" daemon [_thread_blocked, id=31656, stack(0x00007fd3f26d0000,0x00007fd3f27d1000)]
  0x00007fd41416f800 JavaThread "Clear Socket Thread" [_thread_blocked, id=30637, stack(0x00007fd3f27e0000,0x00007fd3f28e1000)]
  0x00007fd41416e000 JavaThread "Listen Loop Thread" [_thread_in_native, id=30573, stack(0x00007fd3f28f0000,0x00007fd3f29f1000)]
  0x00007fd4140c3000 JavaThread "Service Thread" daemon [_thread_blocked, id=30382, stack(0x00007fd3f3040000,0x00007fd3f3141000)]
  0x00007fd4140c0000 JavaThread "C1 CompilerThread2" daemon [_thread_blocked, id=30344, stack(0x00007fd3f3151000,0x00007fd3f3251000)]
=>0x00007fd4140be800 JavaThread "C2 CompilerThread1" daemon [_thread_in_native, id=30318, stack(0x00007fd3f3261000,0x00007fd3f3361000)]
  0x00007fd4140bb800 JavaThread "C2 CompilerThread0" daemon [_thread_blocked, id=30294, stack(0x00007fd3f3371000,0x00007fd3f3471000)]
  0x00007fd4140ba000 JavaThread "Signal Dispatcher" daemon [_thread_blocked, id=30262, stack(0x00007fd3f3480000,0x00007fd3f3581000)]
  0x00007fd414085000 JavaThread "Finalizer" daemon [_thread_blocked, id=30149, stack(0x00007fd3f3890000,0x00007fd3f3991000)]
  0x00007fd414082800 JavaThread "Reference Handler" daemon [_thread_blocked, id=30117, stack(0x00007fd3f39a0000,0x00007fd3f3aa1000)]

Other Threads:
  0x00007fd414079000 VMThread [stack: 0x00007fd3f3ab1000,0x00007fd3f3bb1000] [id=30060]
  0x00007fd4140c5800 WatcherThread [stack: 0x00007fd3f2f31000,0x00007fd3f3031000] [id=30413]

VM state:not at safepoint (normal execution)

VM Mutex/Monitor currently owned by a thread: None

Heap:
 PSYoungGen      total 37888K, used 0K [0x00000000d6180000, 0x00000000d8b80000, 0x0000000100000000)
  eden space 32768K, 0% used [0x00000000d6180000,0x00000000d6180000,0x00000000d8180000)
  from space 5120K, 0% used [0x00000000d8680000,0x00000000d8680000,0x00000000d8b80000)
  to   space 5120K, 0% used [0x00000000d8180000,0x00000000d8180000,0x00000000d8680000)
 ParOldGen       total 86016K, used 2684K [0x0000000082400000, 0x0000000087800000, 0x00000000d6180000)
  object space 86016K, 3% used [0x0000000082400000,0x000000008269f318,0x0000000087800000)
 Metaspace       used 5828K, capacity 6008K, committed 6144K, reserved 1056768K
  class space    used 594K, capacity 694K, committed 768K, reserved 1048576K

Card table byte_map: [0x00007fd419040000,0x00007fd41942f000] byte_map_base: 0x00007fd418c2e000

Marking Bits: (ParMarkBitMap*) 0x00007fd41c179340
 Begin Bits: [0x00007fd401120000, 0x00007fd403090000)
 End Bits:   [0x00007fd403090000, 0x00007fd405000000)

Polling page: 0x00007fd41d0c0000

CodeCache: size=245760Kb used=4293Kb max_used=4572Kb free=241466Kb
 bounds [0x00007fd405000000, 0x00007fd405480000, 0x00007fd414000000]
 total_blobs=1169 nmethods=882 adapters=202
 compilation: enabled

Compilation events (10 events):
Event: 891.024 Thread 0x00007fd4140be800 nmethod 1074 0x00007fd40510c650 code [0x00007fd40510c7a0, 0x00007fd40510c818]
Event: 891.024 Thread 0x00007fd4140be800 1075       4       sun.reflect.misc.ReflectUtil::isNonPublicProxyClass (51 bytes)
Event: 891.037 Thread 0x00007fd4140be800 nmethod 1075 0x00007fd40519ec90 code [0x00007fd40519ee20, 0x00007fd40519f3c8]
Event: 892.000 Thread 0x00007fd4140bb800 1076   !   4       java.io.ObjectStreamClass::readNonProxy (407 bytes)
Event: 892.823 Thread 0x00007fd4140bb800 nmethod 1076 0x00007fd4051b8ad0 code [0x00007fd4051b9120, 0x00007fd4051bba88]
Event: 952.008 Thread 0x00007fd4140bb800 1079       4       java.io.ObjectInputStream$GetFieldImpl::get (67 bytes)
Event: 952.023 Thread 0x00007fd4140bb800 nmethod 1079 0x00007fd4051d7290 code [0x00007fd4051d7480, 0x00007fd4051d7d68]
Event: 952.837 Thread 0x00007fd4140c0000 1080       3       gc.serverGC.SLocalPRID::snapshotUALReg (77 bytes)
Event: 953.028 Thread 0x00007fd4140c0000 nmethod 1080 0x00007fd4051fbb90 code [0x00007fd4051fbda0, 0x00007fd4051fca68]
Event: 978.238 Thread 0x00007fd4140be800 1081   !   4       gc.WeakReference::send (199 bytes)

GC Heap History (10 events):
Event: 975.909 GC heap before
{Heap before GC invocations=430 (full 215):
 PSYoungGen      total 37888K, used 32K [0x00000000d6180000, 0x00000000d8b80000, 0x0000000100000000)
  eden space 32768K, 0% used [0x00000000d6180000,0x00000000d6180000,0x00000000d8180000)
  from space 5120K, 0% used [0x00000000d8180000,0x00000000d8188000,0x00000000d8680000)
  to   space 5120K, 0% used [0x00000000d8680000,0x00000000d8680000,0x00000000d8b80000)
 ParOldGen       total 86016K, used 2654K [0x0000000082400000, 0x0000000087800000, 0x00000000d6180000)
  object space 86016K, 3% used [0x0000000082400000,0x0000000082697a60,0x0000000087800000)
 Metaspace       used 5828K, capacity 6008K, committed 6144K, reserved 1056768K
  class space    used 594K, capacity 694K, committed 768K, reserved 1048576K
Event: 976.236 GC heap after
Heap after GC invocations=430 (full 215):
 PSYoungGen      total 37888K, used 0K [0x00000000d6180000, 0x00000000d8b80000, 0x0000000100000000)
  eden space 32768K, 0% used [0x00000000d6180000,0x00000000d6180000,0x00000000d8180000)
  from space 5120K, 0% used [0x00000000d8180000,0x00000000d8180000,0x00000000d8680000)
  to   space 5120K, 0% used [0x00000000d8680000,0x00000000d8680000,0x00000000d8b80000)
 ParOldGen       total 86016K, used 2663K [0x0000000082400000, 0x0000000087800000, 0x00000000d6180000)
  object space 86016K, 3% used [0x0000000082400000,0x0000000082699cb0,0x0000000087800000)
 Metaspace       used 5828K, capacity 6008K, committed 6144K, reserved 1056768K
  class space    used 594K, capacity 694K, committed 768K, reserved 1048576K
}
Event: 980.666 GC heap before
{Heap before GC invocations=431 (full 215):
 PSYoungGen      total 37888K, used 3276K [0x00000000d6180000, 0x00000000d8b80000, 0x0000000100000000)
  eden space 32768K, 10% used [0x00000000d6180000,0x00000000d64b33b8,0x00000000d8180000)
  from space 5120K, 0% used [0x00000000d8180000,0x00000000d8180000,0x00000000d8680000)
  to   space 5120K, 0% used [0x00000000d8680000,0x00000000d8680000,0x00000000d8b80000)
 ParOldGen       total 86016K, used 2663K [0x0000000082400000, 0x0000000087800000, 0x00000000d6180000)
  object space 86016K, 3% used [0x0000000082400000,0x0000000082699cb0,0x0000000087800000)
 Metaspace       used 5828K, capacity 6008K, committed 6144K, reserved 1056768K
  class space    used 594K, capacity 694K, committed 768K, reserved 1048576K
Event: 981.826 GC heap after
Heap after GC invocations=431 (full 215):
 PSYoungGen      total 37888K, used 32K [0x00000000d6180000, 0x00000000d8b80000, 0x0000000100000000)
  eden space 32768K, 0% used [0x00000000d6180000,0x00000000d6180000,0x00000000d8180000)
  from space 5120K, 0% used [0x00000000d8680000,0x00000000d8688000,0x00000000d8b80000)
  to   space 5120K, 0% used [0x00000000d8180000,0x00000000d8180000,0x00000000d8680000)
 ParOldGen       total 86016K, used 2663K [0x0000000082400000, 0x0000000087800000, 0x00000000d6180000)
  object space 86016K, 3% used [0x0000000082400000,0x0000000082699cb0,0x0000000087800000)
 Metaspace       used 5828K, capacity 6008K, committed 6144K, reserved 1056768K
  class space    used 594K, capacity 694K, committed 768K, reserved 1048576K
}
Event: 981.826 GC heap before
{Heap before GC invocations=432 (full 216):
 PSYoungGen      total 37888K, used 32K [0x00000000d6180000, 0x00000000d8b80000, 0x0000000100000000)
  eden space 32768K, 0% used [0x00000000d6180000,0x00000000d6180000,0x00000000d8180000)
  from space 5120K, 0% used [0x00000000d8680000,0x00000000d8688000,0x00000000d8b80000)
  to   space 5120K, 0% used [0x00000000d8180000,0x00000000d8180000,0x00000000d8680000)
 ParOldGen       total 86016K, used 2663K [0x0000000082400000, 0x0000000087800000, 0x00000000d6180000)
  object space 86016K, 3% used [0x0000000082400000,0x0000000082699cb0,0x0000000087800000)
 Metaspace       used 5828K, capacity 6008K, committed 6144K, reserved 1056768K
  class space    used 594K, capacity 694K, committed 768K, reserved 1048576K
Event: 984.217 GC heap after
Heap after GC invocations=432 (full 216):
 PSYoungGen      total 37888K, used 0K [0x00000000d6180000, 0x00000000d8b80000, 0x0000000100000000)
  eden space 32768K, 0% used [0x00000000d6180000,0x00000000d6180000,0x00000000d8180000)
  from space 5120K, 0% used [0x00000000d8680000,0x00000000d8680000,0x00000000d8b80000)
  to   space 5120K, 0% used [0x00000000d8180000,0x00000000d8180000,0x00000000d8680000)
 ParOldGen       total 86016K, used 2684K [0x0000000082400000, 0x0000000087800000, 0x00000000d6180000)
  object space 86016K, 3% used [0x0000000082400000,0x000000008269f318,0x0000000087800000)
 Metaspace       used 5828K, capacity 6008K, committed 6144K, reserved 1056768K
  class space    used 594K, capacity 694K, committed 768K, reserved 1048576K
}
Event: 998.087 GC heap before
{Heap before GC invocations=433 (full 216):
 PSYoungGen      total 37888K, used 1310K [0x00000000d6180000, 0x00000000d8b80000, 0x0000000100000000)
  eden space 32768K, 3% used [0x00000000d6180000,0x00000000d62c7ae0,0x00000000d8180000)
  from space 5120K, 0% used [0x00000000d8680000,0x00000000d8680000,0x00000000d8b80000)
  to   space 5120K, 0% used [0x00000000d8180000,0x00000000d8180000,0x00000000d8680000)
 ParOldGen       total 86016K, used 2684K [0x0000000082400000, 0x0000000087800000, 0x00000000d6180000)
  object space 86016K, 3% used [0x0000000082400000,0x000000008269f318,0x0000000087800000)
 Metaspace       used 5828K, capacity 6008K, committed 6144K, reserved 1056768K
  class space    used 594K, capacity 694K, committed 768K, reserved 1048576K
Event: 1001.174 GC heap after
Heap after GC invocations=433 (full 216):
 PSYoungGen      total 37888K, used 0K [0x00000000d6180000, 0x00000000d8b80000, 0x0000000100000000)
  eden space 32768K, 0% used [0x00000000d6180000,0x00000000d6180000,0x00000000d8180000)
  from space 5120K, 0% used [0x00000000d8180000,0x00000000d8180000,0x00000000d8680000)
  to   space 5120K, 0% used [0x00000000d8680000,0x00000000d8680000,0x00000000d8b80000)
 ParOldGen       total 86016K, used 2684K [0x0000000082400000, 0x0000000087800000, 0x00000000d6180000)
  object space 86016K, 3% used [0x0000000082400000,0x000000008269f318,0x0000000087800000)
 Metaspace       used 5828K, capacity 6008K, committed 6144K, reserved 1056768K
  class space    used 594K, capacity 694K, committed 768K, reserved 1048576K
}
Event: 1001.174 GC heap before
{Heap before GC invocations=434 (full 217):
 PSYoungGen      total 37888K, used 0K [0x00000000d6180000, 0x00000000d8b80000, 0x0000000100000000)
  eden space 32768K, 0% used [0x00000000d6180000,0x00000000d6180000,0x00000000d8180000)
  from space 5120K, 0% used [0x00000000d8180000,0x00000000d8180000,0x00000000d8680000)
  to   space 5120K, 0% used [0x00000000d8680000,0x00000000d8680000,0x00000000d8b80000)
 ParOldGen       total 86016K, used 2684K [0x0000000082400000, 0x0000000087800000, 0x00000000d6180000)
  object space 86016K, 3% used [0x0000000082400000,0x000000008269f318,0x0000000087800000)
 Metaspace       used 5828K, capacity 6008K, committed 6144K, reserved 1056768K
  class space    used 594K, capacity 694K, committed 768K, reserved 1048576K
Event: 1006.659 GC heap after
Heap after GC invocations=434 (full 217):
 PSYoungGen      total 37888K, used 0K [0x00000000d6180000, 0x00000000d8b80000, 0x0000000100000000)
  eden space 32768K, 0% used [0x00000000d6180000,0x00000000d6180000,0x00000000d8180000)
  from space 5120K, 0% used [0x00000000d8180000,0x00000000d8180000,0x00000000d8680000)
  to   space 5120K, 0% used [0x00000000d8680000,0x00000000d8680000,0x00000000d8b80000)
 ParOldGen       total 86016K, used 2684K [0x0000000082400000, 0x0000000087800000, 0x00000000d6180000)
  object space 86016K, 3% used [0x0000000082400000,0x000000008269f318,0x0000000087800000)
 Metaspace       used 5828K, capacity 6008K, committed 6144K, reserved 1056768K
  class space    used 594K, capacity 694K, committed 768K, reserved 1048576K
}

Deoptimization events (10 events):
Event: 93.455 Thread 0x00007fd3bc00a000 Uncommon trap: reason=null_check action=make_not_entrant pc=0x00007fd4052c769c method=java.io.ObjectStreamClass.getField(Ljava/lang/String;Ljava/lang/Class;)Ljava/io/ObjectStreamField; @ 67
Event: 191.028 Thread 0x00007fd3c0009000 Uncommon trap: reason=unstable_if action=reinterpret pc=0x00007fd4053db620 method=java.io.ObjectInputStream$BlockDataInputStream.readUTFBody(J)Ljava/lang/String; @ 53
Event: 191.675 Thread 0x00007fd3c0009000 Uncommon trap: reason=null_check action=make_not_entrant pc=0x00007fd4053e7328 method=java.io.ObjectStreamClass.getReflector([Ljava/io/ObjectStreamField;Ljava/io/ObjectStreamClass;)Ljava/io/ObjectStreamClass$FieldReflector; @ 49
Event: 193.934 Thread 0x00007fd3c0007000 Uncommon trap: reason=unstable_if action=reinterpret pc=0x00007fd4051d90f8 method=java.net.SocketInputStream.read([BIII)I @ 124
Event: 193.934 Thread 0x00007fd3c0007000 Uncommon trap: reason=unstable_if action=reinterpret pc=0x00007fd40528c3bc method=java.net.SocketInputStream.read()I @ 28
Event: 211.525 Thread 0x00007fd3c0007000 Uncommon trap: reason=unstable_if action=reinterpret pc=0x00007fd40535a6e8 method=java.io.ObjectInputStream.isCustomSubclass()Z @ 12
Event: 253.968 Thread 0x00007fd3c0007000 Uncommon trap: reason=unstable_if action=reinterpret pc=0x00007fd4051e52ac method=java.net.SocketInputStream.read()I @ 28
Event: 429.206 Thread 0x00007fd3c0007000 Uncommon trap: reason=unstable_if action=reinterpret pc=0x00007fd40521e72c method=java.net.SocketInputStream.read()I @ 28
Event: 517.943 Thread 0x00007fd3c0009000 Uncommon trap: reason=unstable_if action=reinterpret pc=0x00007fd4051d90f8 method=java.net.SocketInputStream.read([BIII)I @ 124
Event: 517.945 Thread 0x00007fd3c0009000 Uncommon trap: reason=unstable_if action=reinterpret pc=0x00007fd40528c3bc method=java.net.SocketInputStream.read()I @ 28

Classes redefined (0 events):
No events

Internal exceptions (10 events):
Event: 73.754 Thread 0x00007fd3bc001800 Exception <a 'java/lang/IllegalArgumentException': argument type mismatch> (0x00000000d6469cd8) thrown at [/build/openjdk-8-5w_p1G/openjdk-8-8u191-b12/src/hotspot/src/share/vm/runtime/reflection.cpp, line 201]
Event: 73.756 Thread 0x00007fd3bc001800 Exception <a 'java/lang/IllegalArgumentException': argument type mismatch> (0x00000000d646cde0) thrown at [/build/openjdk-8-5w_p1G/openjdk-8-8u191-b12/src/hotspot/src/share/vm/runtime/reflection.cpp, line 201]
Event: 73.756 Thread 0x00007fd3bc001800 Exception <a 'java/lang/IllegalArgumentException': argument type mismatch> (0x00000000d646d058) thrown at [/build/openjdk-8-5w_p1G/openjdk-8-8u191-b12/src/hotspot/src/share/vm/runtime/reflection.cpp, line 201]
Event: 73.756 Thread 0x00007fd3bc001800 Exception <a 'java/lang/IllegalArgumentException': argument type mismatch> (0x00000000d646d2d0) thrown at [/build/openjdk-8-5w_p1G/openjdk-8-8u191-b12/src/hotspot/src/share/vm/runtime/reflection.cpp, line 201]
Event: 73.756 Thread 0x00007fd3bc001800 Exception <a 'java/lang/IllegalArgumentException': argument type mismatch> (0x00000000d646d548) thrown at [/build/openjdk-8-5w_p1G/openjdk-8-8u191-b12/src/hotspot/src/share/vm/runtime/reflection.cpp, line 201]
Event: 73.758 Thread 0x00007fd3bc001800 Exception <a 'java/lang/IllegalArgumentException': argument type mismatch> (0x00000000d6472eb0) thrown at [/build/openjdk-8-5w_p1G/openjdk-8-8u191-b12/src/hotspot/src/share/vm/runtime/reflection.cpp, line 201]
Event: 73.759 Thread 0x00007fd3bc001800 Exception <a 'java/lang/IllegalArgumentException': argument type mismatch> (0x00000000d6475a78) thrown at [/build/openjdk-8-5w_p1G/openjdk-8-8u191-b12/src/hotspot/src/share/vm/runtime/reflection.cpp, line 201]
Event: 73.760 Thread 0x00007fd3bc001800 Exception <a 'java/lang/IllegalArgumentException': argument type mismatch> (0x00000000d6478708) thrown at [/build/openjdk-8-5w_p1G/openjdk-8-8u191-b12/src/hotspot/src/share/vm/runtime/reflection.cpp, line 201]
Event: 73.761 Thread 0x00007fd3bc001800 Exception <a 'java/lang/IllegalArgumentException': argument type mismatch> (0x00000000d647b458) thrown at [/build/openjdk-8-5w_p1G/openjdk-8-8u191-b12/src/hotspot/src/share/vm/runtime/reflection.cpp, line 201]
Event: 191.675 Thread 0x00007fd3c0009000 Exception <a 'java/lang/NoSuchMethodError': <clinit>> (0x00000000d6189db0) thrown at [/build/openjdk-8-5w_p1G/openjdk-8-8u191-b12/src/hotspot/src/share/vm/prims/jni.cpp, line 1613]

Events (10 events):
Event: 969.653 Executing VM operation: ParallelGCSystemGC
Event: 970.406 Executing VM operation: ParallelGCSystemGC done
Event: 972.886 Executing VM operation: ParallelGCSystemGC
Event: 973.393 Executing VM operation: ParallelGCSystemGC done
Event: 975.856 Executing VM operation: ParallelGCSystemGC
Event: 976.236 Executing VM operation: ParallelGCSystemGC done
Event: 980.666 Executing VM operation: ParallelGCSystemGC
Event: 984.218 Executing VM operation: ParallelGCSystemGC done
Event: 998.087 Executing VM operation: ParallelGCSystemGC
Event: 1006.659 Executing VM operation: ParallelGCSystemGC done


Dynamic libraries:
82400000-87800000 rw-p 00000000 00:00 0
87800000-d6180000 ---p 00000000 00:00 0
d6180000-d8b80000 rw-p 00000000 00:00 0
d8b80000-100000000 ---p 00000000 00:00 0
100000000-1000c0000 rw-p 00000000 00:00 0
1000c0000-140000000 ---p 00000000 00:00 0
7fd390000000-7fd390021000 rw-p 00000000 00:00 0
7fd390021000-7fd394000000 ---p 00000000 00:00 0
7fd398000000-7fd398021000 rw-p 00000000 00:00 0
7fd398021000-7fd39c000000 ---p 00000000 00:00 0
7fd39c000000-7fd39c021000 rw-p 00000000 00:00 0
7fd39c021000-7fd3a0000000 ---p 00000000 00:00 0
7fd3a0000000-7fd3a0021000 rw-p 00000000 00:00 0
7fd3a0021000-7fd3a4000000 ---p 00000000 00:00 0
7fd3a4000000-7fd3a4021000 rw-p 00000000 00:00 0
7fd3a4021000-7fd3a8000000 ---p 00000000 00:00 0
7fd3a8000000-7fd3a8021000 rw-p 00000000 00:00 0
7fd3a8021000-7fd3ac000000 ---p 00000000 00:00 0
7fd3ac000000-7fd3ac021000 rw-p 00000000 00:00 0
7fd3ac021000-7fd3b0000000 ---p 00000000 00:00 0
7fd3b0000000-7fd3b0021000 rw-p 00000000 00:00 0
7fd3b0021000-7fd3b4000000 ---p 00000000 00:00 0
7fd3b4000000-7fd3b4021000 rw-p 00000000 00:00 0
7fd3b4021000-7fd3b8000000 ---p 00000000 00:00 0
7fd3b8000000-7fd3b8021000 rw-p 00000000 00:00 0
7fd3b8021000-7fd3bc000000 ---p 00000000 00:00 0
7fd3bc000000-7fd3bc02e000 rw-p 00000000 00:00 0
7fd3bc02e000-7fd3c0000000 ---p 00000000 00:00 0
7fd3c0000000-7fd3c0021000 rw-p 00000000 00:00 0
7fd3c0021000-7fd3c4000000 ---p 00000000 00:00 0
7fd3c4000000-7fd3c4021000 rw-p 00000000 00:00 0
7fd3c4021000-7fd3c8000000 ---p 00000000 00:00 0
7fd3c8000000-7fd3c8021000 rw-p 00000000 00:00 0
7fd3c8021000-7fd3cc000000 ---p 00000000 00:00 0
7fd3cc000000-7fd3cc021000 rw-p 00000000 00:00 0
7fd3cc021000-7fd3d0000000 ---p 00000000 00:00 0
7fd3d0000000-7fd3d2798000 rw-p 00000000 00:00 0
7fd3d2798000-7fd3d4000000 ---p 00000000 00:00 0
7fd3d4000000-7fd3d4384000 rw-p 00000000 00:00 0
7fd3d4384000-7fd3d8000000 ---p 00000000 00:00 0
7fd3d8000000-7fd3d8021000 rw-p 00000000 00:00 0
7fd3d8021000-7fd3dc000000 ---p 00000000 00:00 0
7fd3dc000000-7fd3dca56000 rw-p 00000000 00:00 0
7fd3dca56000-7fd3e0000000 ---p 00000000 00:00 0
7fd3e0000000-7fd3e0021000 rw-p 00000000 00:00 0
7fd3e0021000-7fd3e4000000 ---p 00000000 00:00 0
7fd3e4000000-7fd3e4021000 rw-p 00000000 00:00 0
7fd3e4021000-7fd3e8000000 ---p 00000000 00:00 0
7fd3e8000000-7fd3e8023000 rw-p 00000000 00:00 0
7fd3e8023000-7fd3ec000000 ---p 00000000 00:00 0
7fd3ec000000-7fd3ec021000 rw-p 00000000 00:00 0
7fd3ec021000-7fd3f0000000 ---p 00000000 00:00 0
7fd3f1980000-7fd3f1c28000 rw-p 00000000 00:00 0
7fd3f1c30000-7fd3f1c33000 ---p 00000000 00:00 0
7fd3f1c33000-7fd3f1d31000 rw-p 00000000 00:00 0
7fd3f1d40000-7fd3f1d43000 ---p 00000000 00:00 0
7fd3f1d43000-7fd3f1e41000 rw-p 00000000 00:00 0
7fd3f1e50000-7fd3f1e53000 ---p 00000000 00:00 0
7fd3f1e53000-7fd3f1f51000 rw-p 00000000 00:00 0
7fd3f1f60000-7fd3f1f63000 ---p 00000000 00:00 0
7fd3f1f63000-7fd3f2061000 rw-p 00000000 00:00 0
7fd3f2070000-7fd3f2073000 ---p 00000000 00:00 0
7fd3f2073000-7fd3f2171000 rw-p 00000000 00:00 0
7fd3f2180000-7fd3f2183000 ---p 00000000 00:00 0
7fd3f2183000-7fd3f2281000 rw-p 00000000 00:00 0
7fd3f2290000-7fd3f2293000 ---p 00000000 00:00 0
7fd3f2293000-7fd3f2391000 rw-p 00000000 00:00 0
7fd3f23a0000-7fd3f23a3000 ---p 00000000 00:00 0
7fd3f23a3000-7fd3f24a1000 rw-p 00000000 00:00 0
7fd3f24b0000-7fd3f24b3000 ---p 00000000 00:00 0
7fd3f24b3000-7fd3f25b1000 rw-p 00000000 00:00 0
7fd3f25c0000-7fd3f25c3000 ---p 00000000 00:00 0
7fd3f25c3000-7fd3f26c1000 rw-p 00000000 00:00 0
7fd3f26d0000-7fd3f26d3000 ---p 00000000 00:00 0
7fd3f26d3000-7fd3f27d1000 rw-p 00000000 00:00 0
7fd3f27e0000-7fd3f27e3000 ---p 00000000 00:00 0
7fd3f27e3000-7fd3f28e1000 rw-p 00000000 00:00 0
7fd3f28f0000-7fd3f28f3000 ---p 00000000 00:00 0
7fd3f28f3000-7fd3f29f1000 rw-p 00000000 00:00 0
7fd3f2a00000-7fd3f2d01000 rw-p 00000000 00:00 0
7fd3f2d10000-7fd3f2d27000 r-xp 00000000 00:00 213561             /usr/lib/jvm/java-8-openjdk-amd64/jre/lib/amd64/libnet.so
7fd3f2d27000-7fd3f2d28000 ---p 00017000 00:00 213561             /usr/lib/jvm/java-8-openjdk-amd64/jre/lib/amd64/libnet.so
7fd3f2d28000-7fd3f2f26000 ---p 00000018 00:00 213561             /usr/lib/jvm/java-8-openjdk-amd64/jre/lib/amd64/libnet.so
7fd3f2f26000-7fd3f2f27000 r--p 00016000 00:00 213561             /usr/lib/jvm/java-8-openjdk-amd64/jre/lib/amd64/libnet.so
7fd3f2f27000-7fd3f2f28000 rw-p 00017000 00:00 213561             /usr/lib/jvm/java-8-openjdk-amd64/jre/lib/amd64/libnet.so
7fd3f2f30000-7fd3f2f31000 ---p 00000000 00:00 0
7fd3f2f31000-7fd3f3031000 rw-p 00000000 00:00 0
7fd3f3040000-7fd3f3043000 ---p 00000000 00:00 0
7fd3f3043000-7fd3f3141000 rw-p 00000000 00:00 0
7fd3f3150000-7fd3f3154000 ---p 00000000 00:00 0
7fd3f3154000-7fd3f3251000 rw-p 00000000 00:00 0
7fd3f3260000-7fd3f3264000 ---p 00000000 00:00 0
7fd3f3264000-7fd3f3361000 rw-p 00000000 00:00 0
7fd3f3370000-7fd3f3374000 ---p 00000000 00:00 0
7fd3f3374000-7fd3f3471000 rw-p 00000000 00:00 0
7fd3f3480000-7fd3f3483000 ---p 00000000 00:00 0
7fd3f3483000-7fd3f3581000 rw-p 00000000 00:00 0
7fd3f3582000-7fd3f36f5000 r--p 00000000 00:00 1165082            /usr/lib/locale/C.UTF-8/LC_COLLATE
7fd3f36f5000-7fd3f3890000 r--p 00000000 00:00 1165094            /usr/lib/locale/locale-archive
7fd3f3890000-7fd3f3893000 ---p 00000000 00:00 0
7fd3f3893000-7fd3f3991000 rw-p 00000000 00:00 0
7fd3f39a0000-7fd3f39a3000 ---p 00000000 00:00 0
7fd3f39a3000-7fd3f3aa1000 rw-p 00000000 00:00 0
7fd3f3ab0000-7fd3f3ab1000 ---p 00000000 00:00 0
7fd3f3ab1000-7fd3f3bb1000 rw-p 00000000 00:00 0
7fd3f3bc0000-7fd3f3cc1000 rw-p 00000000 00:00 0
7fd3f3cd0000-7fd3f3dd1000 rw-p 00000000 00:00 0
7fd3f3de0000-7fd3f3ee1000 rw-p 00000000 00:00 0
7fd3f3ef0000-7fd3f3ff1000 rw-p 00000000 00:00 0
7fd3f4000000-7fd3f4021000 rw-p 00000000 00:00 0
7fd3f4021000-7fd3f8000000 ---p 00000000 00:00 0
7fd3f8000000-7fd3f8021000 rw-p 00000000 00:00 0
7fd3f8021000-7fd3fc000000 ---p 00000000 00:00 0
7fd3fc000000-7fd3fc021000 rw-p 00000000 00:00 0
7fd3fc021000-7fd400000000 ---p 00000000 00:00 0
7fd40008f000-7fd4000c0000 r--p 00000000 00:00 1165083            /usr/lib/locale/C.UTF-8/LC_CTYPE
7fd4000c0000-7fd4001c1000 rw-p 00000000 00:00 0
7fd4001d0000-7fd4001f1000 rw-p 00000000 00:00 0
7fd400200000-7fd400301000 rw-p 00000000 00:00 0
7fd400310000-7fd400331000 rw-p 00000000 00:00 0
7fd400340000-7fd400441000 rw-p 00000000 00:00 0
7fd400450000-7fd400471000 rw-p 00000000 00:00 0
7fd400480000-7fd400581000 rw-p 00000000 00:00 0
7fd400590000-7fd4005b1000 rw-p 00000000 00:00 0
7fd4005c0000-7fd4006c1000 rw-p 00000000 00:00 0
7fd4006d0000-7fd4006f1000 rw-p 00000000 00:00 0
7fd400700000-7fd400801000 rw-p 00000000 00:00 0
7fd400810000-7fd400911000 rw-p 00000000 00:00 0
7fd400920000-7fd400e60000 rw-p 00000000 00:00 0
7fd400e60000-7fd401120000 ---p 00000000 00:00 0
7fd401120000-7fd405000000 rw-p 00000000 00:00 0
7fd405000000-7fd405480000 rwxp 00000000 00:00 0
7fd405480000-7fd414000000 ---p 00000000 00:00 0
7fd414000000-7fd4141c3000 rw-p 00000000 00:00 0
7fd4141c3000-7fd418000000 ---p 00000000 00:00 0
7fd418005000-7fd418020000 r--s 001d6000 00:00 43386              /usr/lib/jvm/java-8-openjdk-amd64/jre/lib/ext/nashorn.jar
7fd418020000-7fd418121000 rw-p 00000000 00:00 0
7fd418130000-7fd418231000 rw-p 00000000 00:00 0
7fd418240000-7fd418341000 rw-p 00000000 00:00 0
7fd418350000-7fd418451000 rw-p 00000000 00:00 0
7fd418460000-7fd4184ae000 rw-p 00000000 00:00 0
7fd4184b1000-7fd418680000 r--s 03c33000 00:00 213628             /usr/lib/jvm/java-8-openjdk-amd64/jre/lib/rt.jar
7fd418680000-7fd418a6e000 rw-p 00000000 00:00 0
7fd418a70000-7fd418a71000 ---p 00000000 00:00 0
7fd418a71000-7fd418b71000 rw-p 00000000 00:00 0
7fd418b80000-7fd418b81000 ---p 00000000 00:00 0
7fd418b81000-7fd418c81000 rw-p 00000000 00:00 0
7fd418c90000-7fd418c91000 ---p 00000000 00:00 0
7fd418c91000-7fd418d91000 rw-p 00000000 00:00 0
7fd418da0000-7fd418dca000 rw-p 00000000 00:00 0
7fd418dca000-7fd41903f000 ---p 00000000 00:00 0
7fd419040000-7fd41906a000 rw-p 00000000 00:00 0
7fd41906a000-7fd4192de000 ---p 00000000 00:00 0
7fd4192de000-7fd4192f4000 rw-p 00000000 00:00 0
7fd4192f4000-7fd41942e000 ---p 00000000 00:00 0
7fd41942e000-7fd41942f000 rw-p 00000000 00:00 0
7fd419430000-7fd419442000 rw-p 00000000 00:00 0
7fd419442000-7fd4197f0000 ---p 00000000 00:00 0
7fd4197f0000-7fd4197f8000 r-xp 00000000 00:00 213569             /usr/lib/jvm/java-8-openjdk-amd64/jre/lib/amd64/libzip.so
7fd4197f8000-7fd4197f9000 ---p 00008000 00:00 213569             /usr/lib/jvm/java-8-openjdk-amd64/jre/lib/amd64/libzip.so
7fd4197f9000-7fd4199f7000 ---p 00000009 00:00 213569             /usr/lib/jvm/java-8-openjdk-amd64/jre/lib/amd64/libzip.so
7fd4199f7000-7fd4199f8000 r--p 00007000 00:00 213569             /usr/lib/jvm/java-8-openjdk-amd64/jre/lib/amd64/libzip.so
7fd4199f8000-7fd4199f9000 rw-p 00008000 00:00 213569             /usr/lib/jvm/java-8-openjdk-amd64/jre/lib/amd64/libzip.so
7fd419a00000-7fd419a0b000 r-xp 00000000 00:00 1163848            /lib/x86_64-linux-gnu/libnss_files-2.27.so
7fd419a0b000-7fd419a0c000 ---p 0000b000 00:00 1163848            /lib/x86_64-linux-gnu/libnss_files-2.27.so
7fd419a0c000-7fd419c0a000 ---p 0000000c 00:00 1163848            /lib/x86_64-linux-gnu/libnss_files-2.27.so
7fd419c0a000-7fd419c0b000 r--p 0000a000 00:00 1163848            /lib/x86_64-linux-gnu/libnss_files-2.27.so
7fd419c0b000-7fd419c0c000 rw-p 0000b000 00:00 1163848            /lib/x86_64-linux-gnu/libnss_files-2.27.so
7fd419c0c000-7fd419c12000 rw-p 00000000 00:00 0
7fd419c20000-7fd419c37000 r-xp 00000000 00:00 1163842            /lib/x86_64-linux-gnu/libnsl-2.27.so
7fd419c37000-7fd419c38000 ---p 00017000 00:00 1163842            /lib/x86_64-linux-gnu/libnsl-2.27.so
7fd419c38000-7fd419e36000 ---p 00000018 00:00 1163842            /lib/x86_64-linux-gnu/libnsl-2.27.so
7fd419e36000-7fd419e37000 r--p 00016000 00:00 1163842            /lib/x86_64-linux-gnu/libnsl-2.27.so
7fd419e37000-7fd419e38000 rw-p 00017000 00:00 1163842            /lib/x86_64-linux-gnu/libnsl-2.27.so
7fd419e38000-7fd419e3a000 rw-p 00000000 00:00 0
7fd419e40000-7fd419e4b000 r-xp 00000000 00:00 1163852            /lib/x86_64-linux-gnu/libnss_nis-2.27.so
7fd419e4b000-7fd419e4c000 ---p 0000b000 00:00 1163852            /lib/x86_64-linux-gnu/libnss_nis-2.27.so
7fd419e4c000-7fd41a04a000 ---p 0000000c 00:00 1163852            /lib/x86_64-linux-gnu/libnss_nis-2.27.so
7fd41a04a000-7fd41a04b000 r--p 0000a000 00:00 1163852            /lib/x86_64-linux-gnu/libnss_nis-2.27.so
7fd41a04b000-7fd41a04c000 rw-p 0000b000 00:00 1163852            /lib/x86_64-linux-gnu/libnss_nis-2.27.so
7fd41a050000-7fd41a058000 r-xp 00000000 00:00 1163844            /lib/x86_64-linux-gnu/libnss_compat-2.27.so
7fd41a058000-7fd41a05a000 ---p 00008000 00:00 1163844            /lib/x86_64-linux-gnu/libnss_compat-2.27.so
7fd41a05a000-7fd41a258000 ---p 0000000a 00:00 1163844            /lib/x86_64-linux-gnu/libnss_compat-2.27.so
7fd41a258000-7fd41a259000 r--p 00008000 00:00 1163844            /lib/x86_64-linux-gnu/libnss_compat-2.27.so
7fd41a259000-7fd41a25a000 rw-p 00009000 00:00 1163844            /lib/x86_64-linux-gnu/libnss_compat-2.27.so
7fd41a260000-7fd41a28e000 r-xp 00000000 00:00 213546             /usr/lib/jvm/java-8-openjdk-amd64/jre/lib/amd64/libjava.so
7fd41a28e000-7fd41a290000 ---p 0002e000 00:00 213546             /usr/lib/jvm/java-8-openjdk-amd64/jre/lib/amd64/libjava.so
7fd41a290000-7fd41a48d000 ---p 00000030 00:00 213546             /usr/lib/jvm/java-8-openjdk-amd64/jre/lib/amd64/libjava.so
7fd41a48d000-7fd41a48e000 r--p 0002d000 00:00 213546             /usr/lib/jvm/java-8-openjdk-amd64/jre/lib/amd64/libjava.so
7fd41a48e000-7fd41a490000 rw-p 0002e000 00:00 213546             /usr/lib/jvm/java-8-openjdk-amd64/jre/lib/amd64/libjava.so
7fd41a490000-7fd41a4a0000 r-xp 00000000 00:00 213568             /usr/lib/jvm/java-8-openjdk-amd64/jre/lib/amd64/libverify.so
7fd41a4a0000-7fd41a4a2000 ---p 00010000 00:00 213568             /usr/lib/jvm/java-8-openjdk-amd64/jre/lib/amd64/libverify.so
7fd41a4a2000-7fd41a69f000 ---p 00000012 00:00 213568             /usr/lib/jvm/java-8-openjdk-amd64/jre/lib/amd64/libverify.so
7fd41a69f000-7fd41a6a1000 r--p 0000f000 00:00 213568             /usr/lib/jvm/java-8-openjdk-amd64/jre/lib/amd64/libverify.so
7fd41a6a1000-7fd41a6a2000 rw-p 00011000 00:00 213568             /usr/lib/jvm/java-8-openjdk-amd64/jre/lib/amd64/libverify.so
7fd41a6b0000-7fd41a6b7000 r-xp 00000000 00:00 1163891            /lib/x86_64-linux-gnu/librt-2.27.so
7fd41a6b7000-7fd41a6b8000 ---p 00007000 00:00 1163891            /lib/x86_64-linux-gnu/librt-2.27.so
7fd41a6b8000-7fd41a8b6000 ---p 00000008 00:00 1163891            /lib/x86_64-linux-gnu/librt-2.27.so
7fd41a8b6000-7fd41a8b7000 r--p 00006000 00:00 1163891            /lib/x86_64-linux-gnu/librt-2.27.so
7fd41a8b7000-7fd41a8b8000 rw-p 00007000 00:00 1163891            /lib/x86_64-linux-gnu/librt-2.27.so
7fd41a8c0000-7fd41a8d7000 r-xp 00000000 00:00 1195636            /lib/x86_64-linux-gnu/libgcc_s.so.1
7fd41a8d7000-7fd41a8d8000 ---p 00017000 00:00 1195636            /lib/x86_64-linux-gnu/libgcc_s.so.1
7fd41a8d8000-7fd41aad6000 ---p 00000018 00:00 1195636            /lib/x86_64-linux-gnu/libgcc_s.so.1
7fd41aad6000-7fd41aad7000 r--p 00016000 00:00 1195636            /lib/x86_64-linux-gnu/libgcc_s.so.1
7fd41aad7000-7fd41aad8000 rw-p 00017000 00:00 1195636            /lib/x86_64-linux-gnu/libgcc_s.so.1
7fd41aae0000-7fd41ac7d000 r-xp 00000000 00:00 1163825            /lib/x86_64-linux-gnu/libm-2.27.so
7fd41ac7d000-7fd41ac80000 ---p 0019d000 00:00 1163825            /lib/x86_64-linux-gnu/libm-2.27.so
7fd41ac80000-7fd41ae7c000 ---p 000001a0 00:00 1163825            /lib/x86_64-linux-gnu/libm-2.27.so
7fd41ae7c000-7fd41ae7d000 r--p 0019c000 00:00 1163825            /lib/x86_64-linux-gnu/libm-2.27.so
7fd41ae7d000-7fd41ae7e000 rw-p 0019d000 00:00 1163825            /lib/x86_64-linux-gnu/libm-2.27.so
7fd41ae80000-7fd41aff9000 r-xp 00000000 00:00 1252565            /usr/lib/x86_64-linux-gnu/libstdc++.so.6.0.25
7fd41aff9000-7fd41b006000 ---p 00179000 00:00 1252565            /usr/lib/x86_64-linux-gnu/libstdc++.so.6.0.25
7fd41b006000-7fd41b1f9000 ---p 00000186 00:00 1252565            /usr/lib/x86_64-linux-gnu/libstdc++.so.6.0.25
7fd41b1f9000-7fd41b203000 r--p 00179000 00:00 1252565            /usr/lib/x86_64-linux-gnu/libstdc++.so.6.0.25
7fd41b203000-7fd41b205000 rw-p 00183000 00:00 1252565            /usr/lib/x86_64-linux-gnu/libstdc++.so.6.0.25
7fd41b205000-7fd41b209000 rw-p 00000000 00:00 0
7fd41b210000-7fd41beaa000 r-xp 00000000 00:00 213574             /usr/lib/jvm/java-8-openjdk-amd64/jre/lib/amd64/server/libjvm.so
7fd41beaa000-7fd41bf74000 ---p 00c9a000 00:00 213574             /usr/lib/jvm/java-8-openjdk-amd64/jre/lib/amd64/server/libjvm.so
7fd41bf74000-7fd41c0a9000 ---p 00000d64 00:00 213574             /usr/lib/jvm/java-8-openjdk-amd64/jre/lib/amd64/server/libjvm.so
7fd41c0a9000-7fd41c13d000 r--p 00c99000 00:00 213574             /usr/lib/jvm/java-8-openjdk-amd64/jre/lib/amd64/server/libjvm.so
7fd41c13d000-7fd41c166000 rw-p 00d2d000 00:00 213574             /usr/lib/jvm/java-8-openjdk-amd64/jre/lib/amd64/server/libjvm.so
7fd41c166000-7fd41c196000 rw-p 00000000 00:00 0
7fd41c1a0000-7fd41c1ba000 r-xp 00000000 00:00 1163883            /lib/x86_64-linux-gnu/libpthread-2.27.so
7fd41c1ba000-7fd41c1c4000 ---p 0001a000 00:00 1163883            /lib/x86_64-linux-gnu/libpthread-2.27.so
7fd41c1c4000-7fd41c3b9000 ---p 00000024 00:00 1163883            /lib/x86_64-linux-gnu/libpthread-2.27.so
7fd41c3b9000-7fd41c3ba000 r--p 00019000 00:00 1163883            /lib/x86_64-linux-gnu/libpthread-2.27.so
7fd41c3ba000-7fd41c3bb000 rw-p 0001a000 00:00 1163883            /lib/x86_64-linux-gnu/libpthread-2.27.so
7fd41c3bb000-7fd41c3bf000 rw-p 00000000 00:00 0
7fd41c3c0000-7fd41c3c3000 r-xp 00000000 00:00 1163697            /lib/x86_64-linux-gnu/libdl-2.27.so
7fd41c3c3000-7fd41c3c4000 ---p 00003000 00:00 1163697            /lib/x86_64-linux-gnu/libdl-2.27.so
7fd41c3c4000-7fd41c5c2000 ---p 00000004 00:00 1163697            /lib/x86_64-linux-gnu/libdl-2.27.so
7fd41c5c2000-7fd41c5c3000 r--p 00002000 00:00 1163697            /lib/x86_64-linux-gnu/libdl-2.27.so
7fd41c5c3000-7fd41c5c4000 rw-p 00003000 00:00 1163697            /lib/x86_64-linux-gnu/libdl-2.27.so
7fd41c5d0000-7fd41c5ec000 r-xp 00000000 00:00 1163923            /lib/x86_64-linux-gnu/libz.so.1.2.11
7fd41c5ec000-7fd41c5ed000 ---p 0001c000 00:00 1163923            /lib/x86_64-linux-gnu/libz.so.1.2.11
7fd41c5ed000-7fd41c7eb000 ---p 0000001d 00:00 1163923            /lib/x86_64-linux-gnu/libz.so.1.2.11
7fd41c7eb000-7fd41c7ec000 r--p 0001b000 00:00 1163923            /lib/x86_64-linux-gnu/libz.so.1.2.11
7fd41c7ec000-7fd41c7ed000 rw-p 0001c000 00:00 1163923            /lib/x86_64-linux-gnu/libz.so.1.2.11
7fd41c7f0000-7fd41c9d7000 r-xp 00000000 00:00 1163633            /lib/x86_64-linux-gnu/libc-2.27.so
7fd41c9d7000-7fd41c9e0000 ---p 001e7000 00:00 1163633            /lib/x86_64-linux-gnu/libc-2.27.so
7fd41c9e0000-7fd41cbd7000 ---p 000001f0 00:00 1163633            /lib/x86_64-linux-gnu/libc-2.27.so
7fd41cbd7000-7fd41cbdb000 r--p 001e7000 00:00 1163633            /lib/x86_64-linux-gnu/libc-2.27.so
7fd41cbdb000-7fd41cbdd000 rw-p 001eb000 00:00 1163633            /lib/x86_64-linux-gnu/libc-2.27.so
7fd41cbdd000-7fd41cbe1000 rw-p 00000000 00:00 0
7fd41cbf0000-7fd41cbfe000 r-xp 00000000 00:00 213532             /usr/lib/jvm/java-8-openjdk-amd64/jre/lib/amd64/jli/libjli.so
7fd41cbfe000-7fd41cbff000 ---p 0000e000 00:00 213532             /usr/lib/jvm/java-8-openjdk-amd64/jre/lib/amd64/jli/libjli.so
7fd41cbff000-7fd41cdfd000 ---p 0000000f 00:00 213532             /usr/lib/jvm/java-8-openjdk-amd64/jre/lib/amd64/jli/libjli.so
7fd41cdfd000-7fd41cdfe000 r--p 0000d000 00:00 213532             /usr/lib/jvm/java-8-openjdk-amd64/jre/lib/amd64/jli/libjli.so
7fd41cdfe000-7fd41cdff000 rw-p 0000e000 00:00 213532             /usr/lib/jvm/java-8-openjdk-amd64/jre/lib/amd64/jli/libjli.so
7fd41ce00000-7fd41ce26000 r-xp 00000000 00:00 1163578            /lib/x86_64-linux-gnu/ld-2.27.so
7fd41ce26000-7fd41ce27000 r-xp 00026000 00:00 1163578            /lib/x86_64-linux-gnu/ld-2.27.so
7fd41ce40000-7fd41ceb6000 rw-p 00000000 00:00 0
7fd41cec0000-7fd41cf1b000 rw-p 00000000 00:00 0
7fd41cf20000-7fd41cf21000 ---p 00000000 00:00 0
7fd41cf21000-7fd41d021000 rw-p 00000000 00:00 0
7fd41d027000-7fd41d028000 r--p 00027000 00:00 1163578            /lib/x86_64-linux-gnu/ld-2.27.so
7fd41d028000-7fd41d029000 rw-p 00028000 00:00 1163578            /lib/x86_64-linux-gnu/ld-2.27.so
7fd41d029000-7fd41d02a000 rw-p 00000000 00:00 0
7fd41d035000-7fd41d050000 r--s 00394000 00:00 213588             /usr/lib/jvm/java-8-openjdk-amd64/jre/lib/ext/cldrdata.jar
7fd41d050000-7fd41d078000 rw-p 00000000 00:00 0
7fd41d07b000-7fd41d080000 r--s 000a0000 00:00 213618             /usr/lib/jvm/java-8-openjdk-amd64/jre/lib/jsse.jar
7fd41d080000-7fd41d0a8000 rw-p 00000000 00:00 0
7fd41d0aa000-7fd41d0b0000 r--s 0004e000 00:00 614318             /mnt/c/Users/ksank/akka-resources/src/libs/salsa1.1.5.jar
7fd41d0b0000-7fd41d0b1000 rw-p 00000000 00:00 0
7fd41d0b4000-7fd41d0ba000 r--s 0002b000 00:00 155396             /mnt/c/Users/ksank/akka-resources/src/libs/kotlin-runtime-1.2.20-dev-331.jar
7fd41d0ba000-7fd41d0c0000 r--s 0003b000 00:00 213596             /usr/lib/jvm/java-8-openjdk-amd64/jre/lib/ext/sunjce_provider.jar
7fd41d0c0000-7fd41d0c1000 r--p 00000000 00:00 0
7fd41d0c3000-7fd41d0c6000 r--s 00038000 00:00 213598             /usr/lib/jvm/java-8-openjdk-amd64/jre/lib/ext/sunpkcs11.jar
7fd41d0c6000-7fd41d0d0000 r--s 00116000 00:00 39595              /usr/lib/jvm/java-8-openjdk-amd64/jre/lib/ext/localedata.jar
7fd41d0d0000-7fd41d0d4000 ---p 00000000 00:00 0
7fd41d0d4000-7fd41d1d1000 rw-p 00000000 00:00 0
7fd41d1d1000-7fd41d1d2000 r--s 00010000 00:00 213599             /usr/lib/jvm/java-8-openjdk-amd64/jre/lib/ext/zipfs.jar
7fd41d1d2000-7fd41d1d4000 r--s 00008000 00:00 213595             /usr/lib/jvm/java-8-openjdk-amd64/jre/lib/ext/sunec.jar
7fd41d1d4000-7fd41d1d6000 r--s 00007000 00:00 215852             /usr/share/java/java-atk-wrapper.jar
7fd41d1d6000-7fd41d1d9000 r--s 0000f000 00:00 213590             /usr/lib/jvm/java-8-openjdk-amd64/jre/lib/ext/icedtea-sound.jar
7fd41d1d9000-7fd41d1e0000 r--s 00000000 00:00 1170996            /usr/lib/x86_64-linux-gnu/gconv/gconv-modules.cache
7fd41d1e0000-7fd41d1e2000 rw-p 00000000 00:00 0
7fd41d1e2000-7fd41d1e3000 r--s 0000a000 00:00 213591             /usr/lib/jvm/java-8-openjdk-amd64/jre/lib/ext/jaccess.jar
7fd41d1e3000-7fd41d1e5000 r--s 00001000 00:00 213589             /usr/lib/jvm/java-8-openjdk-amd64/jre/lib/ext/dnsns.jar
7fd41d1e5000-7fd41d1e6000 r--p 00000000 00:00 1165090            /usr/lib/locale/C.UTF-8/LC_NUMERIC
7fd41d1e6000-7fd41d1e7000 r--p 00000000 00:00 1165093            /usr/lib/locale/C.UTF-8/LC_TIME
7fd41d1e7000-7fd41d1e8000 r--p 00000000 00:00 1165088            /usr/lib/locale/C.UTF-8/LC_MONETARY
7fd41d1e8000-7fd41d1f0000 rw-s 00000000 00:00 1869052            /tmp/hsperfdata_rohankasi/29853
7fd41d1f0000-7fd41d1f2000 rw-p 00000000 00:00 0
7fd41d1f2000-7fd41d1f3000 r--p 00000000 00:00 1165087            /usr/lib/locale/C.UTF-8/LC_MESSAGES/SYS_LC_MESSAGES
7fd41d1f3000-7fd41d1f4000 r--p 00000000 00:00 1165091            /usr/lib/locale/C.UTF-8/LC_PAPER
7fd41d1f4000-7fd41d1f5000 r--p 00000000 00:00 1165089            /usr/lib/locale/C.UTF-8/LC_NAME
7fd41d1f5000-7fd41d1f6000 r--p 00000000 00:00 1165081            /usr/lib/locale/C.UTF-8/LC_ADDRESS
7fd41d1f6000-7fd41d1f7000 r--p 00000000 00:00 1165092            /usr/lib/locale/C.UTF-8/LC_TELEPHONE
7fd41d1f7000-7fd41d1f8000 r--p 00000000 00:00 1165085            /usr/lib/locale/C.UTF-8/LC_MEASUREMENT
7fd41d1f8000-7fd41d1f9000 r--p 00000000 00:00 1165084            /usr/lib/locale/C.UTF-8/LC_IDENTIFICATION
7fd41d200000-7fd41d201000 r-xp 00000000 00:00 213513             /usr/lib/jvm/java-8-openjdk-amd64/jre/bin/java
7fd41d400000-7fd41d401000 r--p 00000000 00:00 213513             /usr/lib/jvm/java-8-openjdk-amd64/jre/bin/java
7fd41d401000-7fd41d402000 rw-p 00001000 00:00 213513             /usr/lib/jvm/java-8-openjdk-amd64/jre/bin/java
7fffd009a000-7fffd00bb000 rw-p 00000000 00:00 0                  [heap]
7fffd72a6000-7fffd7aa6000 rw-p 00000000 00:00 0                  [stack]
7fffd814f000-7fffd8150000 r-xp 00000000 00:00 0                  [vdso]

VM Arguments:
jvm_args: -Duan=uan://localhost:3030/id21 
java_command: examples.chat.SpeakerKtKt uan://localhost:3030/id1 uan://localhost:3030/id21
java_class_path (initial): .:./libs/kotlin-runtime-1.2.20-dev-331.jar:./libs/salsa1.1.5.jar
Launcher Type: SUN_STANDARD

Environment Variables:
PATH=/home/rohankasi/.local/bin:/home/rohankasi/.sdkman/candidates/kotlin/current/bin:/opt/maven/bin:/usr/local/sbin:/usr/local/bin:/usr/sbin:/usr/bin:/sbin:/bin:/usr/games:/usr/local/games:/mnt/c/Program Files/WindowsApps/CanonicalGroupLimited.UbuntuonWindows_1804.2019.521.0_x64__79rhkp1fndgsc:/mnt/c/ProgramData/DockerDesktop/version-bin:/mnt/c/Program Files/Docker/Docker/resources/bin:/mnt/c/Python34:/mnt/c/Python34/Scripts:/mnt/c/Program Files/Haskell Platform/8.0.1/lib/extralibs/bin:/mnt/c/Program Files/Haskell Platform/8.0.1/bin:/mnt/c/Program Files (x86)/Intel/iCLS Client:/mnt/c/Program Files/Intel/iCLS Client:/mnt/c/Windows/System32:/mnt/c/Windows:/mnt/c/Windows/System32/wbem:/mnt/c/Windows/System32/WindowsPowerShell/v1.0:/mnt/c/Program Files (x86)/Intel/Intel(R) Management Engine Components/DAL:/mnt/c/Program Files/Intel/Intel(R) Management Engine Components/DAL:/mnt/c/Program Files (x86)/Intel/Intel(R) Management Engine Components/IPT:/mnt/c/Program Files/Intel/Intel(R) Management Engine Components/IPT:/mnt/c/Program Files/Haskell Platform/8.0.1/mingw/bin:/mnt/c/Program Files (x86)/GtkSharp/2.12/bin:/mnt/c/Program Files/Git/cmd:/mnt/c/Program Files/PuTTY:/mnt/c/Program Files/doxygen/bin:/mnt/c/Program Files/cURL/bin:/mnt/c/Program Files/nodejs:/mnt/c/Windows/System32/OpenSSH:/mnt/c/Program Files/Microsoft Windows Performance Toolkit:/mnt/c/TDM-GCC-64/bin:/mnt/c/Program Files/Intel/WiFi/bin:/mnt/c/Program Files/Common Files/Intel/WirelessCommon:/mnt/c/Users/ksank/AppData/Roaming/local/bin:/mnt/c/Users/ksank/AppData/Local/Microsoft/WindowsApps:/mnt/c/Users/ksank/Downloads/svm_light:/mnt/c/Program Files (x86)/Java/jdk1.8.0_144/bin:/mnt/c/Users/ksank/AppData/Local/.meteor:/mnt/c/Users/ksank/AppData/Roaming/npm:/mnt/c/MinGW/bin:/mnt/c/Users/ksank/AppData/Local/atom/bin:/snap/bin
SHELL=/bin/bash
HOSTTYPE=x86_64

Signal Handlers:
SIGSEGV: [libjvm.so+0xab2ea0], sa_mask[0]=11111111111111111111111111111110, sa_flags=SA_RESTART|SA_SIGINFO
SIGBUS: [libjvm.so+0xab2ea0], sa_mask[0]=11111111111111111111111111111110, sa_flags=SA_RESTART|SA_SIGINFO
SIGFPE: [libjvm.so+0x8e87b0], sa_mask[0]=11111111111111111111111111111110, sa_flags=SA_RESTART|SA_SIGINFO
SIGPIPE: [libjvm.so+0x8e87b0], sa_mask[0]=11111111111111111111111111111110, sa_flags=SA_RESTART|SA_SIGINFO
SIGXFSZ: [libjvm.so+0x8e87b0], sa_mask[0]=11111111111111111111111111111110, sa_flags=SA_RESTART|SA_SIGINFO
SIGILL: [libjvm.so+0x8e87b0], sa_mask[0]=11111111111111111111111111111110, sa_flags=SA_RESTART|SA_SIGINFO
SIGUSR1: SIG_DFL, sa_mask[0]=00000000000000000000000000000000, sa_flags=none
SIGUSR2: [libjvm.so+0x8e8660], sa_mask[0]=00000000000000000000000000000000, sa_flags=SA_RESTART|SA_SIGINFO
SIGHUP: [libjvm.so+0x8e8cd0], sa_mask[0]=11111111111111111111111111111110, sa_flags=SA_RESTART|SA_SIGINFO
SIGINT: SIG_IGN, sa_mask[0]=00000000000000000000000000000000, sa_flags=none
SIGTERM: [libjvm.so+0x8e8cd0], sa_mask[0]=11111111111111111111111111111110, sa_flags=SA_RESTART|SA_SIGINFO
SIGQUIT: [libjvm.so+0x8e8cd0], sa_mask[0]=11111111111111111111111111111110, sa_flags=SA_RESTART|SA_SIGINFO


---------------  S Y S T E M  ---------------

OS:DISTRIB_ID=Ubuntu
DISTRIB_RELEASE=18.04
DISTRIB_CODENAME=bionic
DISTRIB_DESCRIPTION="Ubuntu 18.04.1 LTS"

uname:Linux 4.4.0-17134-Microsoft #706-Microsoft Mon Apr 01 18:13:00 PST 2019 x86_64
libc:glibc 2.27 NPTL 2.27 
rlimit: STACK 8192k, CORE 0k, NPROC 7823, NOFILE 65536, AS infinity
load average:0.52 0.58 0.59

/proc/meminfo:
MemTotal:        8233460 kB
MemFree:          293284 kB
Buffers:           34032 kB
Cached:           188576 kB
SwapCached:            0 kB
Active:           167556 kB
Inactive:         157876 kB
Active(anon):     103104 kB
Inactive(anon):    17440 kB
Active(file):      64452 kB
Inactive(file):   140436 kB
Unevictable:           0 kB
Mlocked:               0 kB
SwapTotal:      15465852 kB
SwapFree:       11989664 kB
Dirty:                 0 kB
Writeback:             0 kB
AnonPages:        102824 kB
Mapped:            71404 kB
Shmem:             17720 kB
Slab:              13868 kB
SReclaimable:       6744 kB
SUnreclaim:         7124 kB
KernelStack:        2848 kB
PageTables:         2524 kB
NFS_Unstable:          0 kB
Bounce:                0 kB
WritebackTmp:          0 kB
CommitLimit:      515524 kB
Committed_AS:    3450064 kB
VmallocTotal:     122880 kB
VmallocUsed:       21296 kB
VmallocChunk:      66044 kB
HardwareCorrupted:     0 kB
AnonHugePages:      2048 kB
HugePages_Total:       0
HugePages_Free:        0
HugePages_Rsvd:        0
HugePages_Surp:        0
Hugepagesize:       2048 kB
DirectMap4k:       12280 kB
DirectMap4M:      897024 kB


CPU:total 4 (initial active 4) (2 cores per cpu, 2 threads per core) family 6 model 78 stepping 3, cmov, cx8, fxsr, mmx, sse, sse2, sse3, ssse3, sse4.1, sse4.2, popcnt, avx, avx2, aes, clmul, erms, 3dnowpref, lzcnt, ht, tsc, tscinvbit, bmi1, bmi2, adx

/proc/cpuinfo:
processor	: 0
vendor_id	: GenuineIntel
cpu family	: 6
model		: 78
model name	: Intel(R) Core(TM) i5-6200U CPU @ 2.30GHz
stepping	: 3
microcode	: 0xffffffff
cpu MHz		: 2400.000
cache size	: 256 KB
physical id	: 0
siblings	: 4
core id		: 0
cpu cores	: 2
apicid		: 0
initial apicid	: 0
fpu		: yes
fpu_exception	: yes
cpuid level	: 6
wp		: yes
flags		: fpu vme de pse tsc msr pae mce cx8 apic sep mtrr pge mca cmov pat pse36 clflush dts acpi mmx fxsr sse sse2 ss ht tm pbe syscall nx pdpe1gb rdtscp lm pni pclmulqdq est tm2 ssse3 fma cx16 xtpr pdcm pcid sse4_1 sse4_2 movbe popcnt aes xsave osxsave avx f16c rdrand hypervisor
bogomips	: 4800.00
clflush size	: 64
cache_alignment	: 64
address sizes	: 36 bits physical, 48 bits virtual
power management:

processor	: 1
vendor_id	: GenuineIntel
cpu family	: 6
model		: 78
model name	: Intel(R) Core(TM) i5-6200U CPU @ 2.30GHz
stepping	: 3
microcode	: 0xffffffff
cpu MHz		: 2400.000
cache size	: 256 KB
physical id	: 0
siblings	: 4
core id		: 0
cpu cores	: 2
apicid		: 0
initial apicid	: 0
fpu		: yes
fpu_exception	: yes
cpuid level	: 6
wp		: yes
flags		: fpu vme de pse tsc msr pae mce cx8 apic sep mtrr pge mca cmov pat pse36 clflush dts acpi mmx fxsr sse sse2 ss ht tm pbe syscall nx pdpe1gb rdtscp lm pni pclmulqdq est tm2 ssse3 fma cx16 xtpr pdcm pcid sse4_1 sse4_2 movbe popcnt aes xsave osxsave avx f16c rdrand hypervisor
bogomips	: 4800.00
clflush size	: 64
cache_alignment	: 64
address sizes	: 36 bits physical, 48 bits virtual
power management:

processor	: 2
vendor_id	: GenuineIntel
cpu family	: 6
model		: 78
model name	: Intel(R) Core(TM) i5-6200U CPU @ 2.30GHz
stepping	: 3
microcode	: 0xffffffff
cpu MHz		: 2400.000
cache size	: 256 KB
physical id	: 0
siblings	: 4
core id		: 1
cpu cores	: 2
apicid		: 0
initial apicid	: 0
fpu		: yes
fpu_exception	: yes
cpuid level	: 6
wp		: yes
flags		: fpu vme de pse tsc msr pae mce cx8 apic sep mtrr pge mca cmov pat pse36 clflush dts acpi mmx fxsr sse sse2 ss ht tm pbe syscall nx pdpe1gb rdtscp lm pni pclmulqdq est tm2 ssse3 fma cx16 xtpr pdcm pcid sse4_1 sse4_2 movbe popcnt aes xsave osxsave avx f16c rdrand hypervisor
bogomips	: 4800.00
clflush size	: 64
cache_alignment	: 64
address sizes	: 36 bits physical, 48 bits virtual
power management:

processor	: 3
vendor_id	: GenuineIntel
cpu family	: 6
model		: 78
model name	: Intel(R) Core(TM) i5-6200U CPU @ 2.30GHz
stepping	: 3
microcode	: 0xffffffff
cpu MHz		: 2400.000
cache size	: 256 KB
physical id	: 0
siblings	: 4
core id		: 1
cpu cores	: 2
apicid		: 0
initial apicid	: 0
fpu		: yes
fpu_exception	: yes
cpuid level	: 6
wp		: yes
flags		: fpu vme de pse tsc msr pae mce cx8 apic sep mtrr pge mca cmov pat pse36 clflush dts acpi mmx fxsr sse sse2 ss ht tm pbe syscall nx pdpe1gb rdtscp lm pni pclmulqdq est tm2 ssse3 fma cx16 xtpr pdcm pcid sse4_1 sse4_2 movbe popcnt aes xsave osxsave avx f16c rdrand hypervisor
bogomips	: 4800.00
clflush size	: 64
cache_alignment	: 64
address sizes	: 36 bits physical, 48 bits virtual
power management:



Memory: 4k page, physical 8233460k(289688k free), swap 15465852k(11989664k free)

vm_info: OpenJDK 64-Bit Server VM (25.191-b12) for linux-amd64 JRE (1.8.0_191-8u191-b12-2ubuntu0.18.04.1-b12), built on Jan 14 2019 21:02:00 by "buildd" with gcc 7.3.0

time: Wed Nov 13 14:15:41 2019
elapsed time: 1014 seconds (0d 0h 16m 54s)

