#
# A fatal error has been detected by the Java Runtime Environment:
#
#  SIGSEGV (0xb) at pc=0x00007f3f878d2f79, pid=10719, tid=0x00007f3f5f250700
#
# JRE version: OpenJDK Runtime Environment (8.0_191-b12) (build 1.8.0_191-8u191-b12-2ubuntu0.18.04.1-b12)
# Java VM: OpenJDK 64-Bit Server VM (25.191-b12 mixed mode linux-amd64 compressed oops)
# Problematic frame:
# V  [libjvm.so+0x8c2f79]
#
# Failed to write core dump. Core dumps have been disabled. To enable core dumping, try "ulimit -c unlimited" before starting Java again
#
# If you would like to submit a bug report, please visit:
#   http://bugreport.java.com/bugreport/crash.jsp
#

---------------  T H R E A D  ---------------

Current thread (0x00007f3f800bb800):  JavaThread "C2 CompilerThread0" daemon [_thread_in_native, id=11441, stack(0x00007f3f5f151000,0x00007f3f5f251000)]

siginfo: si_signo: 11 (SIGSEGV), si_code: 2 (SEGV_ACCERR), si_addr: 0x00007f3f4a703000

Registers:
RAX=0x00007f3f4a702ff0, RBX=0x0000000000000000, RCX=0x00007f3f881ba320, RDX=0x00007f3f4a703010
RSP=0x00007f3f5f24c580, RBP=0x00007f3f5f24c5b0, RSI=0x0000000000000001, RDI=0x0000000000000010
R8 =0x00007f3f87f664e0, R9 =0x00007f3f493aac60, R10=0x00007f3f499de760, R11=0x00007f3f486f1f58
R12=0x00007f3f4a702f98, R13=0x0000000000000000, R14=0x00007f3f5f24eef0, R15=0x00007f3f5f24f088
RIP=0x00007f3f878d2f79, EFLAGS=0x0000000000010297, CSGSFS=0x00000053002b0033, ERR=0x0000000000000000
  TRAPNO=0x0000000000000000

Top of Stack: (sp=0x00007f3f5f24c580)
0x00007f3f5f24c580:   00007f3f5f24c590 00007f3f4995ffe0
0x00007f3f5f24c590:   00007f3f4a702f98 00007f3f5f24cb40
0x00007f3f5f24c5a0:   00007f3f5f24eef0 00007f3f48d26a40
0x00007f3f5f24c5b0:   00007f3f5f24c7b0 00007f3f8798cdd8
0x00007f3f5f24c5c0:   ffffbfff08000000 0000000000000010
0x00007f3f5f24c5d0:   00000000000003d8 00017f3f00000008
0x00007f3f5f24c5e0:   00007f3f4a45e13a 00007f3f5f24c70c
0x00007f3f5f24c5f0:   00007f3f5f24c730 00007f3f3c5fec60
0x00007f3f5f24c600:   00007f3f3c5ff038 00007f3f5f24c710
0x00007f3f5f24c610:   0000019a0000031e 00007f3f3c5fec50
0x00007f3f5f24c620:   00007f3f87f65ea0 00007f3f87f65ea0
0x00007f3f5f24c630:   00007f3f49a25130 00007f3f4a465ad0
0x00007f3f5f24c640:   00007f3f00000028 00000000000000d2
0x00007f3f5f24c650:   00007f3f493aac60 00007f3f5f240001
0x00007f3f5f24c660:   00007f3f000000d2 00007f3f5f24c750
0x00007f3f5f24c670:   00007f3f49dceba0 00007f3f49a25170
0x00007f3f5f24c680:   00007f3f48d26a40 00007f3f49dcdec0
0x00007f3f5f24c690:   0000000000082138 00007f3f49db4af0
0x00007f3f5f24c6a0:   0000000000000000 00007f3f4a456140
0x00007f3f5f24c6b0:   0000000000000008 0101010101010101
0x00007f3f5f24c6c0:   00007f3f4a455460 00007f3f00000002
0x00007f3f5f24c6d0:   00007f3f48d888b8 00007f3f499de760
0x00007f3f5f24c6e0:   00007f3f49dc1900 00007f3f5f24c840
0x00007f3f5f24c6f0:   00007f3f87f664e0 00007f3f00000008
0x00007f3f5f24c700:   00007f3f49dc98f0 0000383c0000019b
0x00007f3f5f24c710:   0000337b0000019b 00007f3f5f24c840
0x00007f3f5f24c720:   00007f3f0000000f 00007f3f49d9aed0
0x00007f3f5f24c730:   0000337b00000000 00007f3f5f24c840
0x00007f3f5f24c740:   000030860000000f 00007f3f49da7ce0
0x00007f3f5f24c750:   0000337b00000000 00007f3f5f24c840
0x00007f3f5f24c760:   000030860000000f 00007f3f49da7ce0
0x00007f3f5f24c770:   00007f3f49cfbb80 7bd84aaa27bbf000 

Instructions: (pc=0x00007f3f878d2f79)
0x00007f3f878d2f59:   01 00 00 77 32 49 89 96 b0 01 00 00 49 89 44 24
0x00007f3f878d2f69:   08 48 c7 00 00 00 00 00 48 c7 40 08 00 00 00 00
0x00007f3f878d2f79:   48 c7 40 10 00 00 00 00 48 c7 40 18 00 00 00 00
0x00007f3f878d2f89:   e9 d8 fe ff ff 66 90 31 d2 be 20 00 00 00 4c 89 

Register to memory mapping:

RAX=0x00007f3f4a702ff0 is an unknown value
RBX=0x0000000000000000 is an unknown value
RCX=0x00007f3f881ba320: <offset 0x21a320> in /lib/x86_64-linux-gnu/libpthread.so.0 at 0x00007f3f87fa0000
RDX=0x00007f3f4a703010 is an unknown value
RSP=0x00007f3f5f24c580 is pointing into the stack for thread: 0x00007f3f800bb800
RBP=0x00007f3f5f24c5b0 is pointing into the stack for thread: 0x00007f3f800bb800
RSI=0x0000000000000001 is an unknown value
RDI=0x0000000000000010 is an unknown value
R8 =0x00007f3f87f664e0: <offset 0xf564e0> in /usr/lib/jvm/java-8-openjdk-amd64/jre/lib/amd64/server/libjvm.so at 0x00007f3f87010000
R9 =0x00007f3f493aac60 is an unknown value
R10=0x00007f3f499de760 is an unknown value
R11=0x00007f3f486f1f58 is an unknown value
R12=0x00007f3f4a702f98 is an unknown value
R13=0x0000000000000000 is an unknown value
R14=0x00007f3f5f24eef0 is pointing into the stack for thread: 0x00007f3f800bb800
R15=0x00007f3f5f24f088 is pointing into the stack for thread: 0x00007f3f800bb800


Stack: [0x00007f3f5f151000,0x00007f3f5f251000],  sp=0x00007f3f5f24c580,  free space=1005k
Native frames: (J=compiled Java code, j=interpreted, Vv=VM code, C=native code)
V  [libjvm.so+0x8c2f79]
V  [libjvm.so+0x97cdd8]
V  [libjvm.so+0x3deff7]
V  [libjvm.so+0x478448]
V  [libjvm.so+0x47948b]
V  [libjvm.so+0x3c08da]
V  [libjvm.so+0x48487b]
V  [libjvm.so+0x486b58]
V  [libjvm.so+0xa4fd93]
V  [libjvm.so+0xa501c2]
V  [libjvm.so+0x8ea992]
C  [libpthread.so.0+0x76db]  start_thread+0xdb


Current CompileTask:
C2: 791454 1153   !   4       gc.WeakReference::send (199 bytes)


---------------  P R O C E S S  ---------------

Java Threads: ( => current thread )
  0x00007f3f04003800 JavaThread "Thread-11" [_thread_blocked, id=14545, stack(0x00007f3f5db20000,0x00007f3f5dc21000)]
  0x00007f3f2c007800 JavaThread "Handler Loop 4" [_thread_in_native, id=14349, stack(0x00007f3f5dc30000,0x00007f3f5dd31000)]
  0x00007f3f2c005800 JavaThread "gc.serverGC.GCAgent$State" [_thread_blocked, id=12933, stack(0x00007f3f5dd40000,0x00007f3f5de41000)]
  0x00007f3f2c003000 JavaThread "wwc.messaging.WWCSystem$State" [_thread_blocked, id=12931, stack(0x00007f3f5de50000,0x00007f3f5df51000)]
  0x00007f3f8000b000 JavaThread "DestroyJavaVM" [_thread_blocked, id=10757, stack(0x00007f3f88ea1000,0x00007f3f88fa1000)]
  0x00007f3f28007800 JavaThread "wwc.resources.StandardInput$State" [_thread_blocked, id=12727, stack(0x00007f3f5e070000,0x00007f3f5e171000)]
  0x00007f3f28004000 JavaThread "wwc.resources.StandardError$State" [_thread_blocked, id=12716, stack(0x00007f3f5e180000,0x00007f3f5e281000)]
  0x00007f3f28002000 JavaThread "wwc.resources.StandardOutput$State" [_thread_blocked, id=12704, stack(0x00007f3f5e290000,0x00007f3f5e391000)]
  0x00007f3f80184000 JavaThread "examples.chat.Speaker$State" [_thread_blocked, id=12685, stack(0x00007f3f5e3a0000,0x00007f3f5e4a1000)]
  0x00007f3f80182800 JavaThread "RunTime Exit Thead" daemon [_thread_blocked, id=12671, stack(0x00007f3f5e4b0000,0x00007f3f5e5b1000)]
  0x00007f3f8016f800 JavaThread "Clear Socket Thread" [_thread_blocked, id=11943, stack(0x00007f3f5e5c0000,0x00007f3f5e6c1000)]
  0x00007f3f8016d800 JavaThread "Listen Loop Thread" [_thread_in_native, id=11923, stack(0x00007f3f5e6d0000,0x00007f3f5e7d1000)]
  0x00007f3f800c3000 JavaThread "Service Thread" daemon [_thread_blocked, id=11658, stack(0x00007f3f5ee20000,0x00007f3f5ef21000)]
  0x00007f3f800c0000 JavaThread "C1 CompilerThread2" daemon [_thread_blocked, id=11586, stack(0x00007f3f5ef31000,0x00007f3f5f031000)]
  0x00007f3f800be800 JavaThread "C2 CompilerThread1" daemon [_thread_blocked, id=11497, stack(0x00007f3f5f041000,0x00007f3f5f141000)]
=>0x00007f3f800bb800 JavaThread "C2 CompilerThread0" daemon [_thread_in_native, id=11441, stack(0x00007f3f5f151000,0x00007f3f5f251000)]
  0x00007f3f800ba000 JavaThread "Signal Dispatcher" daemon [_thread_blocked, id=11416, stack(0x00007f3f5f260000,0x00007f3f5f361000)]
  0x00007f3f80085000 JavaThread "Finalizer" daemon [_thread_blocked, id=11270, stack(0x00007f3f5f670000,0x00007f3f5f771000)]
  0x00007f3f80082800 JavaThread "Reference Handler" daemon [_thread_blocked, id=11234, stack(0x00007f3f5f780000,0x00007f3f5f881000)]

Other Threads:
  0x00007f3f80079000 VMThread [stack: 0x00007f3f5f891000,0x00007f3f5f991000] [id=11137]
  0x00007f3f800c5800 WatcherThread [stack: 0x00007f3f5ed11000,0x00007f3f5ee11000] [id=11694]

VM state:at safepoint (normal execution)

VM Mutex/Monitor currently owned by a thread:  ([mutex/lock_event])
[0x00007f3f80007810] Threads_lock - owner thread: 0x00007f3f80079000
[0x00007f3f80007d10] Heap_lock - owner thread: 0x00007f3f80182800

Heap:
 PSYoungGen      total 37888K, used 0K [0x00000000d6180000, 0x00000000d8b80000, 0x0000000100000000)
  eden space 32768K, 0% used [0x00000000d6180000,0x00000000d6180000,0x00000000d8180000)
  from space 5120K, 0% used [0x00000000d8180000,0x00000000d8180000,0x00000000d8680000)
  to   space 5120K, 0% used [0x00000000d8680000,0x00000000d8680000,0x00000000d8b80000)
 ParOldGen       total 86016K, used 2242K [0x0000000082400000, 0x0000000087800000, 0x00000000d6180000)
  object space 86016K, 2% used [0x0000000082400000,0x0000000082630818,0x0000000087800000)
 Metaspace       used 6027K, capacity 6202K, committed 6400K, reserved 1056768K
  class space    used 607K, capacity 697K, committed 768K, reserved 1048576K

Card table byte_map: [0x00007f3f84e40000,0x00007f3f8522f000] byte_map_base: 0x00007f3f84a2e000

Marking Bits: (ParMarkBitMap*) 0x00007f3f87f79340
 Begin Bits: [0x00007f3f6d120000, 0x00007f3f6f090000)
 End Bits:   [0x00007f3f6f090000, 0x00007f3f71000000)

Polling page: 0x00007f3f88e90000

CodeCache: size=245760Kb used=4151Kb max_used=4811Kb free=241608Kb
 bounds [0x00007f3f71000000, 0x00007f3f714c0000, 0x00007f3f80000000]
 total_blobs=1205 nmethods=918 adapters=202
 compilation: enabled

Compilation events (10 events):
Event: 738.057 Thread 0x00007f3f800c0000 nmethod 1147 0x00007f3f7119fbd0 code [0x00007f3f7119fd80, 0x00007f3f711a03e8]
Event: 741.335 Thread 0x00007f3f800c0000 1148       3       java.util.Hashtable$Enumerator::<init> (51 bytes)
Event: 741.780 Thread 0x00007f3f800c0000 nmethod 1148 0x00007f3f71328090 code [0x00007f3f71328200, 0x00007f3f71328430]
Event: 749.326 Thread 0x00007f3f800c0000 1149       3       java.lang.Boolean::<init> (10 bytes)
Event: 749.327 Thread 0x00007f3f800c0000 nmethod 1149 0x00007f3f7119f050 code [0x00007f3f7119f1c0, 0x00007f3f7119f370]
Event: 750.254 Thread 0x00007f3f800c0000 1150   !   3       sun.reflect.GeneratedMethodAccessor14::invoke (119 bytes)
Event: 750.255 Thread 0x00007f3f800c0000 nmethod 1150 0x00007f3f711c2350 code [0x00007f3f711c25a0, 0x00007f3f711c3408]
Event: 759.562 Thread 0x00007f3f800be800 1152       4       java.util.regex.Matcher::find (69 bytes)
Event: 759.846 Thread 0x00007f3f800be800 nmethod 1152 0x00007f3f71186350 code [0x00007f3f711864c0, 0x00007f3f711867d8]
Event: 762.798 Thread 0x00007f3f800bb800 1153   !   4       gc.WeakReference::send (199 bytes)

GC Heap History (10 events):
Event: 761.805 GC heap before
{Heap before GC invocations=332 (full 166):
 PSYoungGen      total 37888K, used 272K [0x00000000d6180000, 0x00000000d8b80000, 0x0000000100000000)
  eden space 32768K, 0% used [0x00000000d6180000,0x00000000d6180000,0x00000000d8180000)
  from space 5120K, 5% used [0x00000000d8680000,0x00000000d86c4020,0x00000000d8b80000)
  to   space 5120K, 0% used [0x00000000d8180000,0x00000000d8180000,0x00000000d8680000)
 ParOldGen       total 86016K, used 2138K [0x0000000082400000, 0x0000000087800000, 0x00000000d6180000)
  object space 86016K, 2% used [0x0000000082400000,0x0000000082616838,0x0000000087800000)
 Metaspace       used 6027K, capacity 6202K, committed 6400K, reserved 1056768K
  class space    used 607K, capacity 697K, committed 768K, reserved 1048576K
Event: 762.068 GC heap after
Heap after GC invocations=332 (full 166):
 PSYoungGen      total 37888K, used 0K [0x00000000d6180000, 0x00000000d8b80000, 0x0000000100000000)
  eden space 32768K, 0% used [0x00000000d6180000,0x00000000d6180000,0x00000000d8180000)
  from space 5120K, 0% used [0x00000000d8680000,0x00000000d8680000,0x00000000d8b80000)
  to   space 5120K, 0% used [0x00000000d8180000,0x00000000d8180000,0x00000000d8680000)
 ParOldGen       total 86016K, used 2238K [0x0000000082400000, 0x0000000087800000, 0x00000000d6180000)
  object space 86016K, 2% used [0x0000000082400000,0x000000008262fa48,0x0000000087800000)
 Metaspace       used 6027K, capacity 6202K, committed 6400K, reserved 1056768K
  class space    used 607K, capacity 697K, committed 768K, reserved 1048576K
}
Event: 765.528 GC heap before
{Heap before GC invocations=333 (full 166):
 PSYoungGen      total 37888K, used 3113K [0x00000000d6180000, 0x00000000d8b80000, 0x0000000100000000)
  eden space 32768K, 9% used [0x00000000d6180000,0x00000000d648a448,0x00000000d8180000)
  from space 5120K, 0% used [0x00000000d8680000,0x00000000d8680000,0x00000000d8b80000)
  to   space 5120K, 0% used [0x00000000d8180000,0x00000000d8180000,0x00000000d8680000)
 ParOldGen       total 86016K, used 2238K [0x0000000082400000, 0x0000000087800000, 0x00000000d6180000)
  object space 86016K, 2% used [0x0000000082400000,0x000000008262fa48,0x0000000087800000)
 Metaspace       used 6027K, capacity 6202K, committed 6400K, reserved 1056768K
  class space    used 607K, capacity 697K, committed 768K, reserved 1048576K
Event: 765.823 GC heap after
Heap after GC invocations=333 (full 166):
 PSYoungGen      total 37888K, used 32K [0x00000000d6180000, 0x00000000d8b80000, 0x0000000100000000)
  eden space 32768K, 0% used [0x00000000d6180000,0x00000000d6180000,0x00000000d8180000)
  from space 5120K, 0% used [0x00000000d8180000,0x00000000d8188000,0x00000000d8680000)
  to   space 5120K, 0% used [0x00000000d8680000,0x00000000d8680000,0x00000000d8b80000)
 ParOldGen       total 86016K, used 2238K [0x0000000082400000, 0x0000000087800000, 0x00000000d6180000)
  object space 86016K, 2% used [0x0000000082400000,0x000000008262fa48,0x0000000087800000)
 Metaspace       used 6027K, capacity 6202K, committed 6400K, reserved 1056768K
  class space    used 607K, capacity 697K, committed 768K, reserved 1048576K
}
Event: 765.823 GC heap before
{Heap before GC invocations=334 (full 167):
 PSYoungGen      total 37888K, used 32K [0x00000000d6180000, 0x00000000d8b80000, 0x0000000100000000)
  eden space 32768K, 0% used [0x00000000d6180000,0x00000000d6180000,0x00000000d8180000)
  from space 5120K, 0% used [0x00000000d8180000,0x00000000d8188000,0x00000000d8680000)
  to   space 5120K, 0% used [0x00000000d8680000,0x00000000d8680000,0x00000000d8b80000)
 ParOldGen       total 86016K, used 2238K [0x0000000082400000, 0x0000000087800000, 0x00000000d6180000)
  object space 86016K, 2% used [0x0000000082400000,0x000000008262fa48,0x0000000087800000)
 Metaspace       used 6027K, capacity 6202K, committed 6400K, reserved 1056768K
  class space    used 607K, capacity 697K, committed 768K, reserved 1048576K
Event: 768.046 GC heap after
Heap after GC invocations=334 (full 167):
 PSYoungGen      total 37888K, used 0K [0x00000000d6180000, 0x00000000d8b80000, 0x0000000100000000)
  eden space 32768K, 0% used [0x00000000d6180000,0x00000000d6180000,0x00000000d8180000)
  from space 5120K, 0% used [0x00000000d8180000,0x00000000d8180000,0x00000000d8680000)
  to   space 5120K, 0% used [0x00000000d8680000,0x00000000d8680000,0x00000000d8b80000)
 ParOldGen       total 86016K, used 2242K [0x0000000082400000, 0x0000000087800000, 0x00000000d6180000)
  object space 86016K, 2% used [0x0000000082400000,0x0000000082630818,0x0000000087800000)
 Metaspace       used 6027K, capacity 6202K, committed 6400K, reserved 1056768K
  class space    used 607K, capacity 697K, committed 768K, reserved 1048576K
}
Event: 777.532 GC heap before
{Heap before GC invocations=335 (full 167):
 PSYoungGen      total 37888K, used 1310K [0x00000000d6180000, 0x00000000d8b80000, 0x0000000100000000)
  eden space 32768K, 3% used [0x00000000d6180000,0x00000000d62c7ae0,0x00000000d8180000)
  from space 5120K, 0% used [0x00000000d8180000,0x00000000d8180000,0x00000000d8680000)
  to   space 5120K, 0% used [0x00000000d8680000,0x00000000d8680000,0x00000000d8b80000)
 ParOldGen       total 86016K, used 2242K [0x0000000082400000, 0x0000000087800000, 0x00000000d6180000)
  object space 86016K, 2% used [0x0000000082400000,0x0000000082630818,0x0000000087800000)
 Metaspace       used 6027K, capacity 6202K, committed 6400K, reserved 1056768K
  class space    used 607K, capacity 697K, committed 768K, reserved 1048576K
Event: 779.432 GC heap after
Heap after GC invocations=335 (full 167):
 PSYoungGen      total 37888K, used 0K [0x00000000d6180000, 0x00000000d8b80000, 0x0000000100000000)
  eden space 32768K, 0% used [0x00000000d6180000,0x00000000d6180000,0x00000000d8180000)
  from space 5120K, 0% used [0x00000000d8680000,0x00000000d8680000,0x00000000d8b80000)
  to   space 5120K, 0% used [0x00000000d8180000,0x00000000d8180000,0x00000000d8680000)
 ParOldGen       total 86016K, used 2242K [0x0000000082400000, 0x0000000087800000, 0x00000000d6180000)
  object space 86016K, 2% used [0x0000000082400000,0x0000000082630818,0x0000000087800000)
 Metaspace       used 6027K, capacity 6202K, committed 6400K, reserved 1056768K
  class space    used 607K, capacity 697K, committed 768K, reserved 1048576K
}
Event: 779.432 GC heap before
{Heap before GC invocations=336 (full 168):
 PSYoungGen      total 37888K, used 0K [0x00000000d6180000, 0x00000000d8b80000, 0x0000000100000000)
  eden space 32768K, 0% used [0x00000000d6180000,0x00000000d6180000,0x00000000d8180000)
  from space 5120K, 0% used [0x00000000d8680000,0x00000000d8680000,0x00000000d8b80000)
  to   space 5120K, 0% used [0x00000000d8180000,0x00000000d8180000,0x00000000d8680000)
 ParOldGen       total 86016K, used 2242K [0x0000000082400000, 0x0000000087800000, 0x00000000d6180000)
  object space 86016K, 2% used [0x0000000082400000,0x0000000082630818,0x0000000087800000)
 Metaspace       used 6027K, capacity 6202K, committed 6400K, reserved 1056768K
  class space    used 607K, capacity 697K, committed 768K, reserved 1048576K
Event: 782.578 GC heap after
Heap after GC invocations=336 (full 168):
 PSYoungGen      total 37888K, used 0K [0x00000000d6180000, 0x00000000d8b80000, 0x0000000100000000)
  eden space 32768K, 0% used [0x00000000d6180000,0x00000000d6180000,0x00000000d8180000)
  from space 5120K, 0% used [0x00000000d8680000,0x00000000d8680000,0x00000000d8b80000)
  to   space 5120K, 0% used [0x00000000d8180000,0x00000000d8180000,0x00000000d8680000)
 ParOldGen       total 86016K, used 2242K [0x0000000082400000, 0x0000000087800000, 0x00000000d6180000)
  object space 86016K, 2% used [0x0000000082400000,0x0000000082630818,0x0000000087800000)
 Metaspace       used 6027K, capacity 6202K, committed 6400K, reserved 1056768K
  class space    used 607K, capacity 697K, committed 768K, reserved 1048576K
}

Deoptimization events (10 events):
Event: 259.179 Thread 0x00007f3f2c007800 Uncommon trap: reason=class_check action=maybe_recompile pc=0x00007f3f71212284 method=java.io.ObjectInputStream$PeekInputStream.read()I @ 23
Event: 259.180 Thread 0x00007f3f2c007800 Uncommon trap: reason=unstable_if action=reinterpret pc=0x00007f3f713511e8 method=java.io.ObjectInputStream.isCustomSubclass()Z @ 12
Event: 259.181 Thread 0x00007f3f2c007800 Uncommon trap: reason=unstable_if action=reinterpret pc=0x00007f3f71399468 method=java.io.ObjectInputStream.readSerialData(Ljava/lang/Object;Ljava/io/ObjectStreamClass;)V @ 84
Event: 259.182 Thread 0x00007f3f2c007800 Uncommon trap: reason=unstable_if action=reinterpret pc=0x00007f3f7126d354 method=java.io.ObjectStreamClass.hasReadResolveMethod()Z @ 8
Event: 299.471 Thread 0x00007f3f2c007800 Uncommon trap: reason=unstable_if action=reinterpret pc=0x00007f3f712119ec method=java.net.SocketInputStream.read()I @ 28
Event: 330.221 Thread 0x00007f3f2c009800 Uncommon trap: reason=unstable_if action=reinterpret pc=0x00007f3f713d08e0 method=java.io.ObjectInputStream$BlockDataInputStream.readUTFBody(J)Ljava/lang/String; @ 53
Event: 330.570 Thread 0x00007f3f2c009800 Uncommon trap: reason=null_check action=make_not_entrant pc=0x00007f3f714249a0 method=java.io.ObjectStreamClass.getReflector([Ljava/io/ObjectStreamField;Ljava/io/ObjectStreamClass;)Ljava/io/ObjectStreamClass$FieldReflector; @ 49
Event: 330.759 Thread 0x00007f3f80184000 Uncommon trap: reason=unstable_if action=reinterpret pc=0x00007f3f71331af0 method=java.lang.reflect.Method.invoke(Ljava/lang/Object;[Ljava/lang/Object;)Ljava/lang/Object; @ 45
Event: 412.136 Thread 0x00007f3f2c009800 Uncommon trap: reason=unstable_if action=reinterpret pc=0x00007f3f71428fb4 method=java.net.SocketInputStream.read()I @ 28Event: 422.723 Thread 0x00007f3f04003800 Uncommon trap: reason=unstable_if action=reinterpret pc=0x00007f3f712de474 method=java.io.ObjectStreamClass.writeNonProxy(Ljava/io/ObjectOutputStream;)V @ 142
Classes redefined (0 events):
No events

Internal exceptions (10 events):
Event: 205.133 Thread 0x00007f3f28002000 Exception <a 'java/lang/IllegalArgumentException': argument type mismatch> (0x00000000d63bb850) thrown at [/build/openjdk-8-5w_p1G/openjdk-8-8u191-b12/src/hotspot/src/share/vm/runtime/reflection.cpp, line 201]
Event: 205.133 Thread 0x00007f3f28002000 Exception <a 'java/lang/IllegalArgumentException': argument type mismatch> (0x00000000d63bbac8) thrown at [/build/openjdk-8-5w_p1G/openjdk-8-8u191-b12/src/hotspot/src/share/vm/runtime/reflection.cpp, line 201]
Event: 205.133 Thread 0x00007f3f28002000 Exception <a 'java/lang/IllegalArgumentException': argument type mismatch> (0x00000000d63bbd40) thrown at [/build/openjdk-8-5w_p1G/openjdk-8-8u191-b12/src/hotspot/src/share/vm/runtime/reflection.cpp, line 201]
Event: 205.134 Thread 0x00007f3f28002000 Exception <a 'java/lang/IllegalArgumentException': argument type mismatch> (0x00000000d63c16a8) thrown at [/build/openjdk-8-5w_p1G/openjdk-8-8u191-b12/src/hotspot/src/share/vm/runtime/reflection.cpp, line 201]
Event: 205.135 Thread 0x00007f3f28002000 Exception <a 'java/lang/IllegalArgumentException': argument type mismatch> (0x00000000d63c4270) thrown at [/build/openjdk-8-5w_p1G/openjdk-8-8u191-b12/src/hotspot/src/share/vm/runtime/reflection.cpp, line 201]
Event: 205.136 Thread 0x00007f3f28002000 Exception <a 'java/lang/IllegalArgumentException': argument type mismatch> (0x00000000d63c6f00) thrown at [/build/openjdk-8-5w_p1G/openjdk-8-8u191-b12/src/hotspot/src/share/vm/runtime/reflection.cpp, line 201]
Event: 205.136 Thread 0x00007f3f28002000 Exception <a 'java/lang/IllegalArgumentException': argument type mismatch> (0x00000000d63c9c50) thrown at [/build/openjdk-8-5w_p1G/openjdk-8-8u191-b12/src/hotspot/src/share/vm/runtime/reflection.cpp, line 201]
Event: 330.570 Thread 0x00007f3f2c009800 Implicit null exception at 0x00007f3f714245c6 to 0x00007f3f71424996
Event: 330.570 Thread 0x00007f3f2c009800 Exception <a 'java/lang/NoSuchMethodError': <clinit>> (0x00000000d6189db0) thrown at [/build/openjdk-8-5w_p1G/openjdk-8-8u191-b12/src/hotspot/src/share/vm/prims/jni.cpp, line 1613]
Event: 330.759 Thread 0x00007f3f80184000 Implicit null exception at 0x00007f3f71331a58 to 0x00007f3f71331ad6Events (10 events):
Event: 756.665 Executing VM operation: ParallelGCSystemGC doneEvent: 758.939 Executing VM operation: ParallelGCSystemGCEvent: 759.063 Executing VM operation: ParallelGCSystemGC doneEvent: 761.423 Executing VM operation: ParallelGCSystemGCEvent: 762.068 Executing VM operation: ParallelGCSystemGC doneEvent: 765.492 Executing VM operation: ParallelGCSystemGCEvent: 768.046 Executing VM operation: ParallelGCSystemGC doneEvent: 777.532 Executing VM operation: ParallelGCSystemGCEvent: 782.578 Executing VM operation: ParallelGCSystemGC doneEvent: 789.997 Executing VM operation: ParallelGCSystemGCDynamic libraries:
82400000-87800000 rw-p 00000000 00:00 0
87800000-d6180000 ---p 00000000 00:00 0
d6180000-d8b80000 rw-p 00000000 00:00 0
d8b80000-100000000 ---p 00000000 00:00 0
100000000-1000c0000 rw-p 00000000 00:00 0
1000c0000-140000000 ---p 00000000 00:00 0
7f3efc000000-7f3efc021000 rw-p 00000000 00:00 0
7f3efc021000-7f3f00000000 ---p 00000000 00:00 0
7f3f04000000-7f3f04021000 rw-p 00000000 00:00 0
7f3f04021000-7f3f08000000 ---p 00000000 00:00 0
7f3f08000000-7f3f08021000 rw-p 00000000 00:00 0
7f3f08021000-7f3f0c000000 ---p 00000000 00:00 0
7f3f0c000000-7f3f0c021000 rw-p 00000000 00:00 0
7f3f0c021000-7f3f10000000 ---p 00000000 00:00 0
7f3f10000000-7f3f10021000 rw-p 00000000 00:00 0
7f3f10021000-7f3f14000000 ---p 00000000 00:00 0
7f3f14000000-7f3f14021000 rw-p 00000000 00:00 0
7f3f14021000-7f3f18000000 ---p 00000000 00:00 0
7f3f18000000-7f3f18021000 rw-p 00000000 00:00 0
7f3f18021000-7f3f1c000000 ---p 00000000 00:00 0
7f3f1c000000-7f3f1c021000 rw-p 00000000 00:00 0
7f3f1c021000-7f3f20000000 ---p 00000000 00:00 0
7f3f20000000-7f3f20021000 rw-p 00000000 00:00 0
7f3f20021000-7f3f24000000 ---p 00000000 00:00 0
7f3f24000000-7f3f24021000 rw-p 00000000 00:00 0
7f3f24021000-7f3f28000000 ---p 00000000 00:00 0
7f3f28000000-7f3f28038000 rw-p 00000000 00:00 0
7f3f28038000-7f3f2c000000 ---p 00000000 00:00 0
7f3f2c000000-7f3f2c021000 rw-p 00000000 00:00 0
7f3f2c021000-7f3f30000000 ---p 00000000 00:00 0
7f3f30000000-7f3f30021000 rw-p 00000000 00:00 0
7f3f30021000-7f3f34000000 ---p 00000000 00:00 0
7f3f34000000-7f3f34021000 rw-p 00000000 00:00 0
7f3f34021000-7f3f38000000 ---p 00000000 00:00 0
7f3f38000000-7f3f38021000 rw-p 00000000 00:00 0
7f3f38021000-7f3f3c000000 ---p 00000000 00:00 0
7f3f3c000000-7f3f3d4a2000 rw-p 00000000 00:00 0
7f3f3d4a2000-7f3f40000000 ---p 00000000 00:00 0
7f3f40000000-7f3f4056f000 rw-p 00000000 00:00 0
7f3f4056f000-7f3f44000000 ---p 00000000 00:00 0
7f3f44000000-7f3f44021000 rw-p 00000000 00:00 0
7f3f44021000-7f3f48000000 ---p 00000000 00:00 0
7f3f48000000-7f3f4a709000 rw-p 00000000 00:00 0
7f3f4a709000-7f3f4c000000 ---p 00000000 00:00 0
7f3f4c000000-7f3f4c021000 rw-p 00000000 00:00 0
7f3f4c021000-7f3f50000000 ---p 00000000 00:00 0
7f3f50000000-7f3f50021000 rw-p 00000000 00:00 0
7f3f50021000-7f3f54000000 ---p 00000000 00:00 0
7f3f54000000-7f3f54053000 rw-p 00000000 00:00 0
7f3f54053000-7f3f58000000 ---p 00000000 00:00 0
7f3f58000000-7f3f58021000 rw-p 00000000 00:00 0
7f3f58021000-7f3f5c000000 ---p 00000000 00:00 0
7f3f5da10000-7f3f5da13000 ---p 00000000 00:00 0
7f3f5da13000-7f3f5db11000 rw-p 00000000 00:00 0
7f3f5db20000-7f3f5db23000 ---p 00000000 00:00 0
7f3f5db23000-7f3f5dc21000 rw-p 00000000 00:00 0
7f3f5dc30000-7f3f5dc33000 ---p 00000000 00:00 0
7f3f5dc33000-7f3f5dd31000 rw-p 00000000 00:00 0
7f3f5dd40000-7f3f5dd43000 ---p 00000000 00:00 0
7f3f5dd43000-7f3f5de41000 rw-p 00000000 00:00 0
7f3f5de50000-7f3f5de53000 ---p 00000000 00:00 0
7f3f5de53000-7f3f5df51000 rw-p 00000000 00:00 0
7f3f5df60000-7f3f5df63000 ---p 00000000 00:00 0
7f3f5df63000-7f3f5e061000 rw-p 00000000 00:00 0
7f3f5e070000-7f3f5e073000 ---p 00000000 00:00 0
7f3f5e073000-7f3f5e171000 rw-p 00000000 00:00 0
7f3f5e180000-7f3f5e183000 ---p 00000000 00:00 0
7f3f5e183000-7f3f5e281000 rw-p 00000000 00:00 0
7f3f5e290000-7f3f5e293000 ---p 00000000 00:00 0
7f3f5e293000-7f3f5e391000 rw-p 00000000 00:00 0
7f3f5e3a0000-7f3f5e3a3000 ---p 00000000 00:00 0
7f3f5e3a3000-7f3f5e4a1000 rw-p 00000000 00:00 0
7f3f5e4b0000-7f3f5e4b3000 ---p 00000000 00:00 0
7f3f5e4b3000-7f3f5e5b1000 rw-p 00000000 00:00 0
7f3f5e5c0000-7f3f5e5c3000 ---p 00000000 00:00 0
7f3f5e5c3000-7f3f5e6c1000 rw-p 00000000 00:00 0
7f3f5e6d0000-7f3f5e6d3000 ---p 00000000 00:00 0
7f3f5e6d3000-7f3f5e7d1000 rw-p 00000000 00:00 0
7f3f5e7e0000-7f3f5eae1000 rw-p 00000000 00:00 0
7f3f5eaf0000-7f3f5eb07000 r-xp 00000000 00:00 213561             /usr/lib/jvm/java-8-openjdk-amd64/jre/lib/amd64/libnet.so
7f3f5eb07000-7f3f5eb08000 ---p 00017000 00:00 213561             /usr/lib/jvm/java-8-openjdk-amd64/jre/lib/amd64/libnet.so
7f3f5eb08000-7f3f5ed06000 ---p 00000018 00:00 213561             /usr/lib/jvm/java-8-openjdk-amd64/jre/lib/amd64/libnet.so
7f3f5ed06000-7f3f5ed07000 r--p 00016000 00:00 213561             /usr/lib/jvm/java-8-openjdk-amd64/jre/lib/amd64/libnet.so
7f3f5ed07000-7f3f5ed08000 rw-p 00017000 00:00 213561             /usr/lib/jvm/java-8-openjdk-amd64/jre/lib/amd64/libnet.so
7f3f5ed10000-7f3f5ed11000 ---p 00000000 00:00 0
7f3f5ed11000-7f3f5ee11000 rw-p 00000000 00:00 0
7f3f5ee20000-7f3f5ee23000 ---p 00000000 00:00 0
7f3f5ee23000-7f3f5ef21000 rw-p 00000000 00:00 0
7f3f5ef30000-7f3f5ef34000 ---p 00000000 00:00 0
7f3f5ef34000-7f3f5f031000 rw-p 00000000 00:00 0
7f3f5f040000-7f3f5f044000 ---p 00000000 00:00 0
7f3f5f044000-7f3f5f141000 rw-p 00000000 00:00 0
7f3f5f150000-7f3f5f154000 ---p 00000000 00:00 0
7f3f5f154000-7f3f5f251000 rw-p 00000000 00:00 0
7f3f5f260000-7f3f5f263000 ---p 00000000 00:00 0
7f3f5f263000-7f3f5f361000 rw-p 00000000 00:00 0
7f3f5f362000-7f3f5f4d5000 r--p 00000000 00:00 1165082            /usr/lib/locale/C.UTF-8/LC_COLLATE
7f3f5f4d5000-7f3f5f670000 r--p 00000000 00:00 1165094            /usr/lib/locale/locale-archive
7f3f5f670000-7f3f5f673000 ---p 00000000 00:00 0
7f3f5f673000-7f3f5f771000 rw-p 00000000 00:00 0
7f3f5f780000-7f3f5f783000 ---p 00000000 00:00 0
7f3f5f783000-7f3f5f881000 rw-p 00000000 00:00 0
7f3f5f890000-7f3f5f891000 ---p 00000000 00:00 0
7f3f5f891000-7f3f5f991000 rw-p 00000000 00:00 0
7f3f5f9a0000-7f3f5faa1000 rw-p 00000000 00:00 0
7f3f5fab0000-7f3f5fbb1000 rw-p 00000000 00:00 0
7f3f5fbc0000-7f3f5fcc1000 rw-p 00000000 00:00 0
7f3f5fcd0000-7f3f5fdd1000 rw-p 00000000 00:00 0
7f3f5fde0000-7f3f5fee1000 rw-p 00000000 00:00 0
7f3f5fef0000-7f3f5fff1000 rw-p 00000000 00:00 0
7f3f60000000-7f3f60021000 rw-p 00000000 00:00 0
7f3f60021000-7f3f64000000 ---p 00000000 00:00 0
7f3f64000000-7f3f64021000 rw-p 00000000 00:00 0
7f3f64021000-7f3f68000000 ---p 00000000 00:00 0
7f3f68000000-7f3f68021000 rw-p 00000000 00:00 0
7f3f68021000-7f3f6c000000 ---p 00000000 00:00 0
7f3f6c08f000-7f3f6c0c0000 r--p 00000000 00:00 1165083            /usr/lib/locale/C.UTF-8/LC_CTYPE
7f3f6c0c0000-7f3f6c0e1000 rw-p 00000000 00:00 0
7f3f6c0f0000-7f3f6c111000 rw-p 00000000 00:00 0
7f3f6c120000-7f3f6c221000 rw-p 00000000 00:00 0
7f3f6c230000-7f3f6c251000 rw-p 00000000 00:00 0
7f3f6c260000-7f3f6c361000 rw-p 00000000 00:00 0
7f3f6c370000-7f3f6c391000 rw-p 00000000 00:00 0
7f3f6c3a0000-7f3f6c4a1000 rw-p 00000000 00:00 0
7f3f6c4b0000-7f3f6c4d1000 rw-p 00000000 00:00 0
7f3f6c4e0000-7f3f6c5e1000 rw-p 00000000 00:00 0
7f3f6c5f0000-7f3f6c6f1000 rw-p 00000000 00:00 0
7f3f6c700000-7f3f6c801000 rw-p 00000000 00:00 0
7f3f6c810000-7f3f6c911000 rw-p 00000000 00:00 0
7f3f6c920000-7f3f6cea0000 rw-p 00000000 00:00 0
7f3f6cea0000-7f3f6d120000 ---p 00000000 00:00 0
7f3f6d120000-7f3f71000000 rw-p 00000000 00:00 0
7f3f71000000-7f3f714c0000 rwxp 00000000 00:00 0
7f3f714c0000-7f3f80000000 ---p 00000000 00:00 0
7f3f80000000-7f3f801c3000 rw-p 00000000 00:00 0
7f3f801c3000-7f3f84000000 ---p 00000000 00:00 0
7f3f84005000-7f3f84020000 r--s 001d6000 00:00 43386              /usr/lib/jvm/java-8-openjdk-amd64/jre/lib/ext/nashorn.jar
7f3f84020000-7f3f84121000 rw-p 00000000 00:00 0
7f3f84130000-7f3f84231000 rw-p 00000000 00:00 0
7f3f84231000-7f3f84400000 r--s 03c33000 00:00 213628             /usr/lib/jvm/java-8-openjdk-amd64/jre/lib/rt.jar
7f3f84400000-7f3f84476000 rw-p 00000000 00:00 0
7f3f84480000-7f3f8486e000 rw-p 00000000 00:00 0
7f3f84870000-7f3f84871000 ---p 00000000 00:00 0
7f3f84871000-7f3f84971000 rw-p 00000000 00:00 0
7f3f84980000-7f3f84981000 ---p 00000000 00:00 0
7f3f84981000-7f3f84a81000 rw-p 00000000 00:00 0
7f3f84a90000-7f3f84a91000 ---p 00000000 00:00 0
7f3f84a91000-7f3f84b91000 rw-p 00000000 00:00 0
7f3f84ba0000-7f3f84bca000 rw-p 00000000 00:00 0
7f3f84bca000-7f3f84e3f000 ---p 00000000 00:00 0
7f3f84e40000-7f3f84e6a000 rw-p 00000000 00:00 0
7f3f84e6a000-7f3f850de000 ---p 00000000 00:00 0
7f3f850de000-7f3f850f4000 rw-p 00000000 00:00 0
7f3f850f4000-7f3f8522e000 ---p 00000000 00:00 0
7f3f8522e000-7f3f8522f000 rw-p 00000000 00:00 0
7f3f85230000-7f3f85243000 rw-p 00000000 00:00 0
7f3f85243000-7f3f855f0000 ---p 00000000 00:00 0
7f3f855f0000-7f3f855f8000 r-xp 00000000 00:00 213569             /usr/lib/jvm/java-8-openjdk-amd64/jre/lib/amd64/libzip.so
7f3f855f8000-7f3f855f9000 ---p 00008000 00:00 213569             /usr/lib/jvm/java-8-openjdk-amd64/jre/lib/amd64/libzip.so
7f3f855f9000-7f3f857f7000 ---p 00000009 00:00 213569             /usr/lib/jvm/java-8-openjdk-amd64/jre/lib/amd64/libzip.so
7f3f857f7000-7f3f857f8000 r--p 00007000 00:00 213569             /usr/lib/jvm/java-8-openjdk-amd64/jre/lib/amd64/libzip.so
7f3f857f8000-7f3f857f9000 rw-p 00008000 00:00 213569             /usr/lib/jvm/java-8-openjdk-amd64/jre/lib/amd64/libzip.so
7f3f85800000-7f3f8580b000 r-xp 00000000 00:00 1163848            /lib/x86_64-linux-gnu/libnss_files-2.27.so
7f3f8580b000-7f3f8580c000 ---p 0000b000 00:00 1163848            /lib/x86_64-linux-gnu/libnss_files-2.27.so
7f3f8580c000-7f3f85a0a000 ---p 0000000c 00:00 1163848            /lib/x86_64-linux-gnu/libnss_files-2.27.so
7f3f85a0a000-7f3f85a0b000 r--p 0000a000 00:00 1163848            /lib/x86_64-linux-gnu/libnss_files-2.27.so
7f3f85a0b000-7f3f85a0c000 rw-p 0000b000 00:00 1163848            /lib/x86_64-linux-gnu/libnss_files-2.27.so
7f3f85a0c000-7f3f85a12000 rw-p 00000000 00:00 0
7f3f85a20000-7f3f85a37000 r-xp 00000000 00:00 1163842            /lib/x86_64-linux-gnu/libnsl-2.27.so
7f3f85a37000-7f3f85a38000 ---p 00017000 00:00 1163842            /lib/x86_64-linux-gnu/libnsl-2.27.so
7f3f85a38000-7f3f85c36000 ---p 00000018 00:00 1163842            /lib/x86_64-linux-gnu/libnsl-2.27.so
7f3f85c36000-7f3f85c37000 r--p 00016000 00:00 1163842            /lib/x86_64-linux-gnu/libnsl-2.27.so
7f3f85c37000-7f3f85c38000 rw-p 00017000 00:00 1163842            /lib/x86_64-linux-gnu/libnsl-2.27.so
7f3f85c38000-7f3f85c3a000 rw-p 00000000 00:00 0
7f3f85c40000-7f3f85c4b000 r-xp 00000000 00:00 1163852            /lib/x86_64-linux-gnu/libnss_nis-2.27.so
7f3f85c4b000-7f3f85c4c000 ---p 0000b000 00:00 1163852            /lib/x86_64-linux-gnu/libnss_nis-2.27.so
7f3f85c4c000-7f3f85e4a000 ---p 0000000c 00:00 1163852            /lib/x86_64-linux-gnu/libnss_nis-2.27.so
7f3f85e4a000-7f3f85e4b000 r--p 0000a000 00:00 1163852            /lib/x86_64-linux-gnu/libnss_nis-2.27.so
7f3f85e4b000-7f3f85e4c000 rw-p 0000b000 00:00 1163852            /lib/x86_64-linux-gnu/libnss_nis-2.27.so
7f3f85e50000-7f3f85e58000 r-xp 00000000 00:00 1163844            /lib/x86_64-linux-gnu/libnss_compat-2.27.so
7f3f85e58000-7f3f85e5a000 ---p 00008000 00:00 1163844            /lib/x86_64-linux-gnu/libnss_compat-2.27.so
7f3f85e5a000-7f3f86058000 ---p 0000000a 00:00 1163844            /lib/x86_64-linux-gnu/libnss_compat-2.27.so
7f3f86058000-7f3f86059000 r--p 00008000 00:00 1163844            /lib/x86_64-linux-gnu/libnss_compat-2.27.so
7f3f86059000-7f3f8605a000 rw-p 00009000 00:00 1163844            /lib/x86_64-linux-gnu/libnss_compat-2.27.so
7f3f86060000-7f3f8608e000 r-xp 00000000 00:00 213546             /usr/lib/jvm/java-8-openjdk-amd64/jre/lib/amd64/libjava.so
7f3f8608e000-7f3f86090000 ---p 0002e000 00:00 213546             /usr/lib/jvm/java-8-openjdk-amd64/jre/lib/amd64/libjava.so
7f3f86090000-7f3f8628d000 ---p 00000030 00:00 213546             /usr/lib/jvm/java-8-openjdk-amd64/jre/lib/amd64/libjava.so
7f3f8628d000-7f3f8628e000 r--p 0002d000 00:00 213546             /usr/lib/jvm/java-8-openjdk-amd64/jre/lib/amd64/libjava.so
7f3f8628e000-7f3f86290000 rw-p 0002e000 00:00 213546             /usr/lib/jvm/java-8-openjdk-amd64/jre/lib/amd64/libjava.so
7f3f86290000-7f3f862a0000 r-xp 00000000 00:00 213568             /usr/lib/jvm/java-8-openjdk-amd64/jre/lib/amd64/libverify.so
7f3f862a0000-7f3f862a2000 ---p 00010000 00:00 213568             /usr/lib/jvm/java-8-openjdk-amd64/jre/lib/amd64/libverify.so
7f3f862a2000-7f3f8649f000 ---p 00000012 00:00 213568             /usr/lib/jvm/java-8-openjdk-amd64/jre/lib/amd64/libverify.so
7f3f8649f000-7f3f864a1000 r--p 0000f000 00:00 213568             /usr/lib/jvm/java-8-openjdk-amd64/jre/lib/amd64/libverify.so
7f3f864a1000-7f3f864a2000 rw-p 00011000 00:00 213568             /usr/lib/jvm/java-8-openjdk-amd64/jre/lib/amd64/libverify.so
7f3f864b0000-7f3f864b7000 r-xp 00000000 00:00 1163891            /lib/x86_64-linux-gnu/librt-2.27.so
7f3f864b7000-7f3f864b8000 ---p 00007000 00:00 1163891            /lib/x86_64-linux-gnu/librt-2.27.so
7f3f864b8000-7f3f866b6000 ---p 00000008 00:00 1163891            /lib/x86_64-linux-gnu/librt-2.27.so
7f3f866b6000-7f3f866b7000 r--p 00006000 00:00 1163891            /lib/x86_64-linux-gnu/librt-2.27.so
7f3f866b7000-7f3f866b8000 rw-p 00007000 00:00 1163891            /lib/x86_64-linux-gnu/librt-2.27.so
7f3f866c0000-7f3f866d7000 r-xp 00000000 00:00 1195636            /lib/x86_64-linux-gnu/libgcc_s.so.1
7f3f866d7000-7f3f866d8000 ---p 00017000 00:00 1195636            /lib/x86_64-linux-gnu/libgcc_s.so.1
7f3f866d8000-7f3f868d6000 ---p 00000018 00:00 1195636            /lib/x86_64-linux-gnu/libgcc_s.so.1
7f3f868d6000-7f3f868d7000 r--p 00016000 00:00 1195636            /lib/x86_64-linux-gnu/libgcc_s.so.1
7f3f868d7000-7f3f868d8000 rw-p 00017000 00:00 1195636            /lib/x86_64-linux-gnu/libgcc_s.so.1
7f3f868e0000-7f3f86a7d000 r-xp 00000000 00:00 1163825            /lib/x86_64-linux-gnu/libm-2.27.so
7f3f86a7d000-7f3f86a80000 ---p 0019d000 00:00 1163825            /lib/x86_64-linux-gnu/libm-2.27.so
7f3f86a80000-7f3f86c7c000 ---p 000001a0 00:00 1163825            /lib/x86_64-linux-gnu/libm-2.27.so
7f3f86c7c000-7f3f86c7d000 r--p 0019c000 00:00 1163825            /lib/x86_64-linux-gnu/libm-2.27.so
7f3f86c7d000-7f3f86c7e000 rw-p 0019d000 00:00 1163825            /lib/x86_64-linux-gnu/libm-2.27.so
7f3f86c80000-7f3f86df9000 r-xp 00000000 00:00 1252565            /usr/lib/x86_64-linux-gnu/libstdc++.so.6.0.25
7f3f86df9000-7f3f86e06000 ---p 00179000 00:00 1252565            /usr/lib/x86_64-linux-gnu/libstdc++.so.6.0.25
7f3f86e06000-7f3f86ff9000 ---p 00000186 00:00 1252565            /usr/lib/x86_64-linux-gnu/libstdc++.so.6.0.25
7f3f86ff9000-7f3f87003000 r--p 00179000 00:00 1252565            /usr/lib/x86_64-linux-gnu/libstdc++.so.6.0.25
7f3f87003000-7f3f87005000 rw-p 00183000 00:00 1252565            /usr/lib/x86_64-linux-gnu/libstdc++.so.6.0.25
7f3f87005000-7f3f87009000 rw-p 00000000 00:00 0
7f3f87010000-7f3f87caa000 r-xp 00000000 00:00 213574             /usr/lib/jvm/java-8-openjdk-amd64/jre/lib/amd64/server/libjvm.so
7f3f87caa000-7f3f87d74000 ---p 00c9a000 00:00 213574             /usr/lib/jvm/java-8-openjdk-amd64/jre/lib/amd64/server/libjvm.so
7f3f87d74000-7f3f87ea9000 ---p 00000d64 00:00 213574             /usr/lib/jvm/java-8-openjdk-amd64/jre/lib/amd64/server/libjvm.so
7f3f87ea9000-7f3f87f3d000 r--p 00c99000 00:00 213574             /usr/lib/jvm/java-8-openjdk-amd64/jre/lib/amd64/server/libjvm.so
7f3f87f3d000-7f3f87f66000 rw-p 00d2d000 00:00 213574             /usr/lib/jvm/java-8-openjdk-amd64/jre/lib/amd64/server/libjvm.so
7f3f87f66000-7f3f87f96000 rw-p 00000000 00:00 0
7f3f87fa0000-7f3f87fba000 r-xp 00000000 00:00 1163883            /lib/x86_64-linux-gnu/libpthread-2.27.so
7f3f87fba000-7f3f87fc4000 ---p 0001a000 00:00 1163883            /lib/x86_64-linux-gnu/libpthread-2.27.so
7f3f87fc4000-7f3f881b9000 ---p 00000024 00:00 1163883            /lib/x86_64-linux-gnu/libpthread-2.27.so
7f3f881b9000-7f3f881ba000 r--p 00019000 00:00 1163883            /lib/x86_64-linux-gnu/libpthread-2.27.so
7f3f881ba000-7f3f881bb000 rw-p 0001a000 00:00 1163883            /lib/x86_64-linux-gnu/libpthread-2.27.so
7f3f881bb000-7f3f881bf000 rw-p 00000000 00:00 0
7f3f881c0000-7f3f881c3000 r-xp 00000000 00:00 1163697            /lib/x86_64-linux-gnu/libdl-2.27.so
7f3f881c3000-7f3f881c4000 ---p 00003000 00:00 1163697            /lib/x86_64-linux-gnu/libdl-2.27.so
7f3f881c4000-7f3f883c2000 ---p 00000004 00:00 1163697            /lib/x86_64-linux-gnu/libdl-2.27.so
7f3f883c2000-7f3f883c3000 r--p 00002000 00:00 1163697            /lib/x86_64-linux-gnu/libdl-2.27.so
7f3f883c3000-7f3f883c4000 rw-p 00003000 00:00 1163697            /lib/x86_64-linux-gnu/libdl-2.27.so
7f3f883d0000-7f3f883ec000 r-xp 00000000 00:00 1163923            /lib/x86_64-linux-gnu/libz.so.1.2.11
7f3f883ec000-7f3f883ed000 ---p 0001c000 00:00 1163923            /lib/x86_64-linux-gnu/libz.so.1.2.11
7f3f883ed000-7f3f885eb000 ---p 0000001d 00:00 1163923            /lib/x86_64-linux-gnu/libz.so.1.2.11
7f3f885eb000-7f3f885ec000 r--p 0001b000 00:00 1163923            /lib/x86_64-linux-gnu/libz.so.1.2.11
7f3f885ec000-7f3f885ed000 rw-p 0001c000 00:00 1163923            /lib/x86_64-linux-gnu/libz.so.1.2.11
7f3f885f0000-7f3f887d7000 r-xp 00000000 00:00 1163633            /lib/x86_64-linux-gnu/libc-2.27.so
7f3f887d7000-7f3f887e0000 ---p 001e7000 00:00 1163633            /lib/x86_64-linux-gnu/libc-2.27.so
7f3f887e0000-7f3f889d7000 ---p 000001f0 00:00 1163633            /lib/x86_64-linux-gnu/libc-2.27.so
7f3f889d7000-7f3f889db000 r--p 001e7000 00:00 1163633            /lib/x86_64-linux-gnu/libc-2.27.so
7f3f889db000-7f3f889dd000 rw-p 001eb000 00:00 1163633            /lib/x86_64-linux-gnu/libc-2.27.so
7f3f889dd000-7f3f889e1000 rw-p 00000000 00:00 0
7f3f889f0000-7f3f889fe000 r-xp 00000000 00:00 213532             /usr/lib/jvm/java-8-openjdk-amd64/jre/lib/amd64/jli/libjli.so
7f3f889fe000-7f3f889ff000 ---p 0000e000 00:00 213532             /usr/lib/jvm/java-8-openjdk-amd64/jre/lib/amd64/jli/libjli.so
7f3f889ff000-7f3f88bfd000 ---p 0000000f 00:00 213532             /usr/lib/jvm/java-8-openjdk-amd64/jre/lib/amd64/jli/libjli.so
7f3f88bfd000-7f3f88bfe000 r--p 0000d000 00:00 213532             /usr/lib/jvm/java-8-openjdk-amd64/jre/lib/amd64/jli/libjli.so
7f3f88bfe000-7f3f88bff000 rw-p 0000e000 00:00 213532             /usr/lib/jvm/java-8-openjdk-amd64/jre/lib/amd64/jli/libjli.so
7f3f88c00000-7f3f88c26000 r-xp 00000000 00:00 1163578            /lib/x86_64-linux-gnu/ld-2.27.so
7f3f88c26000-7f3f88c27000 r-xp 00026000 00:00 1163578            /lib/x86_64-linux-gnu/ld-2.27.so
7f3f88c40000-7f3f88c8e000 rw-p 00000000 00:00 0
7f3f88c90000-7f3f88ceb000 rw-p 00000000 00:00 0
7f3f88cf0000-7f3f88d18000 rw-p 00000000 00:00 0
7f3f88d20000-7f3f88d21000 ---p 00000000 00:00 0
7f3f88d21000-7f3f88e21000 rw-p 00000000 00:00 0
7f3f88e27000-7f3f88e28000 r--p 00027000 00:00 1163578            /lib/x86_64-linux-gnu/ld-2.27.so
7f3f88e28000-7f3f88e29000 rw-p 00028000 00:00 1163578            /lib/x86_64-linux-gnu/ld-2.27.so
7f3f88e29000-7f3f88e2a000 rw-p 00000000 00:00 0
7f3f88e30000-7f3f88e35000 r--s 000a0000 00:00 213618             /usr/lib/jvm/java-8-openjdk-amd64/jre/lib/jsse.jar
7f3f88e35000-7f3f88e50000 r--s 00394000 00:00 213588             /usr/lib/jvm/java-8-openjdk-amd64/jre/lib/ext/cldrdata.jar
7f3f88e50000-7f3f88e78000 rw-p 00000000 00:00 0
7f3f88e7a000-7f3f88e80000 r--s 0004e000 00:00 614318             /mnt/c/Users/ksank/akka-resources/src/libs/salsa1.1.5.jar
7f3f88e80000-7f3f88e81000 rw-p 00000000 00:00 0
7f3f88e81000-7f3f88e87000 r--s 0002b000 00:00 155396             /mnt/c/Users/ksank/akka-resources/src/libs/kotlin-runtime-1.2.20-dev-331.jar
7f3f88e87000-7f3f88e8a000 r--s 00038000 00:00 213598             /usr/lib/jvm/java-8-openjdk-amd64/jre/lib/ext/sunpkcs11.jar
7f3f88e8a000-7f3f88e90000 r--s 0003b000 00:00 213596             /usr/lib/jvm/java-8-openjdk-amd64/jre/lib/ext/sunjce_provider.jar
7f3f88e90000-7f3f88e91000 ---p 00000000 00:00 0
7f3f88e91000-7f3f88e92000 r--s 00010000 00:00 213599             /usr/lib/jvm/java-8-openjdk-amd64/jre/lib/ext/zipfs.jar
7f3f88e92000-7f3f88e94000 r--s 00008000 00:00 213595             /usr/lib/jvm/java-8-openjdk-amd64/jre/lib/ext/sunec.jar
7f3f88e94000-7f3f88e9e000 r--s 00116000 00:00 39595              /usr/lib/jvm/java-8-openjdk-amd64/jre/lib/ext/localedata.jar
7f3f88e9e000-7f3f88ea0000 r--s 00007000 00:00 215852             /usr/share/java/java-atk-wrapper.jar
7f3f88ea0000-7f3f88ea4000 ---p 00000000 00:00 0
7f3f88ea4000-7f3f88fa1000 rw-p 00000000 00:00 0
7f3f88fa1000-7f3f88fa2000 r--s 0000a000 00:00 213591             /usr/lib/jvm/java-8-openjdk-amd64/jre/lib/ext/jaccess.jar
7f3f88fa2000-7f3f88fa5000 r--s 0000f000 00:00 213590             /usr/lib/jvm/java-8-openjdk-amd64/jre/lib/ext/icedtea-sound.jar
7f3f88fa5000-7f3f88fa7000 r--s 00001000 00:00 213589             /usr/lib/jvm/java-8-openjdk-amd64/jre/lib/ext/dnsns.jar
7f3f88fa7000-7f3f88fa8000 r--p 00000000 00:00 1165090            /usr/lib/locale/C.UTF-8/LC_NUMERIC
7f3f88fa8000-7f3f88fa9000 r--p 00000000 00:00 1165093            /usr/lib/locale/C.UTF-8/LC_TIME
7f3f88fa9000-7f3f88fb0000 r--s 00000000 00:00 1170996            /usr/lib/x86_64-linux-gnu/gconv/gconv-modules.cache
7f3f88fb0000-7f3f88fb2000 rw-p 00000000 00:00 0
7f3f88fb2000-7f3f88fb3000 r--p 00000000 00:00 1165088            /usr/lib/locale/C.UTF-8/LC_MONETARY
7f3f88fb3000-7f3f88fb4000 r--p 00000000 00:00 1165087            /usr/lib/locale/C.UTF-8/LC_MESSAGES/SYS_LC_MESSAGES
7f3f88fb4000-7f3f88fb5000 r--p 00000000 00:00 1165091            /usr/lib/locale/C.UTF-8/LC_PAPER
7f3f88fb5000-7f3f88fb6000 r--p 00000000 00:00 1165089            /usr/lib/locale/C.UTF-8/LC_NAME
7f3f88fb6000-7f3f88fb7000 r--p 00000000 00:00 1165081            /usr/lib/locale/C.UTF-8/LC_ADDRESS
7f3f88fb7000-7f3f88fb8000 r--p 00000000 00:00 1165092            /usr/lib/locale/C.UTF-8/LC_TELEPHONE
7f3f88fb8000-7f3f88fc0000 rw-s 00000000 00:00 1132500            /tmp/hsperfdata_rohankasi/10719
7f3f88fc0000-7f3f88fc2000 rw-p 00000000 00:00 0
7f3f88fc2000-7f3f88fc3000 r--p 00000000 00:00 1165085            /usr/lib/locale/C.UTF-8/LC_MEASUREMENT
7f3f88fc3000-7f3f88fc4000 r--p 00000000 00:00 1165084            /usr/lib/locale/C.UTF-8/LC_IDENTIFICATION
7f3f89000000-7f3f89001000 r-xp 00000000 00:00 213513             /usr/lib/jvm/java-8-openjdk-amd64/jre/bin/java
7f3f89200000-7f3f89201000 r--p 00000000 00:00 213513             /usr/lib/jvm/java-8-openjdk-amd64/jre/bin/java
7f3f89201000-7f3f89202000 rw-p 00001000 00:00 213513             /usr/lib/jvm/java-8-openjdk-amd64/jre/bin/java
7fffc1c36000-7fffc1c57000 rw-p 00000000 00:00 0                  [heap]
7fffc9cc0000-7fffca4c0000 rw-p 00000000 00:00 0                  [stack]
7fffca94c000-7fffca94d000 r-xp 00000000 00:00 0                  [vdso]

VM Arguments:
jvm_args: -Duan=uan://localhost:3030/id63 
java_command: examples.chat.SpeakerKtKt uan://localhost:3030/id1 uan://localhost:3030/id63
java_class_path (initial): .:./libs/kotlin-runtime-1.2.20-dev-331.jar:./libs/salsa1.1.5.jar
Launcher Type: SUN_STANDARD

Environment Variables:
PATH=/home/rohankasi/.local/bin:/home/rohankasi/.sdkman/candidates/kotlin/current/bin:/opt/maven/bin:/usr/local/sbin:/usr/local/bin:/usr/sbin:/usr/bin:/sbin:/bin:/usr/games:/usr/local/games:/mnt/c/Program Files/WindowsApps/CanonicalGroupLimited.UbuntuonWindows_1804.2019.521.0_x64__79rhkp1fndgsc:/mnt/c/ProgramData/DockerDesktop/version-bin:/mnt/c/Program Files/Docker/Docker/resources/bin:/mnt/c/Python34:/mnt/c/Python34/Scripts:/mnt/c/Program Files/Haskell Platform/8.0.1/lib/extralibs/bin:/mnt/c/Program Files/Haskell Platform/8.0.1/bin:/mnt/c/Program Files (x86)/Intel/iCLS Client:/mnt/c/Program Files/Intel/iCLS Client:/mnt/c/Windows/System32:/mnt/c/Windows:/mnt/c/Windows/System32/wbem:/mnt/c/Windows/System32/WindowsPowerShell/v1.0:/mnt/c/Program Files (x86)/Intel/Intel(R) Management Engine Components/DAL:/mnt/c/Program Files/Intel/Intel(R) Management Engine Components/DAL:/mnt/c/Program Files (x86)/Intel/Intel(R) Management Engine Components/IPT:/mnt/c/Program Files/Intel/Intel(R) Management Engine Components/IPT:/mnt/c/Program Files/Haskell Platform/8.0.1/mingw/bin:/mnt/c/Program Files (x86)/GtkSharp/2.12/bin:/mnt/c/Program Files/Git/cmd:/mnt/c/Program Files/PuTTY:/mnt/c/Program Files/doxygen/bin:/mnt/c/Program Files/cURL/bin:/mnt/c/Program Files/nodejs:/mnt/c/Windows/System32/OpenSSH:/mnt/c/Program Files/Microsoft Windows Performance Toolkit:/mnt/c/TDM-GCC-64/bin:/mnt/c/Program Files/Intel/WiFi/bin:/mnt/c/Program Files/Common Files/Intel/WirelessCommon:/mnt/c/Users/ksank/AppData/Roaming/local/bin:/mnt/c/Users/ksank/AppData/Local/Microsoft/WindowsApps:/mnt/c/Users/ksank/Downloads/svm_light:/mnt/c/Program Files (x86)/Java/jdk1.8.0_144/bin:/mnt/c/Users/ksank/AppData/Local/.meteor:/mnt/c/Users/ksank/AppData/Roaming/npm:/mnt/c/MinGW/bin:/mnt/c/Users/ksank/AppData/Local/atom/bin:/snap/bin
SHELL=/bin/bash
HOSTTYPE=x86_64

Signal Handlers:
SIGSEGV: [libjvm.so+0xab2ea0], sa_mask[0]=11111111111111111111111111111110, sa_flags=SA_RESTART|SA_SIGINFO
SIGBUS: [libjvm.so+0xab2ea0], sa_mask[0]=11111111111111111111111111111110, sa_flags=SA_RESTART|SA_SIGINFO
SIGFPE: [libjvm.so+0x8e87b0], sa_mask[0]=11111111111111111111111111111110, sa_flags=SA_RESTART|SA_SIGINFO
SIGPIPE: [libjvm.so+0x8e87b0], sa_mask[0]=11111111111111111111111111111110, sa_flags=SA_RESTART|SA_SIGINFO
SIGXFSZ: [libjvm.so+0x8e87b0], sa_mask[0]=11111111111111111111111111111110, sa_flags=SA_RESTART|SA_SIGINFO
SIGILL: [libjvm.so+0x8e87b0], sa_mask[0]=11111111111111111111111111111110, sa_flags=SA_RESTART|SA_SIGINFO
SIGUSR1: SIG_DFL, sa_mask[0]=00000000000000000000000000000000, sa_flags=none
SIGUSR2: [libjvm.so+0x8e8660], sa_mask[0]=00000000000000000000000000000000, sa_flags=SA_RESTART|SA_SIGINFO
SIGHUP: [libjvm.so+0x8e8cd0], sa_mask[0]=11111111111111111111111111111110, sa_flags=SA_RESTART|SA_SIGINFO
SIGINT: SIG_IGN, sa_mask[0]=00000000000000000000000000000000, sa_flags=none
SIGTERM: [libjvm.so+0x8e8cd0], sa_mask[0]=11111111111111111111111111111110, sa_flags=SA_RESTART|SA_SIGINFO
SIGQUIT: [libjvm.so+0x8e8cd0], sa_mask[0]=11111111111111111111111111111110, sa_flags=SA_RESTART|SA_SIGINFO


---------------  S Y S T E M  ---------------

OS:DISTRIB_ID=Ubuntu
DISTRIB_RELEASE=18.04
DISTRIB_CODENAME=bionic
DISTRIB_DESCRIPTION="Ubuntu 18.04.1 LTS"

uname:Linux 4.4.0-17134-Microsoft #706-Microsoft Mon Apr 01 18:13:00 PST 2019 x86_64
libc:glibc 2.27 NPTL 2.27 
rlimit: STACK 8192k, CORE 0k, NPROC 7823, NOFILE 65536, AS infinity
load average:0.52 0.58 0.59

/proc/meminfo:
MemTotal:        8233460 kB
MemFree:          286180 kB
Buffers:           34032 kB
Cached:           188576 kB
SwapCached:            0 kB
Active:           167556 kB
Inactive:         157876 kB
Active(anon):     103104 kB
Inactive(anon):    17440 kB
Active(file):      64452 kB
Inactive(file):   140436 kB
Unevictable:           0 kB
Mlocked:               0 kB
SwapTotal:      15465852 kB
SwapFree:       12370792 kB
Dirty:                 0 kB
Writeback:             0 kB
AnonPages:        102824 kB
Mapped:            71404 kB
Shmem:             17720 kB
Slab:              13868 kB
SReclaimable:       6744 kB
SUnreclaim:         7124 kB
KernelStack:        2848 kB
PageTables:         2524 kB
NFS_Unstable:          0 kB
Bounce:                0 kB
WritebackTmp:          0 kB
CommitLimit:      515524 kB
Committed_AS:    3450064 kB
VmallocTotal:     122880 kB
VmallocUsed:       21296 kB
VmallocChunk:      66044 kB
HardwareCorrupted:     0 kB
AnonHugePages:      2048 kB
HugePages_Total:       0
HugePages_Free:        0
HugePages_Rsvd:        0
HugePages_Surp:        0
Hugepagesize:       2048 kB
DirectMap4k:       12280 kB
DirectMap4M:      897024 kB


CPU:total 4 (initial active 4) (2 cores per cpu, 2 threads per core) family 6 model 78 stepping 3, cmov, cx8, fxsr, mmx, sse, sse2, sse3, ssse3, sse4.1, sse4.2, popcnt, avx, avx2, aes, clmul, erms, 3dnowpref, lzcnt, ht, tsc, tscinvbit, bmi1, bmi2, adx

/proc/cpuinfo:
processor	: 0
vendor_id	: GenuineIntel
cpu family	: 6
model		: 78
model name	: Intel(R) Core(TM) i5-6200U CPU @ 2.30GHz
stepping	: 3
microcode	: 0xffffffff
cpu MHz		: 2400.000
cache size	: 256 KB
physical id	: 0
siblings	: 4
core id		: 0
cpu cores	: 2
apicid		: 0
initial apicid	: 0
fpu		: yes
fpu_exception	: yes
cpuid level	: 6
wp		: yes
flags		: fpu vme de pse tsc msr pae mce cx8 apic sep mtrr pge mca cmov pat pse36 clflush dts acpi mmx fxsr sse sse2 ss ht tm pbe syscall nx pdpe1gb rdtscp lm pni pclmulqdq est tm2 ssse3 fma cx16 xtpr pdcm pcid sse4_1 sse4_2 movbe popcnt aes xsave osxsave avx f16c rdrand hypervisor
bogomips	: 4800.00
clflush size	: 64
cache_alignment	: 64
address sizes	: 36 bits physical, 48 bits virtual
power management:

processor	: 1
vendor_id	: GenuineIntel
cpu family	: 6
model		: 78
model name	: Intel(R) Core(TM) i5-6200U CPU @ 2.30GHz
stepping	: 3
microcode	: 0xffffffff
cpu MHz		: 2400.000
cache size	: 256 KB
physical id	: 0
siblings	: 4
core id		: 0
cpu cores	: 2
apicid		: 0
initial apicid	: 0
fpu		: yes
fpu_exception	: yes
cpuid level	: 6
wp		: yes
flags		: fpu vme de pse tsc msr pae mce cx8 apic sep mtrr pge mca cmov pat pse36 clflush dts acpi mmx fxsr sse sse2 ss ht tm pbe syscall nx pdpe1gb rdtscp lm pni pclmulqdq est tm2 ssse3 fma cx16 xtpr pdcm pcid sse4_1 sse4_2 movbe popcnt aes xsave osxsave avx f16c rdrand hypervisor
bogomips	: 4800.00
clflush size	: 64
cache_alignment	: 64
address sizes	: 36 bits physical, 48 bits virtual
power management:

processor	: 2
vendor_id	: GenuineIntel
cpu family	: 6
model		: 78
model name	: Intel(R) Core(TM) i5-6200U CPU @ 2.30GHz
stepping	: 3
microcode	: 0xffffffff
cpu MHz		: 2400.000
cache size	: 256 KB
physical id	: 0
siblings	: 4
core id		: 1
cpu cores	: 2
apicid		: 0
initial apicid	: 0
fpu		: yes
fpu_exception	: yes
cpuid level	: 6
wp		: yes
flags		: fpu vme de pse tsc msr pae mce cx8 apic sep mtrr pge mca cmov pat pse36 clflush dts acpi mmx fxsr sse sse2 ss ht tm pbe syscall nx pdpe1gb rdtscp lm pni pclmulqdq est tm2 ssse3 fma cx16 xtpr pdcm pcid sse4_1 sse4_2 movbe popcnt aes xsave osxsave avx f16c rdrand hypervisor
bogomips	: 4800.00
clflush size	: 64
cache_alignment	: 64
address sizes	: 36 bits physical, 48 bits virtual
power management:

processor	: 3
vendor_id	: GenuineIntel
cpu family	: 6
model		: 78
model name	: Intel(R) Core(TM) i5-6200U CPU @ 2.30GHz
stepping	: 3
microcode	: 0xffffffff
cpu MHz		: 2400.000
cache size	: 256 KB
physical id	: 0
siblings	: 4
core id		: 1
cpu cores	: 2
apicid		: 0
initial apicid	: 0
fpu		: yes
fpu_exception	: yes
cpuid level	: 6
wp		: yes
flags		: fpu vme de pse tsc msr pae mce cx8 apic sep mtrr pge mca cmov pat pse36 clflush dts acpi mmx fxsr sse sse2 ss ht tm pbe syscall nx pdpe1gb rdtscp lm pni pclmulqdq est tm2 ssse3 fma cx16 xtpr pdcm pcid sse4_1 sse4_2 movbe popcnt aes xsave osxsave avx f16c rdrand hypervisor
bogomips	: 4800.00
clflush size	: 64
cache_alignment	: 64
address sizes	: 36 bits physical, 48 bits virtual
power management:



Memory: 4k page, physical 8233460k(286660k free), swap 15465852k(12370792k free)

vm_info: OpenJDK 64-Bit Server VM (25.191-b12) for linux-amd64 JRE (1.8.0_191-8u191-b12-2ubuntu0.18.04.1-b12), built on Jan 14 2019 21:02:00 by "buildd" with gcc 7.3.0

time: Wed Nov 13 17:26:04 2019
elapsed time: 793 seconds (0d 0h 13m 13s)

