#
# A fatal error has been detected by the Java Runtime Environment:
#
#  SIGSEGV (0xb) at pc=0x00007fd931235fd1, pid=25191, tid=0x00007fd914e20700
#
# JRE version: OpenJDK Runtime Environment (8.0_191-b12) (build 1.8.0_191-8u191-b12-2ubuntu0.18.04.1-b12)
# Java VM: OpenJDK 64-Bit Server VM (25.191-b12 mixed mode linux-amd64 compressed oops)
# Problematic frame:
# V  [libjvm.so+0x625fd1]
#
# Failed to write core dump. Core dumps have been disabled. To enable core dumping, try "ulimit -c unlimited" before starting Java again
#
# If you would like to submit a bug report, please visit:
#   http://bugreport.java.com/bugreport/crash.jsp
#

---------------  T H R E A D  ---------------

Current thread (0x00007fd92c0bb800):  JavaThread "C2 CompilerThread0" daemon [_thread_in_native, id=25790, stack(0x00007fd914d21000,0x00007fd914e21000)]

siginfo: si_signo: 11 (SIGSEGV), si_code: 2 (SEGV_ACCERR), si_addr: 0x00007fd8f678a000

Registers:
RAX=0x00007fd8f6789f00, RBX=0x00007fd8d736c320, RCX=0x0000000000000020, RDX=0x0000000000000021
RSP=0x00007fd914e1c740, RBP=0x00007fd914e1c760, RSI=0x00007fd931b70b20, RDI=0x0000000000000010
R8 =0x0000000000000000, R9 =0x00000000000082a1, R10=0xfffffffffffff000, R11=0x0000000002788000
R12=0x0000000000000218, R13=0x00007fd914e1c870, R14=0x00000000001b01f8, R15=0x00000000000ac3a0
RIP=0x00007fd931235fd1, EFLAGS=0x0000000000010206, CSGSFS=0x00000053002b0033, ERR=0x0000000000000000
  TRAPNO=0x0000000000000000

Top of Stack: (sp=0x00007fd914e1c740)
0x00007fd914e1c740:   00007fd914e1c8a0 000000000006fec0
0x00007fd914e1c750:   00007fd914e1c8a0 000000000000427b
0x00007fd914e1c760:   00007fd914e1c7b0 00007fd93122dd6b
0x00007fd914e1c770:   ffffffffffffffff ffffffffffffffff
0x00007fd914e1c780:   00007fd914e1c7b0 00007fd914e1c870
0x00007fd914e1c790:   00007fd914e1c8e0 00007fd914e1c940
0x00007fd914e1c7a0:   00007fd931b406b8 00007fd914e1cb40
0x00007fd914e1c7b0:   00007fd914e1ca40 00007fd930fef0dc
0x00007fd914e1c7c0:   00000000000109a0 ffffffffffffffb0
0x00007fd914e1c7d0:   00007fd914e1c8a0 00007fd914e1c840
0x00007fd914e1c7e0:   00007fd914e1c870 00007fd8f43972e0
0x00007fd914e1c7f0:   00007fd8f43972f0 00007fd8f43976c8
0x00007fd914e1c800:   00000000000003d8 00007fd8f4304c60
0x00007fd914e1c810:   00007fd931ab1030 000000000000000d
0x00007fd914e1c820:   00007fd914e1eef0 00007fd914e1cb40
0x00007fd914e1c830:   0000000000004255 00007fd914e1c8d0
0x00007fd914e1c840:   0000000000000006 00007fd8f4398130
0x00007fd914e1c850:   00007fd8f4398130 00007fd8f4398140
0x00007fd914e1c860:   00007fd8f4398518 00000000000003d8
0x00007fd914e1c870:   00007fd900000006 00007fd8f43972e0
0x00007fd914e1c880:   00007fd8f6787d70 00007fd8f678a118
0x00007fd914e1c890:   00007fd8f678fd58 0000000000690750
0x00007fd914e1c8a0:   00007fd90000000c 00007fd914e1eef0
0x00007fd914e1c8b0:   00007fd8d72c0020 00007fd930ecc900
0x00007fd914e1c8c0:   00007fd8f6587c00 00007fd90000427b
0x00007fd914e1c8d0:   00007fd914e1c870 00007fd8f43972f0
0x00007fd914e1c8e0:   000000000000000a 00007fd914e1eef0
0x00007fd914e1c8f0:   00007fd8f5af17f0 00007fd8f53827a0
0x00007fd914e1c900:   00007fd8f6456b20 00007fd8f645b408
0x00007fd914e1c910:   00007fd8f4bc81a0 00007fd914e1cab0
0x00007fd914e1c920:   00007fd914e1cc50 00007fd900004217
0x00007fd914e1c930:   00007fd914e1c870 00007fd93120a67d 

Instructions: (pc=0x00007fd931235fd1)
0x00007fd931235fb1:   08 85 f6 74 27 31 d2 48 8d 35 61 ab 93 00 eb 0b
0x00007fd931235fc1:   0f 1f 80 00 00 00 00 48 8b 43 08 89 d1 83 c2 01
0x00007fd931235fd1:   48 89 34 c8 39 93 90 00 00 00 77 eb 48 83 c4 08
0x00007fd931235fe1:   5b 41 5c 41 5d 5d c3 0f 1f 84 00 00 00 00 00 48 

Register to memory mapping:

RAX=0x00007fd8f6789f00 is an unknown value
RBX=0x00007fd8d736c320 is an unknown value
RCX=0x0000000000000020 is an unknown value
RDX=0x0000000000000021 is an unknown value
RSP=0x00007fd914e1c740 is pointing into the stack for thread: 0x00007fd92c0bb800
RBP=0x00007fd914e1c760 is pointing into the stack for thread: 0x00007fd92c0bb800
RSI=0x00007fd931b70b20: <offset 0xf60b20> in /usr/lib/jvm/java-8-openjdk-amd64/jre/lib/amd64/server/libjvm.so at 0x00007fd930c10000
RDI=0x0000000000000010 is an unknown value
R8 =0x0000000000000000 is an unknown value
R9 =0x00000000000082a1 is an unknown value
R10=0xfffffffffffff000 is an unknown value
R11=0x0000000002788000 is an unknown value
R12=0x0000000000000218 is an unknown value
R13=0x00007fd914e1c870 is pointing into the stack for thread: 0x00007fd92c0bb800
R14=0x00000000001b01f8 is an unknown value
R15=0x00000000000ac3a0 is an unknown value


Stack: [0x00007fd914d21000,0x00007fd914e21000],  sp=0x00007fd914e1c740,  free space=1005k
Native frames: (J=compiled Java code, j=interpreted, Vv=VM code, C=native code)
V  [libjvm.so+0x625fd1]
V  [libjvm.so+0x61dd6b]
V  [libjvm.so+0x3df0dc]
V  [libjvm.so+0x478448]
V  [libjvm.so+0x47948b]
V  [libjvm.so+0x3c08da]
V  [libjvm.so+0x48487b]
V  [libjvm.so+0x486b58]
V  [libjvm.so+0xa4fd93]
V  [libjvm.so+0xa501c2]
V  [libjvm.so+0x8ea992]
C  [libpthread.so.0+0x76db]  start_thread+0xdb


Current CompileTask:
C2: 803599 1146   !   4       gc.WeakReference::send (199 bytes)


---------------  P R O C E S S  ---------------

Java Threads: ( => current thread )
  0x00007fd8ac002000 JavaThread "Thread-11" [_thread_blocked, id=29592, stack(0x00007fd8d7670000,0x00007fd8d7771000)]
  0x00007fd8d8009800 JavaThread "Handler Loop 4" [_thread_in_native, id=29403, stack(0x00007fd8d7560000,0x00007fd8d7661000)]
  0x00007fd8d8005800 JavaThread "gc.serverGC.GCAgent$State" [_thread_blocked, id=27865, stack(0x00007fd8d7890000,0x00007fd8d7991000)]
  0x00007fd8d8003000 JavaThread "wwc.messaging.WWCSystem$State" [_thread_blocked, id=27862, stack(0x00007fd8d79a0000,0x00007fd8d7aa1000)]
  0x00007fd92c00b000 JavaThread "DestroyJavaVM" [_thread_blocked, id=25225, stack(0x00007fd932921000,0x00007fd932a21000)]
  0x00007fd8c8007800 JavaThread "wwc.resources.StandardInput$State" [_thread_blocked, id=27546, stack(0x00007fd8d7bc0000,0x00007fd8d7cc1000)]
  0x00007fd8c8004000 JavaThread "wwc.resources.StandardError$State" [_thread_blocked, id=27503, stack(0x00007fd8d7cd0000,0x00007fd8d7dd1000)]
  0x00007fd8c8001800 JavaThread "wwc.resources.StandardOutput$State" [_thread_blocked, id=27489, stack(0x00007fd8d7de0000,0x00007fd8d7ee1000)]
  0x00007fd92c184000 JavaThread "examples.chat.Speaker$State" [_thread_blocked, id=27235, stack(0x00007fd8d7ef0000,0x00007fd8d7ff1000)]
  0x00007fd92c181800 JavaThread "RunTime Exit Thead" daemon [_thread_blocked, id=27220, stack(0x00007fd914060000,0x00007fd914161000)]
  0x00007fd92c16f000 JavaThread "Clear Socket Thread" [_thread_blocked, id=26921, stack(0x00007fd914170000,0x00007fd914271000)]
  0x00007fd92c16d800 JavaThread "Listen Loop Thread" [_thread_in_native, id=26874, stack(0x00007fd914280000,0x00007fd914381000)]
  0x00007fd92c0c3000 JavaThread "Service Thread" daemon [_thread_blocked, id=26082, stack(0x00007fd9149f0000,0x00007fd914af1000)]
  0x00007fd92c0c0000 JavaThread "C1 CompilerThread2" daemon [_thread_blocked, id=25982, stack(0x00007fd914b01000,0x00007fd914c01000)]
  0x00007fd92c0be800 JavaThread "C2 CompilerThread1" daemon [_thread_blocked, id=25869, stack(0x00007fd914c11000,0x00007fd914d11000)]
=>0x00007fd92c0bb800 JavaThread "C2 CompilerThread0" daemon [_thread_in_native, id=25790, stack(0x00007fd914d21000,0x00007fd914e21000)]
  0x00007fd92c0ba000 JavaThread "Signal Dispatcher" daemon [_thread_blocked, id=25733, stack(0x00007fd914e30000,0x00007fd914f31000)]
  0x00007fd92c085000 JavaThread "Finalizer" daemon [_thread_blocked, id=25662, stack(0x00007fd915270000,0x00007fd915371000)]
  0x00007fd92c082800 JavaThread "Reference Handler" daemon [_thread_blocked, id=25642, stack(0x00007fd915380000,0x00007fd915481000)]

Other Threads:
  0x00007fd92c079000 VMThread [stack: 0x00007fd915491000,0x00007fd915591000] [id=25619]
  0x00007fd92c0c5800 WatcherThread [stack: 0x00007fd9148e1000,0x00007fd9149e1000] [id=26126]

VM state:not at safepoint (normal execution)

VM Mutex/Monitor currently owned by a thread: None

Heap:
 PSYoungGen      total 37888K, used 0K [0x00000000d6180000, 0x00000000d8b80000, 0x0000000100000000)
  eden space 32768K, 0% used [0x00000000d6180000,0x00000000d6180000,0x00000000d8180000)
  from space 5120K, 0% used [0x00000000d8180000,0x00000000d8180000,0x00000000d8680000)
  to   space 5120K, 0% used [0x00000000d8680000,0x00000000d8680000,0x00000000d8b80000)
 ParOldGen       total 86016K, used 1947K [0x0000000082400000, 0x0000000087800000, 0x00000000d6180000)
  object space 86016K, 2% used [0x0000000082400000,0x00000000825e6c38,0x0000000087800000)
 Metaspace       used 6009K, capacity 6208K, committed 6400K, reserved 1056768K
  class space    used 607K, capacity 698K, committed 768K, reserved 1048576K

Card table byte_map: [0x00007fd91b990000,0x00007fd91bd7f000] byte_map_base: 0x00007fd91b57e000

Marking Bits: (ParMarkBitMap*) 0x00007fd931b79340
 Begin Bits: [0x00007fd9173d0000, 0x00007fd919340000)
 End Bits:   [0x00007fd919340000, 0x00007fd91b2b0000)

Polling page: 0x00007fd932ac0000

CodeCache: size=245760Kb used=4266Kb max_used=4567Kb free=241493Kb
 bounds [0x00007fd91c140000, 0x00007fd91c5e0000, 0x00007fd92b140000]
 total_blobs=1212 nmethods=925 adapters=202
 compilation: enabled

Compilation events (10 events):
Event: 733.846 Thread 0x00007fd92c0c0000 nmethod 1131 0x00007fd91c258810 code [0x00007fd91c258980, 0x00007fd91c258b30]
Event: 734.266 Thread 0x00007fd92c0c0000 1132   !   3       sun.reflect.GeneratedMethodAccessor14::invoke (277 bytes)
Event: 734.268 Thread 0x00007fd92c0c0000 nmethod 1132 0x00007fd91c350c10 code [0x00007fd91c350f60, 0x00007fd91c3534a8]
Event: 734.268 Thread 0x00007fd92c0c0000 1133   !   3       sun.reflect.GeneratedMethodAccessor15::invoke (119 bytes)
Event: 734.269 Thread 0x00007fd92c0c0000 nmethod 1133 0x00007fd91c31c390 code [0x00007fd91c31c5e0, 0x00007fd91c31d448]
Event: 734.718 Thread 0x00007fd92c0be800 1134   !   4       java.io.ObjectInputStream::readSerialData (367 bytes)
Event: 735.015 Thread 0x00007fd92c0be800 nmethod 1134 0x00007fd91c3de390 code [0x00007fd91c3de720, 0x00007fd91c3e1170]
Event: 756.168 Thread 0x00007fd92c0c0000 1135       3       java.util.regex.Pattern::expr (142 bytes)
Event: 756.169 Thread 0x00007fd92c0c0000 nmethod 1135 0x00007fd91c36d410 code [0x00007fd91c36d640, 0x00007fd91c36e158]
Event: 762.262 Thread 0x00007fd92c0bb800 1146   !   4       gc.WeakReference::send (199 bytes)

GC Heap History (10 events):
Event: 760.913 GC heap before
{Heap before GC invocations=296 (full 148):
 PSYoungGen      total 37888K, used 32K [0x00000000d6180000, 0x00000000d8b80000, 0x0000000100000000)
  eden space 32768K, 0% used [0x00000000d6180000,0x00000000d6180000,0x00000000d8180000)
  from space 5120K, 0% used [0x00000000d8680000,0x00000000d8688000,0x00000000d8b80000)
  to   space 5120K, 0% used [0x00000000d8180000,0x00000000d8180000,0x00000000d8680000)
 ParOldGen       total 86016K, used 1940K [0x0000000082400000, 0x0000000087800000, 0x00000000d6180000)
  object space 86016K, 2% used [0x0000000082400000,0x00000000825e51e0,0x0000000087800000)
 Metaspace       used 6009K, capacity 6208K, committed 6400K, reserved 1056768K
  class space    used 607K, capacity 698K, committed 768K, reserved 1048576K
Event: 761.086 GC heap after
Heap after GC invocations=296 (full 148):
 PSYoungGen      total 37888K, used 0K [0x00000000d6180000, 0x00000000d8b80000, 0x0000000100000000)
  eden space 32768K, 0% used [0x00000000d6180000,0x00000000d6180000,0x00000000d8180000)
  from space 5120K, 0% used [0x00000000d8680000,0x00000000d8680000,0x00000000d8b80000)
  to   space 5120K, 0% used [0x00000000d8180000,0x00000000d8180000,0x00000000d8680000)
 ParOldGen       total 86016K, used 1942K [0x0000000082400000, 0x0000000087800000, 0x00000000d6180000)
  object space 86016K, 2% used [0x0000000082400000,0x00000000825e5808,0x0000000087800000)
 Metaspace       used 6009K, capacity 6208K, committed 6400K, reserved 1056768K
  class space    used 607K, capacity 698K, committed 768K, reserved 1048576K
}
Event: 768.532 GC heap before
{Heap before GC invocations=297 (full 148):
 PSYoungGen      total 37888K, used 3276K [0x00000000d6180000, 0x00000000d8b80000, 0x0000000100000000)
  eden space 32768K, 10% used [0x00000000d6180000,0x00000000d64b33a8,0x00000000d8180000)
  from space 5120K, 0% used [0x00000000d8680000,0x00000000d8680000,0x00000000d8b80000)
  to   space 5120K, 0% used [0x00000000d8180000,0x00000000d8180000,0x00000000d8680000)
 ParOldGen       total 86016K, used 1942K [0x0000000082400000, 0x0000000087800000, 0x00000000d6180000)
  object space 86016K, 2% used [0x0000000082400000,0x00000000825e5808,0x0000000087800000)
 Metaspace       used 6009K, capacity 6208K, committed 6400K, reserved 1056768K
  class space    used 607K, capacity 698K, committed 768K, reserved 1048576K
Event: 769.114 GC heap after
Heap after GC invocations=297 (full 148):
 PSYoungGen      total 37888K, used 32K [0x00000000d6180000, 0x00000000d8b80000, 0x0000000100000000)
  eden space 32768K, 0% used [0x00000000d6180000,0x00000000d6180000,0x00000000d8180000)
  from space 5120K, 0% used [0x00000000d8180000,0x00000000d8188000,0x00000000d8680000)
  to   space 5120K, 0% used [0x00000000d8680000,0x00000000d8680000,0x00000000d8b80000)
 ParOldGen       total 86016K, used 1942K [0x0000000082400000, 0x0000000087800000, 0x00000000d6180000)
  object space 86016K, 2% used [0x0000000082400000,0x00000000825e5808,0x0000000087800000)
 Metaspace       used 6009K, capacity 6208K, committed 6400K, reserved 1056768K
  class space    used 607K, capacity 698K, committed 768K, reserved 1048576K
}
Event: 769.114 GC heap before
{Heap before GC invocations=298 (full 149):
 PSYoungGen      total 37888K, used 32K [0x00000000d6180000, 0x00000000d8b80000, 0x0000000100000000)
  eden space 32768K, 0% used [0x00000000d6180000,0x00000000d6180000,0x00000000d8180000)
  from space 5120K, 0% used [0x00000000d8180000,0x00000000d8188000,0x00000000d8680000)
  to   space 5120K, 0% used [0x00000000d8680000,0x00000000d8680000,0x00000000d8b80000)
 ParOldGen       total 86016K, used 1942K [0x0000000082400000, 0x0000000087800000, 0x00000000d6180000)
  object space 86016K, 2% used [0x0000000082400000,0x00000000825e5808,0x0000000087800000)
 Metaspace       used 6009K, capacity 6208K, committed 6400K, reserved 1056768K
  class space    used 607K, capacity 698K, committed 768K, reserved 1048576K
Event: 770.531 GC heap after
Heap after GC invocations=298 (full 149):
 PSYoungGen      total 37888K, used 0K [0x00000000d6180000, 0x00000000d8b80000, 0x0000000100000000)
  eden space 32768K, 0% used [0x00000000d6180000,0x00000000d6180000,0x00000000d8180000)
  from space 5120K, 0% used [0x00000000d8180000,0x00000000d8180000,0x00000000d8680000)
  to   space 5120K, 0% used [0x00000000d8680000,0x00000000d8680000,0x00000000d8b80000)
 ParOldGen       total 86016K, used 1947K [0x0000000082400000, 0x0000000087800000, 0x00000000d6180000)
  object space 86016K, 2% used [0x0000000082400000,0x00000000825e6c38,0x0000000087800000)
 Metaspace       used 6009K, capacity 6208K, committed 6400K, reserved 1056768K
  class space    used 607K, capacity 698K, committed 768K, reserved 1048576K
}
Event: 784.255 GC heap before
{Heap before GC invocations=299 (full 149):
 PSYoungGen      total 37888K, used 1310K [0x00000000d6180000, 0x00000000d8b80000, 0x0000000100000000)
  eden space 32768K, 3% used [0x00000000d6180000,0x00000000d62c7ae0,0x00000000d8180000)
  from space 5120K, 0% used [0x00000000d8180000,0x00000000d8180000,0x00000000d8680000)
  to   space 5120K, 0% used [0x00000000d8680000,0x00000000d8680000,0x00000000d8b80000)
 ParOldGen       total 86016K, used 1947K [0x0000000082400000, 0x0000000087800000, 0x00000000d6180000)
  object space 86016K, 2% used [0x0000000082400000,0x00000000825e6c38,0x0000000087800000)
 Metaspace       used 6009K, capacity 6208K, committed 6400K, reserved 1056768K
  class space    used 607K, capacity 698K, committed 768K, reserved 1048576K
Event: 784.622 GC heap after
Heap after GC invocations=299 (full 149):
 PSYoungGen      total 37888K, used 0K [0x00000000d6180000, 0x00000000d8b80000, 0x0000000100000000)
  eden space 32768K, 0% used [0x00000000d6180000,0x00000000d6180000,0x00000000d8180000)
  from space 5120K, 0% used [0x00000000d8680000,0x00000000d8680000,0x00000000d8b80000)
  to   space 5120K, 0% used [0x00000000d8180000,0x00000000d8180000,0x00000000d8680000)
 ParOldGen       total 86016K, used 1947K [0x0000000082400000, 0x0000000087800000, 0x00000000d6180000)
  object space 86016K, 2% used [0x0000000082400000,0x00000000825e6c38,0x0000000087800000)
 Metaspace       used 6009K, capacity 6208K, committed 6400K, reserved 1056768K
  class space    used 607K, capacity 698K, committed 768K, reserved 1048576K
}
Event: 784.622 GC heap before
{Heap before GC invocations=300 (full 150):
 PSYoungGen      total 37888K, used 0K [0x00000000d6180000, 0x00000000d8b80000, 0x0000000100000000)
  eden space 32768K, 0% used [0x00000000d6180000,0x00000000d6180000,0x00000000d8180000)
  from space 5120K, 0% used [0x00000000d8680000,0x00000000d8680000,0x00000000d8b80000)
  to   space 5120K, 0% used [0x00000000d8180000,0x00000000d8180000,0x00000000d8680000)
 ParOldGen       total 86016K, used 1947K [0x0000000082400000, 0x0000000087800000, 0x00000000d6180000)
  object space 86016K, 2% used [0x0000000082400000,0x00000000825e6c38,0x0000000087800000)
 Metaspace       used 6009K, capacity 6208K, committed 6400K, reserved 1056768K
  class space    used 607K, capacity 698K, committed 768K, reserved 1048576K
Event: 788.113 GC heap after
Heap after GC invocations=300 (full 150):
 PSYoungGen      total 37888K, used 0K [0x00000000d6180000, 0x00000000d8b80000, 0x0000000100000000)
  eden space 32768K, 0% used [0x00000000d6180000,0x00000000d6180000,0x00000000d8180000)
  from space 5120K, 0% used [0x00000000d8680000,0x00000000d8680000,0x00000000d8b80000)
  to   space 5120K, 0% used [0x00000000d8180000,0x00000000d8180000,0x00000000d8680000)
 ParOldGen       total 86016K, used 1947K [0x0000000082400000, 0x0000000087800000, 0x00000000d6180000)
  object space 86016K, 2% used [0x0000000082400000,0x00000000825e6c38,0x0000000087800000)
 Metaspace       used 6009K, capacity 6208K, committed 6400K, reserved 1056768K
  class space    used 607K, capacity 698K, committed 768K, reserved 1048576K
}

Deoptimization events (10 events):
Event: 275.880 Thread 0x00007fd8d8007800 Uncommon trap: reason=null_check action=make_not_entrant pc=0x00007fd91c3a9794 method=java.io.ObjectStreamClass.lookup(Ljava/lang/Class;Z)Ljava/io/ObjectStreamClass; @ 45
Event: 286.759 Thread 0x00007fd8d8007800 Uncommon trap: reason=unstable_if action=reinterpret pc=0x00007fd91c4a3c60 method=java.io.ObjectInputStream.readSerialData(Ljava/lang/Object;Ljava/io/ObjectStreamClass;)V @ 84
Event: 286.760 Thread 0x00007fd8d8007800 Uncommon trap: reason=unstable_if action=reinterpret pc=0x00007fd91c3b2a94 method=java.io.ObjectStreamClass.hasReadResolveMethod()Z @ 8
Event: 286.841 Thread 0x00007fd92c184000 Uncommon trap: reason=unstable_if action=reinterpret pc=0x00007fd91c42a1f0 method=java.lang.reflect.Method.invoke(Ljava/lang/Object;[Ljava/lang/Object;)Ljava/lang/Object; @ 45
Event: 343.009 Thread 0x00007fd8d8009800 Uncommon trap: reason=unstable_if action=reinterpret pc=0x00007fd91c432678 method=java.io.ObjectInputStream.isCustomSubclass()Z @ 12
Event: 343.578 Thread 0x00007fd8a8003800 Uncommon trap: reason=unstable_if action=reinterpret pc=0x00007fd91c4fe670 method=java.io.ObjectStreamClass.writeNonProxy(Ljava/io/ObjectOutputStream;)V @ 142
Event: 379.814 Thread 0x00007fd8d8009800 Uncommon trap: reason=unstable_if action=reinterpret pc=0x00007fd91c2fe238 method=java.net.SocketInputStream.read([BIII)I @ 124
Event: 379.814 Thread 0x00007fd8d8009800 Uncommon trap: reason=unstable_if action=reinterpret pc=0x00007fd91c333d50 method=java.net.SocketInputStream.read()I @ 28
Event: 516.470 Thread 0x00007fd8d8007800 Uncommon trap: reason=unstable_if action=reinterpret pc=0x00007fd91c2fe238 method=java.net.SocketInputStream.read([BIII)I @ 124
Event: 516.482 Thread 0x00007fd8d8007800 Uncommon trap: reason=unstable_if action=reinterpret pc=0x00007fd91c333d50 method=java.net.SocketInputStream.read()I @ 28

Classes redefined (0 events):
No events

Internal exceptions (10 events):
Event: 164.810 Thread 0x00007fd8c8001800 Exception <a 'java/lang/IllegalArgumentException': argument type mismatch> (0x00000000d63b3d30) thrown at [/build/openjdk-8-5w_p1G/openjdk-8-8u191-b12/src/hotspot/src/share/vm/runtime/reflection.cpp, line 201]
Event: 164.810 Thread 0x00007fd8c8001800 Exception <a 'java/lang/IllegalArgumentException': argument type mismatch> (0x00000000d63b3fa8) thrown at [/build/openjdk-8-5w_p1G/openjdk-8-8u191-b12/src/hotspot/src/share/vm/runtime/reflection.cpp, line 201]
Event: 164.810 Thread 0x00007fd8c8001800 Exception <a 'java/lang/IllegalArgumentException': argument type mismatch> (0x00000000d63b4220) thrown at [/build/openjdk-8-5w_p1G/openjdk-8-8u191-b12/src/hotspot/src/share/vm/runtime/reflection.cpp, line 201]
Event: 164.810 Thread 0x00007fd8c8001800 Exception <a 'java/lang/IllegalArgumentException': argument type mismatch> (0x00000000d63b4498) thrown at [/build/openjdk-8-5w_p1G/openjdk-8-8u191-b12/src/hotspot/src/share/vm/runtime/reflection.cpp, line 201]
Event: 165.249 Thread 0x00007fd8c8001800 Exception <a 'java/lang/IllegalArgumentException': argument type mismatch> (0x00000000d63b9e00) thrown at [/build/openjdk-8-5w_p1G/openjdk-8-8u191-b12/src/hotspot/src/share/vm/runtime/reflection.cpp, line 201]
Event: 165.249 Thread 0x00007fd8c8001800 Exception <a 'java/lang/IllegalArgumentException': argument type mismatch> (0x00000000d63bc9c8) thrown at [/build/openjdk-8-5w_p1G/openjdk-8-8u191-b12/src/hotspot/src/share/vm/runtime/reflection.cpp, line 201]
Event: 165.250 Thread 0x00007fd8c8001800 Exception <a 'java/lang/IllegalArgumentException': argument type mismatch> (0x00000000d63bf658) thrown at [/build/openjdk-8-5w_p1G/openjdk-8-8u191-b12/src/hotspot/src/share/vm/runtime/reflection.cpp, line 201]
Event: 165.251 Thread 0x00007fd8c8001800 Exception <a 'java/lang/IllegalArgumentException': argument type mismatch> (0x00000000d63c23a8) thrown at [/build/openjdk-8-5w_p1G/openjdk-8-8u191-b12/src/hotspot/src/share/vm/runtime/reflection.cpp, line 201]
Event: 276.382 Thread 0x00007fd8d8007800 Exception <a 'java/lang/NoSuchMethodError': <clinit>> (0x00000000d6189db0) thrown at [/build/openjdk-8-5w_p1G/openjdk-8-8u191-b12/src/hotspot/src/share/vm/prims/jni.cpp, line 1613]
Event: 286.841 Thread 0x00007fd92c184000 Implicit null exception at 0x00007fd91c42a158 to 0x00007fd91c42a1d6

Events (10 events):
Event: 756.169 Thread 0x00007fd92c0c0000 flushing nmethod 0x00007fd91c461510
Event: 756.266 Thread 0x00007fd92c0c0000 flushing nmethod 0x00007fd91c466a50
Event: 756.266 Thread 0x00007fd92c0c0000 flushing nmethod 0x00007fd91c478350
Event: 758.343 Executing VM operation: ParallelGCSystemGC
Event: 758.388 Executing VM operation: ParallelGCSystemGC done
Event: 760.755 Executing VM operation: ParallelGCSystemGC
Event: 761.086 Executing VM operation: ParallelGCSystemGC done
Event: 768.327 Executing VM operation: ParallelGCSystemGC
Event: 770.531 Executing VM operation: ParallelGCSystemGC done
Event: 784.255 Executing VM operation: ParallelGCSystemGC


Dynamic libraries:
82400000-87800000 rw-p 00000000 00:00 0
87800000-d6180000 ---p 00000000 00:00 0
d6180000-d8b80000 rw-p 00000000 00:00 0
d8b80000-100000000 ---p 00000000 00:00 0
100000000-1000c0000 rw-p 00000000 00:00 0
1000c0000-140000000 ---p 00000000 00:00 0
7fd8a8000000-7fd8a8021000 rw-p 00000000 00:00 0
7fd8a8021000-7fd8ac000000 ---p 00000000 00:00 0
7fd8ac000000-7fd8ac021000 rw-p 00000000 00:00 0
7fd8ac021000-7fd8b0000000 ---p 00000000 00:00 0
7fd8b0000000-7fd8b0021000 rw-p 00000000 00:00 0
7fd8b0021000-7fd8b4000000 ---p 00000000 00:00 0
7fd8b4000000-7fd8b4021000 rw-p 00000000 00:00 0
7fd8b4021000-7fd8b8000000 ---p 00000000 00:00 0
7fd8b8000000-7fd8b8021000 rw-p 00000000 00:00 0
7fd8b8021000-7fd8bc000000 ---p 00000000 00:00 0
7fd8bc000000-7fd8bc021000 rw-p 00000000 00:00 0
7fd8bc021000-7fd8c0000000 ---p 00000000 00:00 0
7fd8c0000000-7fd8c0021000 rw-p 00000000 00:00 0
7fd8c0021000-7fd8c4000000 ---p 00000000 00:00 0
7fd8c4000000-7fd8c4021000 rw-p 00000000 00:00 0
7fd8c4021000-7fd8c8000000 ---p 00000000 00:00 0
7fd8c8000000-7fd8c8036000 rw-p 00000000 00:00 0
7fd8c8036000-7fd8cc000000 ---p 00000000 00:00 0
7fd8cc000000-7fd8cc021000 rw-p 00000000 00:00 0
7fd8cc021000-7fd8d0000000 ---p 00000000 00:00 0
7fd8d0000000-7fd8d0021000 rw-p 00000000 00:00 0
7fd8d0021000-7fd8d4000000 ---p 00000000 00:00 0
7fd8d72c0000-7fd8d7559000 rw-p 00000000 00:00 0
7fd8d7560000-7fd8d7563000 ---p 00000000 00:00 0
7fd8d7563000-7fd8d7661000 rw-p 00000000 00:00 0
7fd8d7670000-7fd8d7673000 ---p 00000000 00:00 0
7fd8d7673000-7fd8d7771000 rw-p 00000000 00:00 0
7fd8d7780000-7fd8d7783000 ---p 00000000 00:00 0
7fd8d7783000-7fd8d7881000 rw-p 00000000 00:00 0
7fd8d7890000-7fd8d7893000 ---p 00000000 00:00 0
7fd8d7893000-7fd8d7991000 rw-p 00000000 00:00 0
7fd8d79a0000-7fd8d79a3000 ---p 00000000 00:00 0
7fd8d79a3000-7fd8d7aa1000 rw-p 00000000 00:00 0
7fd8d7ab0000-7fd8d7ab3000 ---p 00000000 00:00 0
7fd8d7ab3000-7fd8d7bb1000 rw-p 00000000 00:00 0
7fd8d7bc0000-7fd8d7bc3000 ---p 00000000 00:00 0
7fd8d7bc3000-7fd8d7cc1000 rw-p 00000000 00:00 0
7fd8d7cd0000-7fd8d7cd3000 ---p 00000000 00:00 0
7fd8d7cd3000-7fd8d7dd1000 rw-p 00000000 00:00 0
7fd8d7de0000-7fd8d7de3000 ---p 00000000 00:00 0
7fd8d7de3000-7fd8d7ee1000 rw-p 00000000 00:00 0
7fd8d7ef0000-7fd8d7ef3000 ---p 00000000 00:00 0
7fd8d7ef3000-7fd8d7ff1000 rw-p 00000000 00:00 0
7fd8d8000000-7fd8d8021000 rw-p 00000000 00:00 0
7fd8d8021000-7fd8dc000000 ---p 00000000 00:00 0
7fd8dc000000-7fd8dc021000 rw-p 00000000 00:00 0
7fd8dc021000-7fd8e0000000 ---p 00000000 00:00 0
7fd8e0000000-7fd8e0021000 rw-p 00000000 00:00 0
7fd8e0021000-7fd8e4000000 ---p 00000000 00:00 0
7fd8e4000000-7fd8e4021000 rw-p 00000000 00:00 0
7fd8e4021000-7fd8e8000000 ---p 00000000 00:00 0
7fd8e8000000-7fd8e9a15000 rw-p 00000000 00:00 0
7fd8e9a15000-7fd8ec000000 ---p 00000000 00:00 0
7fd8ec000000-7fd8ec32b000 rw-p 00000000 00:00 0
7fd8ec32b000-7fd8f0000000 ---p 00000000 00:00 0
7fd8f0000000-7fd8f0021000 rw-p 00000000 00:00 0
7fd8f0021000-7fd8f4000000 ---p 00000000 00:00 0
7fd8f4000000-7fd8f6790000 rw-p 00000000 00:00 0
7fd8f6790000-7fd8f8000000 ---p 00000000 00:00 0
7fd8f8000000-7fd8f8021000 rw-p 00000000 00:00 0
7fd8f8021000-7fd8fc000000 ---p 00000000 00:00 0
7fd8fc000000-7fd8fc021000 rw-p 00000000 00:00 0
7fd8fc021000-7fd900000000 ---p 00000000 00:00 0
7fd900000000-7fd900021000 rw-p 00000000 00:00 0
7fd900021000-7fd904000000 ---p 00000000 00:00 0
7fd904000000-7fd904073000 rw-p 00000000 00:00 0
7fd904073000-7fd908000000 ---p 00000000 00:00 0
7fd908000000-7fd908021000 rw-p 00000000 00:00 0
7fd908021000-7fd90c000000 ---p 00000000 00:00 0
7fd90c000000-7fd90c021000 rw-p 00000000 00:00 0
7fd90c021000-7fd910000000 ---p 00000000 00:00 0
7fd910000000-7fd910021000 rw-p 00000000 00:00 0
7fd910021000-7fd914000000 ---p 00000000 00:00 0
7fd914060000-7fd914063000 ---p 00000000 00:00 0
7fd914063000-7fd914161000 rw-p 00000000 00:00 0
7fd914170000-7fd914173000 ---p 00000000 00:00 0
7fd914173000-7fd914271000 rw-p 00000000 00:00 0
7fd914280000-7fd914283000 ---p 00000000 00:00 0
7fd914283000-7fd914381000 rw-p 00000000 00:00 0
7fd914390000-7fd914691000 rw-p 00000000 00:00 0
7fd9146a0000-7fd9146b7000 r-xp 00000000 00:00 213561             /usr/lib/jvm/java-8-openjdk-amd64/jre/lib/amd64/libnet.so
7fd9146b7000-7fd9146b8000 ---p 00017000 00:00 213561             /usr/lib/jvm/java-8-openjdk-amd64/jre/lib/amd64/libnet.so
7fd9146b8000-7fd9148b6000 ---p 00000018 00:00 213561             /usr/lib/jvm/java-8-openjdk-amd64/jre/lib/amd64/libnet.so
7fd9148b6000-7fd9148b7000 r--p 00016000 00:00 213561             /usr/lib/jvm/java-8-openjdk-amd64/jre/lib/amd64/libnet.so
7fd9148b7000-7fd9148b8000 rw-p 00017000 00:00 213561             /usr/lib/jvm/java-8-openjdk-amd64/jre/lib/amd64/libnet.so
7fd9148c5000-7fd9148e0000 r--s 001d6000 00:00 43386              /usr/lib/jvm/java-8-openjdk-amd64/jre/lib/ext/nashorn.jar
7fd9148e0000-7fd9148e1000 ---p 00000000 00:00 0
7fd9148e1000-7fd9149e1000 rw-p 00000000 00:00 0
7fd9149f0000-7fd9149f3000 ---p 00000000 00:00 0
7fd9149f3000-7fd914af1000 rw-p 00000000 00:00 0
7fd914b00000-7fd914b04000 ---p 00000000 00:00 0
7fd914b04000-7fd914c01000 rw-p 00000000 00:00 0
7fd914c10000-7fd914c14000 ---p 00000000 00:00 0
7fd914c14000-7fd914d11000 rw-p 00000000 00:00 0
7fd914d20000-7fd914d24000 ---p 00000000 00:00 0
7fd914d24000-7fd914e21000 rw-p 00000000 00:00 0
7fd914e30000-7fd914e33000 ---p 00000000 00:00 0
7fd914e33000-7fd914f31000 rw-p 00000000 00:00 0
7fd914f31000-7fd914f62000 r--p 00000000 00:00 1165083            /usr/lib/locale/C.UTF-8/LC_CTYPE
7fd914f62000-7fd9150d5000 r--p 00000000 00:00 1165082            /usr/lib/locale/C.UTF-8/LC_COLLATE
7fd9150d5000-7fd915270000 r--p 00000000 00:00 1165094            /usr/lib/locale/locale-archive
7fd915270000-7fd915273000 ---p 00000000 00:00 0
7fd915273000-7fd915371000 rw-p 00000000 00:00 0
7fd915380000-7fd915383000 ---p 00000000 00:00 0
7fd915383000-7fd915481000 rw-p 00000000 00:00 0
7fd915490000-7fd915491000 ---p 00000000 00:00 0
7fd915491000-7fd915591000 rw-p 00000000 00:00 0
7fd9155a0000-7fd9156a1000 rw-p 00000000 00:00 0
7fd9156b0000-7fd9157b1000 rw-p 00000000 00:00 0
7fd9157c0000-7fd9158c1000 rw-p 00000000 00:00 0
7fd9158d0000-7fd9159d1000 rw-p 00000000 00:00 0
7fd9159e0000-7fd915ae1000 rw-p 00000000 00:00 0
7fd915af0000-7fd915b11000 rw-p 00000000 00:00 0
7fd915b20000-7fd915c21000 rw-p 00000000 00:00 0
7fd915c30000-7fd915c51000 rw-p 00000000 00:00 0
7fd915c60000-7fd915d61000 rw-p 00000000 00:00 0
7fd915d70000-7fd915d91000 rw-p 00000000 00:00 0
7fd915da0000-7fd915ea1000 rw-p 00000000 00:00 0
7fd915eb0000-7fd915fb1000 rw-p 00000000 00:00 0
7fd915fc0000-7fd9160c1000 rw-p 00000000 00:00 0
7fd9160d0000-7fd9161d1000 rw-p 00000000 00:00 0
7fd9161e0000-7fd9162e1000 rw-p 00000000 00:00 0
7fd9162f0000-7fd9163f1000 rw-p 00000000 00:00 0
7fd916400000-7fd916501000 rw-p 00000000 00:00 0
7fd916510000-7fd916611000 rw-p 00000000 00:00 0
7fd916611000-7fd9167e0000 r--s 03c33000 00:00 213628             /usr/lib/jvm/java-8-openjdk-amd64/jre/lib/rt.jar
7fd9167e0000-7fd916d60000 rw-p 00000000 00:00 0
7fd916d60000-7fd916fe0000 ---p 00000000 00:00 0
7fd916fe0000-7fd9173ce000 rw-p 00000000 00:00 0
7fd9173d0000-7fd91b2b0000 rw-p 00000000 00:00 0
7fd91b2b0000-7fd91b2b1000 ---p 00000000 00:00 0
7fd91b2b1000-7fd91b3b1000 rw-p 00000000 00:00 0
7fd91b3c0000-7fd91b3c1000 ---p 00000000 00:00 0
7fd91b3c1000-7fd91b4c1000 rw-p 00000000 00:00 0
7fd91b4d0000-7fd91b4d1000 ---p 00000000 00:00 0
7fd91b4d1000-7fd91b5d1000 rw-p 00000000 00:00 0
7fd91b5e0000-7fd91b5e1000 ---p 00000000 00:00 0
7fd91b5e1000-7fd91b6e1000 rw-p 00000000 00:00 0
7fd91b6f0000-7fd91b71a000 rw-p 00000000 00:00 0
7fd91b71a000-7fd91b98f000 ---p 00000000 00:00 0
7fd91b990000-7fd91b9ba000 rw-p 00000000 00:00 0
7fd91b9ba000-7fd91bc2e000 ---p 00000000 00:00 0
7fd91bc2e000-7fd91bc44000 rw-p 00000000 00:00 0
7fd91bc44000-7fd91bd7e000 ---p 00000000 00:00 0
7fd91bd7e000-7fd91bd7f000 rw-p 00000000 00:00 0
7fd91bd80000-7fd91bd93000 rw-p 00000000 00:00 0
7fd91bd93000-7fd91c140000 ---p 00000000 00:00 0
7fd91c140000-7fd91c5e0000 rwxp 00000000 00:00 0
7fd91c5e0000-7fd92b140000 ---p 00000000 00:00 0
7fd92b140000-7fd92b148000 r-xp 00000000 00:00 213569             /usr/lib/jvm/java-8-openjdk-amd64/jre/lib/amd64/libzip.so
7fd92b148000-7fd92b149000 ---p 00008000 00:00 213569             /usr/lib/jvm/java-8-openjdk-amd64/jre/lib/amd64/libzip.so
7fd92b149000-7fd92b347000 ---p 00000009 00:00 213569             /usr/lib/jvm/java-8-openjdk-amd64/jre/lib/amd64/libzip.so
7fd92b347000-7fd92b348000 r--p 00007000 00:00 213569             /usr/lib/jvm/java-8-openjdk-amd64/jre/lib/amd64/libzip.so
7fd92b348000-7fd92b349000 rw-p 00008000 00:00 213569             /usr/lib/jvm/java-8-openjdk-amd64/jre/lib/amd64/libzip.so
7fd92b350000-7fd92b35b000 r-xp 00000000 00:00 1163848            /lib/x86_64-linux-gnu/libnss_files-2.27.so
7fd92b35b000-7fd92b35c000 ---p 0000b000 00:00 1163848            /lib/x86_64-linux-gnu/libnss_files-2.27.so
7fd92b35c000-7fd92b55a000 ---p 0000000c 00:00 1163848            /lib/x86_64-linux-gnu/libnss_files-2.27.so
7fd92b55a000-7fd92b55b000 r--p 0000a000 00:00 1163848            /lib/x86_64-linux-gnu/libnss_files-2.27.so
7fd92b55b000-7fd92b55c000 rw-p 0000b000 00:00 1163848            /lib/x86_64-linux-gnu/libnss_files-2.27.so
7fd92b55c000-7fd92b562000 rw-p 00000000 00:00 0
7fd92b570000-7fd92b587000 r-xp 00000000 00:00 1163842            /lib/x86_64-linux-gnu/libnsl-2.27.so
7fd92b587000-7fd92b588000 ---p 00017000 00:00 1163842            /lib/x86_64-linux-gnu/libnsl-2.27.so
7fd92b588000-7fd92b786000 ---p 00000018 00:00 1163842            /lib/x86_64-linux-gnu/libnsl-2.27.so
7fd92b786000-7fd92b787000 r--p 00016000 00:00 1163842            /lib/x86_64-linux-gnu/libnsl-2.27.so
7fd92b787000-7fd92b788000 rw-p 00017000 00:00 1163842            /lib/x86_64-linux-gnu/libnsl-2.27.so
7fd92b788000-7fd92b78a000 rw-p 00000000 00:00 0
7fd92b790000-7fd92b79b000 r-xp 00000000 00:00 1163852            /lib/x86_64-linux-gnu/libnss_nis-2.27.so
7fd92b79b000-7fd92b79c000 ---p 0000b000 00:00 1163852            /lib/x86_64-linux-gnu/libnss_nis-2.27.so
7fd92b79c000-7fd92b99a000 ---p 0000000c 00:00 1163852            /lib/x86_64-linux-gnu/libnss_nis-2.27.so
7fd92b99a000-7fd92b99b000 r--p 0000a000 00:00 1163852            /lib/x86_64-linux-gnu/libnss_nis-2.27.so
7fd92b99b000-7fd92b99c000 rw-p 0000b000 00:00 1163852            /lib/x86_64-linux-gnu/libnss_nis-2.27.so
7fd92b9a0000-7fd92b9a8000 r-xp 00000000 00:00 1163844            /lib/x86_64-linux-gnu/libnss_compat-2.27.so
7fd92b9a8000-7fd92b9aa000 ---p 00008000 00:00 1163844            /lib/x86_64-linux-gnu/libnss_compat-2.27.so
7fd92b9aa000-7fd92bba8000 ---p 0000000a 00:00 1163844            /lib/x86_64-linux-gnu/libnss_compat-2.27.so
7fd92bba8000-7fd92bba9000 r--p 00008000 00:00 1163844            /lib/x86_64-linux-gnu/libnss_compat-2.27.so
7fd92bba9000-7fd92bbaa000 rw-p 00009000 00:00 1163844            /lib/x86_64-linux-gnu/libnss_compat-2.27.so
7fd92bbb0000-7fd92bbde000 r-xp 00000000 00:00 213546             /usr/lib/jvm/java-8-openjdk-amd64/jre/lib/amd64/libjava.so
7fd92bbde000-7fd92bbe0000 ---p 0002e000 00:00 213546             /usr/lib/jvm/java-8-openjdk-amd64/jre/lib/amd64/libjava.so
7fd92bbe0000-7fd92bddd000 ---p 00000030 00:00 213546             /usr/lib/jvm/java-8-openjdk-amd64/jre/lib/amd64/libjava.so
7fd92bddd000-7fd92bdde000 r--p 0002d000 00:00 213546             /usr/lib/jvm/java-8-openjdk-amd64/jre/lib/amd64/libjava.so
7fd92bdde000-7fd92bde0000 rw-p 0002e000 00:00 213546             /usr/lib/jvm/java-8-openjdk-amd64/jre/lib/amd64/libjava.so
7fd92bde0000-7fd92bdf0000 r-xp 00000000 00:00 213568             /usr/lib/jvm/java-8-openjdk-amd64/jre/lib/amd64/libverify.so
7fd92bdf0000-7fd92bdf2000 ---p 00010000 00:00 213568             /usr/lib/jvm/java-8-openjdk-amd64/jre/lib/amd64/libverify.so
7fd92bdf2000-7fd92bfef000 ---p 00000012 00:00 213568             /usr/lib/jvm/java-8-openjdk-amd64/jre/lib/amd64/libverify.so
7fd92bfef000-7fd92bff1000 r--p 0000f000 00:00 213568             /usr/lib/jvm/java-8-openjdk-amd64/jre/lib/amd64/libverify.so
7fd92bff1000-7fd92bff2000 rw-p 00011000 00:00 213568             /usr/lib/jvm/java-8-openjdk-amd64/jre/lib/amd64/libverify.so
7fd92c000000-7fd92c1c3000 rw-p 00000000 00:00 0
7fd92c1c3000-7fd930000000 ---p 00000000 00:00 0
7fd930000000-7fd930021000 rw-p 00000000 00:00 0
7fd930030000-7fd930051000 rw-p 00000000 00:00 0
7fd930060000-7fd9300ae000 rw-p 00000000 00:00 0
7fd9300b0000-7fd9300b7000 r-xp 00000000 00:00 1163891            /lib/x86_64-linux-gnu/librt-2.27.so
7fd9300b7000-7fd9300b8000 ---p 00007000 00:00 1163891            /lib/x86_64-linux-gnu/librt-2.27.so
7fd9300b8000-7fd9302b6000 ---p 00000008 00:00 1163891            /lib/x86_64-linux-gnu/librt-2.27.so
7fd9302b6000-7fd9302b7000 r--p 00006000 00:00 1163891            /lib/x86_64-linux-gnu/librt-2.27.so
7fd9302b7000-7fd9302b8000 rw-p 00007000 00:00 1163891            /lib/x86_64-linux-gnu/librt-2.27.so
7fd9302c0000-7fd9302d7000 r-xp 00000000 00:00 1195636            /lib/x86_64-linux-gnu/libgcc_s.so.1
7fd9302d7000-7fd9302d8000 ---p 00017000 00:00 1195636            /lib/x86_64-linux-gnu/libgcc_s.so.1
7fd9302d8000-7fd9304d6000 ---p 00000018 00:00 1195636            /lib/x86_64-linux-gnu/libgcc_s.so.1
7fd9304d6000-7fd9304d7000 r--p 00016000 00:00 1195636            /lib/x86_64-linux-gnu/libgcc_s.so.1
7fd9304d7000-7fd9304d8000 rw-p 00017000 00:00 1195636            /lib/x86_64-linux-gnu/libgcc_s.so.1
7fd9304e0000-7fd93067d000 r-xp 00000000 00:00 1163825            /lib/x86_64-linux-gnu/libm-2.27.so
7fd93067d000-7fd930680000 ---p 0019d000 00:00 1163825            /lib/x86_64-linux-gnu/libm-2.27.so
7fd930680000-7fd93087c000 ---p 000001a0 00:00 1163825            /lib/x86_64-linux-gnu/libm-2.27.so
7fd93087c000-7fd93087d000 r--p 0019c000 00:00 1163825            /lib/x86_64-linux-gnu/libm-2.27.so
7fd93087d000-7fd93087e000 rw-p 0019d000 00:00 1163825            /lib/x86_64-linux-gnu/libm-2.27.so
7fd930880000-7fd9309f9000 r-xp 00000000 00:00 1252565            /usr/lib/x86_64-linux-gnu/libstdc++.so.6.0.25
7fd9309f9000-7fd930a06000 ---p 00179000 00:00 1252565            /usr/lib/x86_64-linux-gnu/libstdc++.so.6.0.25
7fd930a06000-7fd930bf9000 ---p 00000186 00:00 1252565            /usr/lib/x86_64-linux-gnu/libstdc++.so.6.0.25
7fd930bf9000-7fd930c03000 r--p 00179000 00:00 1252565            /usr/lib/x86_64-linux-gnu/libstdc++.so.6.0.25
7fd930c03000-7fd930c05000 rw-p 00183000 00:00 1252565            /usr/lib/x86_64-linux-gnu/libstdc++.so.6.0.25
7fd930c05000-7fd930c09000 rw-p 00000000 00:00 0
7fd930c10000-7fd9318aa000 r-xp 00000000 00:00 213574             /usr/lib/jvm/java-8-openjdk-amd64/jre/lib/amd64/server/libjvm.so
7fd9318aa000-7fd931974000 ---p 00c9a000 00:00 213574             /usr/lib/jvm/java-8-openjdk-amd64/jre/lib/amd64/server/libjvm.so
7fd931974000-7fd931aa9000 ---p 00000d64 00:00 213574             /usr/lib/jvm/java-8-openjdk-amd64/jre/lib/amd64/server/libjvm.so
7fd931aa9000-7fd931b3d000 r--p 00c99000 00:00 213574             /usr/lib/jvm/java-8-openjdk-amd64/jre/lib/amd64/server/libjvm.so
7fd931b3d000-7fd931b66000 rw-p 00d2d000 00:00 213574             /usr/lib/jvm/java-8-openjdk-amd64/jre/lib/amd64/server/libjvm.so
7fd931b66000-7fd931b96000 rw-p 00000000 00:00 0
7fd931ba0000-7fd931bba000 r-xp 00000000 00:00 1163883            /lib/x86_64-linux-gnu/libpthread-2.27.so
7fd931bba000-7fd931bc4000 ---p 0001a000 00:00 1163883            /lib/x86_64-linux-gnu/libpthread-2.27.so
7fd931bc4000-7fd931db9000 ---p 00000024 00:00 1163883            /lib/x86_64-linux-gnu/libpthread-2.27.so
7fd931db9000-7fd931dba000 r--p 00019000 00:00 1163883            /lib/x86_64-linux-gnu/libpthread-2.27.so
7fd931dba000-7fd931dbb000 rw-p 0001a000 00:00 1163883            /lib/x86_64-linux-gnu/libpthread-2.27.so
7fd931dbb000-7fd931dbf000 rw-p 00000000 00:00 0
7fd931dc0000-7fd931dc3000 r-xp 00000000 00:00 1163697            /lib/x86_64-linux-gnu/libdl-2.27.so
7fd931dc3000-7fd931dc4000 ---p 00003000 00:00 1163697            /lib/x86_64-linux-gnu/libdl-2.27.so
7fd931dc4000-7fd931fc2000 ---p 00000004 00:00 1163697            /lib/x86_64-linux-gnu/libdl-2.27.so
7fd931fc2000-7fd931fc3000 r--p 00002000 00:00 1163697            /lib/x86_64-linux-gnu/libdl-2.27.so
7fd931fc3000-7fd931fc4000 rw-p 00003000 00:00 1163697            /lib/x86_64-linux-gnu/libdl-2.27.so
7fd931fd0000-7fd931fec000 r-xp 00000000 00:00 1163923            /lib/x86_64-linux-gnu/libz.so.1.2.11
7fd931fec000-7fd931fed000 ---p 0001c000 00:00 1163923            /lib/x86_64-linux-gnu/libz.so.1.2.11
7fd931fed000-7fd9321eb000 ---p 0000001d 00:00 1163923            /lib/x86_64-linux-gnu/libz.so.1.2.11
7fd9321eb000-7fd9321ec000 r--p 0001b000 00:00 1163923            /lib/x86_64-linux-gnu/libz.so.1.2.11
7fd9321ec000-7fd9321ed000 rw-p 0001c000 00:00 1163923            /lib/x86_64-linux-gnu/libz.so.1.2.11
7fd9321f0000-7fd9323d7000 r-xp 00000000 00:00 1163633            /lib/x86_64-linux-gnu/libc-2.27.so
7fd9323d7000-7fd9323e0000 ---p 001e7000 00:00 1163633            /lib/x86_64-linux-gnu/libc-2.27.so
7fd9323e0000-7fd9325d7000 ---p 000001f0 00:00 1163633            /lib/x86_64-linux-gnu/libc-2.27.so
7fd9325d7000-7fd9325db000 r--p 001e7000 00:00 1163633            /lib/x86_64-linux-gnu/libc-2.27.so
7fd9325db000-7fd9325dd000 rw-p 001eb000 00:00 1163633            /lib/x86_64-linux-gnu/libc-2.27.so
7fd9325dd000-7fd9325e1000 rw-p 00000000 00:00 0
7fd9325f0000-7fd9325fe000 r-xp 00000000 00:00 213532             /usr/lib/jvm/java-8-openjdk-amd64/jre/lib/amd64/jli/libjli.so
7fd9325fe000-7fd9325ff000 ---p 0000e000 00:00 213532             /usr/lib/jvm/java-8-openjdk-amd64/jre/lib/amd64/jli/libjli.so
7fd9325ff000-7fd9327fd000 ---p 0000000f 00:00 213532             /usr/lib/jvm/java-8-openjdk-amd64/jre/lib/amd64/jli/libjli.so
7fd9327fd000-7fd9327fe000 r--p 0000d000 00:00 213532             /usr/lib/jvm/java-8-openjdk-amd64/jre/lib/amd64/jli/libjli.so
7fd9327fe000-7fd9327ff000 rw-p 0000e000 00:00 213532             /usr/lib/jvm/java-8-openjdk-amd64/jre/lib/amd64/jli/libjli.so
7fd932800000-7fd932826000 r-xp 00000000 00:00 1163578            /lib/x86_64-linux-gnu/ld-2.27.so
7fd932826000-7fd932827000 r-xp 00026000 00:00 1163578            /lib/x86_64-linux-gnu/ld-2.27.so
7fd932840000-7fd9328b6000 rw-p 00000000 00:00 0
7fd9328c0000-7fd93291b000 rw-p 00000000 00:00 0
7fd932920000-7fd932924000 ---p 00000000 00:00 0
7fd932924000-7fd932a21000 rw-p 00000000 00:00 0
7fd932a27000-7fd932a28000 r--p 00027000 00:00 1163578            /lib/x86_64-linux-gnu/ld-2.27.so
7fd932a28000-7fd932a29000 rw-p 00028000 00:00 1163578            /lib/x86_64-linux-gnu/ld-2.27.so
7fd932a29000-7fd932a2a000 rw-p 00000000 00:00 0
7fd932a30000-7fd932a35000 r--s 000a0000 00:00 213618             /usr/lib/jvm/java-8-openjdk-amd64/jre/lib/jsse.jar
7fd932a35000-7fd932a50000 r--s 00394000 00:00 213588             /usr/lib/jvm/java-8-openjdk-amd64/jre/lib/ext/cldrdata.jar
7fd932a50000-7fd932a78000 rw-p 00000000 00:00 0
7fd932a7a000-7fd932a80000 r--s 0004e000 00:00 614318             /mnt/c/Users/ksank/akka-resources/src/libs/salsa1.1.5.jar
7fd932a80000-7fd932aa8000 rw-p 00000000 00:00 0
7fd932aaa000-7fd932ab0000 r--s 0002b000 00:00 155396             /mnt/c/Users/ksank/akka-resources/src/libs/kotlin-runtime-1.2.20-dev-331.jar
7fd932ab0000-7fd932ab1000 rw-p 00000000 00:00 0
7fd932ab4000-7fd932ab5000 r--s 00010000 00:00 213599             /usr/lib/jvm/java-8-openjdk-amd64/jre/lib/ext/zipfs.jar
7fd932ab5000-7fd932ab8000 r--s 00038000 00:00 213598             /usr/lib/jvm/java-8-openjdk-amd64/jre/lib/ext/sunpkcs11.jar
7fd932ab8000-7fd932abe000 r--s 0003b000 00:00 213596             /usr/lib/jvm/java-8-openjdk-amd64/jre/lib/ext/sunjce_provider.jar
7fd932abe000-7fd932ac0000 r--s 00008000 00:00 213595             /usr/lib/jvm/java-8-openjdk-amd64/jre/lib/ext/sunec.jar
7fd932ac0000-7fd932ac1000 ---p 00000000 00:00 0
7fd932ac1000-7fd932acb000 r--s 00116000 00:00 39595              /usr/lib/jvm/java-8-openjdk-amd64/jre/lib/ext/localedata.jar
7fd932acb000-7fd932acd000 r--s 00007000 00:00 215852             /usr/share/java/java-atk-wrapper.jar
7fd932acd000-7fd932ad0000 r--s 0000f000 00:00 213590             /usr/lib/jvm/java-8-openjdk-amd64/jre/lib/ext/icedtea-sound.jar
7fd932ad0000-7fd932ad2000 rw-p 00000000 00:00 0
7fd932ad2000-7fd932ad3000 r--s 0000a000 00:00 213591             /usr/lib/jvm/java-8-openjdk-amd64/jre/lib/ext/jaccess.jar
7fd932ad3000-7fd932ad5000 r--s 00001000 00:00 213589             /usr/lib/jvm/java-8-openjdk-amd64/jre/lib/ext/dnsns.jar
7fd932ad5000-7fd932ad6000 r--p 00000000 00:00 1165090            /usr/lib/locale/C.UTF-8/LC_NUMERIC
7fd932ad6000-7fd932ad7000 r--p 00000000 00:00 1165093            /usr/lib/locale/C.UTF-8/LC_TIME
7fd932ad7000-7fd932ad8000 r--p 00000000 00:00 1165088            /usr/lib/locale/C.UTF-8/LC_MONETARY
7fd932ad8000-7fd932ad9000 r--p 00000000 00:00 1165087            /usr/lib/locale/C.UTF-8/LC_MESSAGES/SYS_LC_MESSAGES
7fd932ad9000-7fd932ae0000 r--s 00000000 00:00 1170996            /usr/lib/x86_64-linux-gnu/gconv/gconv-modules.cache
7fd932ae0000-7fd932ae2000 rw-p 00000000 00:00 0
7fd932ae2000-7fd932ae3000 r--p 00000000 00:00 1165091            /usr/lib/locale/C.UTF-8/LC_PAPER
7fd932ae3000-7fd932ae4000 r--p 00000000 00:00 1165089            /usr/lib/locale/C.UTF-8/LC_NAME
7fd932ae4000-7fd932ae5000 r--p 00000000 00:00 1165081            /usr/lib/locale/C.UTF-8/LC_ADDRESS
7fd932ae5000-7fd932ae6000 r--p 00000000 00:00 1165092            /usr/lib/locale/C.UTF-8/LC_TELEPHONE
7fd932ae6000-7fd932ae7000 r--p 00000000 00:00 1165085            /usr/lib/locale/C.UTF-8/LC_MEASUREMENT
7fd932ae7000-7fd932ae8000 r--p 00000000 00:00 1165084            /usr/lib/locale/C.UTF-8/LC_IDENTIFICATION
7fd932ae8000-7fd932af0000 rw-s 00000000 00:00 1869883            /tmp/hsperfdata_rohankasi/25191
7fd932c00000-7fd932c01000 r-xp 00000000 00:00 213513             /usr/lib/jvm/java-8-openjdk-amd64/jre/bin/java
7fd932e00000-7fd932e01000 r--p 00000000 00:00 213513             /usr/lib/jvm/java-8-openjdk-amd64/jre/bin/java
7fd932e01000-7fd932e02000 rw-p 00001000 00:00 213513             /usr/lib/jvm/java-8-openjdk-amd64/jre/bin/java
7fffde75b000-7fffde77c000 rw-p 00000000 00:00 0                  [heap]
7fffe5bed000-7fffe63ed000 rw-p 00000000 00:00 0                  [stack]
7fffe651e000-7fffe651f000 r-xp 00000000 00:00 0                  [vdso]

VM Arguments:
jvm_args: -Duan=uan://localhost:3030/id36 
java_command: examples.chat.SpeakerKtKt uan://localhost:3030/id1 uan://localhost:3030/id36
java_class_path (initial): .:./libs/kotlin-runtime-1.2.20-dev-331.jar:./libs/salsa1.1.5.jar
Launcher Type: SUN_STANDARD

Environment Variables:
PATH=/home/rohankasi/.local/bin:/home/rohankasi/.sdkman/candidates/kotlin/current/bin:/opt/maven/bin:/usr/local/sbin:/usr/local/bin:/usr/sbin:/usr/bin:/sbin:/bin:/usr/games:/usr/local/games:/mnt/c/Program Files/WindowsApps/CanonicalGroupLimited.UbuntuonWindows_1804.2019.521.0_x64__79rhkp1fndgsc:/mnt/c/ProgramData/DockerDesktop/version-bin:/mnt/c/Program Files/Docker/Docker/resources/bin:/mnt/c/Python34:/mnt/c/Python34/Scripts:/mnt/c/Program Files/Haskell Platform/8.0.1/lib/extralibs/bin:/mnt/c/Program Files/Haskell Platform/8.0.1/bin:/mnt/c/Program Files (x86)/Intel/iCLS Client:/mnt/c/Program Files/Intel/iCLS Client:/mnt/c/Windows/System32:/mnt/c/Windows:/mnt/c/Windows/System32/wbem:/mnt/c/Windows/System32/WindowsPowerShell/v1.0:/mnt/c/Program Files (x86)/Intel/Intel(R) Management Engine Components/DAL:/mnt/c/Program Files/Intel/Intel(R) Management Engine Components/DAL:/mnt/c/Program Files (x86)/Intel/Intel(R) Management Engine Components/IPT:/mnt/c/Program Files/Intel/Intel(R) Management Engine Components/IPT:/mnt/c/Program Files/Haskell Platform/8.0.1/mingw/bin:/mnt/c/Program Files (x86)/GtkSharp/2.12/bin:/mnt/c/Program Files/Git/cmd:/mnt/c/Program Files/PuTTY:/mnt/c/Program Files/doxygen/bin:/mnt/c/Program Files/cURL/bin:/mnt/c/Program Files/nodejs:/mnt/c/Windows/System32/OpenSSH:/mnt/c/Program Files/Microsoft Windows Performance Toolkit:/mnt/c/TDM-GCC-64/bin:/mnt/c/Program Files/Intel/WiFi/bin:/mnt/c/Program Files/Common Files/Intel/WirelessCommon:/mnt/c/Users/ksank/AppData/Roaming/local/bin:/mnt/c/Users/ksank/AppData/Local/Microsoft/WindowsApps:/mnt/c/Users/ksank/Downloads/svm_light:/mnt/c/Program Files (x86)/Java/jdk1.8.0_144/bin:/mnt/c/Users/ksank/AppData/Local/.meteor:/mnt/c/Users/ksank/AppData/Roaming/npm:/mnt/c/MinGW/bin:/mnt/c/Users/ksank/AppData/Local/atom/bin:/snap/bin
SHELL=/bin/bash
HOSTTYPE=x86_64

Signal Handlers:
SIGSEGV: [libjvm.so+0xab2ea0], sa_mask[0]=11111111111111111111111111111110, sa_flags=SA_RESTART|SA_SIGINFO
SIGBUS: [libjvm.so+0xab2ea0], sa_mask[0]=11111111111111111111111111111110, sa_flags=SA_RESTART|SA_SIGINFO
SIGFPE: [libjvm.so+0x8e87b0], sa_mask[0]=11111111111111111111111111111110, sa_flags=SA_RESTART|SA_SIGINFO
SIGPIPE: [libjvm.so+0x8e87b0], sa_mask[0]=11111111111111111111111111111110, sa_flags=SA_RESTART|SA_SIGINFO
SIGXFSZ: [libjvm.so+0x8e87b0], sa_mask[0]=11111111111111111111111111111110, sa_flags=SA_RESTART|SA_SIGINFO
SIGILL: [libjvm.so+0x8e87b0], sa_mask[0]=11111111111111111111111111111110, sa_flags=SA_RESTART|SA_SIGINFO
SIGUSR1: SIG_DFL, sa_mask[0]=00000000000000000000000000000000, sa_flags=none
SIGUSR2: [libjvm.so+0x8e8660], sa_mask[0]=00000000000000000000000000000000, sa_flags=SA_RESTART|SA_SIGINFO
SIGHUP: [libjvm.so+0x8e8cd0], sa_mask[0]=11111111111111111111111111111110, sa_flags=SA_RESTART|SA_SIGINFO
SIGINT: SIG_IGN, sa_mask[0]=00000000000000000000000000000000, sa_flags=none
SIGTERM: [libjvm.so+0x8e8cd0], sa_mask[0]=11111111111111111111111111111110, sa_flags=SA_RESTART|SA_SIGINFO
SIGQUIT: [libjvm.so+0x8e8cd0], sa_mask[0]=11111111111111111111111111111110, sa_flags=SA_RESTART|SA_SIGINFO


---------------  S Y S T E M  ---------------

OS:DISTRIB_ID=Ubuntu
DISTRIB_RELEASE=18.04
DISTRIB_CODENAME=bionic
DISTRIB_DESCRIPTION="Ubuntu 18.04.1 LTS"

uname:Linux 4.4.0-17134-Microsoft #706-Microsoft Mon Apr 01 18:13:00 PST 2019 x86_64
libc:glibc 2.27 NPTL 2.27 
rlimit: STACK 8192k, CORE 0k, NPROC 7823, NOFILE 65536, AS infinity
load average:0.52 0.58 0.59

/proc/meminfo:
MemTotal:        8233460 kB
MemFree:          242432 kB
Buffers:           34032 kB
Cached:           188576 kB
SwapCached:            0 kB
Active:           167556 kB
Inactive:         157876 kB
Active(anon):     103104 kB
Inactive(anon):    17440 kB
Active(file):      64452 kB
Inactive(file):   140436 kB
Unevictable:           0 kB
Mlocked:               0 kB
SwapTotal:      15465852 kB
SwapFree:       11964412 kB
Dirty:                 0 kB
Writeback:             0 kB
AnonPages:        102824 kB
Mapped:            71404 kB
Shmem:             17720 kB
Slab:              13868 kB
SReclaimable:       6744 kB
SUnreclaim:         7124 kB
KernelStack:        2848 kB
PageTables:         2524 kB
NFS_Unstable:          0 kB
Bounce:                0 kB
WritebackTmp:          0 kB
CommitLimit:      515524 kB
Committed_AS:    3450064 kB
VmallocTotal:     122880 kB
VmallocUsed:       21296 kB
VmallocChunk:      66044 kB
HardwareCorrupted:     0 kB
AnonHugePages:      2048 kB
HugePages_Total:       0
HugePages_Free:        0
HugePages_Rsvd:        0
HugePages_Surp:        0
Hugepagesize:       2048 kB
DirectMap4k:       12280 kB
DirectMap4M:      897024 kB


CPU:total 4 (initial active 4) (2 cores per cpu, 2 threads per core) family 6 model 78 stepping 3, cmov, cx8, fxsr, mmx, sse, sse2, sse3, ssse3, sse4.1, sse4.2, popcnt, avx, avx2, aes, clmul, erms, 3dnowpref, lzcnt, ht, tsc, tscinvbit, bmi1, bmi2, adx

/proc/cpuinfo:
processor	: 0
vendor_id	: GenuineIntel
cpu family	: 6
model		: 78
model name	: Intel(R) Core(TM) i5-6200U CPU @ 2.30GHz
stepping	: 3
microcode	: 0xffffffff
cpu MHz		: 2400.000
cache size	: 256 KB
physical id	: 0
siblings	: 4
core id		: 0
cpu cores	: 2
apicid		: 0
initial apicid	: 0
fpu		: yes
fpu_exception	: yes
cpuid level	: 6
wp		: yes
flags		: fpu vme de pse tsc msr pae mce cx8 apic sep mtrr pge mca cmov pat pse36 clflush dts acpi mmx fxsr sse sse2 ss ht tm pbe syscall nx pdpe1gb rdtscp lm pni pclmulqdq est tm2 ssse3 fma cx16 xtpr pdcm pcid sse4_1 sse4_2 movbe popcnt aes xsave osxsave avx f16c rdrand hypervisor
bogomips	: 4800.00
clflush size	: 64
cache_alignment	: 64
address sizes	: 36 bits physical, 48 bits virtual
power management:

processor	: 1
vendor_id	: GenuineIntel
cpu family	: 6
model		: 78
model name	: Intel(R) Core(TM) i5-6200U CPU @ 2.30GHz
stepping	: 3
microcode	: 0xffffffff
cpu MHz		: 2400.000
cache size	: 256 KB
physical id	: 0
siblings	: 4
core id		: 0
cpu cores	: 2
apicid		: 0
initial apicid	: 0
fpu		: yes
fpu_exception	: yes
cpuid level	: 6
wp		: yes
flags		: fpu vme de pse tsc msr pae mce cx8 apic sep mtrr pge mca cmov pat pse36 clflush dts acpi mmx fxsr sse sse2 ss ht tm pbe syscall nx pdpe1gb rdtscp lm pni pclmulqdq est tm2 ssse3 fma cx16 xtpr pdcm pcid sse4_1 sse4_2 movbe popcnt aes xsave osxsave avx f16c rdrand hypervisor
bogomips	: 4800.00
clflush size	: 64
cache_alignment	: 64
address sizes	: 36 bits physical, 48 bits virtual
power management:

processor	: 2
vendor_id	: GenuineIntel
cpu family	: 6
model		: 78
model name	: Intel(R) Core(TM) i5-6200U CPU @ 2.30GHz
stepping	: 3
microcode	: 0xffffffff
cpu MHz		: 2400.000
cache size	: 256 KB
physical id	: 0
siblings	: 4
core id		: 1
cpu cores	: 2
apicid		: 0
initial apicid	: 0
fpu		: yes
fpu_exception	: yes
cpuid level	: 6
wp		: yes
flags		: fpu vme de pse tsc msr pae mce cx8 apic sep mtrr pge mca cmov pat pse36 clflush dts acpi mmx fxsr sse sse2 ss ht tm pbe syscall nx pdpe1gb rdtscp lm pni pclmulqdq est tm2 ssse3 fma cx16 xtpr pdcm pcid sse4_1 sse4_2 movbe popcnt aes xsave osxsave avx f16c rdrand hypervisor
bogomips	: 4800.00
clflush size	: 64
cache_alignment	: 64
address sizes	: 36 bits physical, 48 bits virtual
power management:

processor	: 3
vendor_id	: GenuineIntel
cpu family	: 6
model		: 78
model name	: Intel(R) Core(TM) i5-6200U CPU @ 2.30GHz
stepping	: 3
microcode	: 0xffffffff
cpu MHz		: 2400.000
cache size	: 256 KB
physical id	: 0
siblings	: 4
core id		: 1
cpu cores	: 2
apicid		: 0
initial apicid	: 0
fpu		: yes
fpu_exception	: yes
cpuid level	: 6
wp		: yes
flags		: fpu vme de pse tsc msr pae mce cx8 apic sep mtrr pge mca cmov pat pse36 clflush dts acpi mmx fxsr sse sse2 ss ht tm pbe syscall nx pdpe1gb rdtscp lm pni pclmulqdq est tm2 ssse3 fma cx16 xtpr pdcm pcid sse4_1 sse4_2 movbe popcnt aes xsave osxsave avx f16c rdrand hypervisor
bogomips	: 4800.00
clflush size	: 64
cache_alignment	: 64
address sizes	: 36 bits physical, 48 bits virtual
power management:



Memory: 4k page, physical 8233460k(242560k free), swap 15465852k(11964412k free)

vm_info: OpenJDK 64-Bit Server VM (25.191-b12) for linux-amd64 JRE (1.8.0_191-8u191-b12-2ubuntu0.18.04.1-b12), built on Jan 14 2019 21:02:00 by "buildd" with gcc 7.3.0

time: Wed Nov 13 12:44:10 2019
elapsed time: 808 seconds (0d 0h 13m 28s)

