#
# There is insufficient memory for the Java Runtime Environment to continue.
# Native memory allocation (mmap) failed to map 65536 bytes for committing reserved memory.
# Possible reasons:
#   The system is out of physical RAM or swap space
#   In 32 bit mode, the process size limit was hit
# Possible solutions:
#   Reduce memory load on the system
#   Increase physical memory or swap space
#   Check if swap backing store is full
#   Use 64 bit Java on a 64 bit OS
#   Decrease Java heap size (-Xmx/-Xms)
#   Decrease number of Java threads
#   Decrease Java thread stack sizes (-Xss)
#   Set larger code cache with -XX:ReservedCodeCacheSize=
# This output file may be truncated or incomplete.
#
#  Out of Memory Error (os_linux.cpp:2746), pid=10428, tid=0x00007f513ea50700
#
# JRE version: OpenJDK Runtime Environment (8.0_191-b12) (build 1.8.0_191-8u191-b12-2ubuntu0.18.04.1-b12)
# Java VM: OpenJDK 64-Bit Server VM (25.191-b12 mixed mode linux-amd64 compressed oops)
# Failed to write core dump. Core dumps have been disabled. To enable core dumping, try "ulimit -c unlimited" before starting Java again
#

---------------  T H R E A D  ---------------

Current thread (0x00007f51640bb800):  JavaThread "C2 CompilerThread0" daemon [_thread_in_vm, id=10765, stack(0x00007f513e951000,0x00007f513ea51000)]

Stack: [0x00007f513e951000,0x00007f513ea51000],  sp=0x00007f513ea4dd60,  free space=1011k
Native frames: (J=compiled Java code, j=interpreted, Vv=VM code, C=native code)
V  [libjvm.so+0xab2552]
V  [libjvm.so+0x4d9e37]
V  [libjvm.so+0x8ed5e0]
V  [libjvm.so+0x8e470e]
V  [libjvm.so+0xaaeee0]
V  [libjvm.so+0x60074d]
V  [libjvm.so+0x453b66]
V  [libjvm.so+0x8ba8e9]
V  [libjvm.so+0x3e825e]
V  [libjvm.so+0x47955e]
V  [libjvm.so+0x3c08da]
V  [libjvm.so+0x48487b]
V  [libjvm.so+0x486b58]
V  [libjvm.so+0xa4fd93]
V  [libjvm.so+0xa501c2]
V  [libjvm.so+0x8ea992]
C  [libpthread.so.0+0x76db]  start_thread+0xdb


Current CompileTask:
C2: 793561 1118   !   4       gc.WeakReference::send (199 bytes)


---------------  P R O C E S S  ---------------

Java Threads: ( => current thread )
  0x00007f50ec003000 JavaThread "Thread-10" [_thread_blocked, id=14405, stack(0x00007f513d760000,0x00007f513d861000)]
  0x00007f5110007000 JavaThread "Handler Loop 3" [_thread_in_native, id=14272, stack(0x00007f513d320000,0x00007f513d421000)]
  0x00007f5110005000 JavaThread "gc.serverGC.GCAgent$State" [_thread_blocked, id=13192, stack(0x00007f513d540000,0x00007f513d641000)]
  0x00007f5110003000 JavaThread "wwc.messaging.WWCSystem$State" [_thread_blocked, id=13189, stack(0x00007f513d650000,0x00007f513d751000)]
  0x00007f516400b000 JavaThread "DestroyJavaVM" [_thread_blocked, id=10466, stack(0x00007f516c521000,0x00007f516c621000)]
  0x00007f510c006800 JavaThread "wwc.resources.StandardInput$State" [_thread_blocked, id=11872, stack(0x00007f513d870000,0x00007f513d971000)]
  0x00007f510c005800 JavaThread "wwc.resources.StandardError$State" [_thread_blocked, id=11822, stack(0x00007f513d980000,0x00007f513da81000)]
  0x00007f510c001800 JavaThread "wwc.resources.StandardOutput$State" [_thread_blocked, id=11807, stack(0x00007f513da90000,0x00007f513db91000)]
  0x00007f5164184000 JavaThread "examples.chat.Speaker$State" [_thread_blocked, id=11780, stack(0x00007f513dba0000,0x00007f513dca1000)]
  0x00007f5164182800 JavaThread "RunTime Exit Thead" daemon [_thread_blocked, id=11744, stack(0x00007f513dcb0000,0x00007f513ddb1000)]
  0x00007f516416f800 JavaThread "Clear Socket Thread" [_thread_blocked, id=11208, stack(0x00007f513ddc0000,0x00007f513dec1000)]
  0x00007f516416e000 JavaThread "Listen Loop Thread" [_thread_in_native, id=11158, stack(0x00007f513ded0000,0x00007f513dfd1000)]
  0x00007f51640c3000 JavaThread "Service Thread" daemon [_thread_blocked, id=10959, stack(0x00007f513e620000,0x00007f513e721000)]
  0x00007f51640c0000 JavaThread "C1 CompilerThread2" daemon [_thread_blocked, id=10883, stack(0x00007f513e731000,0x00007f513e831000)]
  0x00007f51640be800 JavaThread "C2 CompilerThread1" daemon [_thread_blocked, id=10814, stack(0x00007f513e841000,0x00007f513e941000)]
=>0x00007f51640bb800 JavaThread "C2 CompilerThread0" daemon [_thread_in_vm, id=10765, stack(0x00007f513e951000,0x00007f513ea51000)]
  0x00007f51640ba000 JavaThread "Signal Dispatcher" daemon [_thread_blocked, id=10744, stack(0x00007f513ea60000,0x00007f513eb61000)]
  0x00007f5164085000 JavaThread "Finalizer" daemon [_thread_blocked, id=10688, stack(0x00007f513eea0000,0x00007f513efa1000)]
  0x00007f5164082800 JavaThread "Reference Handler" daemon [_thread_blocked, id=10669, stack(0x00007f513efb0000,0x00007f513f0b1000)]

Other Threads:
  0x00007f5164079000 VMThread [stack: 0x00007f513f0c1000,0x00007f513f1c1000] [id=10636]
  0x00007f51640c5800 WatcherThread [stack: 0x00007f513e511000,0x00007f513e611000] [id=11001]

VM state:not at safepoint (normal execution)

VM Mutex/Monitor currently owned by a thread:  ([mutex/lock_event])
[0x00007f5164006b90] CodeCache_lock - owner thread: 0x00007f51640bb800
[0x00007f5164008210] Compile_lock - owner thread: 0x00007f51640bb800
[0x00007f5164008310] MethodCompileQueue_lock - owner thread: 0x00007f51640bb800

Heap:
 PSYoungGen      total 37888K, used 655K [0x00000000d6180000, 0x00000000d8b80000, 0x0000000100000000)
  eden space 32768K, 1% used [0x00000000d6180000,0x00000000d6223d70,0x00000000d8180000)
  from space 5120K, 0% used [0x00000000d8180000,0x00000000d8180000,0x00000000d8680000)
  to   space 5120K, 0% used [0x00000000d8680000,0x00000000d8680000,0x00000000d8b80000)
 ParOldGen       total 86016K, used 2263K [0x0000000082400000, 0x0000000087800000, 0x00000000d6180000)
  object space 86016K, 2% used [0x0000000082400000,0x0000000082635dd0,0x0000000087800000)
 Metaspace       used 6005K, capacity 6218K, committed 6400K, reserved 1056768K
  class space    used 608K, capacity 697K, committed 768K, reserved 1048576K

Card table byte_map: [0x00007f5168640000,0x00007f5168a2f000] byte_map_base: 0x00007f516822e000

Marking Bits: (ParMarkBitMap*) 0x00007f516b779340
 Begin Bits: [0x00007f5151010000, 0x00007f5152f80000)
 End Bits:   [0x00007f5152f80000, 0x00007f5154ef0000)

Polling page: 0x00007f516c720000

CodeCache: size=245760Kb used=4187Kb max_used=4483Kb free=241572Kb
 bounds [0x00007f5155000000, 0x00007f5155480000, 0x00007f5164000000]
 total_blobs=1212 nmethods=922 adapters=202
 compilation: enabled

Compilation events (10 events):
Event: 738.607 Thread 0x00007f51640c0000 nmethod 1106 0x00007f515524d6d0 code [0x00007f515524e300, 0x00007f5155256e08]
Event: 738.607 Thread 0x00007f51640c0000 1108       3       java.util.regex.Pattern::clazz (405 bytes)
Event: 738.612 Thread 0x00007f51640c0000 nmethod 1108 0x00007f51552d1450 code [0x00007f51552d1920, 0x00007f51552d41d8]
Event: 751.021 Thread 0x00007f51640c0000 1114       3       java.lang.Boolean::<init> (10 bytes)
Event: 751.022 Thread 0x00007f51640c0000 nmethod 1114 0x00007f515519d290 code [0x00007f515519d400, 0x00007f515519d5b0]
Event: 751.986 Thread 0x00007f51640c0000 1115   !   3       sun.reflect.GeneratedMethodAccessor14::invoke (119 bytes)
Event: 751.987 Thread 0x00007f51640c0000 nmethod 1115 0x00007f5155199010 code [0x00007f5155199260, 0x00007f515519a0c8]
Event: 761.215 Thread 0x00007f51640be800 1117       4       java.util.regex.Matcher::find (69 bytes)
Event: 761.339 Thread 0x00007f51640be800 nmethod 1117 0x00007f5155210790 code [0x00007f5155210900, 0x00007f5155210c18]
Event: 763.319 Thread 0x00007f51640bb800 1118   !   4       gc.WeakReference::send (199 bytes)

GC Heap History (10 events):
Event: 766.714 GC heap before
{Heap before GC invocations=338 (full 169):
 PSYoungGen      total 37888K, used 32K [0x00000000d6180000, 0x00000000d8b80000, 0x0000000100000000)
  eden space 32768K, 0% used [0x00000000d6180000,0x00000000d6180000,0x00000000d8180000)
  from space 5120K, 0% used [0x00000000d8180000,0x00000000d8188000,0x00000000d8680000)
  to   space 5120K, 0% used [0x00000000d8680000,0x00000000d8680000,0x00000000d8b80000)
 ParOldGen       total 86016K, used 2260K [0x0000000082400000, 0x0000000087800000, 0x00000000d6180000)
  object space 86016K, 2% used [0x0000000082400000,0x0000000082635120,0x0000000087800000)
 Metaspace       used 6005K, capacity 6218K, committed 6400K, reserved 1056768K
  class space    used 608K, capacity 697K, committed 768K, reserved 1048576K
Event: 767.758 GC heap after
Heap after GC invocations=338 (full 169):
 PSYoungGen      total 37888K, used 0K [0x00000000d6180000, 0x00000000d8b80000, 0x0000000100000000)
  eden space 32768K, 0% used [0x00000000d6180000,0x00000000d6180000,0x00000000d8180000)
  from space 5120K, 0% used [0x00000000d8180000,0x00000000d8180000,0x00000000d8680000)
  to   space 5120K, 0% used [0x00000000d8680000,0x00000000d8680000,0x00000000d8b80000)
 ParOldGen       total 86016K, used 2263K [0x0000000082400000, 0x0000000087800000, 0x00000000d6180000)
  object space 86016K, 2% used [0x0000000082400000,0x0000000082635dd0,0x0000000087800000)
 Metaspace       used 6005K, capacity 6218K, committed 6400K, reserved 1056768K
  class space    used 608K, capacity 697K, committed 768K, reserved 1048576K
}
Event: 775.841 GC heap before
{Heap before GC invocations=339 (full 169):
 PSYoungGen      total 37888K, used 655K [0x00000000d6180000, 0x00000000d8b80000, 0x0000000100000000)
  eden space 32768K, 1% used [0x00000000d6180000,0x00000000d6223d70,0x00000000d8180000)
  from space 5120K, 0% used [0x00000000d8180000,0x00000000d8180000,0x00000000d8680000)
  to   space 5120K, 0% used [0x00000000d8680000,0x00000000d8680000,0x00000000d8b80000)
 ParOldGen       total 86016K, used 2263K [0x0000000082400000, 0x0000000087800000, 0x00000000d6180000)
  object space 86016K, 2% used [0x0000000082400000,0x0000000082635dd0,0x0000000087800000)
 Metaspace       used 6005K, capacity 6218K, committed 6400K, reserved 1056768K
  class space    used 608K, capacity 697K, committed 768K, reserved 1048576K
Event: 778.597 GC heap after
Heap after GC invocations=339 (full 169):
 PSYoungGen      total 37888K, used 0K [0x00000000d6180000, 0x00000000d8b80000, 0x0000000100000000)
  eden space 32768K, 0% used [0x00000000d6180000,0x00000000d6180000,0x00000000d8180000)
  from space 5120K, 0% used [0x00000000d8680000,0x00000000d8680000,0x00000000d8b80000)
  to   space 5120K, 0% used [0x00000000d8180000,0x00000000d8180000,0x00000000d8680000)
 ParOldGen       total 86016K, used 2263K [0x0000000082400000, 0x0000000087800000, 0x00000000d6180000)
  object space 86016K, 2% used [0x0000000082400000,0x0000000082635dd0,0x0000000087800000)
 Metaspace       used 6005K, capacity 6218K, committed 6400K, reserved 1056768K
  class space    used 608K, capacity 697K, committed 768K, reserved 1048576K
}
Event: 778.597 GC heap before
{Heap before GC invocations=340 (full 170):
 PSYoungGen      total 37888K, used 0K [0x00000000d6180000, 0x00000000d8b80000, 0x0000000100000000)
  eden space 32768K, 0% used [0x00000000d6180000,0x00000000d6180000,0x00000000d8180000)
  from space 5120K, 0% used [0x00000000d8680000,0x00000000d8680000,0x00000000d8b80000)
  to   space 5120K, 0% used [0x00000000d8180000,0x00000000d8180000,0x00000000d8680000)
 ParOldGen       total 86016K, used 2263K [0x0000000082400000, 0x0000000087800000, 0x00000000d6180000)
  object space 86016K, 2% used [0x0000000082400000,0x0000000082635dd0,0x0000000087800000)
 Metaspace       used 6005K, capacity 6218K, committed 6400K, reserved 1056768K
  class space    used 608K, capacity 697K, committed 768K, reserved 1048576K
Event: 782.347 GC heap after
Heap after GC invocations=340 (full 170):
 PSYoungGen      total 37888K, used 0K [0x00000000d6180000, 0x00000000d8b80000, 0x0000000100000000)
  eden space 32768K, 0% used [0x00000000d6180000,0x00000000d6180000,0x00000000d8180000)
  from space 5120K, 0% used [0x00000000d8680000,0x00000000d8680000,0x00000000d8b80000)
  to   space 5120K, 0% used [0x00000000d8180000,0x00000000d8180000,0x00000000d8680000)
 ParOldGen       total 86016K, used 2263K [0x0000000082400000, 0x0000000087800000, 0x00000000d6180000)
  object space 86016K, 2% used [0x0000000082400000,0x0000000082635dd0,0x0000000087800000)
 Metaspace       used 6005K, capacity 6218K, committed 6400K, reserved 1056768K
  class space    used 608K, capacity 697K, committed 768K, reserved 1048576K
}
Event: 790.986 GC heap before
{Heap before GC invocations=341 (full 170):
 PSYoungGen      total 37888K, used 1310K [0x00000000d6180000, 0x00000000d8b80000, 0x0000000100000000)
  eden space 32768K, 3% used [0x00000000d6180000,0x00000000d62c7ae0,0x00000000d8180000)
  from space 5120K, 0% used [0x00000000d8680000,0x00000000d8680000,0x00000000d8b80000)
  to   space 5120K, 0% used [0x00000000d8180000,0x00000000d8180000,0x00000000d8680000)
 ParOldGen       total 86016K, used 2263K [0x0000000082400000, 0x0000000087800000, 0x00000000d6180000)
  object space 86016K, 2% used [0x0000000082400000,0x0000000082635dd0,0x0000000087800000)
 Metaspace       used 6005K, capacity 6218K, committed 6400K, reserved 1056768K
  class space    used 608K, capacity 697K, committed 768K, reserved 1048576K
Event: 791.743 GC heap after
Heap after GC invocations=341 (full 170):
 PSYoungGen      total 37888K, used 0K [0x00000000d6180000, 0x00000000d8b80000, 0x0000000100000000)
  eden space 32768K, 0% used [0x00000000d6180000,0x00000000d6180000,0x00000000d8180000)
  from space 5120K, 0% used [0x00000000d8180000,0x00000000d8180000,0x00000000d8680000)
  to   space 5120K, 0% used [0x00000000d8680000,0x00000000d8680000,0x00000000d8b80000)
 ParOldGen       total 86016K, used 2263K [0x0000000082400000, 0x0000000087800000, 0x00000000d6180000)
  object space 86016K, 2% used [0x0000000082400000,0x0000000082635dd0,0x0000000087800000)
 Metaspace       used 6005K, capacity 6218K, committed 6400K, reserved 1056768K
  class space    used 608K, capacity 697K, committed 768K, reserved 1048576K
}
Event: 791.743 GC heap before
{Heap before GC invocations=342 (full 171):
 PSYoungGen      total 37888K, used 0K [0x00000000d6180000, 0x00000000d8b80000, 0x0000000100000000)
  eden space 32768K, 0% used [0x00000000d6180000,0x00000000d6180000,0x00000000d8180000)
  from space 5120K, 0% used [0x00000000d8180000,0x00000000d8180000,0x00000000d8680000)
  to   space 5120K, 0% used [0x00000000d8680000,0x00000000d8680000,0x00000000d8b80000)
 ParOldGen       total 86016K, used 2263K [0x0000000082400000, 0x0000000087800000, 0x00000000d6180000)
  object space 86016K, 2% used [0x0000000082400000,0x0000000082635dd0,0x0000000087800000)
 Metaspace       used 6005K, capacity 6218K, committed 6400K, reserved 1056768K
  class space    used 608K, capacity 697K, committed 768K, reserved 1048576K
Event: 793.083 GC heap after
Heap after GC invocations=342 (full 171):
 PSYoungGen      total 37888K, used 0K [0x00000000d6180000, 0x00000000d8b80000, 0x0000000100000000)
  eden space 32768K, 0% used [0x00000000d6180000,0x00000000d6180000,0x00000000d8180000)
  from space 5120K, 0% used [0x00000000d8180000,0x00000000d8180000,0x00000000d8680000)
  to   space 5120K, 0% used [0x00000000d8680000,0x00000000d8680000,0x00000000d8b80000)
 ParOldGen       total 86016K, used 2263K [0x0000000082400000, 0x0000000087800000, 0x00000000d6180000)
  object space 86016K, 2% used [0x0000000082400000,0x0000000082635dd0,0x0000000087800000)
 Metaspace       used 6005K, capacity 6218K, committed 6400K, reserved 1056768K
  class space    used 608K, capacity 697K, committed 768K, reserved 1048576K
}

Deoptimization events (10 events):
Event: 238.298 Thread 0x00007f5110009000 Uncommon trap: reason=unstable_if action=reinterpret pc=0x00007f5155255830 method=java.io.ObjectStreamClass.hasReadResolveMethod()Z @ 8
Event: 238.455 Thread 0x00007f5164184000 Uncommon trap: reason=unstable_if action=reinterpret pc=0x00007f515530eff0 method=java.lang.reflect.Method.invoke(Ljava/lang/Object;[Ljava/lang/Object;)Ljava/lang/Object; @ 45
Event: 300.387 Thread 0x00007f5110007000 Uncommon trap: reason=unstable_if action=reinterpret pc=0x00007f51553208f0 method=java.io.ObjectInputStream.isCustomSubclass()Z @ 12
Event: 336.384 Thread 0x00007f5110007000 Uncommon trap: reason=unstable_if action=reinterpret pc=0x00007f51551cb538 method=java.net.SocketInputStream.read([BIII)I @ 124
Event: 336.384 Thread 0x00007f5110007000 Uncommon trap: reason=unstable_if action=reinterpret pc=0x00007f515521096c method=java.net.SocketInputStream.read()I @ 28
Event: 403.789 Thread 0x00007f5110009000 Uncommon trap: reason=unstable_if action=reinterpret pc=0x00007f51551cb538 method=java.net.SocketInputStream.read([BIII)I @ 124
Event: 403.789 Thread 0x00007f5110009000 Uncommon trap: reason=unstable_if action=reinterpret pc=0x00007f515521096c method=java.net.SocketInputStream.read()I @ 28
Event: 412.943 Thread 0x00007f50ec003000 Uncommon trap: reason=unstable_if action=reinterpret pc=0x00007f51553ccfec method=java.io.ObjectStreamClass.writeNonProxy(Ljava/io/ObjectOutputStream;)V @ 142
Event: 729.919 Thread 0x00007f5164184000 Uncommon trap: reason=array_check action=maybe_recompile pc=0x00007f51552b9b2c method=java.util.Arrays.fill([Ljava/lang/Object;IILjava/lang/Object;)V @ 20
Event: 729.919 Thread 0x00007f5164184000 Uncommon trap: reason=array_check action=maybe_recompile pc=0x00007f51552b9b2c method=java.util.Arrays.fill([Ljava/lang/Object;IILjava/lang/Object;)V @ 20

Classes redefined (0 events):
No events

Internal exceptions (10 events):
Event: 133.492 Thread 0x00007f510c001800 Exception <a 'java/lang/IllegalArgumentException': argument type mismatch> (0x00000000d632ef78) thrown at [/build/openjdk-8-5w_p1G/openjdk-8-8u191-b12/src/hotspot/src/share/vm/runtime/reflection.cpp, line 201]
Event: 133.492 Thread 0x00007f510c001800 Exception <a 'java/lang/IllegalArgumentException': argument type mismatch> (0x00000000d632f1f0) thrown at [/build/openjdk-8-5w_p1G/openjdk-8-8u191-b12/src/hotspot/src/share/vm/runtime/reflection.cpp, line 201]
Event: 133.492 Thread 0x00007f510c001800 Exception <a 'java/lang/IllegalArgumentException': argument type mismatch> (0x00000000d632f468) thrown at [/build/openjdk-8-5w_p1G/openjdk-8-8u191-b12/src/hotspot/src/share/vm/runtime/reflection.cpp, line 201]
Event: 133.493 Thread 0x00007f510c001800 Exception <a 'java/lang/IllegalArgumentException': argument type mismatch> (0x00000000d6334dd0) thrown at [/build/openjdk-8-5w_p1G/openjdk-8-8u191-b12/src/hotspot/src/share/vm/runtime/reflection.cpp, line 201]
Event: 133.494 Thread 0x00007f510c001800 Exception <a 'java/lang/IllegalArgumentException': argument type mismatch> (0x00000000d6337998) thrown at [/build/openjdk-8-5w_p1G/openjdk-8-8u191-b12/src/hotspot/src/share/vm/runtime/reflection.cpp, line 201]
Event: 133.494 Thread 0x00007f510c001800 Exception <a 'java/lang/IllegalArgumentException': argument type mismatch> (0x00000000d633a628) thrown at [/build/openjdk-8-5w_p1G/openjdk-8-8u191-b12/src/hotspot/src/share/vm/runtime/reflection.cpp, line 201]
Event: 133.495 Thread 0x00007f510c001800 Exception <a 'java/lang/IllegalArgumentException': argument type mismatch> (0x00000000d633d378) thrown at [/build/openjdk-8-5w_p1G/openjdk-8-8u191-b12/src/hotspot/src/share/vm/runtime/reflection.cpp, line 201]
Event: 238.295 Thread 0x00007f5110009000 Implicit null exception at 0x00007f51553ac7d2 to 0x00007f51553acb96
Event: 238.296 Thread 0x00007f5110009000 Exception <a 'java/lang/NoSuchMethodError': <clinit>> (0x00000000d6186c18) thrown at [/build/openjdk-8-5w_p1G/openjdk-8-8u191-b12/src/hotspot/src/share/vm/prims/jni.cpp, line 1613]
Event: 238.455 Thread 0x00007f5164184000 Implicit null exception at 0x00007f515530ef58 to 0x00007f515530efd6

Events (10 events):
Event: 760.724 Executing VM operation: ParallelGCSystemGC done
Event: 761.339 Thread 0x00007f51640be800 flushing nmethod 0x00007f515510eb50
Event: 763.069 Executing VM operation: ParallelGCSystemGC
Event: 763.220 Executing VM operation: ParallelGCSystemGC done
Event: 766.445 Executing VM operation: ParallelGCSystemGC
Event: 767.758 Executing VM operation: ParallelGCSystemGC done
Event: 775.449 Executing VM operation: ParallelGCSystemGC
Event: 782.347 Executing VM operation: ParallelGCSystemGC done
Event: 790.628 Executing VM operation: ParallelGCSystemGC
Event: 793.083 Executing VM operation: ParallelGCSystemGC done


Dynamic libraries:
82400000-87800000 rw-p 00000000 00:00 0
87800000-d6180000 ---p 00000000 00:00 0
d6180000-d8b80000 rw-p 00000000 00:00 0
d8b80000-100000000 ---p 00000000 00:00 0
100000000-1000c0000 rw-p 00000000 00:00 0
1000c0000-140000000 ---p 00000000 00:00 0
7f50e8000000-7f50e8021000 rw-p 00000000 00:00 0
7f50e8021000-7f50ec000000 ---p 00000000 00:00 0
7f50ec000000-7f50ec021000 rw-p 00000000 00:00 0
7f50ec021000-7f50f0000000 ---p 00000000 00:00 0
7f50f0000000-7f50f0021000 rw-p 00000000 00:00 0
7f50f0021000-7f50f4000000 ---p 00000000 00:00 0
7f50f4000000-7f50f4021000 rw-p 00000000 00:00 0
7f50f4021000-7f50f8000000 ---p 00000000 00:00 0
7f50f8000000-7f50f8021000 rw-p 00000000 00:00 0
7f50f8021000-7f50fc000000 ---p 00000000 00:00 0
7f50fc000000-7f50fc021000 rw-p 00000000 00:00 0
7f50fc021000-7f5100000000 ---p 00000000 00:00 0
7f5100000000-7f5100021000 rw-p 00000000 00:00 0
7f5100021000-7f5104000000 ---p 00000000 00:00 0
7f5104000000-7f5104021000 rw-p 00000000 00:00 0
7f5104021000-7f5108000000 ---p 00000000 00:00 0
7f5108000000-7f5108021000 rw-p 00000000 00:00 0
7f5108021000-7f510c000000 ---p 00000000 00:00 0
7f510c000000-7f510c02d000 rw-p 00000000 00:00 0
7f510c02d000-7f5110000000 ---p 00000000 00:00 0
7f5110000000-7f5110021000 rw-p 00000000 00:00 0
7f5110021000-7f5114000000 ---p 00000000 00:00 0
7f5114000000-7f5114021000 rw-p 00000000 00:00 0
7f5114021000-7f5118000000 ---p 00000000 00:00 0
7f5118000000-7f5118021000 rw-p 00000000 00:00 0
7f5118021000-7f511c000000 ---p 00000000 00:00 0
7f511c000000-7f511c021000 rw-p 00000000 00:00 0
7f511c021000-7f5120000000 ---p 00000000 00:00 0
7f5120000000-7f5120eb0000 rw-p 00000000 00:00 0
7f5120eb0000-7f5124000000 ---p 00000000 00:00 0
7f5124000000-7f512438c000 rw-p 00000000 00:00 0
7f512438c000-7f5128000000 ---p 00000000 00:00 0
7f5128000000-7f5128021000 rw-p 00000000 00:00 0
7f5128021000-7f512c000000 ---p 00000000 00:00 0
7f512c000000-7f512e798000 rw-p 00000000 00:00 0
7f512e798000-7f5130000000 ---p 00000000 00:00 0
7f5130000000-7f5130021000 rw-p 00000000 00:00 0
7f5130021000-7f5134000000 ---p 00000000 00:00 0
7f5134000000-7f5134021000 rw-p 00000000 00:00 0
7f5134021000-7f5138000000 ---p 00000000 00:00 0
7f5138000000-7f513805c000 rw-p 00000000 00:00 0
7f513805c000-7f513c000000 ---p 00000000 00:00 0
7f513d320000-7f513d323000 ---p 00000000 00:00 0
7f513d323000-7f513d421000 rw-p 00000000 00:00 0
7f513d430000-7f513d433000 ---p 00000000 00:00 0
7f513d433000-7f513d531000 rw-p 00000000 00:00 0
7f513d540000-7f513d543000 ---p 00000000 00:00 0
7f513d543000-7f513d641000 rw-p 00000000 00:00 0
7f513d650000-7f513d653000 ---p 00000000 00:00 0
7f513d653000-7f513d751000 rw-p 00000000 00:00 0
7f513d760000-7f513d763000 ---p 00000000 00:00 0
7f513d763000-7f513d861000 rw-p 00000000 00:00 0
7f513d870000-7f513d873000 ---p 00000000 00:00 0
7f513d873000-7f513d971000 rw-p 00000000 00:00 0
7f513d980000-7f513d983000 ---p 00000000 00:00 0
7f513d983000-7f513da81000 rw-p 00000000 00:00 0
7f513da90000-7f513da93000 ---p 00000000 00:00 0
7f513da93000-7f513db91000 rw-p 00000000 00:00 0
7f513dba0000-7f513dba3000 ---p 00000000 00:00 0
7f513dba3000-7f513dca1000 rw-p 00000000 00:00 0
7f513dcb0000-7f513dcb3000 ---p 00000000 00:00 0
7f513dcb3000-7f513ddb1000 rw-p 00000000 00:00 0
7f513ddc0000-7f513ddc3000 ---p 00000000 00:00 0
7f513ddc3000-7f513dec1000 rw-p 00000000 00:00 0
7f513ded0000-7f513ded3000 ---p 00000000 00:00 0
7f513ded3000-7f513dfd1000 rw-p 00000000 00:00 0
7f513dfe0000-7f513e2e1000 rw-p 00000000 00:00 0
7f513e2f0000-7f513e307000 r-xp 00000000 00:00 213561             /usr/lib/jvm/java-8-openjdk-amd64/jre/lib/amd64/libnet.so
7f513e307000-7f513e308000 ---p 00017000 00:00 213561             /usr/lib/jvm/java-8-openjdk-amd64/jre/lib/amd64/libnet.so
7f513e308000-7f513e506000 ---p 00000018 00:00 213561             /usr/lib/jvm/java-8-openjdk-amd64/jre/lib/amd64/libnet.so
7f513e506000-7f513e507000 r--p 00016000 00:00 213561             /usr/lib/jvm/java-8-openjdk-amd64/jre/lib/amd64/libnet.so
7f513e507000-7f513e508000 rw-p 00017000 00:00 213561             /usr/lib/jvm/java-8-openjdk-amd64/jre/lib/amd64/libnet.so
7f513e510000-7f513e511000 ---p 00000000 00:00 0
7f513e511000-7f513e611000 rw-p 00000000 00:00 0
7f513e620000-7f513e623000 ---p 00000000 00:00 0
7f513e623000-7f513e721000 rw-p 00000000 00:00 0
7f513e730000-7f513e734000 ---p 00000000 00:00 0
7f513e734000-7f513e831000 rw-p 00000000 00:00 0
7f513e840000-7f513e844000 ---p 00000000 00:00 0
7f513e844000-7f513e941000 rw-p 00000000 00:00 0
7f513e950000-7f513e954000 ---p 00000000 00:00 0
7f513e954000-7f513ea51000 rw-p 00000000 00:00 0
7f513ea60000-7f513ea63000 ---p 00000000 00:00 0
7f513ea63000-7f513eb61000 rw-p 00000000 00:00 0
7f513eb61000-7f513eb92000 r--p 00000000 00:00 1165083            /usr/lib/locale/C.UTF-8/LC_CTYPE
7f513eb92000-7f513ed05000 r--p 00000000 00:00 1165082            /usr/lib/locale/C.UTF-8/LC_COLLATE
7f513ed05000-7f513eea0000 r--p 00000000 00:00 1165094            /usr/lib/locale/locale-archive
7f513eea0000-7f513eea3000 ---p 00000000 00:00 0
7f513eea3000-7f513efa1000 rw-p 00000000 00:00 0
7f513efb0000-7f513efb3000 ---p 00000000 00:00 0
7f513efb3000-7f513f0b1000 rw-p 00000000 00:00 0
7f513f0c0000-7f513f0c1000 ---p 00000000 00:00 0
7f513f0c1000-7f513f1c1000 rw-p 00000000 00:00 0
7f513f1d0000-7f513f2d1000 rw-p 00000000 00:00 0
7f513f2e0000-7f513f3e1000 rw-p 00000000 00:00 0
7f513f3f0000-7f513f4f1000 rw-p 00000000 00:00 0
7f513f500000-7f513f601000 rw-p 00000000 00:00 0
7f513f610000-7f513f711000 rw-p 00000000 00:00 0
7f513f720000-7f513f741000 rw-p 00000000 00:00 0
7f513f750000-7f513f851000 rw-p 00000000 00:00 0
7f513f860000-7f513f881000 rw-p 00000000 00:00 0
7f513f890000-7f513f991000 rw-p 00000000 00:00 0
7f513f9a0000-7f513faa1000 rw-p 00000000 00:00 0
7f513fab0000-7f513fbb1000 rw-p 00000000 00:00 0
7f513fbc0000-7f513fcc1000 rw-p 00000000 00:00 0
7f513fcd0000-7f513fdd1000 rw-p 00000000 00:00 0
7f513fde0000-7f513fee1000 rw-p 00000000 00:00 0
7f513fef0000-7f513fff1000 rw-p 00000000 00:00 0
7f5140000000-7f5140021000 rw-p 00000000 00:00 0
7f5140021000-7f5144000000 ---p 00000000 00:00 0
7f5144000000-7f5144021000 rw-p 00000000 00:00 0
7f5144021000-7f5148000000 ---p 00000000 00:00 0
7f5148000000-7f5148021000 rw-p 00000000 00:00 0
7f5148021000-7f514c000000 ---p 00000000 00:00 0
7f514c000000-7f514c021000 rw-p 00000000 00:00 0
7f514c021000-7f5150000000 ---p 00000000 00:00 0
7f5150010000-7f5150031000 rw-p 00000000 00:00 0
7f5150040000-7f5150141000 rw-p 00000000 00:00 0
7f5150150000-7f5150251000 rw-p 00000000 00:00 0
7f5150251000-7f5150420000 r--s 03c33000 00:00 213628             /usr/lib/jvm/java-8-openjdk-amd64/jre/lib/rt.jar
7f5150420000-7f51509a0000 rw-p 00000000 00:00 0
7f51509a0000-7f5150c20000 ---p 00000000 00:00 0
7f5150c20000-7f515100e000 rw-p 00000000 00:00 0
7f5151010000-7f5154ef0000 rw-p 00000000 00:00 0
7f5154ef0000-7f5154ef1000 ---p 00000000 00:00 0
7f5154ef1000-7f5154ff1000 rw-p 00000000 00:00 0
7f5155000000-7f5155480000 rwxp 00000000 00:00 0
7f5155480000-7f5164000000 ---p 00000000 00:00 0
7f5164000000-7f51641c3000 rw-p 00000000 00:00 0
7f51641c3000-7f5168000000 ---p 00000000 00:00 0
7f5168010000-7f5168031000 rw-p 00000000 00:00 0
7f5168040000-7f5168061000 rw-p 00000000 00:00 0
7f5168070000-7f5168071000 ---p 00000000 00:00 0
7f5168071000-7f5168171000 rw-p 00000000 00:00 0
7f5168180000-7f5168181000 ---p 00000000 00:00 0
7f5168181000-7f5168281000 rw-p 00000000 00:00 0
7f5168290000-7f5168291000 ---p 00000000 00:00 0
7f5168291000-7f5168391000 rw-p 00000000 00:00 0
7f51683a0000-7f51683ca000 rw-p 00000000 00:00 0
7f51683ca000-7f516863f000 ---p 00000000 00:00 0
7f5168640000-7f516866a000 rw-p 00000000 00:00 0
7f516866a000-7f51688de000 ---p 00000000 00:00 0
7f51688de000-7f51688f4000 rw-p 00000000 00:00 0
7f51688f4000-7f5168a2e000 ---p 00000000 00:00 0
7f5168a2e000-7f5168a2f000 rw-p 00000000 00:00 0
7f5168a30000-7f5168a42000 rw-p 00000000 00:00 0
7f5168a42000-7f5168df0000 ---p 00000000 00:00 0
7f5168df0000-7f5168df8000 r-xp 00000000 00:00 213569             /usr/lib/jvm/java-8-openjdk-amd64/jre/lib/amd64/libzip.so
7f5168df8000-7f5168df9000 ---p 00008000 00:00 213569             /usr/lib/jvm/java-8-openjdk-amd64/jre/lib/amd64/libzip.so
7f5168df9000-7f5168ff7000 ---p 00000009 00:00 213569             /usr/lib/jvm/java-8-openjdk-amd64/jre/lib/amd64/libzip.so
7f5168ff7000-7f5168ff8000 r--p 00007000 00:00 213569             /usr/lib/jvm/java-8-openjdk-amd64/jre/lib/amd64/libzip.so
7f5168ff8000-7f5168ff9000 rw-p 00008000 00:00 213569             /usr/lib/jvm/java-8-openjdk-amd64/jre/lib/amd64/libzip.so
7f5169000000-7f516900b000 r-xp 00000000 00:00 1163848            /lib/x86_64-linux-gnu/libnss_files-2.27.so
7f516900b000-7f516900c000 ---p 0000b000 00:00 1163848            /lib/x86_64-linux-gnu/libnss_files-2.27.so
7f516900c000-7f516920a000 ---p 0000000c 00:00 1163848            /lib/x86_64-linux-gnu/libnss_files-2.27.so
7f516920a000-7f516920b000 r--p 0000a000 00:00 1163848            /lib/x86_64-linux-gnu/libnss_files-2.27.so
7f516920b000-7f516920c000 rw-p 0000b000 00:00 1163848            /lib/x86_64-linux-gnu/libnss_files-2.27.so
7f516920c000-7f5169212000 rw-p 00000000 00:00 0
7f5169220000-7f5169237000 r-xp 00000000 00:00 1163842            /lib/x86_64-linux-gnu/libnsl-2.27.so
7f5169237000-7f5169238000 ---p 00017000 00:00 1163842            /lib/x86_64-linux-gnu/libnsl-2.27.so
7f5169238000-7f5169436000 ---p 00000018 00:00 1163842            /lib/x86_64-linux-gnu/libnsl-2.27.so
7f5169436000-7f5169437000 r--p 00016000 00:00 1163842            /lib/x86_64-linux-gnu/libnsl-2.27.so
7f5169437000-7f5169438000 rw-p 00017000 00:00 1163842            /lib/x86_64-linux-gnu/libnsl-2.27.so
7f5169438000-7f516943a000 rw-p 00000000 00:00 0
7f5169440000-7f516944b000 r-xp 00000000 00:00 1163852            /lib/x86_64-linux-gnu/libnss_nis-2.27.so
7f516944b000-7f516944c000 ---p 0000b000 00:00 1163852            /lib/x86_64-linux-gnu/libnss_nis-2.27.so
7f516944c000-7f516964a000 ---p 0000000c 00:00 1163852            /lib/x86_64-linux-gnu/libnss_nis-2.27.so
7f516964a000-7f516964b000 r--p 0000a000 00:00 1163852            /lib/x86_64-linux-gnu/libnss_nis-2.27.so
7f516964b000-7f516964c000 rw-p 0000b000 00:00 1163852            /lib/x86_64-linux-gnu/libnss_nis-2.27.so
7f5169650000-7f5169658000 r-xp 00000000 00:00 1163844            /lib/x86_64-linux-gnu/libnss_compat-2.27.so
7f5169658000-7f516965a000 ---p 00008000 00:00 1163844            /lib/x86_64-linux-gnu/libnss_compat-2.27.so
7f516965a000-7f5169858000 ---p 0000000a 00:00 1163844            /lib/x86_64-linux-gnu/libnss_compat-2.27.so
7f5169858000-7f5169859000 r--p 00008000 00:00 1163844            /lib/x86_64-linux-gnu/libnss_compat-2.27.so
7f5169859000-7f516985a000 rw-p 00009000 00:00 1163844            /lib/x86_64-linux-gnu/libnss_compat-2.27.so
7f5169860000-7f516988e000 r-xp 00000000 00:00 213546             /usr/lib/jvm/java-8-openjdk-amd64/jre/lib/amd64/libjava.so
7f516988e000-7f5169890000 ---p 0002e000 00:00 213546             /usr/lib/jvm/java-8-openjdk-amd64/jre/lib/amd64/libjava.so
7f5169890000-7f5169a8d000 ---p 00000030 00:00 213546             /usr/lib/jvm/java-8-openjdk-amd64/jre/lib/amd64/libjava.so
7f5169a8d000-7f5169a8e000 r--p 0002d000 00:00 213546             /usr/lib/jvm/java-8-openjdk-amd64/jre/lib/amd64/libjava.so
7f5169a8e000-7f5169a90000 rw-p 0002e000 00:00 213546             /usr/lib/jvm/java-8-openjdk-amd64/jre/lib/amd64/libjava.so
7f5169a90000-7f5169aa0000 r-xp 00000000 00:00 213568             /usr/lib/jvm/java-8-openjdk-amd64/jre/lib/amd64/libverify.so
7f5169aa0000-7f5169aa2000 ---p 00010000 00:00 213568             /usr/lib/jvm/java-8-openjdk-amd64/jre/lib/amd64/libverify.so
7f5169aa2000-7f5169c9f000 ---p 00000012 00:00 213568             /usr/lib/jvm/java-8-openjdk-amd64/jre/lib/amd64/libverify.so
7f5169c9f000-7f5169ca1000 r--p 0000f000 00:00 213568             /usr/lib/jvm/java-8-openjdk-amd64/jre/lib/amd64/libverify.so
7f5169ca1000-7f5169ca2000 rw-p 00011000 00:00 213568             /usr/lib/jvm/java-8-openjdk-amd64/jre/lib/amd64/libverify.so
7f5169cb0000-7f5169cb7000 r-xp 00000000 00:00 1163891            /lib/x86_64-linux-gnu/librt-2.27.so
7f5169cb7000-7f5169cb8000 ---p 00007000 00:00 1163891            /lib/x86_64-linux-gnu/librt-2.27.so
7f5169cb8000-7f5169eb6000 ---p 00000008 00:00 1163891            /lib/x86_64-linux-gnu/librt-2.27.so
7f5169eb6000-7f5169eb7000 r--p 00006000 00:00 1163891            /lib/x86_64-linux-gnu/librt-2.27.so
7f5169eb7000-7f5169eb8000 rw-p 00007000 00:00 1163891            /lib/x86_64-linux-gnu/librt-2.27.so
7f5169ec0000-7f5169ed7000 r-xp 00000000 00:00 1195636            /lib/x86_64-linux-gnu/libgcc_s.so.1
7f5169ed7000-7f5169ed8000 ---p 00017000 00:00 1195636            /lib/x86_64-linux-gnu/libgcc_s.so.1
7f5169ed8000-7f516a0d6000 ---p 00000018 00:00 1195636            /lib/x86_64-linux-gnu/libgcc_s.so.1
7f516a0d6000-7f516a0d7000 r--p 00016000 00:00 1195636            /lib/x86_64-linux-gnu/libgcc_s.so.1
7f516a0d7000-7f516a0d8000 rw-p 00017000 00:00 1195636            /lib/x86_64-linux-gnu/libgcc_s.so.1
7f516a0e0000-7f516a27d000 r-xp 00000000 00:00 1163825            /lib/x86_64-linux-gnu/libm-2.27.so
7f516a27d000-7f516a280000 ---p 0019d000 00:00 1163825            /lib/x86_64-linux-gnu/libm-2.27.so
7f516a280000-7f516a47c000 ---p 000001a0 00:00 1163825            /lib/x86_64-linux-gnu/libm-2.27.so
7f516a47c000-7f516a47d000 r--p 0019c000 00:00 1163825            /lib/x86_64-linux-gnu/libm-2.27.so
7f516a47d000-7f516a47e000 rw-p 0019d000 00:00 1163825            /lib/x86_64-linux-gnu/libm-2.27.so
7f516a480000-7f516a5f9000 r-xp 00000000 00:00 1252565            /usr/lib/x86_64-linux-gnu/libstdc++.so.6.0.25
7f516a5f9000-7f516a606000 ---p 00179000 00:00 1252565            /usr/lib/x86_64-linux-gnu/libstdc++.so.6.0.25
7f516a606000-7f516a7f9000 ---p 00000186 00:00 1252565            /usr/lib/x86_64-linux-gnu/libstdc++.so.6.0.25
7f516a7f9000-7f516a803000 r--p 00179000 00:00 1252565            /usr/lib/x86_64-linux-gnu/libstdc++.so.6.0.25
7f516a803000-7f516a805000 rw-p 00183000 00:00 1252565            /usr/lib/x86_64-linux-gnu/libstdc++.so.6.0.25
7f516a805000-7f516a809000 rw-p 00000000 00:00 0
7f516a810000-7f516b4aa000 r-xp 00000000 00:00 213574             /usr/lib/jvm/java-8-openjdk-amd64/jre/lib/amd64/server/libjvm.so
7f516b4aa000-7f516b574000 ---p 00c9a000 00:00 213574             /usr/lib/jvm/java-8-openjdk-amd64/jre/lib/amd64/server/libjvm.so
7f516b574000-7f516b6a9000 ---p 00000d64 00:00 213574             /usr/lib/jvm/java-8-openjdk-amd64/jre/lib/amd64/server/libjvm.so
7f516b6a9000-7f516b73d000 r--p 00c99000 00:00 213574             /usr/lib/jvm/java-8-openjdk-amd64/jre/lib/amd64/server/libjvm.so
7f516b73d000-7f516b766000 rw-p 00d2d000 00:00 213574             /usr/lib/jvm/java-8-openjdk-amd64/jre/lib/amd64/server/libjvm.so
7f516b766000-7f516b796000 rw-p 00000000 00:00 0
7f516b7a0000-7f516b7ba000 r-xp 00000000 00:00 1163883            /lib/x86_64-linux-gnu/libpthread-2.27.so
7f516b7ba000-7f516b7c4000 ---p 0001a000 00:00 1163883            /lib/x86_64-linux-gnu/libpthread-2.27.so
7f516b7c4000-7f516b9b9000 ---p 00000024 00:00 1163883            /lib/x86_64-linux-gnu/libpthread-2.27.so
7f516b9b9000-7f516b9ba000 r--p 00019000 00:00 1163883            /lib/x86_64-linux-gnu/libpthread-2.27.so
7f516b9ba000-7f516b9bb000 rw-p 0001a000 00:00 1163883            /lib/x86_64-linux-gnu/libpthread-2.27.so
7f516b9bb000-7f516b9bf000 rw-p 00000000 00:00 0
7f516b9c0000-7f516b9c3000 r-xp 00000000 00:00 1163697            /lib/x86_64-linux-gnu/libdl-2.27.so
7f516b9c3000-7f516b9c4000 ---p 00003000 00:00 1163697            /lib/x86_64-linux-gnu/libdl-2.27.so
7f516b9c4000-7f516bbc2000 ---p 00000004 00:00 1163697            /lib/x86_64-linux-gnu/libdl-2.27.so
7f516bbc2000-7f516bbc3000 r--p 00002000 00:00 1163697            /lib/x86_64-linux-gnu/libdl-2.27.so
7f516bbc3000-7f516bbc4000 rw-p 00003000 00:00 1163697            /lib/x86_64-linux-gnu/libdl-2.27.so
7f516bbd0000-7f516bbec000 r-xp 00000000 00:00 1163923            /lib/x86_64-linux-gnu/libz.so.1.2.11
7f516bbec000-7f516bbed000 ---p 0001c000 00:00 1163923            /lib/x86_64-linux-gnu/libz.so.1.2.11
7f516bbed000-7f516bdeb000 ---p 0000001d 00:00 1163923            /lib/x86_64-linux-gnu/libz.so.1.2.11
7f516bdeb000-7f516bdec000 r--p 0001b000 00:00 1163923            /lib/x86_64-linux-gnu/libz.so.1.2.11
7f516bdec000-7f516bded000 rw-p 0001c000 00:00 1163923            /lib/x86_64-linux-gnu/libz.so.1.2.11
7f516bdf0000-7f516bfd7000 r-xp 00000000 00:00 1163633            /lib/x86_64-linux-gnu/libc-2.27.so
7f516bfd7000-7f516bfe0000 ---p 001e7000 00:00 1163633            /lib/x86_64-linux-gnu/libc-2.27.so
7f516bfe0000-7f516c1d7000 ---p 000001f0 00:00 1163633            /lib/x86_64-linux-gnu/libc-2.27.so
7f516c1d7000-7f516c1db000 r--p 001e7000 00:00 1163633            /lib/x86_64-linux-gnu/libc-2.27.so
7f516c1db000-7f516c1dd000 rw-p 001eb000 00:00 1163633            /lib/x86_64-linux-gnu/libc-2.27.so
7f516c1dd000-7f516c1e1000 rw-p 00000000 00:00 0
7f516c1f0000-7f516c1fe000 r-xp 00000000 00:00 213532             /usr/lib/jvm/java-8-openjdk-amd64/jre/lib/amd64/jli/libjli.so
7f516c1fe000-7f516c1ff000 ---p 0000e000 00:00 213532             /usr/lib/jvm/java-8-openjdk-amd64/jre/lib/amd64/jli/libjli.so
7f516c1ff000-7f516c3fd000 ---p 0000000f 00:00 213532             /usr/lib/jvm/java-8-openjdk-amd64/jre/lib/amd64/jli/libjli.so
7f516c3fd000-7f516c3fe000 r--p 0000d000 00:00 213532             /usr/lib/jvm/java-8-openjdk-amd64/jre/lib/amd64/jli/libjli.so
7f516c3fe000-7f516c3ff000 rw-p 0000e000 00:00 213532             /usr/lib/jvm/java-8-openjdk-amd64/jre/lib/amd64/jli/libjli.so
7f516c400000-7f516c426000 r-xp 00000000 00:00 1163578            /lib/x86_64-linux-gnu/ld-2.27.so
7f516c426000-7f516c427000 r-xp 00026000 00:00 1163578            /lib/x86_64-linux-gnu/ld-2.27.so
7f516c435000-7f516c450000 r--s 001d6000 00:00 43386              /usr/lib/jvm/java-8-openjdk-amd64/jre/lib/ext/nashorn.jar
7f516c450000-7f516c49e000 rw-p 00000000 00:00 0
7f516c4a0000-7f516c516000 rw-p 00000000 00:00 0
7f516c520000-7f516c524000 ---p 00000000 00:00 0
7f516c524000-7f516c621000 rw-p 00000000 00:00 0
7f516c627000-7f516c628000 r--p 00027000 00:00 1163578            /lib/x86_64-linux-gnu/ld-2.27.so
7f516c628000-7f516c629000 rw-p 00028000 00:00 1163578            /lib/x86_64-linux-gnu/ld-2.27.so
7f516c629000-7f516c62a000 rw-p 00000000 00:00 0
7f516c635000-7f516c650000 r--s 00394000 00:00 213588             /usr/lib/jvm/java-8-openjdk-amd64/jre/lib/ext/cldrdata.jar
7f516c650000-7f516c6ab000 rw-p 00000000 00:00 0
7f516c6ab000-7f516c6b0000 r--s 000a0000 00:00 213618             /usr/lib/jvm/java-8-openjdk-amd64/jre/lib/jsse.jar
7f516c6b0000-7f516c6d8000 rw-p 00000000 00:00 0
7f516c6da000-7f516c6e0000 r--s 0004e000 00:00 614318             /mnt/c/Users/ksank/akka-resources/src/libs/salsa1.1.5.jar
7f516c6e0000-7f516c708000 rw-p 00000000 00:00 0
7f516c70a000-7f516c710000 r--s 0002b000 00:00 155396             /mnt/c/Users/ksank/akka-resources/src/libs/kotlin-runtime-1.2.20-dev-331.jar
7f516c710000-7f516c711000 rw-p 00000000 00:00 0
7f516c714000-7f516c715000 r--s 00010000 00:00 213599             /usr/lib/jvm/java-8-openjdk-amd64/jre/lib/ext/zipfs.jar
7f516c715000-7f516c718000 r--s 00038000 00:00 213598             /usr/lib/jvm/java-8-openjdk-amd64/jre/lib/ext/sunpkcs11.jar
7f516c718000-7f516c71e000 r--s 0003b000 00:00 213596             /usr/lib/jvm/java-8-openjdk-amd64/jre/lib/ext/sunjce_provider.jar
7f516c71e000-7f516c720000 r--s 00008000 00:00 213595             /usr/lib/jvm/java-8-openjdk-amd64/jre/lib/ext/sunec.jar
7f516c720000-7f516c721000 r--p 00000000 00:00 0
7f516c721000-7f516c72b000 r--s 00116000 00:00 39595              /usr/lib/jvm/java-8-openjdk-amd64/jre/lib/ext/localedata.jar
7f516c72b000-7f516c72d000 r--s 00007000 00:00 215852             /usr/share/java/java-atk-wrapper.jar
7f516c72d000-7f516c730000 r--s 0000f000 00:00 213590             /usr/lib/jvm/java-8-openjdk-amd64/jre/lib/ext/icedtea-sound.jar
7f516c730000-7f516c732000 rw-p 00000000 00:00 0
7f516c732000-7f516c733000 r--s 0000a000 00:00 213591             /usr/lib/jvm/java-8-openjdk-amd64/jre/lib/ext/jaccess.jar
7f516c733000-7f516c735000 r--s 00001000 00:00 213589             /usr/lib/jvm/java-8-openjdk-amd64/jre/lib/ext/dnsns.jar
7f516c735000-7f516c736000 r--p 00000000 00:00 1165090            /usr/lib/locale/C.UTF-8/LC_NUMERIC
7f516c736000-7f516c737000 r--p 00000000 00:00 1165093            /usr/lib/locale/C.UTF-8/LC_TIME
7f516c737000-7f516c738000 r--p 00000000 00:00 1165088            /usr/lib/locale/C.UTF-8/LC_MONETARY
7f516c738000-7f516c739000 r--p 00000000 00:00 1165087            /usr/lib/locale/C.UTF-8/LC_MESSAGES/SYS_LC_MESSAGES
7f516c739000-7f516c740000 r--s 00000000 00:00 1170996            /usr/lib/x86_64-linux-gnu/gconv/gconv-modules.cache
7f516c740000-7f516c742000 rw-p 00000000 00:00 0
7f516c742000-7f516c743000 r--p 00000000 00:00 1165091            /usr/lib/locale/C.UTF-8/LC_PAPER
7f516c743000-7f516c744000 r--p 00000000 00:00 1165089            /usr/lib/locale/C.UTF-8/LC_NAME
7f516c744000-7f516c745000 r--p 00000000 00:00 1165081            /usr/lib/locale/C.UTF-8/LC_ADDRESS
7f516c745000-7f516c746000 r--p 00000000 00:00 1165092            /usr/lib/locale/C.UTF-8/LC_TELEPHONE
7f516c746000-7f516c747000 r--p 00000000 00:00 1165085            /usr/lib/locale/C.UTF-8/LC_MEASUREMENT
7f516c747000-7f516c748000 r--p 00000000 00:00 1165084            /usr/lib/locale/C.UTF-8/LC_IDENTIFICATION
7f516c748000-7f516c750000 rw-s 00000000 00:00 1131839            /tmp/hsperfdata_rohankasi/10428
7f516c800000-7f516c801000 r-xp 00000000 00:00 213513             /usr/lib/jvm/java-8-openjdk-amd64/jre/bin/java
7f516ca00000-7f516ca01000 r--p 00000000 00:00 213513             /usr/lib/jvm/java-8-openjdk-amd64/jre/bin/java
7f516ca01000-7f516ca02000 rw-p 00001000 00:00 213513             /usr/lib/jvm/java-8-openjdk-amd64/jre/bin/java
7fffe3dca000-7fffe3deb000 rw-p 00000000 00:00 0                  [heap]
7fffea7a1000-7fffeafa1000 rw-p 00000000 00:00 0                  [stack]
7fffeb194000-7fffeb195000 r-xp 00000000 00:00 0                  [vdso]

VM Arguments:
jvm_args: -Duan=uan://localhost:3030/id36 
java_command: examples.chat.SpeakerKtKt uan://localhost:3030/id1 uan://localhost:3030/id36
java_class_path (initial): .:./libs/kotlin-runtime-1.2.20-dev-331.jar:./libs/salsa1.1.5.jar
Launcher Type: SUN_STANDARD

Environment Variables:
PATH=/home/rohankasi/.local/bin:/home/rohankasi/.sdkman/candidates/kotlin/current/bin:/opt/maven/bin:/usr/local/sbin:/usr/local/bin:/usr/sbin:/usr/bin:/sbin:/bin:/usr/games:/usr/local/games:/mnt/c/Program Files/WindowsApps/CanonicalGroupLimited.UbuntuonWindows_1804.2019.521.0_x64__79rhkp1fndgsc:/mnt/c/ProgramData/DockerDesktop/version-bin:/mnt/c/Program Files/Docker/Docker/resources/bin:/mnt/c/Python34:/mnt/c/Python34/Scripts:/mnt/c/Program Files/Haskell Platform/8.0.1/lib/extralibs/bin:/mnt/c/Program Files/Haskell Platform/8.0.1/bin:/mnt/c/Program Files (x86)/Intel/iCLS Client:/mnt/c/Program Files/Intel/iCLS Client:/mnt/c/Windows/System32:/mnt/c/Windows:/mnt/c/Windows/System32/wbem:/mnt/c/Windows/System32/WindowsPowerShell/v1.0:/mnt/c/Program Files (x86)/Intel/Intel(R) Management Engine Components/DAL:/mnt/c/Program Files/Intel/Intel(R) Management Engine Components/DAL:/mnt/c/Program Files (x86)/Intel/Intel(R) Management Engine Components/IPT:/mnt/c/Program Files/Intel/Intel(R) Management Engine Components/IPT:/mnt/c/Program Files/Haskell Platform/8.0.1/mingw/bin:/mnt/c/Program Files (x86)/GtkSharp/2.12/bin:/mnt/c/Program Files/Git/cmd:/mnt/c/Program Files/PuTTY:/mnt/c/Program Files/doxygen/bin:/mnt/c/Program Files/cURL/bin:/mnt/c/Program Files/nodejs:/mnt/c/Windows/System32/OpenSSH:/mnt/c/Program Files/Microsoft Windows Performance Toolkit:/mnt/c/TDM-GCC-64/bin:/mnt/c/Program Files/Intel/WiFi/bin:/mnt/c/Program Files/Common Files/Intel/WirelessCommon:/mnt/c/Users/ksank/AppData/Roaming/local/bin:/mnt/c/Users/ksank/AppData/Local/Microsoft/WindowsApps:/mnt/c/Users/ksank/Downloads/svm_light:/mnt/c/Program Files (x86)/Java/jdk1.8.0_144/bin:/mnt/c/Users/ksank/AppData/Local/.meteor:/mnt/c/Users/ksank/AppData/Roaming/npm:/mnt/c/MinGW/bin:/mnt/c/Users/ksank/AppData/Local/atom/bin:/snap/bin
SHELL=/bin/bash
HOSTTYPE=x86_64

Signal Handlers:
SIGSEGV: [libjvm.so+0xab2ea0], sa_mask[0]=11111111111111111111111111111110, sa_flags=SA_RESTART|SA_SIGINFO
SIGBUS: [libjvm.so+0xab2ea0], sa_mask[0]=11111111111111111111111111111110, sa_flags=SA_RESTART|SA_SIGINFO
SIGFPE: [libjvm.so+0x8e87b0], sa_mask[0]=11111111111111111111111111111110, sa_flags=SA_RESTART|SA_SIGINFO
SIGPIPE: [libjvm.so+0x8e87b0], sa_mask[0]=11111111111111111111111111111110, sa_flags=SA_RESTART|SA_SIGINFO
SIGXFSZ: [libjvm.so+0x8e87b0], sa_mask[0]=11111111111111111111111111111110, sa_flags=SA_RESTART|SA_SIGINFO
SIGILL: [libjvm.so+0x8e87b0], sa_mask[0]=11111111111111111111111111111110, sa_flags=SA_RESTART|SA_SIGINFO
SIGUSR1: SIG_DFL, sa_mask[0]=00000000000000000000000000000000, sa_flags=none
SIGUSR2: [libjvm.so+0x8e8660], sa_mask[0]=00000000000000000000000000000000, sa_flags=SA_RESTART|SA_SIGINFO
SIGHUP: [libjvm.so+0x8e8cd0], sa_mask[0]=11111111111111111111111111111110, sa_flags=SA_RESTART|SA_SIGINFO
SIGINT: SIG_IGN, sa_mask[0]=00000000000000000000000000000000, sa_flags=none
SIGTERM: [libjvm.so+0x8e8cd0], sa_mask[0]=11111111111111111111111111111110, sa_flags=SA_RESTART|SA_SIGINFO
SIGQUIT: [libjvm.so+0x8e8cd0], sa_mask[0]=11111111111111111111111111111110, sa_flags=SA_RESTART|SA_SIGINFO


---------------  S Y S T E M  ---------------

OS:DISTRIB_ID=Ubuntu
DISTRIB_RELEASE=18.04
DISTRIB_CODENAME=bionic
DISTRIB_DESCRIPTION="Ubuntu 18.04.1 LTS"

uname:Linux 4.4.0-17134-Microsoft #706-Microsoft Mon Apr 01 18:13:00 PST 2019 x86_64
libc:glibc 2.27 NPTL 2.27 
rlimit: STACK 8192k, CORE 0k, NPROC 7823, NOFILE 65536, AS infinity
load average:0.52 0.58 0.59

/proc/meminfo:
MemTotal:        8233460 kB
MemFree:          265780 kB
Buffers:           34032 kB
Cached:           188576 kB
SwapCached:            0 kB
Active:           167556 kB
Inactive:         157876 kB
Active(anon):     103104 kB
Inactive(anon):    17440 kB
Active(file):      64452 kB
Inactive(file):   140436 kB
Unevictable:           0 kB
Mlocked:               0 kB
SwapTotal:      15465852 kB
SwapFree:       12370872 kB
Dirty:                 0 kB
Writeback:             0 kB
AnonPages:        102824 kB
Mapped:            71404 kB
Shmem:             17720 kB
Slab:              13868 kB
SReclaimable:       6744 kB
SUnreclaim:         7124 kB
KernelStack:        2848 kB
PageTables:         2524 kB
NFS_Unstable:          0 kB
Bounce:                0 kB
WritebackTmp:          0 kB
CommitLimit:      515524 kB
Committed_AS:    3450064 kB
VmallocTotal:     122880 kB
VmallocUsed:       21296 kB
VmallocChunk:      66044 kB
HardwareCorrupted:     0 kB
AnonHugePages:      2048 kB
HugePages_Total:       0
HugePages_Free:        0
HugePages_Rsvd:        0
HugePages_Surp:        0
Hugepagesize:       2048 kB
DirectMap4k:       12280 kB
DirectMap4M:      897024 kB


CPU:total 4 (initial active 4) (2 cores per cpu, 2 threads per core) family 6 model 78 stepping 3, cmov, cx8, fxsr, mmx, sse, sse2, sse3, ssse3, sse4.1, sse4.2, popcnt, avx, avx2, aes, clmul, erms, 3dnowpref, lzcnt, ht, tsc, tscinvbit, bmi1, bmi2, adx

/proc/cpuinfo:
processor	: 0
vendor_id	: GenuineIntel
cpu family	: 6
model		: 78
model name	: Intel(R) Core(TM) i5-6200U CPU @ 2.30GHz
stepping	: 3
microcode	: 0xffffffff
cpu MHz		: 2400.000
cache size	: 256 KB
physical id	: 0
siblings	: 4
core id		: 0
cpu cores	: 2
apicid		: 0
initial apicid	: 0
fpu		: yes
fpu_exception	: yes
cpuid level	: 6
wp		: yes
flags		: fpu vme de pse tsc msr pae mce cx8 apic sep mtrr pge mca cmov pat pse36 clflush dts acpi mmx fxsr sse sse2 ss ht tm pbe syscall nx pdpe1gb rdtscp lm pni pclmulqdq est tm2 ssse3 fma cx16 xtpr pdcm pcid sse4_1 sse4_2 movbe popcnt aes xsave osxsave avx f16c rdrand hypervisor
bogomips	: 4800.00
clflush size	: 64
cache_alignment	: 64
address sizes	: 36 bits physical, 48 bits virtual
power management:

processor	: 1
vendor_id	: GenuineIntel
cpu family	: 6
model		: 78
model name	: Intel(R) Core(TM) i5-6200U CPU @ 2.30GHz
stepping	: 3
microcode	: 0xffffffff
cpu MHz		: 2400.000
cache size	: 256 KB
physical id	: 0
siblings	: 4
core id		: 0
cpu cores	: 2
apicid		: 0
initial apicid	: 0
fpu		: yes
fpu_exception	: yes
cpuid level	: 6
wp		: yes
flags		: fpu vme de pse tsc msr pae mce cx8 apic sep mtrr pge mca cmov pat pse36 clflush dts acpi mmx fxsr sse sse2 ss ht tm pbe syscall nx pdpe1gb rdtscp lm pni pclmulqdq est tm2 ssse3 fma cx16 xtpr pdcm pcid sse4_1 sse4_2 movbe popcnt aes xsave osxsave avx f16c rdrand hypervisor
bogomips	: 4800.00
clflush size	: 64
cache_alignment	: 64
address sizes	: 36 bits physical, 48 bits virtual
power management:

processor	: 2
vendor_id	: GenuineIntel
cpu family	: 6
model		: 78
model name	: Intel(R) Core(TM) i5-6200U CPU @ 2.30GHz
stepping	: 3
microcode	: 0xffffffff
cpu MHz		: 2400.000
cache size	: 256 KB
physical id	: 0
siblings	: 4
core id		: 1
cpu cores	: 2
apicid		: 0
initial apicid	: 0
fpu		: yes
fpu_exception	: yes
cpuid level	: 6
wp		: yes
flags		: fpu vme de pse tsc msr pae mce cx8 apic sep mtrr pge mca cmov pat pse36 clflush dts acpi mmx fxsr sse sse2 ss ht tm pbe syscall nx pdpe1gb rdtscp lm pni pclmulqdq est tm2 ssse3 fma cx16 xtpr pdcm pcid sse4_1 sse4_2 movbe popcnt aes xsave osxsave avx f16c rdrand hypervisor
bogomips	: 4800.00
clflush size	: 64
cache_alignment	: 64
address sizes	: 36 bits physical, 48 bits virtual
power management:

processor	: 3
vendor_id	: GenuineIntel
cpu family	: 6
model		: 78
model name	: Intel(R) Core(TM) i5-6200U CPU @ 2.30GHz
stepping	: 3
microcode	: 0xffffffff
cpu MHz		: 2400.000
cache size	: 256 KB
physical id	: 0
siblings	: 4
core id		: 1
cpu cores	: 2
apicid		: 0
initial apicid	: 0
fpu		: yes
fpu_exception	: yes
cpuid level	: 6
wp		: yes
flags		: fpu vme de pse tsc msr pae mce cx8 apic sep mtrr pge mca cmov pat pse36 clflush dts acpi mmx fxsr sse sse2 ss ht tm pbe syscall nx pdpe1gb rdtscp lm pni pclmulqdq est tm2 ssse3 fma cx16 xtpr pdcm pcid sse4_1 sse4_2 movbe popcnt aes xsave osxsave avx f16c rdrand hypervisor
bogomips	: 4800.00
clflush size	: 64
cache_alignment	: 64
address sizes	: 36 bits physical, 48 bits virtual
power management:



Memory: 4k page, physical 8233460k(266864k free), swap 15465852k(12370872k free)

vm_info: OpenJDK 64-Bit Server VM (25.191-b12) for linux-amd64 JRE (1.8.0_191-8u191-b12-2ubuntu0.18.04.1-b12), built on Jan 14 2019 21:02:00 by "buildd" with gcc 7.3.0

time: Wed Nov 13 17:26:04 2019
elapsed time: 795 seconds (0d 0h 13m 15s)

