#
# A fatal error has been detected by the Java Runtime Environment:
#
#  SIGSEGV (0xb) at pc=0x00007fe0d2f8a91c, pid=10780, tid=0x00007fe0aa890700
#
# JRE version: OpenJDK Runtime Environment (8.0_191-b12) (build 1.8.0_191-8u191-b12-2ubuntu0.18.04.1-b12)
# Java VM: OpenJDK 64-Bit Server VM (25.191-b12 mixed mode linux-amd64 compressed oops)
# Problematic frame:
# V  [libjvm.so+0x97a91c]
#
# Failed to write core dump. Core dumps have been disabled. To enable core dumping, try "ulimit -c unlimited" before starting Java again
#
# If you would like to submit a bug report, please visit:
#   http://bugreport.java.com/bugreport/crash.jsp
#

---------------  T H R E A D  ---------------

Current thread (0x00007fe0cc0bb800):  JavaThread "C2 CompilerThread0" daemon [_thread_in_native, id=11353, stack(0x00007fe0aa791000,0x00007fe0aa891000)]

siginfo: si_signo: 11 (SIGSEGV), si_code: 2 (SEGV_ACCERR), si_addr: 0x00007fe096017b10

Registers:
RAX=0x00007fe096017b10, RBX=0x0000000000000285, RCX=0x0000000000000000, RDX=0x00007fe096016eb0
RSP=0x00007fe0aa88c5c0, RBP=0x00007fe0aa88c7b0, RSI=0x00007fe096017b20, RDI=0x00007fe096016e30
R8 =0x0000000000000000, R9 =0x0000000000008d71, R10=0x0000000000000001, R11=0x0000000000000019
R12=0x00007fe0aa88c840, R13=0x000000000000019b, R14=0x00000000000001a0, R15=0x000000000000019b
RIP=0x00007fe0d2f8a91c, EFLAGS=0x0000000000010202, CSGSFS=0x00000053002b0033, ERR=0x0000000000000000
  TRAPNO=0x0000000000000000

Top of Stack: (sp=0x00007fe0aa88c5c0)
0x00007fe0aa88c5c0:   fffffeff00200000 00007fe000000100
0x00007fe0aa88c5d0:   00000000000003d8 00007fe000000008
0x00007fe0aa88c5e0:   00007fe0942d67e0 000f42ba00000034
0x00007fe0aa88c5f0:   00007fe0aa88c730 00007fe094030cc0
0x00007fe0aa88c600:   00007fe094031098 00007fe0aa88c710
0x00007fe0aa88c610:   000033ca00000000 00007fe094030cb0
0x00007fe0aa88c620:   00007fe095a90d20 000000000000013f
0x00007fe0aa88c630:   00007fe0959b9b40 00007fe0d2c35b46
0x00007fe0aa88c640:   00007fe0954554a0 0000000000000000
0x00007fe0aa88c650:   00007fe0aa88c710 00007fe0d29ec645
0x00007fe0aa88c660:   0000000000000018 0000000000020000
0x00007fe0aa88c670:   00007fe095d91ae0 00007fe0959b9b80
0x00007fe0aa88c680:   00007fe0aa88c710 00007fe095d90e00
0x00007fe0aa88c690:   000000000000019b 00007fe095d77860
0x00007fe0aa88c6a0:   000030d60000019a 000000000000019b
0x00007fe0aa88c6b0:   0101010101010101 0101010101010101
0x00007fe0aa88c6c0:   0000000000000cd8 0000000000001410
0x00007fe0aa88c6d0:   fffffffffffffe5f 00007fe0aa88cb40
0x00007fe0aa88c6e0:   00007fe095d847d0 00007fe0aa88c840
0x00007fe0aa88c6f0:   fffffffffffff31f 0000000000000ce0
0x00007fe0aa88c700:   00007fe095d8c7c0 000033d20000019b
0x00007fe0aa88c710:   000033d20000019b 00007fe0aa88c840
0x00007fe0aa88c720:   00007fe00000000f 00007fe095d5d980
0x00007fe0aa88c730:   000033d200000000 00007fe0aa88c840
0x00007fe0aa88c740:   000030d60000000f 00007fe095d6a8f0
0x00007fe0aa88c750:   00007fe0954858a0 0000000000000034
0x00007fe0aa88c760:   00007fe095636a20 00007fe000000034
0x00007fe0aa88c770:   00007fe095ccdcb0 0237f24f311c0400
0x00007fe0aa88c780:   00007fe095c884d0 00007fe0aa88c870
0x00007fe0aa88c790:   00007fe0aa88c8e0 00007fe0aa88c940
0x00007fe0aa88c7a0:   00007fe0d35406b8 00007fe0aa88cb40
0x00007fe0aa88c7b0:   00007fe0aa88ca40 00007fe0d29eeff7 

Instructions: (pc=0x00007fe0d2f8a91c)
0x00007fe0d2f8a8fc:   45 31 d2 45 89 eb 48 8d 14 f7 48 01 c6 41 c1 eb
0x00007fe0d2f8a90c:   04 0f 1f 00 41 83 c2 01 48 83 ea 80 48 83 c6 10
0x00007fe0d2f8a91c:   0f 29 4e f0 0f 11 42 80 0f 11 42 90 0f 11 42 a0
0x00007fe0d2f8a92c:   0f 11 42 b0 0f 11 42 c0 0f 11 42 d0 0f 11 42 e0 

Register to memory mapping:

RAX=0x00007fe096017b10 is an unknown value
RBX=0x0000000000000285 is an unknown value
RCX=0x0000000000000000 is an unknown value
RDX=0x00007fe096016eb0 is an unknown value
RSP=0x00007fe0aa88c5c0 is pointing into the stack for thread: 0x00007fe0cc0bb800
RBP=0x00007fe0aa88c7b0 is pointing into the stack for thread: 0x00007fe0cc0bb800
RSI=0x00007fe096017b20 is an unknown value
RDI=0x00007fe096016e30 is an unknown value
R8 =0x0000000000000000 is an unknown value
R9 =0x0000000000008d71 is an unknown value
R10=0x0000000000000001 is an unknown value
R11=0x0000000000000019 is an unknown value
R12=0x00007fe0aa88c840 is pointing into the stack for thread: 0x00007fe0cc0bb800
R13=0x000000000000019b is an unknown value
R14=0x00000000000001a0 is an unknown value
R15=0x000000000000019b is an unknown value


Stack: [0x00007fe0aa791000,0x00007fe0aa891000],  sp=0x00007fe0aa88c5c0,  free space=1005k
Native frames: (J=compiled Java code, j=interpreted, Vv=VM code, C=native code)
V  [libjvm.so+0x97a91c]
V  [libjvm.so+0x3deff7]
V  [libjvm.so+0x478448]
V  [libjvm.so+0x47948b]
V  [libjvm.so+0x3c08da]
V  [libjvm.so+0x48487b]
V  [libjvm.so+0x486b58]
V  [libjvm.so+0xa4fd93]
V  [libjvm.so+0xa501c2]
V  [libjvm.so+0x8ea992]
C  [libpthread.so.0+0x76db]  start_thread+0xdb


Current CompileTask:
C2: 790856 1149   !   4       gc.WeakReference::send (199 bytes)


---------------  P R O C E S S  ---------------

Java Threads: ( => current thread )
  0x00007fe048002800 JavaThread "Thread-10" [_thread_blocked, id=14580, stack(0x00007fe0a9250000,0x00007fe0a9351000)]
  0x00007fe078009800 JavaThread "Handler Loop 4" [_thread_in_native, id=14377, stack(0x00007fe0a9030000,0x00007fe0a9131000)]
  0x00007fe078005800 JavaThread "gc.serverGC.GCAgent$State" [_thread_blocked, id=13055, stack(0x00007fe0a9360000,0x00007fe0a9461000)]
  0x00007fe078003000 JavaThread "wwc.messaging.WWCSystem$State" [_thread_blocked, id=13049, stack(0x00007fe0a9470000,0x00007fe0a9571000)]
  0x00007fe0cc00b000 JavaThread "DestroyJavaVM" [_thread_blocked, id=10890, stack(0x00007fe0d4461000,0x00007fe0d4561000)]
  0x00007fe074007800 JavaThread "wwc.resources.StandardInput$State" [_thread_blocked, id=12746, stack(0x00007fe0a9690000,0x00007fe0a9791000)]
  0x00007fe074003800 JavaThread "wwc.resources.StandardError$State" [_thread_blocked, id=12738, stack(0x00007fe0a97a0000,0x00007fe0a98a1000)]
  0x00007fe074001800 JavaThread "wwc.resources.StandardOutput$State" [_thread_blocked, id=12732, stack(0x00007fe0a98b0000,0x00007fe0a99b1000)]
  0x00007fe0cc184800 JavaThread "examples.chat.Speaker$State" [_thread_blocked, id=12712, stack(0x00007fe0a99c0000,0x00007fe0a9ac1000)]
  0x00007fe0cc183000 JavaThread "RunTime Exit Thead" daemon [_thread_blocked, id=12702, stack(0x00007fe0a9ad0000,0x00007fe0a9bd1000)]
  0x00007fe0cc16f800 JavaThread "Clear Socket Thread" [_thread_blocked, id=11908, stack(0x00007fe0a9be0000,0x00007fe0a9ce1000)]
  0x00007fe0cc16e000 JavaThread "Listen Loop Thread" [_thread_in_native, id=11880, stack(0x00007fe0a9cf0000,0x00007fe0a9df1000)]
  0x00007fe0cc0c3000 JavaThread "Service Thread" daemon [_thread_blocked, id=11626, stack(0x00007fe0aa460000,0x00007fe0aa561000)]
  0x00007fe0cc0c0000 JavaThread "C1 CompilerThread2" daemon [_thread_blocked, id=11556, stack(0x00007fe0aa571000,0x00007fe0aa671000)]
  0x00007fe0cc0be800 JavaThread "C2 CompilerThread1" daemon [_thread_blocked, id=11462, stack(0x00007fe0aa681000,0x00007fe0aa781000)]
=>0x00007fe0cc0bb800 JavaThread "C2 CompilerThread0" daemon [_thread_in_native, id=11353, stack(0x00007fe0aa791000,0x00007fe0aa891000)]
  0x00007fe0cc0ba000 JavaThread "Signal Dispatcher" daemon [_thread_blocked, id=11311, stack(0x00007fe0aa8a0000,0x00007fe0aa9a1000)]
  0x00007fe0cc085000 JavaThread "Finalizer" daemon [_thread_blocked, id=11224, stack(0x00007fe0aace0000,0x00007fe0aade1000)]
  0x00007fe0cc082800 JavaThread "Reference Handler" daemon [_thread_blocked, id=11173, stack(0x00007fe0aadf0000,0x00007fe0aaef1000)]

Other Threads:
  0x00007fe0cc079000 VMThread [stack: 0x00007fe0aaf01000,0x00007fe0ab001000] [id=11080]
  0x00007fe0cc0c5800 WatcherThread [stack: 0x00007fe0aa351000,0x00007fe0aa451000] [id=11667]

VM state:at safepoint (normal execution)

VM Mutex/Monitor currently owned by a thread:  ([mutex/lock_event])
[0x00007fe0cc007810] Threads_lock - owner thread: 0x00007fe0cc079000
[0x00007fe0cc007d10] Heap_lock - owner thread: 0x00007fe0cc183000

Heap:
 PSYoungGen      total 37888K, used 0K [0x00000000d6180000, 0x00000000d8b80000, 0x0000000100000000)
  eden space 32768K, 0% used [0x00000000d6180000,0x00000000d6180000,0x00000000d8180000)
  from space 5120K, 0% used [0x00000000d8180000,0x00000000d8180000,0x00000000d8680000)
  to   space 5120K, 0% used [0x00000000d8680000,0x00000000d8680000,0x00000000d8b80000)
 ParOldGen       total 86016K, used 2277K [0x0000000082400000, 0x0000000087800000, 0x00000000d6180000)
  object space 86016K, 2% used [0x0000000082400000,0x00000000826397b0,0x0000000087800000)
 Metaspace       used 6016K, capacity 6218K, committed 6400K, reserved 1056768K
  class space    used 608K, capacity 697K, committed 768K, reserved 1048576K

Card table byte_map: [0x00007fe0d0440000,0x00007fe0d082f000] byte_map_base: 0x00007fe0d002e000

Marking Bits: (ParMarkBitMap*) 0x00007fe0d3579340
 Begin Bits: [0x00007fe0b8f00000, 0x00007fe0bae70000)
 End Bits:   [0x00007fe0bae70000, 0x00007fe0bcde0000)

Polling page: 0x00007fe0d4450000

CodeCache: size=245760Kb used=4318Kb max_used=4701Kb free=241441Kb
 bounds [0x00007fe0bd000000, 0x00007fe0bd4b0000, 0x00007fe0cc000000]
 total_blobs=1199 nmethods=912 adapters=202
 compilation: enabled

Compilation events (10 events):
Event: 740.792 Thread 0x00007fe0cc0c0000 nmethod 1143 0x00007fe0bd1d3990 code [0x00007fe0bd1d3b00, 0x00007fe0bd1d3d30]
Event: 746.991 Thread 0x00007fe0cc0be800 1144       4       java.util.HashMap::getNode (148 bytes)
Event: 746.997 Thread 0x00007fe0cc0be800 nmethod 1144 0x00007fe0bd2142d0 code [0x00007fe0bd214460, 0x00007fe0bd214828]
Event: 748.363 Thread 0x00007fe0cc0c0000 1145       3       java.lang.Boolean::<init> (10 bytes)
Event: 748.364 Thread 0x00007fe0cc0c0000 nmethod 1145 0x00007fe0bd132110 code [0x00007fe0bd132280, 0x00007fe0bd132430]
Event: 749.343 Thread 0x00007fe0cc0c0000 1146   !   3       sun.reflect.GeneratedMethodAccessor14::invoke (119 bytes)
Event: 749.345 Thread 0x00007fe0cc0c0000 nmethod 1146 0x00007fe0bd168d90 code [0x00007fe0bd168fe0, 0x00007fe0bd169e48]
Event: 758.774 Thread 0x00007fe0cc0be800 1148       4       java.util.regex.Matcher::find (69 bytes)
Event: 758.780 Thread 0x00007fe0cc0be800 nmethod 1148 0x00007fe0bd178290 code [0x00007fe0bd178400, 0x00007fe0bd178718]
Event: 760.658 Thread 0x00007fe0cc0bb800 1149   !   4       gc.WeakReference::send (199 bytes)

GC Heap History (10 events):
Event: 764.984 GC heap after
Heap after GC invocations=333 (full 166):
 PSYoungGen      total 37888K, used 32K [0x00000000d6180000, 0x00000000d8b80000, 0x0000000100000000)
  eden space 32768K, 0% used [0x00000000d6180000,0x00000000d6180000,0x00000000d8180000)
  from space 5120K, 0% used [0x00000000d8180000,0x00000000d8188000,0x00000000d8680000)
  to   space 5120K, 0% used [0x00000000d8680000,0x00000000d8680000,0x00000000d8b80000)
 ParOldGen       total 86016K, used 2276K [0x0000000082400000, 0x0000000087800000, 0x00000000d6180000)
  object space 86016K, 2% used [0x0000000082400000,0x0000000082639110,0x0000000087800000)
 Metaspace       used 6016K, capacity 6218K, committed 6400K, reserved 1056768K
  class space    used 608K, capacity 697K, committed 768K, reserved 1048576K
}
Event: 764.984 GC heap before
{Heap before GC invocations=334 (full 167):
 PSYoungGen      total 37888K, used 32K [0x00000000d6180000, 0x00000000d8b80000, 0x0000000100000000)
  eden space 32768K, 0% used [0x00000000d6180000,0x00000000d6180000,0x00000000d8180000)
  from space 5120K, 0% used [0x00000000d8180000,0x00000000d8188000,0x00000000d8680000)
  to   space 5120K, 0% used [0x00000000d8680000,0x00000000d8680000,0x00000000d8b80000)
 ParOldGen       total 86016K, used 2276K [0x0000000082400000, 0x0000000087800000, 0x00000000d6180000)
  object space 86016K, 2% used [0x0000000082400000,0x0000000082639110,0x0000000087800000)
 Metaspace       used 6016K, capacity 6218K, committed 6400K, reserved 1056768K
  class space    used 608K, capacity 697K, committed 768K, reserved 1048576K
Event: 767.115 GC heap after
Heap after GC invocations=334 (full 167):
 PSYoungGen      total 37888K, used 0K [0x00000000d6180000, 0x00000000d8b80000, 0x0000000100000000)
  eden space 32768K, 0% used [0x00000000d6180000,0x00000000d6180000,0x00000000d8180000)
  from space 5120K, 0% used [0x00000000d8180000,0x00000000d8180000,0x00000000d8680000)
  to   space 5120K, 0% used [0x00000000d8680000,0x00000000d8680000,0x00000000d8b80000)
 ParOldGen       total 86016K, used 2277K [0x0000000082400000, 0x0000000087800000, 0x00000000d6180000)
  object space 86016K, 2% used [0x0000000082400000,0x00000000826397b0,0x0000000087800000)
 Metaspace       used 6016K, capacity 6218K, committed 6400K, reserved 1056768K
  class space    used 608K, capacity 697K, committed 768K, reserved 1048576K
}
Event: 776.879 GC heap before
{Heap before GC invocations=335 (full 167):
 PSYoungGen      total 37888K, used 1310K [0x00000000d6180000, 0x00000000d8b80000, 0x0000000100000000)
  eden space 32768K, 3% used [0x00000000d6180000,0x00000000d62c7ae0,0x00000000d8180000)
  from space 5120K, 0% used [0x00000000d8180000,0x00000000d8180000,0x00000000d8680000)
  to   space 5120K, 0% used [0x00000000d8680000,0x00000000d8680000,0x00000000d8b80000)
 ParOldGen       total 86016K, used 2277K [0x0000000082400000, 0x0000000087800000, 0x00000000d6180000)
  object space 86016K, 2% used [0x0000000082400000,0x00000000826397b0,0x0000000087800000)
 Metaspace       used 6016K, capacity 6218K, committed 6400K, reserved 1056768K
  class space    used 608K, capacity 697K, committed 768K, reserved 1048576K
Event: 778.654 GC heap after
Heap after GC invocations=335 (full 167):
 PSYoungGen      total 37888K, used 0K [0x00000000d6180000, 0x00000000d8b80000, 0x0000000100000000)
  eden space 32768K, 0% used [0x00000000d6180000,0x00000000d6180000,0x00000000d8180000)
  from space 5120K, 0% used [0x00000000d8680000,0x00000000d8680000,0x00000000d8b80000)
  to   space 5120K, 0% used [0x00000000d8180000,0x00000000d8180000,0x00000000d8680000)
 ParOldGen       total 86016K, used 2277K [0x0000000082400000, 0x0000000087800000, 0x00000000d6180000)
  object space 86016K, 2% used [0x0000000082400000,0x00000000826397b0,0x0000000087800000)
 Metaspace       used 6016K, capacity 6218K, committed 6400K, reserved 1056768K
  class space    used 608K, capacity 697K, committed 768K, reserved 1048576K
}
Event: 778.654 GC heap before
{Heap before GC invocations=336 (full 168):
 PSYoungGen      total 37888K, used 0K [0x00000000d6180000, 0x00000000d8b80000, 0x0000000100000000)
  eden space 32768K, 0% used [0x00000000d6180000,0x00000000d6180000,0x00000000d8180000)
  from space 5120K, 0% used [0x00000000d8680000,0x00000000d8680000,0x00000000d8b80000)
  to   space 5120K, 0% used [0x00000000d8180000,0x00000000d8180000,0x00000000d8680000)
 ParOldGen       total 86016K, used 2277K [0x0000000082400000, 0x0000000087800000, 0x00000000d6180000)
  object space 86016K, 2% used [0x0000000082400000,0x00000000826397b0,0x0000000087800000)
 Metaspace       used 6016K, capacity 6218K, committed 6400K, reserved 1056768K
  class space    used 608K, capacity 697K, committed 768K, reserved 1048576K
Event: 781.678 GC heap after
Heap after GC invocations=336 (full 168):
 PSYoungGen      total 37888K, used 0K [0x00000000d6180000, 0x00000000d8b80000, 0x0000000100000000)
  eden space 32768K, 0% used [0x00000000d6180000,0x00000000d6180000,0x00000000d8180000)
  from space 5120K, 0% used [0x00000000d8680000,0x00000000d8680000,0x00000000d8b80000)
  to   space 5120K, 0% used [0x00000000d8180000,0x00000000d8180000,0x00000000d8680000)
 ParOldGen       total 86016K, used 2277K [0x0000000082400000, 0x0000000087800000, 0x00000000d6180000)
  object space 86016K, 2% used [0x0000000082400000,0x00000000826397b0,0x0000000087800000)
 Metaspace       used 6016K, capacity 6218K, committed 6400K, reserved 1056768K
  class space    used 608K, capacity 697K, committed 768K, reserved 1048576K
}
Event: 789.081 GC heap before
{Heap before GC invocations=337 (full 168):
 PSYoungGen      total 37888K, used 1310K [0x00000000d6180000, 0x00000000d8b80000, 0x0000000100000000)
  eden space 32768K, 3% used [0x00000000d6180000,0x00000000d62c7ae0,0x00000000d8180000)
  from space 5120K, 0% used [0x00000000d8680000,0x00000000d8680000,0x00000000d8b80000)
  to   space 5120K, 0% used [0x00000000d8180000,0x00000000d8180000,0x00000000d8680000)
 ParOldGen       total 86016K, used 2277K [0x0000000082400000, 0x0000000087800000, 0x00000000d6180000)
  object space 86016K, 2% used [0x0000000082400000,0x00000000826397b0,0x0000000087800000)
 Metaspace       used 6016K, capacity 6218K, committed 6400K, reserved 1056768K
  class space    used 608K, capacity 697K, committed 768K, reserved 1048576K
Event: 789.895 GC heap after
Heap after GC invocations=337 (full 168):
 PSYoungGen      total 37888K, used 0K [0x00000000d6180000, 0x00000000d8b80000, 0x0000000100000000)
  eden space 32768K, 0% used [0x00000000d6180000,0x00000000d6180000,0x00000000d8180000)
  from space 5120K, 0% used [0x00000000d8180000,0x00000000d8180000,0x00000000d8680000)
  to   space 5120K, 0% used [0x00000000d8680000,0x00000000d8680000,0x00000000d8b80000)
 ParOldGen       total 86016K, used 2277K [0x0000000082400000, 0x0000000087800000, 0x00000000d6180000)
  object space 86016K, 2% used [0x0000000082400000,0x00000000826397b0,0x0000000087800000)
 Metaspace       used 6016K, capacity 6218K, committed 6400K, reserved 1056768K
  class space    used 608K, capacity 697K, committed 768K, reserved 1048576K
}
Event: 789.899 GC heap before
{Heap before GC invocations=338 (full 169):
 PSYoungGen      total 37888K, used 0K [0x00000000d6180000, 0x00000000d8b80000, 0x0000000100000000)
  eden space 32768K, 0% used [0x00000000d6180000,0x00000000d6180000,0x00000000d8180000)
  from space 5120K, 0% used [0x00000000d8180000,0x00000000d8180000,0x00000000d8680000)
  to   space 5120K, 0% used [0x00000000d8680000,0x00000000d8680000,0x00000000d8b80000)
 ParOldGen       total 86016K, used 2277K [0x0000000082400000, 0x0000000087800000, 0x00000000d6180000)
  object space 86016K, 2% used [0x0000000082400000,0x00000000826397b0,0x0000000087800000)
 Metaspace       used 6016K, capacity 6218K, committed 6400K, reserved 1056768K
  class space    used 608K, capacity 697K, committed 768K, reserved 1048576K

Deoptimization events (10 events):
Event: 246.972 Thread 0x00007fe078009800 Uncommon trap: reason=class_check action=maybe_recompile pc=0x00007fe0bd1f2694 method=java.io.ObjectInputStream$PeekInputStream.read()I @ 23
Event: 246.972 Thread 0x00007fe078009800 Uncommon trap: reason=class_check action=maybe_recompile pc=0x00007fe0bd1f4e04 method=java.io.ObjectInputStream$PeekInputStream.read()I @ 23
Event: 246.973 Thread 0x00007fe078009800 Uncommon trap: reason=unstable_if action=reinterpret pc=0x00007fe0bd3437d8 method=java.io.ObjectInputStream.isCustomSubclass()Z @ 12
Event: 247.947 Thread 0x00007fe078009800 Uncommon trap: reason=unstable_if action=reinterpret pc=0x00007fe0bd265514 method=java.io.ObjectStreamClass.hasReadResolveMethod()Z @ 8
Event: 288.118 Thread 0x00007fe078009800 Uncommon trap: reason=unstable_if action=reinterpret pc=0x00007fe0bd1dc738 method=java.net.SocketInputStream.read([BIII)I @ 124
Event: 288.118 Thread 0x00007fe078009800 Uncommon trap: reason=unstable_if action=reinterpret pc=0x00007fe0bd1f55ec method=java.net.SocketInputStream.read()I @ 28
Event: 328.605 Thread 0x00007fe078007800 Uncommon trap: reason=unstable_if action=reinterpret pc=0x00007fe0bd38c4e0 method=java.io.ObjectInputStream$BlockDataInputStream.readUTFBody(J)Ljava/lang/String; @ 53
Event: 329.206 Thread 0x00007fe078007800 Uncommon trap: reason=unstable_if action=reinterpret pc=0x00007fe0bd2e17a4 method=java.lang.Long.valueOf(J)Ljava/lang/Long; @ 13
Event: 423.202 Thread 0x00007fe048002800 Uncommon trap: reason=unstable_if action=reinterpret pc=0x00007fe0bd3f3da8 method=java.io.ObjectStreamClass.writeNonProxy(Ljava/io/ObjectOutputStream;)V @ 142
Event: 423.544 Thread 0x00007fe048002800 Uncommon trap: reason=unstable_if action=reinterpret pc=0x00007fe0bd3608cc method=java.io.ObjectStreamClass.writeNonProxy(Ljava/io/ObjectOutputStream;)V @ 142

Classes redefined (0 events):
No events

Internal exceptions (10 events):
Event: 214.101 Thread 0x00007fe074001800 Exception <a 'java/lang/IllegalArgumentException': argument type mismatch> (0x00000000d61a74b8) thrown at [/build/openjdk-8-5w_p1G/openjdk-8-8u191-b12/src/hotspot/src/share/vm/runtime/reflection.cpp, line 201]
Event: 214.102 Thread 0x00007fe074001800 Exception <a 'java/lang/IllegalArgumentException': argument type mismatch> (0x00000000d61aa5c0) thrown at [/build/openjdk-8-5w_p1G/openjdk-8-8u191-b12/src/hotspot/src/share/vm/runtime/reflection.cpp, line 201]
Event: 214.102 Thread 0x00007fe074001800 Exception <a 'java/lang/IllegalArgumentException': argument type mismatch> (0x00000000d61aa838) thrown at [/build/openjdk-8-5w_p1G/openjdk-8-8u191-b12/src/hotspot/src/share/vm/runtime/reflection.cpp, line 201]
Event: 214.102 Thread 0x00007fe074001800 Exception <a 'java/lang/IllegalArgumentException': argument type mismatch> (0x00000000d61aaab0) thrown at [/build/openjdk-8-5w_p1G/openjdk-8-8u191-b12/src/hotspot/src/share/vm/runtime/reflection.cpp, line 201]
Event: 214.102 Thread 0x00007fe074001800 Exception <a 'java/lang/IllegalArgumentException': argument type mismatch> (0x00000000d61aad28) thrown at [/build/openjdk-8-5w_p1G/openjdk-8-8u191-b12/src/hotspot/src/share/vm/runtime/reflection.cpp, line 201]
Event: 214.105 Thread 0x00007fe074001800 Exception <a 'java/lang/IllegalArgumentException': argument type mismatch> (0x00000000d61b0690) thrown at [/build/openjdk-8-5w_p1G/openjdk-8-8u191-b12/src/hotspot/src/share/vm/runtime/reflection.cpp, line 201]
Event: 214.106 Thread 0x00007fe074001800 Exception <a 'java/lang/IllegalArgumentException': argument type mismatch> (0x00000000d61b3258) thrown at [/build/openjdk-8-5w_p1G/openjdk-8-8u191-b12/src/hotspot/src/share/vm/runtime/reflection.cpp, line 201]
Event: 214.108 Thread 0x00007fe074001800 Exception <a 'java/lang/IllegalArgumentException': argument type mismatch> (0x00000000d61b5ee8) thrown at [/build/openjdk-8-5w_p1G/openjdk-8-8u191-b12/src/hotspot/src/share/vm/runtime/reflection.cpp, line 201]
Event: 214.110 Thread 0x00007fe074001800 Exception <a 'java/lang/IllegalArgumentException': argument type mismatch> (0x00000000d61b8c38) thrown at [/build/openjdk-8-5w_p1G/openjdk-8-8u191-b12/src/hotspot/src/share/vm/runtime/reflection.cpp, line 201]
Event: 329.207 Thread 0x00007fe078007800 Exception <a 'java/lang/NoSuchMethodError': <clinit>> (0x00000000d6189dc8) thrown at [/build/openjdk-8-5w_p1G/openjdk-8-8u191-b12/src/hotspot/src/share/vm/prims/jni.cpp, line 1613]

Events (10 events):
Event: 758.379 Executing VM operation: ParallelGCSystemGC
Event: 758.759 Executing VM operation: ParallelGCSystemGC done
Event: 758.780 Thread 0x00007fe0cc0be800 flushing nmethod 0x00007fe0bd1f0590
Event: 761.057 Executing VM operation: ParallelGCSystemGC
Event: 761.354 Executing VM operation: ParallelGCSystemGC done
Event: 764.807 Executing VM operation: ParallelGCSystemGC
Event: 767.115 Executing VM operation: ParallelGCSystemGC done
Event: 776.879 Executing VM operation: ParallelGCSystemGC
Event: 781.678 Executing VM operation: ParallelGCSystemGC done
Event: 789.081 Executing VM operation: ParallelGCSystemGC


Dynamic libraries:
82400000-87800000 rw-p 00000000 00:00 0
87800000-d6180000 ---p 00000000 00:00 0
d6180000-d8b80000 rw-p 00000000 00:00 0
d8b80000-100000000 ---p 00000000 00:00 0
100000000-1000c0000 rw-p 00000000 00:00 0
1000c0000-140000000 ---p 00000000 00:00 0
7fe048000000-7fe048021000 rw-p 00000000 00:00 0
7fe048021000-7fe04c000000 ---p 00000000 00:00 0
7fe050000000-7fe050021000 rw-p 00000000 00:00 0
7fe050021000-7fe054000000 ---p 00000000 00:00 0
7fe054000000-7fe054021000 rw-p 00000000 00:00 0
7fe054021000-7fe058000000 ---p 00000000 00:00 0
7fe058000000-7fe058021000 rw-p 00000000 00:00 0
7fe058021000-7fe05c000000 ---p 00000000 00:00 0
7fe05c000000-7fe05c021000 rw-p 00000000 00:00 0
7fe05c021000-7fe060000000 ---p 00000000 00:00 0
7fe060000000-7fe060021000 rw-p 00000000 00:00 0
7fe060021000-7fe064000000 ---p 00000000 00:00 0
7fe064000000-7fe064021000 rw-p 00000000 00:00 0
7fe064021000-7fe068000000 ---p 00000000 00:00 0
7fe068000000-7fe068021000 rw-p 00000000 00:00 0
7fe068021000-7fe06c000000 ---p 00000000 00:00 0
7fe06c000000-7fe06c021000 rw-p 00000000 00:00 0
7fe06c021000-7fe070000000 ---p 00000000 00:00 0
7fe070000000-7fe070021000 rw-p 00000000 00:00 0
7fe070021000-7fe074000000 ---p 00000000 00:00 0
7fe074000000-7fe074032000 rw-p 00000000 00:00 0
7fe074032000-7fe078000000 ---p 00000000 00:00 0
7fe078000000-7fe078021000 rw-p 00000000 00:00 0
7fe078021000-7fe07c000000 ---p 00000000 00:00 0
7fe07c000000-7fe07c021000 rw-p 00000000 00:00 0
7fe07c021000-7fe080000000 ---p 00000000 00:00 0
7fe080000000-7fe080021000 rw-p 00000000 00:00 0
7fe080021000-7fe084000000 ---p 00000000 00:00 0
7fe084000000-7fe084021000 rw-p 00000000 00:00 0
7fe084021000-7fe088000000 ---p 00000000 00:00 0
7fe088000000-7fe08a0bf000 rw-p 00000000 00:00 0
7fe08a0bf000-7fe08c000000 ---p 00000000 00:00 0
7fe08c000000-7fe08c56b000 rw-p 00000000 00:00 0
7fe08c56b000-7fe090000000 ---p 00000000 00:00 0
7fe090000000-7fe090021000 rw-p 00000000 00:00 0
7fe090021000-7fe094000000 ---p 00000000 00:00 0
7fe094000000-7fe09601d000 rw-p 00000000 00:00 0
7fe09601d000-7fe098000000 ---p 00000000 00:00 0
7fe098000000-7fe098021000 rw-p 00000000 00:00 0
7fe098021000-7fe09c000000 ---p 00000000 00:00 0
7fe09c000000-7fe09c021000 rw-p 00000000 00:00 0
7fe09c021000-7fe0a0000000 ---p 00000000 00:00 0
7fe0a0000000-7fe0a00bc000 rw-p 00000000 00:00 0
7fe0a00bc000-7fe0a4000000 ---p 00000000 00:00 0
7fe0a4000000-7fe0a4021000 rw-p 00000000 00:00 0
7fe0a4021000-7fe0a8000000 ---p 00000000 00:00 0
7fe0a9030000-7fe0a9033000 ---p 00000000 00:00 0
7fe0a9033000-7fe0a9131000 rw-p 00000000 00:00 0
7fe0a9140000-7fe0a9143000 ---p 00000000 00:00 0
7fe0a9143000-7fe0a9241000 rw-p 00000000 00:00 0
7fe0a9250000-7fe0a9253000 ---p 00000000 00:00 0
7fe0a9253000-7fe0a9351000 rw-p 00000000 00:00 0
7fe0a9360000-7fe0a9363000 ---p 00000000 00:00 0
7fe0a9363000-7fe0a9461000 rw-p 00000000 00:00 0
7fe0a9470000-7fe0a9473000 ---p 00000000 00:00 0
7fe0a9473000-7fe0a9571000 rw-p 00000000 00:00 0
7fe0a9580000-7fe0a9583000 ---p 00000000 00:00 0
7fe0a9583000-7fe0a9681000 rw-p 00000000 00:00 0
7fe0a9690000-7fe0a9693000 ---p 00000000 00:00 0
7fe0a9693000-7fe0a9791000 rw-p 00000000 00:00 0
7fe0a97a0000-7fe0a97a3000 ---p 00000000 00:00 0
7fe0a97a3000-7fe0a98a1000 rw-p 00000000 00:00 0
7fe0a98b0000-7fe0a98b3000 ---p 00000000 00:00 0
7fe0a98b3000-7fe0a99b1000 rw-p 00000000 00:00 0
7fe0a99c0000-7fe0a99c3000 ---p 00000000 00:00 0
7fe0a99c3000-7fe0a9ac1000 rw-p 00000000 00:00 0
7fe0a9ad0000-7fe0a9ad3000 ---p 00000000 00:00 0
7fe0a9ad3000-7fe0a9bd1000 rw-p 00000000 00:00 0
7fe0a9be0000-7fe0a9be3000 ---p 00000000 00:00 0
7fe0a9be3000-7fe0a9ce1000 rw-p 00000000 00:00 0
7fe0a9cf0000-7fe0a9cf3000 ---p 00000000 00:00 0
7fe0a9cf3000-7fe0a9df1000 rw-p 00000000 00:00 0
7fe0a9e00000-7fe0aa101000 rw-p 00000000 00:00 0
7fe0aa110000-7fe0aa127000 r-xp 00000000 00:00 213561             /usr/lib/jvm/java-8-openjdk-amd64/jre/lib/amd64/libnet.so
7fe0aa127000-7fe0aa128000 ---p 00017000 00:00 213561             /usr/lib/jvm/java-8-openjdk-amd64/jre/lib/amd64/libnet.so
7fe0aa128000-7fe0aa326000 ---p 00000018 00:00 213561             /usr/lib/jvm/java-8-openjdk-amd64/jre/lib/amd64/libnet.so
7fe0aa326000-7fe0aa327000 r--p 00016000 00:00 213561             /usr/lib/jvm/java-8-openjdk-amd64/jre/lib/amd64/libnet.so
7fe0aa327000-7fe0aa328000 rw-p 00017000 00:00 213561             /usr/lib/jvm/java-8-openjdk-amd64/jre/lib/amd64/libnet.so
7fe0aa335000-7fe0aa350000 r--s 001d6000 00:00 43386              /usr/lib/jvm/java-8-openjdk-amd64/jre/lib/ext/nashorn.jar
7fe0aa350000-7fe0aa351000 ---p 00000000 00:00 0
7fe0aa351000-7fe0aa451000 rw-p 00000000 00:00 0
7fe0aa460000-7fe0aa463000 ---p 00000000 00:00 0
7fe0aa463000-7fe0aa561000 rw-p 00000000 00:00 0
7fe0aa570000-7fe0aa574000 ---p 00000000 00:00 0
7fe0aa574000-7fe0aa671000 rw-p 00000000 00:00 0
7fe0aa680000-7fe0aa684000 ---p 00000000 00:00 0
7fe0aa684000-7fe0aa781000 rw-p 00000000 00:00 0
7fe0aa790000-7fe0aa794000 ---p 00000000 00:00 0
7fe0aa794000-7fe0aa891000 rw-p 00000000 00:00 0
7fe0aa8a0000-7fe0aa8a3000 ---p 00000000 00:00 0
7fe0aa8a3000-7fe0aa9a1000 rw-p 00000000 00:00 0
7fe0aa9a1000-7fe0aa9d2000 r--p 00000000 00:00 1165083            /usr/lib/locale/C.UTF-8/LC_CTYPE
7fe0aa9d2000-7fe0aab45000 r--p 00000000 00:00 1165082            /usr/lib/locale/C.UTF-8/LC_COLLATE
7fe0aab45000-7fe0aace0000 r--p 00000000 00:00 1165094            /usr/lib/locale/locale-archive
7fe0aace0000-7fe0aace3000 ---p 00000000 00:00 0
7fe0aace3000-7fe0aade1000 rw-p 00000000 00:00 0
7fe0aadf0000-7fe0aadf3000 ---p 00000000 00:00 0
7fe0aadf3000-7fe0aaef1000 rw-p 00000000 00:00 0
7fe0aaf00000-7fe0aaf01000 ---p 00000000 00:00 0
7fe0aaf01000-7fe0ab001000 rw-p 00000000 00:00 0
7fe0ab010000-7fe0ab111000 rw-p 00000000 00:00 0
7fe0ab120000-7fe0ab221000 rw-p 00000000 00:00 0
7fe0ab230000-7fe0ab331000 rw-p 00000000 00:00 0
7fe0ab340000-7fe0ab441000 rw-p 00000000 00:00 0
7fe0ab450000-7fe0ab551000 rw-p 00000000 00:00 0
7fe0ab560000-7fe0ab661000 rw-p 00000000 00:00 0
7fe0ab670000-7fe0ab771000 rw-p 00000000 00:00 0
7fe0ab780000-7fe0ab881000 rw-p 00000000 00:00 0
7fe0ab890000-7fe0ab991000 rw-p 00000000 00:00 0
7fe0ab9a0000-7fe0abaa1000 rw-p 00000000 00:00 0
7fe0abab0000-7fe0abbb1000 rw-p 00000000 00:00 0
7fe0abbc0000-7fe0abcc1000 rw-p 00000000 00:00 0
7fe0abcd0000-7fe0abdd1000 rw-p 00000000 00:00 0
7fe0abde0000-7fe0abee1000 rw-p 00000000 00:00 0
7fe0abef0000-7fe0abff1000 rw-p 00000000 00:00 0
7fe0ac000000-7fe0ac021000 rw-p 00000000 00:00 0
7fe0ac021000-7fe0b0000000 ---p 00000000 00:00 0
7fe0b0000000-7fe0b0021000 rw-p 00000000 00:00 0
7fe0b0021000-7fe0b4000000 ---p 00000000 00:00 0
7fe0b4000000-7fe0b4021000 rw-p 00000000 00:00 0
7fe0b4021000-7fe0b8000000 ---p 00000000 00:00 0
7fe0b8015000-7fe0b8030000 r--s 00394000 00:00 213588             /usr/lib/jvm/java-8-openjdk-amd64/jre/lib/ext/cldrdata.jar
7fe0b8030000-7fe0b8051000 rw-p 00000000 00:00 0
7fe0b8060000-7fe0b8081000 rw-p 00000000 00:00 0
7fe0b8090000-7fe0b80b1000 rw-p 00000000 00:00 0
7fe0b80c0000-7fe0b80e1000 rw-p 00000000 00:00 0
7fe0b80f0000-7fe0b813e000 rw-p 00000000 00:00 0
7fe0b8141000-7fe0b8310000 r--s 03c33000 00:00 213628             /usr/lib/jvm/java-8-openjdk-amd64/jre/lib/rt.jar
7fe0b8310000-7fe0b8890000 rw-p 00000000 00:00 0
7fe0b8890000-7fe0b8b10000 ---p 00000000 00:00 0
7fe0b8b10000-7fe0b8efe000 rw-p 00000000 00:00 0
7fe0b8f00000-7fe0bcde0000 rw-p 00000000 00:00 0
7fe0bcde0000-7fe0bcde1000 ---p 00000000 00:00 0
7fe0bcde1000-7fe0bcee1000 rw-p 00000000 00:00 0
7fe0bcef0000-7fe0bcef1000 ---p 00000000 00:00 0
7fe0bcef1000-7fe0bcff1000 rw-p 00000000 00:00 0
7fe0bd000000-7fe0bd4b0000 rwxp 00000000 00:00 0
7fe0bd4b0000-7fe0cc000000 ---p 00000000 00:00 0
7fe0cc000000-7fe0cc1c4000 rw-p 00000000 00:00 0
7fe0cc1c4000-7fe0d0000000 ---p 00000000 00:00 0
7fe0d0010000-7fe0d0086000 rw-p 00000000 00:00 0
7fe0d0090000-7fe0d0091000 ---p 00000000 00:00 0
7fe0d0091000-7fe0d0191000 rw-p 00000000 00:00 0
7fe0d01a0000-7fe0d01ca000 rw-p 00000000 00:00 0
7fe0d01ca000-7fe0d043f000 ---p 00000000 00:00 0
7fe0d0440000-7fe0d046a000 rw-p 00000000 00:00 0
7fe0d046a000-7fe0d06de000 ---p 00000000 00:00 0
7fe0d06de000-7fe0d06f4000 rw-p 00000000 00:00 0
7fe0d06f4000-7fe0d082e000 ---p 00000000 00:00 0
7fe0d082e000-7fe0d082f000 rw-p 00000000 00:00 0
7fe0d0830000-7fe0d0843000 rw-p 00000000 00:00 0
7fe0d0843000-7fe0d0bf0000 ---p 00000000 00:00 0
7fe0d0bf0000-7fe0d0bf8000 r-xp 00000000 00:00 213569             /usr/lib/jvm/java-8-openjdk-amd64/jre/lib/amd64/libzip.so
7fe0d0bf8000-7fe0d0bf9000 ---p 00008000 00:00 213569             /usr/lib/jvm/java-8-openjdk-amd64/jre/lib/amd64/libzip.so
7fe0d0bf9000-7fe0d0df7000 ---p 00000009 00:00 213569             /usr/lib/jvm/java-8-openjdk-amd64/jre/lib/amd64/libzip.so
7fe0d0df7000-7fe0d0df8000 r--p 00007000 00:00 213569             /usr/lib/jvm/java-8-openjdk-amd64/jre/lib/amd64/libzip.so
7fe0d0df8000-7fe0d0df9000 rw-p 00008000 00:00 213569             /usr/lib/jvm/java-8-openjdk-amd64/jre/lib/amd64/libzip.so
7fe0d0e00000-7fe0d0e0b000 r-xp 00000000 00:00 1163848            /lib/x86_64-linux-gnu/libnss_files-2.27.so
7fe0d0e0b000-7fe0d0e0c000 ---p 0000b000 00:00 1163848            /lib/x86_64-linux-gnu/libnss_files-2.27.so
7fe0d0e0c000-7fe0d100a000 ---p 0000000c 00:00 1163848            /lib/x86_64-linux-gnu/libnss_files-2.27.so
7fe0d100a000-7fe0d100b000 r--p 0000a000 00:00 1163848            /lib/x86_64-linux-gnu/libnss_files-2.27.so
7fe0d100b000-7fe0d100c000 rw-p 0000b000 00:00 1163848            /lib/x86_64-linux-gnu/libnss_files-2.27.so
7fe0d100c000-7fe0d1012000 rw-p 00000000 00:00 0
7fe0d1020000-7fe0d1037000 r-xp 00000000 00:00 1163842            /lib/x86_64-linux-gnu/libnsl-2.27.so
7fe0d1037000-7fe0d1038000 ---p 00017000 00:00 1163842            /lib/x86_64-linux-gnu/libnsl-2.27.so
7fe0d1038000-7fe0d1236000 ---p 00000018 00:00 1163842            /lib/x86_64-linux-gnu/libnsl-2.27.so
7fe0d1236000-7fe0d1237000 r--p 00016000 00:00 1163842            /lib/x86_64-linux-gnu/libnsl-2.27.so
7fe0d1237000-7fe0d1238000 rw-p 00017000 00:00 1163842            /lib/x86_64-linux-gnu/libnsl-2.27.so
7fe0d1238000-7fe0d123a000 rw-p 00000000 00:00 0
7fe0d1240000-7fe0d124b000 r-xp 00000000 00:00 1163852            /lib/x86_64-linux-gnu/libnss_nis-2.27.so
7fe0d124b000-7fe0d124c000 ---p 0000b000 00:00 1163852            /lib/x86_64-linux-gnu/libnss_nis-2.27.so
7fe0d124c000-7fe0d144a000 ---p 0000000c 00:00 1163852            /lib/x86_64-linux-gnu/libnss_nis-2.27.so
7fe0d144a000-7fe0d144b000 r--p 0000a000 00:00 1163852            /lib/x86_64-linux-gnu/libnss_nis-2.27.so
7fe0d144b000-7fe0d144c000 rw-p 0000b000 00:00 1163852            /lib/x86_64-linux-gnu/libnss_nis-2.27.so
7fe0d1450000-7fe0d1458000 r-xp 00000000 00:00 1163844            /lib/x86_64-linux-gnu/libnss_compat-2.27.so
7fe0d1458000-7fe0d145a000 ---p 00008000 00:00 1163844            /lib/x86_64-linux-gnu/libnss_compat-2.27.so
7fe0d145a000-7fe0d1658000 ---p 0000000a 00:00 1163844            /lib/x86_64-linux-gnu/libnss_compat-2.27.so
7fe0d1658000-7fe0d1659000 r--p 00008000 00:00 1163844            /lib/x86_64-linux-gnu/libnss_compat-2.27.so
7fe0d1659000-7fe0d165a000 rw-p 00009000 00:00 1163844            /lib/x86_64-linux-gnu/libnss_compat-2.27.so
7fe0d1660000-7fe0d168e000 r-xp 00000000 00:00 213546             /usr/lib/jvm/java-8-openjdk-amd64/jre/lib/amd64/libjava.so
7fe0d168e000-7fe0d1690000 ---p 0002e000 00:00 213546             /usr/lib/jvm/java-8-openjdk-amd64/jre/lib/amd64/libjava.so
7fe0d1690000-7fe0d188d000 ---p 00000030 00:00 213546             /usr/lib/jvm/java-8-openjdk-amd64/jre/lib/amd64/libjava.so
7fe0d188d000-7fe0d188e000 r--p 0002d000 00:00 213546             /usr/lib/jvm/java-8-openjdk-amd64/jre/lib/amd64/libjava.so
7fe0d188e000-7fe0d1890000 rw-p 0002e000 00:00 213546             /usr/lib/jvm/java-8-openjdk-amd64/jre/lib/amd64/libjava.so
7fe0d1890000-7fe0d18a0000 r-xp 00000000 00:00 213568             /usr/lib/jvm/java-8-openjdk-amd64/jre/lib/amd64/libverify.so
7fe0d18a0000-7fe0d18a2000 ---p 00010000 00:00 213568             /usr/lib/jvm/java-8-openjdk-amd64/jre/lib/amd64/libverify.so
7fe0d18a2000-7fe0d1a9f000 ---p 00000012 00:00 213568             /usr/lib/jvm/java-8-openjdk-amd64/jre/lib/amd64/libverify.so
7fe0d1a9f000-7fe0d1aa1000 r--p 0000f000 00:00 213568             /usr/lib/jvm/java-8-openjdk-amd64/jre/lib/amd64/libverify.so
7fe0d1aa1000-7fe0d1aa2000 rw-p 00011000 00:00 213568             /usr/lib/jvm/java-8-openjdk-amd64/jre/lib/amd64/libverify.so
7fe0d1ab0000-7fe0d1ab7000 r-xp 00000000 00:00 1163891            /lib/x86_64-linux-gnu/librt-2.27.so
7fe0d1ab7000-7fe0d1ab8000 ---p 00007000 00:00 1163891            /lib/x86_64-linux-gnu/librt-2.27.so
7fe0d1ab8000-7fe0d1cb6000 ---p 00000008 00:00 1163891            /lib/x86_64-linux-gnu/librt-2.27.so
7fe0d1cb6000-7fe0d1cb7000 r--p 00006000 00:00 1163891            /lib/x86_64-linux-gnu/librt-2.27.so
7fe0d1cb7000-7fe0d1cb8000 rw-p 00007000 00:00 1163891            /lib/x86_64-linux-gnu/librt-2.27.so
7fe0d1cc0000-7fe0d1cd7000 r-xp 00000000 00:00 1195636            /lib/x86_64-linux-gnu/libgcc_s.so.1
7fe0d1cd7000-7fe0d1cd8000 ---p 00017000 00:00 1195636            /lib/x86_64-linux-gnu/libgcc_s.so.1
7fe0d1cd8000-7fe0d1ed6000 ---p 00000018 00:00 1195636            /lib/x86_64-linux-gnu/libgcc_s.so.1
7fe0d1ed6000-7fe0d1ed7000 r--p 00016000 00:00 1195636            /lib/x86_64-linux-gnu/libgcc_s.so.1
7fe0d1ed7000-7fe0d1ed8000 rw-p 00017000 00:00 1195636            /lib/x86_64-linux-gnu/libgcc_s.so.1
7fe0d1ee0000-7fe0d207d000 r-xp 00000000 00:00 1163825            /lib/x86_64-linux-gnu/libm-2.27.so
7fe0d207d000-7fe0d2080000 ---p 0019d000 00:00 1163825            /lib/x86_64-linux-gnu/libm-2.27.so
7fe0d2080000-7fe0d227c000 ---p 000001a0 00:00 1163825            /lib/x86_64-linux-gnu/libm-2.27.so
7fe0d227c000-7fe0d227d000 r--p 0019c000 00:00 1163825            /lib/x86_64-linux-gnu/libm-2.27.so
7fe0d227d000-7fe0d227e000 rw-p 0019d000 00:00 1163825            /lib/x86_64-linux-gnu/libm-2.27.so
7fe0d2280000-7fe0d23f9000 r-xp 00000000 00:00 1252565            /usr/lib/x86_64-linux-gnu/libstdc++.so.6.0.25
7fe0d23f9000-7fe0d2406000 ---p 00179000 00:00 1252565            /usr/lib/x86_64-linux-gnu/libstdc++.so.6.0.25
7fe0d2406000-7fe0d25f9000 ---p 00000186 00:00 1252565            /usr/lib/x86_64-linux-gnu/libstdc++.so.6.0.25
7fe0d25f9000-7fe0d2603000 r--p 00179000 00:00 1252565            /usr/lib/x86_64-linux-gnu/libstdc++.so.6.0.25
7fe0d2603000-7fe0d2605000 rw-p 00183000 00:00 1252565            /usr/lib/x86_64-linux-gnu/libstdc++.so.6.0.25
7fe0d2605000-7fe0d2609000 rw-p 00000000 00:00 0
7fe0d2610000-7fe0d32aa000 r-xp 00000000 00:00 213574             /usr/lib/jvm/java-8-openjdk-amd64/jre/lib/amd64/server/libjvm.so
7fe0d32aa000-7fe0d3374000 ---p 00c9a000 00:00 213574             /usr/lib/jvm/java-8-openjdk-amd64/jre/lib/amd64/server/libjvm.so
7fe0d3374000-7fe0d34a9000 ---p 00000d64 00:00 213574             /usr/lib/jvm/java-8-openjdk-amd64/jre/lib/amd64/server/libjvm.so
7fe0d34a9000-7fe0d353d000 r--p 00c99000 00:00 213574             /usr/lib/jvm/java-8-openjdk-amd64/jre/lib/amd64/server/libjvm.so
7fe0d353d000-7fe0d3566000 rw-p 00d2d000 00:00 213574             /usr/lib/jvm/java-8-openjdk-amd64/jre/lib/amd64/server/libjvm.so
7fe0d3566000-7fe0d3596000 rw-p 00000000 00:00 0
7fe0d35a0000-7fe0d35ba000 r-xp 00000000 00:00 1163883            /lib/x86_64-linux-gnu/libpthread-2.27.so
7fe0d35ba000-7fe0d35c4000 ---p 0001a000 00:00 1163883            /lib/x86_64-linux-gnu/libpthread-2.27.so
7fe0d35c4000-7fe0d37b9000 ---p 00000024 00:00 1163883            /lib/x86_64-linux-gnu/libpthread-2.27.so
7fe0d37b9000-7fe0d37ba000 r--p 00019000 00:00 1163883            /lib/x86_64-linux-gnu/libpthread-2.27.so
7fe0d37ba000-7fe0d37bb000 rw-p 0001a000 00:00 1163883            /lib/x86_64-linux-gnu/libpthread-2.27.so
7fe0d37bb000-7fe0d37bf000 rw-p 00000000 00:00 0
7fe0d37c0000-7fe0d37c3000 r-xp 00000000 00:00 1163697            /lib/x86_64-linux-gnu/libdl-2.27.so
7fe0d37c3000-7fe0d37c4000 ---p 00003000 00:00 1163697            /lib/x86_64-linux-gnu/libdl-2.27.so
7fe0d37c4000-7fe0d39c2000 ---p 00000004 00:00 1163697            /lib/x86_64-linux-gnu/libdl-2.27.so
7fe0d39c2000-7fe0d39c3000 r--p 00002000 00:00 1163697            /lib/x86_64-linux-gnu/libdl-2.27.so
7fe0d39c3000-7fe0d39c4000 rw-p 00003000 00:00 1163697            /lib/x86_64-linux-gnu/libdl-2.27.so
7fe0d39d0000-7fe0d39ec000 r-xp 00000000 00:00 1163923            /lib/x86_64-linux-gnu/libz.so.1.2.11
7fe0d39ec000-7fe0d39ed000 ---p 0001c000 00:00 1163923            /lib/x86_64-linux-gnu/libz.so.1.2.11
7fe0d39ed000-7fe0d3beb000 ---p 0000001d 00:00 1163923            /lib/x86_64-linux-gnu/libz.so.1.2.11
7fe0d3beb000-7fe0d3bec000 r--p 0001b000 00:00 1163923            /lib/x86_64-linux-gnu/libz.so.1.2.11
7fe0d3bec000-7fe0d3bed000 rw-p 0001c000 00:00 1163923            /lib/x86_64-linux-gnu/libz.so.1.2.11
7fe0d3bf0000-7fe0d3dd7000 r-xp 00000000 00:00 1163633            /lib/x86_64-linux-gnu/libc-2.27.so
7fe0d3dd7000-7fe0d3de0000 ---p 001e7000 00:00 1163633            /lib/x86_64-linux-gnu/libc-2.27.so
7fe0d3de0000-7fe0d3fd7000 ---p 000001f0 00:00 1163633            /lib/x86_64-linux-gnu/libc-2.27.so
7fe0d3fd7000-7fe0d3fdb000 r--p 001e7000 00:00 1163633            /lib/x86_64-linux-gnu/libc-2.27.so
7fe0d3fdb000-7fe0d3fdd000 rw-p 001eb000 00:00 1163633            /lib/x86_64-linux-gnu/libc-2.27.so
7fe0d3fdd000-7fe0d3fe1000 rw-p 00000000 00:00 0
7fe0d3ff0000-7fe0d3ffe000 r-xp 00000000 00:00 213532             /usr/lib/jvm/java-8-openjdk-amd64/jre/lib/amd64/jli/libjli.so
7fe0d3ffe000-7fe0d3fff000 ---p 0000e000 00:00 213532             /usr/lib/jvm/java-8-openjdk-amd64/jre/lib/amd64/jli/libjli.so
7fe0d3fff000-7fe0d41fd000 ---p 0000000f 00:00 213532             /usr/lib/jvm/java-8-openjdk-amd64/jre/lib/amd64/jli/libjli.so
7fe0d41fd000-7fe0d41fe000 r--p 0000d000 00:00 213532             /usr/lib/jvm/java-8-openjdk-amd64/jre/lib/amd64/jli/libjli.so
7fe0d41fe000-7fe0d41ff000 rw-p 0000e000 00:00 213532             /usr/lib/jvm/java-8-openjdk-amd64/jre/lib/amd64/jli/libjli.so
7fe0d4200000-7fe0d4226000 r-xp 00000000 00:00 1163578            /lib/x86_64-linux-gnu/ld-2.27.so
7fe0d4226000-7fe0d4227000 r-xp 00026000 00:00 1163578            /lib/x86_64-linux-gnu/ld-2.27.so
7fe0d4230000-7fe0d4251000 rw-p 00000000 00:00 0
7fe0d4260000-7fe0d42bb000 rw-p 00000000 00:00 0
7fe0d42c0000-7fe0d42e8000 rw-p 00000000 00:00 0
7fe0d42f0000-7fe0d4318000 rw-p 00000000 00:00 0
7fe0d4320000-7fe0d4321000 ---p 00000000 00:00 0
7fe0d4321000-7fe0d4421000 rw-p 00000000 00:00 0
7fe0d4427000-7fe0d4428000 r--p 00027000 00:00 1163578            /lib/x86_64-linux-gnu/ld-2.27.so
7fe0d4428000-7fe0d4429000 rw-p 00028000 00:00 1163578            /lib/x86_64-linux-gnu/ld-2.27.so
7fe0d4429000-7fe0d442a000 rw-p 00000000 00:00 0
7fe0d4435000-7fe0d443a000 r--s 000a0000 00:00 213618             /usr/lib/jvm/java-8-openjdk-amd64/jre/lib/jsse.jar
7fe0d443a000-7fe0d4440000 r--s 0004e000 00:00 614318             /mnt/c/Users/ksank/akka-resources/src/libs/salsa1.1.5.jar
7fe0d4440000-7fe0d4441000 rw-p 00000000 00:00 0
7fe0d4441000-7fe0d4447000 r--s 0002b000 00:00 155396             /mnt/c/Users/ksank/akka-resources/src/libs/kotlin-runtime-1.2.20-dev-331.jar
7fe0d4447000-7fe0d444a000 r--s 00038000 00:00 213598             /usr/lib/jvm/java-8-openjdk-amd64/jre/lib/ext/sunpkcs11.jar
7fe0d444a000-7fe0d4450000 r--s 0003b000 00:00 213596             /usr/lib/jvm/java-8-openjdk-amd64/jre/lib/ext/sunjce_provider.jar
7fe0d4450000-7fe0d4451000 ---p 00000000 00:00 0
7fe0d4451000-7fe0d4452000 r--s 00010000 00:00 213599             /usr/lib/jvm/java-8-openjdk-amd64/jre/lib/ext/zipfs.jar
7fe0d4452000-7fe0d4454000 r--s 00008000 00:00 213595             /usr/lib/jvm/java-8-openjdk-amd64/jre/lib/ext/sunec.jar
7fe0d4454000-7fe0d445e000 r--s 00116000 00:00 39595              /usr/lib/jvm/java-8-openjdk-amd64/jre/lib/ext/localedata.jar
7fe0d445e000-7fe0d4460000 r--s 00007000 00:00 215852             /usr/share/java/java-atk-wrapper.jar
7fe0d4460000-7fe0d4464000 ---p 00000000 00:00 0
7fe0d4464000-7fe0d4561000 rw-p 00000000 00:00 0
7fe0d4561000-7fe0d4562000 r--s 0000a000 00:00 213591             /usr/lib/jvm/java-8-openjdk-amd64/jre/lib/ext/jaccess.jar
7fe0d4562000-7fe0d4565000 r--s 0000f000 00:00 213590             /usr/lib/jvm/java-8-openjdk-amd64/jre/lib/ext/icedtea-sound.jar
7fe0d4565000-7fe0d4567000 r--s 00001000 00:00 213589             /usr/lib/jvm/java-8-openjdk-amd64/jre/lib/ext/dnsns.jar
7fe0d4567000-7fe0d4568000 r--p 00000000 00:00 1165090            /usr/lib/locale/C.UTF-8/LC_NUMERIC
7fe0d4568000-7fe0d4569000 r--p 00000000 00:00 1165093            /usr/lib/locale/C.UTF-8/LC_TIME
7fe0d4569000-7fe0d4570000 r--s 00000000 00:00 1170996            /usr/lib/x86_64-linux-gnu/gconv/gconv-modules.cache
7fe0d4570000-7fe0d4572000 rw-p 00000000 00:00 0
7fe0d4572000-7fe0d4573000 r--p 00000000 00:00 1165088            /usr/lib/locale/C.UTF-8/LC_MONETARY
7fe0d4573000-7fe0d4574000 r--p 00000000 00:00 1165087            /usr/lib/locale/C.UTF-8/LC_MESSAGES/SYS_LC_MESSAGES
7fe0d4574000-7fe0d4575000 r--p 00000000 00:00 1165091            /usr/lib/locale/C.UTF-8/LC_PAPER
7fe0d4575000-7fe0d4576000 r--p 00000000 00:00 1165089            /usr/lib/locale/C.UTF-8/LC_NAME
7fe0d4576000-7fe0d4577000 r--p 00000000 00:00 1165081            /usr/lib/locale/C.UTF-8/LC_ADDRESS
7fe0d4577000-7fe0d4578000 r--p 00000000 00:00 1165092            /usr/lib/locale/C.UTF-8/LC_TELEPHONE
7fe0d4578000-7fe0d4580000 rw-s 00000000 00:00 1140196            /tmp/hsperfdata_rohankasi/10780
7fe0d4580000-7fe0d4582000 rw-p 00000000 00:00 0
7fe0d4582000-7fe0d4583000 r--p 00000000 00:00 1165085            /usr/lib/locale/C.UTF-8/LC_MEASUREMENT
7fe0d4583000-7fe0d4584000 r--p 00000000 00:00 1165084            /usr/lib/locale/C.UTF-8/LC_IDENTIFICATION
7fe0d4600000-7fe0d4601000 r-xp 00000000 00:00 213513             /usr/lib/jvm/java-8-openjdk-amd64/jre/bin/java
7fe0d4800000-7fe0d4801000 r--p 00000000 00:00 213513             /usr/lib/jvm/java-8-openjdk-amd64/jre/bin/java
7fe0d4801000-7fe0d4802000 rw-p 00001000 00:00 213513             /usr/lib/jvm/java-8-openjdk-amd64/jre/bin/java
7ffff364f000-7ffff3670000 rw-p 00000000 00:00 0                  [heap]
7ffffb983000-7ffffc183000 rw-p 00000000 00:00 0                  [stack]
7ffffc4b5000-7ffffc4b6000 r-xp 00000000 00:00 0                  [vdso]

VM Arguments:
jvm_args: -Duan=uan://localhost:3030/id69 
java_command: examples.chat.SpeakerKtKt uan://localhost:3030/id1 uan://localhost:3030/id69
java_class_path (initial): .:./libs/kotlin-runtime-1.2.20-dev-331.jar:./libs/salsa1.1.5.jar
Launcher Type: SUN_STANDARD

Environment Variables:
PATH=/home/rohankasi/.local/bin:/home/rohankasi/.sdkman/candidates/kotlin/current/bin:/opt/maven/bin:/usr/local/sbin:/usr/local/bin:/usr/sbin:/usr/bin:/sbin:/bin:/usr/games:/usr/local/games:/mnt/c/Program Files/WindowsApps/CanonicalGroupLimited.UbuntuonWindows_1804.2019.521.0_x64__79rhkp1fndgsc:/mnt/c/ProgramData/DockerDesktop/version-bin:/mnt/c/Program Files/Docker/Docker/resources/bin:/mnt/c/Python34:/mnt/c/Python34/Scripts:/mnt/c/Program Files/Haskell Platform/8.0.1/lib/extralibs/bin:/mnt/c/Program Files/Haskell Platform/8.0.1/bin:/mnt/c/Program Files (x86)/Intel/iCLS Client:/mnt/c/Program Files/Intel/iCLS Client:/mnt/c/Windows/System32:/mnt/c/Windows:/mnt/c/Windows/System32/wbem:/mnt/c/Windows/System32/WindowsPowerShell/v1.0:/mnt/c/Program Files (x86)/Intel/Intel(R) Management Engine Components/DAL:/mnt/c/Program Files/Intel/Intel(R) Management Engine Components/DAL:/mnt/c/Program Files (x86)/Intel/Intel(R) Management Engine Components/IPT:/mnt/c/Program Files/Intel/Intel(R) Management Engine Components/IPT:/mnt/c/Program Files/Haskell Platform/8.0.1/mingw/bin:/mnt/c/Program Files (x86)/GtkSharp/2.12/bin:/mnt/c/Program Files/Git/cmd:/mnt/c/Program Files/PuTTY:/mnt/c/Program Files/doxygen/bin:/mnt/c/Program Files/cURL/bin:/mnt/c/Program Files/nodejs:/mnt/c/Windows/System32/OpenSSH:/mnt/c/Program Files/Microsoft Windows Performance Toolkit:/mnt/c/TDM-GCC-64/bin:/mnt/c/Program Files/Intel/WiFi/bin:/mnt/c/Program Files/Common Files/Intel/WirelessCommon:/mnt/c/Users/ksank/AppData/Roaming/local/bin:/mnt/c/Users/ksank/AppData/Local/Microsoft/WindowsApps:/mnt/c/Users/ksank/Downloads/svm_light:/mnt/c/Program Files (x86)/Java/jdk1.8.0_144/bin:/mnt/c/Users/ksank/AppData/Local/.meteor:/mnt/c/Users/ksank/AppData/Roaming/npm:/mnt/c/MinGW/bin:/mnt/c/Users/ksank/AppData/Local/atom/bin:/snap/bin
SHELL=/bin/bash
HOSTTYPE=x86_64

Signal Handlers:
SIGSEGV: [libjvm.so+0xab2ea0], sa_mask[0]=11111111111111111111111111111110, sa_flags=SA_RESTART|SA_SIGINFO
SIGBUS: [libjvm.so+0xab2ea0], sa_mask[0]=11111111111111111111111111111110, sa_flags=SA_RESTART|SA_SIGINFO
SIGFPE: [libjvm.so+0x8e87b0], sa_mask[0]=11111111111111111111111111111110, sa_flags=SA_RESTART|SA_SIGINFO
SIGPIPE: [libjvm.so+0x8e87b0], sa_mask[0]=11111111111111111111111111111110, sa_flags=SA_RESTART|SA_SIGINFO
SIGXFSZ: [libjvm.so+0x8e87b0], sa_mask[0]=11111111111111111111111111111110, sa_flags=SA_RESTART|SA_SIGINFO
SIGILL: [libjvm.so+0x8e87b0], sa_mask[0]=11111111111111111111111111111110, sa_flags=SA_RESTART|SA_SIGINFO
SIGUSR1: SIG_DFL, sa_mask[0]=00000000000000000000000000000000, sa_flags=none
SIGUSR2: [libjvm.so+0x8e8660], sa_mask[0]=00000000000000000000000000000000, sa_flags=SA_RESTART|SA_SIGINFO
SIGHUP: [libjvm.so+0x8e8cd0], sa_mask[0]=11111111111111111111111111111110, sa_flags=SA_RESTART|SA_SIGINFO
SIGINT: SIG_IGN, sa_mask[0]=00000000000000000000000000000000, sa_flags=none
SIGTERM: [libjvm.so+0x8e8cd0], sa_mask[0]=11111111111111111111111111111110, sa_flags=SA_RESTART|SA_SIGINFO
SIGQUIT: [libjvm.so+0x8e8cd0], sa_mask[0]=11111111111111111111111111111110, sa_flags=SA_RESTART|SA_SIGINFO


---------------  S Y S T E M  ---------------

OS:DISTRIB_ID=Ubuntu
DISTRIB_RELEASE=18.04
DISTRIB_CODENAME=bionic
DISTRIB_DESCRIPTION="Ubuntu 18.04.1 LTS"

uname:Linux 4.4.0-17134-Microsoft #706-Microsoft Mon Apr 01 18:13:00 PST 2019 x86_64
libc:glibc 2.27 NPTL 2.27 
rlimit: STACK 8192k, CORE 0k, NPROC 7823, NOFILE 65536, AS infinity
load average:0.52 0.58 0.59

/proc/meminfo:
MemTotal:        8233460 kB
MemFree:          275288 kB
Buffers:           34032 kB
Cached:           188576 kB
SwapCached:            0 kB
Active:           167556 kB
Inactive:         157876 kB
Active(anon):     103104 kB
Inactive(anon):    17440 kB
Active(file):      64452 kB
Inactive(file):   140436 kB
Unevictable:           0 kB
Mlocked:               0 kB
SwapTotal:      15465852 kB
SwapFree:       12370800 kB
Dirty:                 0 kB
Writeback:             0 kB
AnonPages:        102824 kB
Mapped:            71404 kB
Shmem:             17720 kB
Slab:              13868 kB
SReclaimable:       6744 kB
SUnreclaim:         7124 kB
KernelStack:        2848 kB
PageTables:         2524 kB
NFS_Unstable:          0 kB
Bounce:                0 kB
WritebackTmp:          0 kB
CommitLimit:      515524 kB
Committed_AS:    3450064 kB
VmallocTotal:     122880 kB
VmallocUsed:       21296 kB
VmallocChunk:      66044 kB
HardwareCorrupted:     0 kB
AnonHugePages:      2048 kB
HugePages_Total:       0
HugePages_Free:        0
HugePages_Rsvd:        0
HugePages_Surp:        0
Hugepagesize:       2048 kB
DirectMap4k:       12280 kB
DirectMap4M:      897024 kB


CPU:total 4 (initial active 4) (2 cores per cpu, 2 threads per core) family 6 model 78 stepping 3, cmov, cx8, fxsr, mmx, sse, sse2, sse3, ssse3, sse4.1, sse4.2, popcnt, avx, avx2, aes, clmul, erms, 3dnowpref, lzcnt, ht, tsc, tscinvbit, bmi1, bmi2, adx

/proc/cpuinfo:
processor	: 0
vendor_id	: GenuineIntel
cpu family	: 6
model		: 78
model name	: Intel(R) Core(TM) i5-6200U CPU @ 2.30GHz
stepping	: 3
microcode	: 0xffffffff
cpu MHz		: 2400.000
cache size	: 256 KB
physical id	: 0
siblings	: 4
core id		: 0
cpu cores	: 2
apicid		: 0
initial apicid	: 0
fpu		: yes
fpu_exception	: yes
cpuid level	: 6
wp		: yes
flags		: fpu vme de pse tsc msr pae mce cx8 apic sep mtrr pge mca cmov pat pse36 clflush dts acpi mmx fxsr sse sse2 ss ht tm pbe syscall nx pdpe1gb rdtscp lm pni pclmulqdq est tm2 ssse3 fma cx16 xtpr pdcm pcid sse4_1 sse4_2 movbe popcnt aes xsave osxsave avx f16c rdrand hypervisor
bogomips	: 4800.00
clflush size	: 64
cache_alignment	: 64
address sizes	: 36 bits physical, 48 bits virtual
power management:

processor	: 1
vendor_id	: GenuineIntel
cpu family	: 6
model		: 78
model name	: Intel(R) Core(TM) i5-6200U CPU @ 2.30GHz
stepping	: 3
microcode	: 0xffffffff
cpu MHz		: 2400.000
cache size	: 256 KB
physical id	: 0
siblings	: 4
core id		: 0
cpu cores	: 2
apicid		: 0
initial apicid	: 0
fpu		: yes
fpu_exception	: yes
cpuid level	: 6
wp		: yes
flags		: fpu vme de pse tsc msr pae mce cx8 apic sep mtrr pge mca cmov pat pse36 clflush dts acpi mmx fxsr sse sse2 ss ht tm pbe syscall nx pdpe1gb rdtscp lm pni pclmulqdq est tm2 ssse3 fma cx16 xtpr pdcm pcid sse4_1 sse4_2 movbe popcnt aes xsave osxsave avx f16c rdrand hypervisor
bogomips	: 4800.00
clflush size	: 64
cache_alignment	: 64
address sizes	: 36 bits physical, 48 bits virtual
power management:

processor	: 2
vendor_id	: GenuineIntel
cpu family	: 6
model		: 78
model name	: Intel(R) Core(TM) i5-6200U CPU @ 2.30GHz
stepping	: 3
microcode	: 0xffffffff
cpu MHz		: 2400.000
cache size	: 256 KB
physical id	: 0
siblings	: 4
core id		: 1
cpu cores	: 2
apicid		: 0
initial apicid	: 0
fpu		: yes
fpu_exception	: yes
cpuid level	: 6
wp		: yes
flags		: fpu vme de pse tsc msr pae mce cx8 apic sep mtrr pge mca cmov pat pse36 clflush dts acpi mmx fxsr sse sse2 ss ht tm pbe syscall nx pdpe1gb rdtscp lm pni pclmulqdq est tm2 ssse3 fma cx16 xtpr pdcm pcid sse4_1 sse4_2 movbe popcnt aes xsave osxsave avx f16c rdrand hypervisor
bogomips	: 4800.00
clflush size	: 64
cache_alignment	: 64
address sizes	: 36 bits physical, 48 bits virtual
power management:

processor	: 3
vendor_id	: GenuineIntel
cpu family	: 6
model		: 78
model name	: Intel(R) Core(TM) i5-6200U CPU @ 2.30GHz
stepping	: 3
microcode	: 0xffffffff
cpu MHz		: 2400.000
cache size	: 256 KB
physical id	: 0
siblings	: 4
core id		: 1
cpu cores	: 2
apicid		: 0
initial apicid	: 0
fpu		: yes
fpu_exception	: yes
cpuid level	: 6
wp		: yes
flags		: fpu vme de pse tsc msr pae mce cx8 apic sep mtrr pge mca cmov pat pse36 clflush dts acpi mmx fxsr sse sse2 ss ht tm pbe syscall nx pdpe1gb rdtscp lm pni pclmulqdq est tm2 ssse3 fma cx16 xtpr pdcm pcid sse4_1 sse4_2 movbe popcnt aes xsave osxsave avx f16c rdrand hypervisor
bogomips	: 4800.00
clflush size	: 64
cache_alignment	: 64
address sizes	: 36 bits physical, 48 bits virtual
power management:



Memory: 4k page, physical 8233460k(274256k free), swap 15465852k(12370800k free)

vm_info: OpenJDK 64-Bit Server VM (25.191-b12) for linux-amd64 JRE (1.8.0_191-8u191-b12-2ubuntu0.18.04.1-b12), built on Jan 14 2019 21:02:00 by "buildd" with gcc 7.3.0

time: Wed Nov 13 17:26:04 2019
elapsed time: 792 seconds (0d 0h 13m 12s)

