#
# A fatal error has been detected by the Java Runtime Environment:
#
#  SIGSEGV (0xb) at pc=0x00007f631578a91c, pid=25262, tid=0x00007f62f8fb0700
#
# JRE version: OpenJDK Runtime Environment (8.0_191-b12) (build 1.8.0_191-8u191-b12-2ubuntu0.18.04.1-b12)
# Java VM: OpenJDK 64-Bit Server VM (25.191-b12 mixed mode linux-amd64 compressed oops)
# Problematic frame:
# V  [libjvm.so+0x97a91c]
#
# Failed to write core dump. Core dumps have been disabled. To enable core dumping, try "ulimit -c unlimited" before starting Java again
#
# If you would like to submit a bug report, please visit:
#   http://bugreport.java.com/bugreport/crash.jsp
#

---------------  T H R E A D  ---------------

Current thread (0x00007f63100bb800):  JavaThread "C2 CompilerThread0" daemon [_thread_in_native, id=26120, stack(0x00007f62f8eb1000,0x00007f62f8fb1000)]

siginfo: si_signo: 11 (SIGSEGV), si_code: 2 (SEGV_ACCERR), si_addr: 0x00007f62d9ecbb70

Registers:
RAX=0x00007f62d9ecbb70, RBX=0x00000000000002bd, RCX=0x0000000000000000, RDX=0x00007f62d9ecaf10
RSP=0x00007f62f8fac5c0, RBP=0x00007f62f8fac7b0, RSI=0x00007f62d9ecbb80, RDI=0x00007f62d9ecae90
R8 =0x0000000000000000, R9 =0x0000000000008d11, R10=0x0000000000000001, R11=0x0000000000000019
R12=0x00007f62f8fac840, R13=0x000000000000019b, R14=0x00000000000001a0, R15=0x000000000000019b
RIP=0x00007f631578a91c, EFLAGS=0x0000000000010202, CSGSFS=0x00000053002b0033, ERR=0x0000000000000000
  TRAPNO=0x0000000000000000

Top of Stack: (sp=0x00007f62f8fac5c0)
0x00007f62f8fac5c0:   fffffffd00080000 00007f6200000002
0x00007f62f8fac5d0:   00000000000003d8 00007f6200000008
0x00007f62f8fac5e0:   00007f62d88cbf60 000f42ba00000034
0x00007f62f8fac5f0:   00007f62f8fac730 00007f62d00b7eb0
0x00007f62f8fac600:   00007f62d00b8288 00007f62f8fac710
0x00007f62f8fac610:   000033be00000000 00007f62d00b7ea0
0x00007f62f8fac620:   00007f62d9b191e8 000000000000013f
0x00007f62f8fac630:   00007f62d9a7c050 00007f6315435b46
0x00007f62f8fac640:   00007f62d9c9fb70 0000000000000000
0x00007f62f8fac650:   00007f62f8fac710 00007f63151ec713
0x00007f62f8fac660:   0000000000000018 0000000000000040
0x00007f62f8fac670:   00007f62d94734f0 00007f62d9a7c090
0x00007f62f8fac680:   00007f62f8fac710 00007f62d9472810
0x00007f62f8fac690:   000000000000019b 00007f62d9459280
0x00007f62f8fac6a0:   000030cc0000019a 000000000000019b
0x00007f62f8fac6b0:   0101010101010101 0101010101010101
0x00007f62f8fac6c0:   0000000000000cd8 00000000000015d0
0x00007f62f8fac6d0:   fffffffffffffe5f 00007f62f8facb40
0x00007f62f8fac6e0:   00007f62d94661c0 00007f62f8fac840
0x00007f62f8fac6f0:   fffffffffffff31f 0000000000000ce0
0x00007f62f8fac700:   00007f62d946e1b0 000033c70000019b
0x00007f62f8fac710:   000033c70000019b 00007f62f8fac840
0x00007f62f8fac720:   00007f620000000f 00007f62d943f400
0x00007f62f8fac730:   000033c700000000 00007f62f8fac840
0x00007f62f8fac740:   000030cc0000000f 00007f62d944c340
0x00007f62f8fac750:   00007f62d93e7be0 0000000000000034
0x00007f62f8fac760:   00007f62d9707c00 00007f6200000034
0x00007f62f8fac770:   00007f62b3665be0 6e3e0f0ae7e45900
0x00007f62f8fac780:   00007f62b3620680 00007f62f8fac870
0x00007f62f8fac790:   00007f62f8fac8e0 00007f62f8fac940
0x00007f62f8fac7a0:   00007f6315d406b8 00007f62f8facb40
0x00007f62f8fac7b0:   00007f62f8faca40 00007f63151eeff7 

Instructions: (pc=0x00007f631578a91c)
0x00007f631578a8fc:   45 31 d2 45 89 eb 48 8d 14 f7 48 01 c6 41 c1 eb
0x00007f631578a90c:   04 0f 1f 00 41 83 c2 01 48 83 ea 80 48 83 c6 10
0x00007f631578a91c:   0f 29 4e f0 0f 11 42 80 0f 11 42 90 0f 11 42 a0
0x00007f631578a92c:   0f 11 42 b0 0f 11 42 c0 0f 11 42 d0 0f 11 42 e0 

Register to memory mapping:

RAX=0x00007f62d9ecbb70 is an unknown value
RBX=0x00000000000002bd is an unknown value
RCX=0x0000000000000000 is an unknown value
RDX=0x00007f62d9ecaf10 is an unknown value
RSP=0x00007f62f8fac5c0 is pointing into the stack for thread: 0x00007f63100bb800
RBP=0x00007f62f8fac7b0 is pointing into the stack for thread: 0x00007f63100bb800
RSI=0x00007f62d9ecbb80 is an unknown value
RDI=0x00007f62d9ecae90 is an unknown value
R8 =0x0000000000000000 is an unknown value
R9 =0x0000000000008d11 is an unknown value
R10=0x0000000000000001 is an unknown value
R11=0x0000000000000019 is an unknown value
R12=0x00007f62f8fac840 is pointing into the stack for thread: 0x00007f63100bb800
R13=0x000000000000019b is an unknown value
R14=0x00000000000001a0 is an unknown value
R15=0x000000000000019b is an unknown value


Stack: [0x00007f62f8eb1000,0x00007f62f8fb1000],  sp=0x00007f62f8fac5c0,  free space=1005k
Native frames: (J=compiled Java code, j=interpreted, Vv=VM code, C=native code)
V  [libjvm.so+0x97a91c]
V  [libjvm.so+0x3deff7]
V  [libjvm.so+0x478448]
V  [libjvm.so+0x47948b]
V  [libjvm.so+0x3c08da]
V  [libjvm.so+0x48487b]
V  [libjvm.so+0x486b58]
V  [libjvm.so+0xa4fd93]
V  [libjvm.so+0xa501c2]
V  [libjvm.so+0x8ea992]
C  [libpthread.so.0+0x76db]  start_thread+0xdb


Current CompileTask:
C2: 802717 1155   !   4       gc.WeakReference::send (199 bytes)


---------------  P R O C E S S  ---------------

Java Threads: ( => current thread )
  0x00007f629c008800 JavaThread "Thread-11" [_thread_blocked, id=29683, stack(0x00007f62b3780000,0x00007f62b3881000)]
  0x00007f62bc009000 JavaThread "Handler Loop 5" [_thread_in_native, id=29469, stack(0x00007f62b3bc0000,0x00007f62b3cc1000)]
  0x00007f62bc005000 JavaThread "gc.serverGC.GCAgent$State" [_thread_blocked, id=28021, stack(0x00007f62b39a0000,0x00007f62b3aa1000)]
  0x00007f62bc003000 JavaThread "wwc.messaging.WWCSystem$State" [_thread_blocked, id=28018, stack(0x00007f62b3ab0000,0x00007f62b3bb1000)]
  0x00007f631000b000 JavaThread "DestroyJavaVM" [_thread_blocked, id=25375, stack(0x00007f6316b21000,0x00007f6316c21000)]
  0x00007f62b8007800 JavaThread "wwc.resources.StandardInput$State" [_thread_blocked, id=27486, stack(0x00007f62b3cd0000,0x00007f62b3dd1000)]
  0x00007f62b8004800 JavaThread "wwc.resources.StandardError$State" [_thread_blocked, id=27354, stack(0x00007f62b3de0000,0x00007f62b3ee1000)]
  0x00007f62b8003800 JavaThread "wwc.resources.StandardOutput$State" [_thread_blocked, id=27323, stack(0x00007f62b3ef0000,0x00007f62b3ff1000)]
  0x00007f6310184000 JavaThread "examples.chat.Speaker$State" [_thread_blocked, id=27105, stack(0x00007f62f80d0000,0x00007f62f81d1000)]
  0x00007f6310182800 JavaThread "RunTime Exit Thead" daemon [_thread_blocked, id=27093, stack(0x00007f62f81e0000,0x00007f62f82e1000)]
  0x00007f631016f800 JavaThread "Clear Socket Thread" [_thread_blocked, id=26824, stack(0x00007f62f82f0000,0x00007f62f83f1000)]
  0x00007f631016e000 JavaThread "Listen Loop Thread" [_thread_in_native, id=26785, stack(0x00007f62f8400000,0x00007f62f8501000)]
  0x00007f63100c3000 JavaThread "Service Thread" daemon [_thread_blocked, id=26321, stack(0x00007f62f8b80000,0x00007f62f8c81000)]
  0x00007f63100c0000 JavaThread "C1 CompilerThread2" daemon [_thread_blocked, id=26193, stack(0x00007f62f8c91000,0x00007f62f8d91000)]
  0x00007f63100be800 JavaThread "C2 CompilerThread1" daemon [_thread_blocked, id=26169, stack(0x00007f62f8da1000,0x00007f62f8ea1000)]
=>0x00007f63100bb800 JavaThread "C2 CompilerThread0" daemon [_thread_in_native, id=26120, stack(0x00007f62f8eb1000,0x00007f62f8fb1000)]
  0x00007f63100ba000 JavaThread "Signal Dispatcher" daemon [_thread_blocked, id=26073, stack(0x00007f62f8fc0000,0x00007f62f90c1000)]
  0x00007f6310085000 JavaThread "Finalizer" daemon [_thread_blocked, id=25926, stack(0x00007f62f9400000,0x00007f62f9501000)]
  0x00007f6310082800 JavaThread "Reference Handler" daemon [_thread_blocked, id=25864, stack(0x00007f62f9510000,0x00007f62f9611000)]

Other Threads:
  0x00007f6310079000 VMThread [stack: 0x00007f62f9621000,0x00007f62f9721000] [id=25754]
  0x00007f63100c5800 WatcherThread [stack: 0x00007f62f8a71000,0x00007f62f8b71000] [id=26368]

VM state:at safepoint (normal execution)

VM Mutex/Monitor currently owned by a thread:  ([mutex/lock_event])
[0x00007f6310007810] Threads_lock - owner thread: 0x00007f6310079000
[0x00007f6310007d10] Heap_lock - owner thread: 0x00007f6310182800

Heap:
 PSYoungGen      total 37888K, used 0K [0x00000000d6180000, 0x00000000d8b80000, 0x0000000100000000)
  eden space 32768K, 0% used [0x00000000d6180000,0x00000000d6180000,0x00000000d8180000)
  from space 5120K, 0% used [0x00000000d8680000,0x00000000d8680000,0x00000000d8b80000)
  to   space 5120K, 0% used [0x00000000d8180000,0x00000000d8180000,0x00000000d8680000)
 ParOldGen       total 86016K, used 1922K [0x0000000082400000, 0x0000000087800000, 0x00000000d6180000)
  object space 86016K, 2% used [0x0000000082400000,0x00000000825e0a38,0x0000000087800000)
 Metaspace       used 6009K, capacity 6224K, committed 6400K, reserved 1056768K
  class space    used 608K, capacity 698K, committed 768K, reserved 1048576K

Card table byte_map: [0x00007f62ffbb0000,0x00007f62fff9f000] byte_map_base: 0x00007f62ff79e000

Marking Bits: (ParMarkBitMap*) 0x00007f6315d79340
 Begin Bits: [0x00007f62fb5f0000, 0x00007f62fd560000)
 End Bits:   [0x00007f62fd560000, 0x00007f62ff4d0000)

Polling page: 0x00007f6316c40000

CodeCache: size=245760Kb used=4213Kb max_used=4433Kb free=241546Kb
 bounds [0x00007f6300360000, 0x00007f63007d0000, 0x00007f630f360000]
 total_blobs=1195 nmethods=908 adapters=202
 compilation: enabled

Compilation events (10 events):
Event: 746.531 Thread 0x00007f63100c0000 nmethod 1140 0x00007f6300574e90 code [0x00007f6300575080, 0x00007f6300575bb8]
Event: 748.658 Thread 0x00007f63100bb800 1141       4       java.util.HashMap::putVal (300 bytes)
Event: 748.670 Thread 0x00007f63100bb800 nmethod 1141 0x00007f630054ad50 code [0x00007f630054af20, 0x00007f630054b6c8]
Event: 748.998 Thread 0x00007f63100bb800 1142       4       java.util.HashMap::put (13 bytes)
Event: 749.010 Thread 0x00007f63100bb800 nmethod 1142 0x00007f6300567190 code [0x00007f6300567360, 0x00007f6300567a18]
Event: 755.436 Thread 0x00007f63100c0000 1143       3       java.util.regex.Pattern::expr (142 bytes)
Event: 755.438 Thread 0x00007f63100c0000 nmethod 1143 0x00007f6300555e90 code [0x00007f63005560c0, 0x00007f6300556bd8]
Event: 757.719 Thread 0x00007f63100c0000 1154       3       java.net.URLStreamHandler::setURL (40 bytes)
Event: 757.720 Thread 0x00007f63100c0000 nmethod 1154 0x00007f63004d6d90 code [0x00007f63004d6f20, 0x00007f63004d72b8]
Event: 761.565 Thread 0x00007f63100bb800 1155   !   4       gc.WeakReference::send (199 bytes)

GC Heap History (10 events):
Event: 757.302 GC heap before
{Heap before GC invocations=290 (full 145):
 PSYoungGen      total 37888K, used 32K [0x00000000d6180000, 0x00000000d8b80000, 0x0000000100000000)
  eden space 32768K, 0% used [0x00000000d6180000,0x00000000d6180000,0x00000000d8180000)
  from space 5120K, 0% used [0x00000000d8180000,0x00000000d8188000,0x00000000d8680000)
  to   space 5120K, 0% used [0x00000000d8680000,0x00000000d8680000,0x00000000d8b80000)
 ParOldGen       total 86016K, used 1903K [0x0000000082400000, 0x0000000087800000, 0x00000000d6180000)
  object space 86016K, 2% used [0x0000000082400000,0x00000000825dbfb8,0x0000000087800000)
 Metaspace       used 6009K, capacity 6224K, committed 6400K, reserved 1056768K
  class space    used 608K, capacity 698K, committed 768K, reserved 1048576K
Event: 757.555 GC heap after
Heap after GC invocations=290 (full 145):
 PSYoungGen      total 37888K, used 0K [0x00000000d6180000, 0x00000000d8b80000, 0x0000000100000000)
  eden space 32768K, 0% used [0x00000000d6180000,0x00000000d6180000,0x00000000d8180000)
  from space 5120K, 0% used [0x00000000d8180000,0x00000000d8180000,0x00000000d8680000)
  to   space 5120K, 0% used [0x00000000d8680000,0x00000000d8680000,0x00000000d8b80000)
 ParOldGen       total 86016K, used 1915K [0x0000000082400000, 0x0000000087800000, 0x00000000d6180000)
  object space 86016K, 2% used [0x0000000082400000,0x00000000825def48,0x0000000087800000)
 Metaspace       used 6009K, capacity 6224K, committed 6400K, reserved 1056768K
  class space    used 608K, capacity 698K, committed 768K, reserved 1048576K
}
Event: 759.912 GC heap before
{Heap before GC invocations=291 (full 145):
 PSYoungGen      total 37888K, used 2621K [0x00000000d6180000, 0x00000000d8b80000, 0x0000000100000000)
  eden space 32768K, 8% used [0x00000000d6180000,0x00000000d640f630,0x00000000d8180000)
  from space 5120K, 0% used [0x00000000d8180000,0x00000000d8180000,0x00000000d8680000)
  to   space 5120K, 0% used [0x00000000d8680000,0x00000000d8680000,0x00000000d8b80000)
 ParOldGen       total 86016K, used 1915K [0x0000000082400000, 0x0000000087800000, 0x00000000d6180000)
  object space 86016K, 2% used [0x0000000082400000,0x00000000825def48,0x0000000087800000)
 Metaspace       used 6009K, capacity 6224K, committed 6400K, reserved 1056768K
  class space    used 608K, capacity 698K, committed 768K, reserved 1048576K
Event: 760.149 GC heap after
Heap after GC invocations=291 (full 145):
 PSYoungGen      total 37888K, used 32K [0x00000000d6180000, 0x00000000d8b80000, 0x0000000100000000)
  eden space 32768K, 0% used [0x00000000d6180000,0x00000000d6180000,0x00000000d8180000)
  from space 5120K, 0% used [0x00000000d8680000,0x00000000d8688000,0x00000000d8b80000)
  to   space 5120K, 0% used [0x00000000d8180000,0x00000000d8180000,0x00000000d8680000)
 ParOldGen       total 86016K, used 1923K [0x0000000082400000, 0x0000000087800000, 0x00000000d6180000)
  object space 86016K, 2% used [0x0000000082400000,0x00000000825e0f48,0x0000000087800000)
 Metaspace       used 6009K, capacity 6224K, committed 6400K, reserved 1056768K
  class space    used 608K, capacity 698K, committed 768K, reserved 1048576K
}
Event: 760.149 GC heap before
{Heap before GC invocations=292 (full 146):
 PSYoungGen      total 37888K, used 32K [0x00000000d6180000, 0x00000000d8b80000, 0x0000000100000000)
  eden space 32768K, 0% used [0x00000000d6180000,0x00000000d6180000,0x00000000d8180000)
  from space 5120K, 0% used [0x00000000d8680000,0x00000000d8688000,0x00000000d8b80000)
  to   space 5120K, 0% used [0x00000000d8180000,0x00000000d8180000,0x00000000d8680000)
 ParOldGen       total 86016K, used 1923K [0x0000000082400000, 0x0000000087800000, 0x00000000d6180000)
  object space 86016K, 2% used [0x0000000082400000,0x00000000825e0f48,0x0000000087800000)
 Metaspace       used 6009K, capacity 6224K, committed 6400K, reserved 1056768K
  class space    used 608K, capacity 698K, committed 768K, reserved 1048576K
Event: 760.331 GC heap after
Heap after GC invocations=292 (full 146):
 PSYoungGen      total 37888K, used 0K [0x00000000d6180000, 0x00000000d8b80000, 0x0000000100000000)
  eden space 32768K, 0% used [0x00000000d6180000,0x00000000d6180000,0x00000000d8180000)
  from space 5120K, 0% used [0x00000000d8680000,0x00000000d8680000,0x00000000d8b80000)
  to   space 5120K, 0% used [0x00000000d8180000,0x00000000d8180000,0x00000000d8680000)
 ParOldGen       total 86016K, used 1917K [0x0000000082400000, 0x0000000087800000, 0x00000000d6180000)
  object space 86016K, 2% used [0x0000000082400000,0x00000000825df4e8,0x0000000087800000)
 Metaspace       used 6009K, capacity 6224K, committed 6400K, reserved 1056768K
  class space    used 608K, capacity 698K, committed 768K, reserved 1048576K
}
Event: 767.703 GC heap before
{Heap before GC invocations=293 (full 146):
 PSYoungGen      total 37888K, used 3276K [0x00000000d6180000, 0x00000000d8b80000, 0x0000000100000000)
  eden space 32768K, 10% used [0x00000000d6180000,0x00000000d64b33a8,0x00000000d8180000)
  from space 5120K, 0% used [0x00000000d8680000,0x00000000d8680000,0x00000000d8b80000)
  to   space 5120K, 0% used [0x00000000d8180000,0x00000000d8180000,0x00000000d8680000)
 ParOldGen       total 86016K, used 1917K [0x0000000082400000, 0x0000000087800000, 0x00000000d6180000)
  object space 86016K, 2% used [0x0000000082400000,0x00000000825df4e8,0x0000000087800000)
 Metaspace       used 6009K, capacity 6224K, committed 6400K, reserved 1056768K
  class space    used 608K, capacity 698K, committed 768K, reserved 1048576K
Event: 768.284 GC heap after
Heap after GC invocations=293 (full 146):
 PSYoungGen      total 37888K, used 32K [0x00000000d6180000, 0x00000000d8b80000, 0x0000000100000000)
  eden space 32768K, 0% used [0x00000000d6180000,0x00000000d6180000,0x00000000d8180000)
  from space 5120K, 0% used [0x00000000d8180000,0x00000000d8188000,0x00000000d8680000)
  to   space 5120K, 0% used [0x00000000d8680000,0x00000000d8680000,0x00000000d8b80000)
 ParOldGen       total 86016K, used 1917K [0x0000000082400000, 0x0000000087800000, 0x00000000d6180000)
  object space 86016K, 2% used [0x0000000082400000,0x00000000825df4e8,0x0000000087800000)
 Metaspace       used 6009K, capacity 6224K, committed 6400K, reserved 1056768K
  class space    used 608K, capacity 698K, committed 768K, reserved 1048576K
}
Event: 768.284 GC heap before
{Heap before GC invocations=294 (full 147):
 PSYoungGen      total 37888K, used 32K [0x00000000d6180000, 0x00000000d8b80000, 0x0000000100000000)
  eden space 32768K, 0% used [0x00000000d6180000,0x00000000d6180000,0x00000000d8180000)
  from space 5120K, 0% used [0x00000000d8180000,0x00000000d8188000,0x00000000d8680000)
  to   space 5120K, 0% used [0x00000000d8680000,0x00000000d8680000,0x00000000d8b80000)
 ParOldGen       total 86016K, used 1917K [0x0000000082400000, 0x0000000087800000, 0x00000000d6180000)
  object space 86016K, 2% used [0x0000000082400000,0x00000000825df4e8,0x0000000087800000)
 Metaspace       used 6009K, capacity 6224K, committed 6400K, reserved 1056768K
  class space    used 608K, capacity 698K, committed 768K, reserved 1048576K
Event: 769.730 GC heap after
Heap after GC invocations=294 (full 147):
 PSYoungGen      total 37888K, used 0K [0x00000000d6180000, 0x00000000d8b80000, 0x0000000100000000)
  eden space 32768K, 0% used [0x00000000d6180000,0x00000000d6180000,0x00000000d8180000)
  from space 5120K, 0% used [0x00000000d8180000,0x00000000d8180000,0x00000000d8680000)
  to   space 5120K, 0% used [0x00000000d8680000,0x00000000d8680000,0x00000000d8b80000)
 ParOldGen       total 86016K, used 1922K [0x0000000082400000, 0x0000000087800000, 0x00000000d6180000)
  object space 86016K, 2% used [0x0000000082400000,0x00000000825e0a38,0x0000000087800000)
 Metaspace       used 6009K, capacity 6224K, committed 6400K, reserved 1056768K
  class space    used 608K, capacity 698K, committed 768K, reserved 1048576K
}

Deoptimization events (10 events):
Event: 252.971 Thread 0x00007f62b8003800 Uncommon trap: reason=array_check action=maybe_recompile pc=0x00007f6300688cec method=java.util.Arrays.fill([Ljava/lang/Object;IILjava/lang/Object;)V @ 20
Event: 317.545 Thread 0x00007f62bc007000 Uncommon trap: reason=unstable_if action=reinterpret pc=0x00007f63006fe514 method=java.io.ObjectInputStream$BlockDataInputStream.readUTFBody(J)Ljava/lang/String; @ 53
Event: 317.546 Thread 0x00007f62bc007000 Uncommon trap: reason=unstable_if action=reinterpret pc=0x00007f63006e88f4 method=java.io.ObjectStreamClass.computeFieldOffsets()V @ 275
Event: 317.926 Thread 0x00007f62bc007000 Uncommon trap: reason=null_check action=make_not_entrant pc=0x00007f630070326c method=java.io.ObjectStreamClass.getReflector([Ljava/io/ObjectStreamField;Ljava/io/ObjectStreamClass;)Ljava/io/ObjectStreamClass$FieldReflector; @ 49
Event: 384.374 Thread 0x00007f629c005800 Uncommon trap: reason=unstable_if action=reinterpret pc=0x00007f6300749214 method=java.io.ObjectStreamClass.writeNonProxy(Ljava/io/ObjectOutputStream;)V @ 65
Event: 421.854 Thread 0x00007f62bc009000 Uncommon trap: reason=unstable_if action=reinterpret pc=0x00007f63005713b8 method=java.net.SocketInputStream.read([BIII)I @ 124
Event: 421.910 Thread 0x00007f62bc009000 Uncommon trap: reason=unstable_if action=reinterpret pc=0x00007f63005bc81c method=java.net.SocketInputStream.read()I @ 28
Event: 478.791 Thread 0x00007f62bc009000 Uncommon trap: reason=unstable_if action=reinterpret pc=0x00007f630059de9c method=java.net.SocketInputStream.read()I @ 28
Event: 505.874 Thread 0x00007f62bc007000 Uncommon trap: reason=unstable_if action=reinterpret pc=0x00007f63005713b8 method=java.net.SocketInputStream.read([BIII)I @ 124
Event: 505.875 Thread 0x00007f62bc007000 Uncommon trap: reason=unstable_if action=reinterpret pc=0x00007f63005bc81c method=java.net.SocketInputStream.read()I @ 28

Classes redefined (0 events):
No events

Internal exceptions (10 events):
Event: 216.173 Thread 0x00007f62b8003800 Exception <a 'java/lang/IllegalArgumentException': argument type mismatch> (0x00000000d62aab80) thrown at [/build/openjdk-8-5w_p1G/openjdk-8-8u191-b12/src/hotspot/src/share/vm/runtime/reflection.cpp, line 201]
Event: 216.174 Thread 0x00007f62b8003800 Exception <a 'java/lang/IllegalArgumentException': argument type mismatch> (0x00000000d62adc88) thrown at [/build/openjdk-8-5w_p1G/openjdk-8-8u191-b12/src/hotspot/src/share/vm/runtime/reflection.cpp, line 201]
Event: 216.174 Thread 0x00007f62b8003800 Exception <a 'java/lang/IllegalArgumentException': argument type mismatch> (0x00000000d62adf00) thrown at [/build/openjdk-8-5w_p1G/openjdk-8-8u191-b12/src/hotspot/src/share/vm/runtime/reflection.cpp, line 201]
Event: 216.174 Thread 0x00007f62b8003800 Exception <a 'java/lang/IllegalArgumentException': argument type mismatch> (0x00000000d62ae178) thrown at [/build/openjdk-8-5w_p1G/openjdk-8-8u191-b12/src/hotspot/src/share/vm/runtime/reflection.cpp, line 201]
Event: 216.174 Thread 0x00007f62b8003800 Exception <a 'java/lang/IllegalArgumentException': argument type mismatch> (0x00000000d62ae3f0) thrown at [/build/openjdk-8-5w_p1G/openjdk-8-8u191-b12/src/hotspot/src/share/vm/runtime/reflection.cpp, line 201]
Event: 216.176 Thread 0x00007f62b8003800 Exception <a 'java/lang/IllegalArgumentException': argument type mismatch> (0x00000000d62b3d58) thrown at [/build/openjdk-8-5w_p1G/openjdk-8-8u191-b12/src/hotspot/src/share/vm/runtime/reflection.cpp, line 201]
Event: 216.177 Thread 0x00007f62b8003800 Exception <a 'java/lang/IllegalArgumentException': argument type mismatch> (0x00000000d62b6920) thrown at [/build/openjdk-8-5w_p1G/openjdk-8-8u191-b12/src/hotspot/src/share/vm/runtime/reflection.cpp, line 201]
Event: 216.179 Thread 0x00007f62b8003800 Exception <a 'java/lang/IllegalArgumentException': argument type mismatch> (0x00000000d62b95b0) thrown at [/build/openjdk-8-5w_p1G/openjdk-8-8u191-b12/src/hotspot/src/share/vm/runtime/reflection.cpp, line 201]
Event: 216.183 Thread 0x00007f62b8003800 Exception <a 'java/lang/IllegalArgumentException': argument type mismatch> (0x00000000d62bc300) thrown at [/build/openjdk-8-5w_p1G/openjdk-8-8u191-b12/src/hotspot/src/share/vm/runtime/reflection.cpp, line 201]
Event: 317.926 Thread 0x00007f62bc007000 Exception <a 'java/lang/NoSuchMethodError': <clinit>> (0x00000000d6189db0) thrown at [/build/openjdk-8-5w_p1G/openjdk-8-8u191-b12/src/hotspot/src/share/vm/prims/jni.cpp, line 1613]

Events (10 events):
Event: 751.178 Executing VM operation: ParallelGCSystemGC done
Event: 753.612 Executing VM operation: ParallelGCSystemGC
Event: 754.196 Executing VM operation: ParallelGCSystemGC done
Event: 756.555 Executing VM operation: ParallelGCSystemGC
Event: 757.555 Executing VM operation: ParallelGCSystemGC done
Event: 759.912 Executing VM operation: ParallelGCSystemGC
Event: 760.332 Executing VM operation: ParallelGCSystemGC done
Event: 767.583 Executing VM operation: ParallelGCSystemGC
Event: 769.731 Executing VM operation: ParallelGCSystemGC done
Event: 783.313 Executing VM operation: ParallelGCSystemGC


Dynamic libraries:
82400000-87800000 rw-p 00000000 00:00 0
87800000-d6180000 ---p 00000000 00:00 0
d6180000-d8b80000 rw-p 00000000 00:00 0
d8b80000-100000000 ---p 00000000 00:00 0
100000000-1000c0000 rw-p 00000000 00:00 0
1000c0000-140000000 ---p 00000000 00:00 0
7f628c000000-7f628c021000 rw-p 00000000 00:00 0
7f628c021000-7f6290000000 ---p 00000000 00:00 0
7f6290000000-7f6290021000 rw-p 00000000 00:00 0
7f6290021000-7f6294000000 ---p 00000000 00:00 0
7f6294000000-7f6294021000 rw-p 00000000 00:00 0
7f6294021000-7f6298000000 ---p 00000000 00:00 0
7f6298000000-7f6298021000 rw-p 00000000 00:00 0
7f6298021000-7f629c000000 ---p 00000000 00:00 0
7f629c000000-7f629c021000 rw-p 00000000 00:00 0
7f629c021000-7f62a0000000 ---p 00000000 00:00 0
7f62a0000000-7f62a0021000 rw-p 00000000 00:00 0
7f62a0021000-7f62a4000000 ---p 00000000 00:00 0
7f62a4000000-7f62a4021000 rw-p 00000000 00:00 0
7f62a4021000-7f62a8000000 ---p 00000000 00:00 0
7f62a8000000-7f62a8021000 rw-p 00000000 00:00 0
7f62a8021000-7f62ac000000 ---p 00000000 00:00 0
7f62ac000000-7f62ac021000 rw-p 00000000 00:00 0
7f62ac021000-7f62b0000000 ---p 00000000 00:00 0
7f62b3460000-7f62b3666000 rw-p 00000000 00:00 0
7f62b3670000-7f62b3673000 ---p 00000000 00:00 0
7f62b3673000-7f62b3771000 rw-p 00000000 00:00 0
7f62b3780000-7f62b3783000 ---p 00000000 00:00 0
7f62b3783000-7f62b3881000 rw-p 00000000 00:00 0
7f62b3890000-7f62b3893000 ---p 00000000 00:00 0
7f62b3893000-7f62b3991000 rw-p 00000000 00:00 0
7f62b39a0000-7f62b39a3000 ---p 00000000 00:00 0
7f62b39a3000-7f62b3aa1000 rw-p 00000000 00:00 0
7f62b3ab0000-7f62b3ab3000 ---p 00000000 00:00 0
7f62b3ab3000-7f62b3bb1000 rw-p 00000000 00:00 0
7f62b3bc0000-7f62b3bc3000 ---p 00000000 00:00 0
7f62b3bc3000-7f62b3cc1000 rw-p 00000000 00:00 0
7f62b3cd0000-7f62b3cd3000 ---p 00000000 00:00 0
7f62b3cd3000-7f62b3dd1000 rw-p 00000000 00:00 0
7f62b3de0000-7f62b3de3000 ---p 00000000 00:00 0
7f62b3de3000-7f62b3ee1000 rw-p 00000000 00:00 0
7f62b3ef0000-7f62b3ef3000 ---p 00000000 00:00 0
7f62b3ef3000-7f62b3ff1000 rw-p 00000000 00:00 0
7f62b4000000-7f62b4021000 rw-p 00000000 00:00 0
7f62b4021000-7f62b8000000 ---p 00000000 00:00 0
7f62b8000000-7f62b802d000 rw-p 00000000 00:00 0
7f62b802d000-7f62bc000000 ---p 00000000 00:00 0
7f62bc000000-7f62bc021000 rw-p 00000000 00:00 0
7f62bc021000-7f62c0000000 ---p 00000000 00:00 0
7f62c0000000-7f62c0021000 rw-p 00000000 00:00 0
7f62c0021000-7f62c4000000 ---p 00000000 00:00 0
7f62c4000000-7f62c4021000 rw-p 00000000 00:00 0
7f62c4021000-7f62c8000000 ---p 00000000 00:00 0
7f62c8000000-7f62c8021000 rw-p 00000000 00:00 0
7f62c8021000-7f62cc000000 ---p 00000000 00:00 0
7f62cc000000-7f62ccb18000 rw-p 00000000 00:00 0
7f62ccb18000-7f62d0000000 ---p 00000000 00:00 0
7f62d0000000-7f62d0572000 rw-p 00000000 00:00 0
7f62d0572000-7f62d4000000 ---p 00000000 00:00 0
7f62d4000000-7f62d4021000 rw-p 00000000 00:00 0
7f62d4021000-7f62d8000000 ---p 00000000 00:00 0
7f62d8000000-7f62d9ed1000 rw-p 00000000 00:00 0
7f62d9ed1000-7f62dc000000 ---p 00000000 00:00 0
7f62dc000000-7f62dc021000 rw-p 00000000 00:00 0
7f62dc021000-7f62e0000000 ---p 00000000 00:00 0
7f62e0000000-7f62e0021000 rw-p 00000000 00:00 0
7f62e0021000-7f62e4000000 ---p 00000000 00:00 0
7f62e4000000-7f62e4021000 rw-p 00000000 00:00 0
7f62e4021000-7f62e8000000 ---p 00000000 00:00 0
7f62e8000000-7f62e8042000 rw-p 00000000 00:00 0
7f62e8042000-7f62ec000000 ---p 00000000 00:00 0
7f62ec000000-7f62ec021000 rw-p 00000000 00:00 0
7f62ec021000-7f62f0000000 ---p 00000000 00:00 0
7f62f0000000-7f62f0021000 rw-p 00000000 00:00 0
7f62f0021000-7f62f4000000 ---p 00000000 00:00 0
7f62f4000000-7f62f4021000 rw-p 00000000 00:00 0
7f62f4021000-7f62f8000000 ---p 00000000 00:00 0
7f62f80d0000-7f62f80d3000 ---p 00000000 00:00 0
7f62f80d3000-7f62f81d1000 rw-p 00000000 00:00 0
7f62f81e0000-7f62f81e3000 ---p 00000000 00:00 0
7f62f81e3000-7f62f82e1000 rw-p 00000000 00:00 0
7f62f82f0000-7f62f82f3000 ---p 00000000 00:00 0
7f62f82f3000-7f62f83f1000 rw-p 00000000 00:00 0
7f62f8400000-7f62f8403000 ---p 00000000 00:00 0
7f62f8403000-7f62f8501000 rw-p 00000000 00:00 0
7f62f8510000-7f62f8811000 rw-p 00000000 00:00 0
7f62f8820000-7f62f8837000 r-xp 00000000 00:00 213561             /usr/lib/jvm/java-8-openjdk-amd64/jre/lib/amd64/libnet.so
7f62f8837000-7f62f8838000 ---p 00017000 00:00 213561             /usr/lib/jvm/java-8-openjdk-amd64/jre/lib/amd64/libnet.so
7f62f8838000-7f62f8a36000 ---p 00000018 00:00 213561             /usr/lib/jvm/java-8-openjdk-amd64/jre/lib/amd64/libnet.so
7f62f8a36000-7f62f8a37000 r--p 00016000 00:00 213561             /usr/lib/jvm/java-8-openjdk-amd64/jre/lib/amd64/libnet.so
7f62f8a37000-7f62f8a38000 rw-p 00017000 00:00 213561             /usr/lib/jvm/java-8-openjdk-amd64/jre/lib/amd64/libnet.so
7f62f8a3a000-7f62f8a55000 r--s 001d6000 00:00 43386              /usr/lib/jvm/java-8-openjdk-amd64/jre/lib/ext/nashorn.jar
7f62f8a55000-7f62f8a70000 r--s 00394000 00:00 213588             /usr/lib/jvm/java-8-openjdk-amd64/jre/lib/ext/cldrdata.jar
7f62f8a70000-7f62f8a71000 ---p 00000000 00:00 0
7f62f8a71000-7f62f8b71000 rw-p 00000000 00:00 0
7f62f8b80000-7f62f8b83000 ---p 00000000 00:00 0
7f62f8b83000-7f62f8c81000 rw-p 00000000 00:00 0
7f62f8c90000-7f62f8c94000 ---p 00000000 00:00 0
7f62f8c94000-7f62f8d91000 rw-p 00000000 00:00 0
7f62f8da0000-7f62f8da4000 ---p 00000000 00:00 0
7f62f8da4000-7f62f8ea1000 rw-p 00000000 00:00 0
7f62f8eb0000-7f62f8eb4000 ---p 00000000 00:00 0
7f62f8eb4000-7f62f8fb1000 rw-p 00000000 00:00 0
7f62f8fc0000-7f62f8fc3000 ---p 00000000 00:00 0
7f62f8fc3000-7f62f90c1000 rw-p 00000000 00:00 0
7f62f90c1000-7f62f90f2000 r--p 00000000 00:00 1165083            /usr/lib/locale/C.UTF-8/LC_CTYPE
7f62f90f2000-7f62f9265000 r--p 00000000 00:00 1165082            /usr/lib/locale/C.UTF-8/LC_COLLATE
7f62f9265000-7f62f9400000 r--p 00000000 00:00 1165094            /usr/lib/locale/locale-archive
7f62f9400000-7f62f9403000 ---p 00000000 00:00 0
7f62f9403000-7f62f9501000 rw-p 00000000 00:00 0
7f62f9510000-7f62f9513000 ---p 00000000 00:00 0
7f62f9513000-7f62f9611000 rw-p 00000000 00:00 0
7f62f9620000-7f62f9621000 ---p 00000000 00:00 0
7f62f9621000-7f62f9721000 rw-p 00000000 00:00 0
7f62f9730000-7f62f9831000 rw-p 00000000 00:00 0
7f62f9840000-7f62f9941000 rw-p 00000000 00:00 0
7f62f9950000-7f62f9a51000 rw-p 00000000 00:00 0
7f62f9a60000-7f62f9b61000 rw-p 00000000 00:00 0
7f62f9b70000-7f62f9c71000 rw-p 00000000 00:00 0
7f62f9c80000-7f62f9ca1000 rw-p 00000000 00:00 0
7f62f9cb0000-7f62f9db1000 rw-p 00000000 00:00 0
7f62f9dc0000-7f62f9de1000 rw-p 00000000 00:00 0
7f62f9df0000-7f62f9ef1000 rw-p 00000000 00:00 0
7f62f9f00000-7f62f9f21000 rw-p 00000000 00:00 0
7f62f9f30000-7f62fa031000 rw-p 00000000 00:00 0
7f62fa040000-7f62fa061000 rw-p 00000000 00:00 0
7f62fa070000-7f62fa171000 rw-p 00000000 00:00 0
7f62fa180000-7f62fa281000 rw-p 00000000 00:00 0
7f62fa290000-7f62fa391000 rw-p 00000000 00:00 0
7f62fa3a0000-7f62fa4a1000 rw-p 00000000 00:00 0
7f62fa4b0000-7f62fa5b1000 rw-p 00000000 00:00 0
7f62fa5c0000-7f62fa6c1000 rw-p 00000000 00:00 0
7f62fa6d0000-7f62fa7d1000 rw-p 00000000 00:00 0
7f62fa7e0000-7f62fa82e000 rw-p 00000000 00:00 0
7f62fa831000-7f62faa00000 r--s 03c33000 00:00 213628             /usr/lib/jvm/java-8-openjdk-amd64/jre/lib/rt.jar
7f62faa00000-7f62faf80000 rw-p 00000000 00:00 0
7f62faf80000-7f62fb200000 ---p 00000000 00:00 0
7f62fb200000-7f62fb5ee000 rw-p 00000000 00:00 0
7f62fb5f0000-7f62ff4d0000 rw-p 00000000 00:00 0
7f62ff4d0000-7f62ff4d1000 ---p 00000000 00:00 0
7f62ff4d1000-7f62ff5d1000 rw-p 00000000 00:00 0
7f62ff5e0000-7f62ff5e1000 ---p 00000000 00:00 0
7f62ff5e1000-7f62ff6e1000 rw-p 00000000 00:00 0
7f62ff6f0000-7f62ff6f1000 ---p 00000000 00:00 0
7f62ff6f1000-7f62ff7f1000 rw-p 00000000 00:00 0
7f62ff800000-7f62ff801000 ---p 00000000 00:00 0
7f62ff801000-7f62ff901000 rw-p 00000000 00:00 0
7f62ff910000-7f62ff93a000 rw-p 00000000 00:00 0
7f62ff93a000-7f62ffbaf000 ---p 00000000 00:00 0
7f62ffbb0000-7f62ffbda000 rw-p 00000000 00:00 0
7f62ffbda000-7f62ffe4e000 ---p 00000000 00:00 0
7f62ffe4e000-7f62ffe64000 rw-p 00000000 00:00 0
7f62ffe64000-7f62fff9e000 ---p 00000000 00:00 0
7f62fff9e000-7f62fff9f000 rw-p 00000000 00:00 0
7f62fffa0000-7f62fffb2000 rw-p 00000000 00:00 0
7f62fffb2000-7f6300360000 ---p 00000000 00:00 0
7f6300360000-7f63007d0000 rwxp 00000000 00:00 0
7f63007d0000-7f630f360000 ---p 00000000 00:00 0
7f630f360000-7f630f368000 r-xp 00000000 00:00 213569             /usr/lib/jvm/java-8-openjdk-amd64/jre/lib/amd64/libzip.so
7f630f368000-7f630f369000 ---p 00008000 00:00 213569             /usr/lib/jvm/java-8-openjdk-amd64/jre/lib/amd64/libzip.so
7f630f369000-7f630f567000 ---p 00000009 00:00 213569             /usr/lib/jvm/java-8-openjdk-amd64/jre/lib/amd64/libzip.so
7f630f567000-7f630f568000 r--p 00007000 00:00 213569             /usr/lib/jvm/java-8-openjdk-amd64/jre/lib/amd64/libzip.so
7f630f568000-7f630f569000 rw-p 00008000 00:00 213569             /usr/lib/jvm/java-8-openjdk-amd64/jre/lib/amd64/libzip.so
7f630f570000-7f630f57b000 r-xp 00000000 00:00 1163848            /lib/x86_64-linux-gnu/libnss_files-2.27.so
7f630f57b000-7f630f57c000 ---p 0000b000 00:00 1163848            /lib/x86_64-linux-gnu/libnss_files-2.27.so
7f630f57c000-7f630f77a000 ---p 0000000c 00:00 1163848            /lib/x86_64-linux-gnu/libnss_files-2.27.so
7f630f77a000-7f630f77b000 r--p 0000a000 00:00 1163848            /lib/x86_64-linux-gnu/libnss_files-2.27.so
7f630f77b000-7f630f77c000 rw-p 0000b000 00:00 1163848            /lib/x86_64-linux-gnu/libnss_files-2.27.so
7f630f77c000-7f630f782000 rw-p 00000000 00:00 0
7f630f790000-7f630f7a7000 r-xp 00000000 00:00 1163842            /lib/x86_64-linux-gnu/libnsl-2.27.so
7f630f7a7000-7f630f7a8000 ---p 00017000 00:00 1163842            /lib/x86_64-linux-gnu/libnsl-2.27.so
7f630f7a8000-7f630f9a6000 ---p 00000018 00:00 1163842            /lib/x86_64-linux-gnu/libnsl-2.27.so
7f630f9a6000-7f630f9a7000 r--p 00016000 00:00 1163842            /lib/x86_64-linux-gnu/libnsl-2.27.so
7f630f9a7000-7f630f9a8000 rw-p 00017000 00:00 1163842            /lib/x86_64-linux-gnu/libnsl-2.27.so
7f630f9a8000-7f630f9aa000 rw-p 00000000 00:00 0
7f630f9b0000-7f630f9bb000 r-xp 00000000 00:00 1163852            /lib/x86_64-linux-gnu/libnss_nis-2.27.so
7f630f9bb000-7f630f9bc000 ---p 0000b000 00:00 1163852            /lib/x86_64-linux-gnu/libnss_nis-2.27.so
7f630f9bc000-7f630fbba000 ---p 0000000c 00:00 1163852            /lib/x86_64-linux-gnu/libnss_nis-2.27.so
7f630fbba000-7f630fbbb000 r--p 0000a000 00:00 1163852            /lib/x86_64-linux-gnu/libnss_nis-2.27.so
7f630fbbb000-7f630fbbc000 rw-p 0000b000 00:00 1163852            /lib/x86_64-linux-gnu/libnss_nis-2.27.so
7f630fbc0000-7f630fbc8000 r-xp 00000000 00:00 1163844            /lib/x86_64-linux-gnu/libnss_compat-2.27.so
7f630fbc8000-7f630fbca000 ---p 00008000 00:00 1163844            /lib/x86_64-linux-gnu/libnss_compat-2.27.so
7f630fbca000-7f630fdc8000 ---p 0000000a 00:00 1163844            /lib/x86_64-linux-gnu/libnss_compat-2.27.so
7f630fdc8000-7f630fdc9000 r--p 00008000 00:00 1163844            /lib/x86_64-linux-gnu/libnss_compat-2.27.so
7f630fdc9000-7f630fdca000 rw-p 00009000 00:00 1163844            /lib/x86_64-linux-gnu/libnss_compat-2.27.so
7f630fdd0000-7f630fdfe000 r-xp 00000000 00:00 213546             /usr/lib/jvm/java-8-openjdk-amd64/jre/lib/amd64/libjava.so
7f630fdfe000-7f630fe00000 ---p 0002e000 00:00 213546             /usr/lib/jvm/java-8-openjdk-amd64/jre/lib/amd64/libjava.so
7f630fe00000-7f630fffd000 ---p 00000030 00:00 213546             /usr/lib/jvm/java-8-openjdk-amd64/jre/lib/amd64/libjava.so
7f630fffd000-7f630fffe000 r--p 0002d000 00:00 213546             /usr/lib/jvm/java-8-openjdk-amd64/jre/lib/amd64/libjava.so
7f630fffe000-7f6310000000 rw-p 0002e000 00:00 213546             /usr/lib/jvm/java-8-openjdk-amd64/jre/lib/amd64/libjava.so
7f6310000000-7f63101c4000 rw-p 00000000 00:00 0
7f63101c4000-7f6314000000 ---p 00000000 00:00 0
7f6314010000-7f6314086000 rw-p 00000000 00:00 0
7f6314090000-7f63140a0000 r-xp 00000000 00:00 213568             /usr/lib/jvm/java-8-openjdk-amd64/jre/lib/amd64/libverify.so
7f63140a0000-7f63140a2000 ---p 00010000 00:00 213568             /usr/lib/jvm/java-8-openjdk-amd64/jre/lib/amd64/libverify.so
7f63140a2000-7f631429f000 ---p 00000012 00:00 213568             /usr/lib/jvm/java-8-openjdk-amd64/jre/lib/amd64/libverify.so
7f631429f000-7f63142a1000 r--p 0000f000 00:00 213568             /usr/lib/jvm/java-8-openjdk-amd64/jre/lib/amd64/libverify.so
7f63142a1000-7f63142a2000 rw-p 00011000 00:00 213568             /usr/lib/jvm/java-8-openjdk-amd64/jre/lib/amd64/libverify.so
7f63142b0000-7f63142b7000 r-xp 00000000 00:00 1163891            /lib/x86_64-linux-gnu/librt-2.27.so
7f63142b7000-7f63142b8000 ---p 00007000 00:00 1163891            /lib/x86_64-linux-gnu/librt-2.27.so
7f63142b8000-7f63144b6000 ---p 00000008 00:00 1163891            /lib/x86_64-linux-gnu/librt-2.27.so
7f63144b6000-7f63144b7000 r--p 00006000 00:00 1163891            /lib/x86_64-linux-gnu/librt-2.27.so
7f63144b7000-7f63144b8000 rw-p 00007000 00:00 1163891            /lib/x86_64-linux-gnu/librt-2.27.so
7f63144c0000-7f63144d7000 r-xp 00000000 00:00 1195636            /lib/x86_64-linux-gnu/libgcc_s.so.1
7f63144d7000-7f63144d8000 ---p 00017000 00:00 1195636            /lib/x86_64-linux-gnu/libgcc_s.so.1
7f63144d8000-7f63146d6000 ---p 00000018 00:00 1195636            /lib/x86_64-linux-gnu/libgcc_s.so.1
7f63146d6000-7f63146d7000 r--p 00016000 00:00 1195636            /lib/x86_64-linux-gnu/libgcc_s.so.1
7f63146d7000-7f63146d8000 rw-p 00017000 00:00 1195636            /lib/x86_64-linux-gnu/libgcc_s.so.1
7f63146e0000-7f631487d000 r-xp 00000000 00:00 1163825            /lib/x86_64-linux-gnu/libm-2.27.so
7f631487d000-7f6314880000 ---p 0019d000 00:00 1163825            /lib/x86_64-linux-gnu/libm-2.27.so
7f6314880000-7f6314a7c000 ---p 000001a0 00:00 1163825            /lib/x86_64-linux-gnu/libm-2.27.so
7f6314a7c000-7f6314a7d000 r--p 0019c000 00:00 1163825            /lib/x86_64-linux-gnu/libm-2.27.so
7f6314a7d000-7f6314a7e000 rw-p 0019d000 00:00 1163825            /lib/x86_64-linux-gnu/libm-2.27.so
7f6314a80000-7f6314bf9000 r-xp 00000000 00:00 1252565            /usr/lib/x86_64-linux-gnu/libstdc++.so.6.0.25
7f6314bf9000-7f6314c06000 ---p 00179000 00:00 1252565            /usr/lib/x86_64-linux-gnu/libstdc++.so.6.0.25
7f6314c06000-7f6314df9000 ---p 00000186 00:00 1252565            /usr/lib/x86_64-linux-gnu/libstdc++.so.6.0.25
7f6314df9000-7f6314e03000 r--p 00179000 00:00 1252565            /usr/lib/x86_64-linux-gnu/libstdc++.so.6.0.25
7f6314e03000-7f6314e05000 rw-p 00183000 00:00 1252565            /usr/lib/x86_64-linux-gnu/libstdc++.so.6.0.25
7f6314e05000-7f6314e09000 rw-p 00000000 00:00 0
7f6314e10000-7f6315aaa000 r-xp 00000000 00:00 213574             /usr/lib/jvm/java-8-openjdk-amd64/jre/lib/amd64/server/libjvm.so
7f6315aaa000-7f6315b74000 ---p 00c9a000 00:00 213574             /usr/lib/jvm/java-8-openjdk-amd64/jre/lib/amd64/server/libjvm.so
7f6315b74000-7f6315ca9000 ---p 00000d64 00:00 213574             /usr/lib/jvm/java-8-openjdk-amd64/jre/lib/amd64/server/libjvm.so
7f6315ca9000-7f6315d3d000 r--p 00c99000 00:00 213574             /usr/lib/jvm/java-8-openjdk-amd64/jre/lib/amd64/server/libjvm.so
7f6315d3d000-7f6315d66000 rw-p 00d2d000 00:00 213574             /usr/lib/jvm/java-8-openjdk-amd64/jre/lib/amd64/server/libjvm.so
7f6315d66000-7f6315d96000 rw-p 00000000 00:00 0
7f6315da0000-7f6315dba000 r-xp 00000000 00:00 1163883            /lib/x86_64-linux-gnu/libpthread-2.27.so
7f6315dba000-7f6315dc4000 ---p 0001a000 00:00 1163883            /lib/x86_64-linux-gnu/libpthread-2.27.so
7f6315dc4000-7f6315fb9000 ---p 00000024 00:00 1163883            /lib/x86_64-linux-gnu/libpthread-2.27.so
7f6315fb9000-7f6315fba000 r--p 00019000 00:00 1163883            /lib/x86_64-linux-gnu/libpthread-2.27.so
7f6315fba000-7f6315fbb000 rw-p 0001a000 00:00 1163883            /lib/x86_64-linux-gnu/libpthread-2.27.so
7f6315fbb000-7f6315fbf000 rw-p 00000000 00:00 0
7f6315fc0000-7f6315fc3000 r-xp 00000000 00:00 1163697            /lib/x86_64-linux-gnu/libdl-2.27.so
7f6315fc3000-7f6315fc4000 ---p 00003000 00:00 1163697            /lib/x86_64-linux-gnu/libdl-2.27.so
7f6315fc4000-7f63161c2000 ---p 00000004 00:00 1163697            /lib/x86_64-linux-gnu/libdl-2.27.so
7f63161c2000-7f63161c3000 r--p 00002000 00:00 1163697            /lib/x86_64-linux-gnu/libdl-2.27.so
7f63161c3000-7f63161c4000 rw-p 00003000 00:00 1163697            /lib/x86_64-linux-gnu/libdl-2.27.so
7f63161d0000-7f63161ec000 r-xp 00000000 00:00 1163923            /lib/x86_64-linux-gnu/libz.so.1.2.11
7f63161ec000-7f63161ed000 ---p 0001c000 00:00 1163923            /lib/x86_64-linux-gnu/libz.so.1.2.11
7f63161ed000-7f63163eb000 ---p 0000001d 00:00 1163923            /lib/x86_64-linux-gnu/libz.so.1.2.11
7f63163eb000-7f63163ec000 r--p 0001b000 00:00 1163923            /lib/x86_64-linux-gnu/libz.so.1.2.11
7f63163ec000-7f63163ed000 rw-p 0001c000 00:00 1163923            /lib/x86_64-linux-gnu/libz.so.1.2.11
7f63163f0000-7f63165d7000 r-xp 00000000 00:00 1163633            /lib/x86_64-linux-gnu/libc-2.27.so
7f63165d7000-7f63165e0000 ---p 001e7000 00:00 1163633            /lib/x86_64-linux-gnu/libc-2.27.so
7f63165e0000-7f63167d7000 ---p 000001f0 00:00 1163633            /lib/x86_64-linux-gnu/libc-2.27.so
7f63167d7000-7f63167db000 r--p 001e7000 00:00 1163633            /lib/x86_64-linux-gnu/libc-2.27.so
7f63167db000-7f63167dd000 rw-p 001eb000 00:00 1163633            /lib/x86_64-linux-gnu/libc-2.27.so
7f63167dd000-7f63167e1000 rw-p 00000000 00:00 0
7f63167f0000-7f63167fe000 r-xp 00000000 00:00 213532             /usr/lib/jvm/java-8-openjdk-amd64/jre/lib/amd64/jli/libjli.so
7f63167fe000-7f63167ff000 ---p 0000e000 00:00 213532             /usr/lib/jvm/java-8-openjdk-amd64/jre/lib/amd64/jli/libjli.so
7f63167ff000-7f63169fd000 ---p 0000000f 00:00 213532             /usr/lib/jvm/java-8-openjdk-amd64/jre/lib/amd64/jli/libjli.so
7f63169fd000-7f63169fe000 r--p 0000d000 00:00 213532             /usr/lib/jvm/java-8-openjdk-amd64/jre/lib/amd64/jli/libjli.so
7f63169fe000-7f63169ff000 rw-p 0000e000 00:00 213532             /usr/lib/jvm/java-8-openjdk-amd64/jre/lib/amd64/jli/libjli.so
7f6316a00000-7f6316a26000 r-xp 00000000 00:00 1163578            /lib/x86_64-linux-gnu/ld-2.27.so
7f6316a26000-7f6316a27000 r-xp 00026000 00:00 1163578            /lib/x86_64-linux-gnu/ld-2.27.so
7f6316a30000-7f6316a51000 rw-p 00000000 00:00 0
7f6316a60000-7f6316abb000 rw-p 00000000 00:00 0
7f6316abb000-7f6316ac0000 r--s 000a0000 00:00 213618             /usr/lib/jvm/java-8-openjdk-amd64/jre/lib/jsse.jar
7f6316ac0000-7f6316ae8000 rw-p 00000000 00:00 0
7f6316aea000-7f6316af0000 r--s 0004e000 00:00 614318             /mnt/c/Users/ksank/akka-resources/src/libs/salsa1.1.5.jar
7f6316af0000-7f6316b18000 rw-p 00000000 00:00 0
7f6316b1a000-7f6316b20000 r--s 0002b000 00:00 155396             /mnt/c/Users/ksank/akka-resources/src/libs/kotlin-runtime-1.2.20-dev-331.jar
7f6316b20000-7f6316b24000 ---p 00000000 00:00 0
7f6316b24000-7f6316c21000 rw-p 00000000 00:00 0
7f6316c24000-7f6316c27000 r--s 00038000 00:00 213598             /usr/lib/jvm/java-8-openjdk-amd64/jre/lib/ext/sunpkcs11.jar
7f6316c27000-7f6316c28000 r--p 00027000 00:00 1163578            /lib/x86_64-linux-gnu/ld-2.27.so
7f6316c28000-7f6316c29000 rw-p 00028000 00:00 1163578            /lib/x86_64-linux-gnu/ld-2.27.so
7f6316c29000-7f6316c2a000 rw-p 00000000 00:00 0
7f6316c2a000-7f6316c30000 r--s 0003b000 00:00 213596             /usr/lib/jvm/java-8-openjdk-amd64/jre/lib/ext/sunjce_provider.jar
7f6316c30000-7f6316c31000 rw-p 00000000 00:00 0
7f6316c32000-7f6316c34000 r--s 00008000 00:00 213595             /usr/lib/jvm/java-8-openjdk-amd64/jre/lib/ext/sunec.jar
7f6316c34000-7f6316c3e000 r--s 00116000 00:00 39595              /usr/lib/jvm/java-8-openjdk-amd64/jre/lib/ext/localedata.jar
7f6316c3e000-7f6316c40000 r--s 00007000 00:00 215852             /usr/share/java/java-atk-wrapper.jar
7f6316c40000-7f6316c41000 r--p 00000000 00:00 0
7f6316c41000-7f6316c42000 r--s 00010000 00:00 213599             /usr/lib/jvm/java-8-openjdk-amd64/jre/lib/ext/zipfs.jar
7f6316c42000-7f6316c43000 r--s 0000a000 00:00 213591             /usr/lib/jvm/java-8-openjdk-amd64/jre/lib/ext/jaccess.jar
7f6316c43000-7f6316c46000 r--s 0000f000 00:00 213590             /usr/lib/jvm/java-8-openjdk-amd64/jre/lib/ext/icedtea-sound.jar
7f6316c46000-7f6316c48000 r--s 00001000 00:00 213589             /usr/lib/jvm/java-8-openjdk-amd64/jre/lib/ext/dnsns.jar
7f6316c48000-7f6316c49000 r--p 00000000 00:00 1165090            /usr/lib/locale/C.UTF-8/LC_NUMERIC
7f6316c49000-7f6316c50000 r--s 00000000 00:00 1170996            /usr/lib/x86_64-linux-gnu/gconv/gconv-modules.cache
7f6316c50000-7f6316c52000 rw-p 00000000 00:00 0
7f6316c52000-7f6316c53000 r--p 00000000 00:00 1165093            /usr/lib/locale/C.UTF-8/LC_TIME
7f6316c53000-7f6316c54000 r--p 00000000 00:00 1165088            /usr/lib/locale/C.UTF-8/LC_MONETARY
7f6316c54000-7f6316c55000 r--p 00000000 00:00 1165087            /usr/lib/locale/C.UTF-8/LC_MESSAGES/SYS_LC_MESSAGES
7f6316c55000-7f6316c56000 r--p 00000000 00:00 1165091            /usr/lib/locale/C.UTF-8/LC_PAPER
7f6316c56000-7f6316c57000 r--p 00000000 00:00 1165089            /usr/lib/locale/C.UTF-8/LC_NAME
7f6316c57000-7f6316c58000 r--p 00000000 00:00 1165081            /usr/lib/locale/C.UTF-8/LC_ADDRESS
7f6316c58000-7f6316c60000 rw-s 00000000 00:00 1870018            /tmp/hsperfdata_rohankasi/25262
7f6316c60000-7f6316c62000 rw-p 00000000 00:00 0
7f6316c62000-7f6316c63000 r--p 00000000 00:00 1165092            /usr/lib/locale/C.UTF-8/LC_TELEPHONE
7f6316c63000-7f6316c64000 r--p 00000000 00:00 1165085            /usr/lib/locale/C.UTF-8/LC_MEASUREMENT
7f6316c64000-7f6316c65000 r--p 00000000 00:00 1165084            /usr/lib/locale/C.UTF-8/LC_IDENTIFICATION
7f6316e00000-7f6316e01000 r-xp 00000000 00:00 213513             /usr/lib/jvm/java-8-openjdk-amd64/jre/bin/java
7f6317000000-7f6317001000 r--p 00000000 00:00 213513             /usr/lib/jvm/java-8-openjdk-amd64/jre/bin/java
7f6317001000-7f6317002000 rw-p 00001000 00:00 213513             /usr/lib/jvm/java-8-openjdk-amd64/jre/bin/java
7fffe2db7000-7fffe2dd8000 rw-p 00000000 00:00 0                  [heap]
7fffea7fd000-7fffeaffd000 rw-p 00000000 00:00 0                  [stack]
7fffeb068000-7fffeb069000 r-xp 00000000 00:00 0                  [vdso]

VM Arguments:
jvm_args: -Duan=uan://localhost:3030/id60 
java_command: examples.chat.SpeakerKtKt uan://localhost:3030/id1 uan://localhost:3030/id60
java_class_path (initial): .:./libs/kotlin-runtime-1.2.20-dev-331.jar:./libs/salsa1.1.5.jar
Launcher Type: SUN_STANDARD

Environment Variables:
PATH=/home/rohankasi/.local/bin:/home/rohankasi/.sdkman/candidates/kotlin/current/bin:/opt/maven/bin:/usr/local/sbin:/usr/local/bin:/usr/sbin:/usr/bin:/sbin:/bin:/usr/games:/usr/local/games:/mnt/c/Program Files/WindowsApps/CanonicalGroupLimited.UbuntuonWindows_1804.2019.521.0_x64__79rhkp1fndgsc:/mnt/c/ProgramData/DockerDesktop/version-bin:/mnt/c/Program Files/Docker/Docker/resources/bin:/mnt/c/Python34:/mnt/c/Python34/Scripts:/mnt/c/Program Files/Haskell Platform/8.0.1/lib/extralibs/bin:/mnt/c/Program Files/Haskell Platform/8.0.1/bin:/mnt/c/Program Files (x86)/Intel/iCLS Client:/mnt/c/Program Files/Intel/iCLS Client:/mnt/c/Windows/System32:/mnt/c/Windows:/mnt/c/Windows/System32/wbem:/mnt/c/Windows/System32/WindowsPowerShell/v1.0:/mnt/c/Program Files (x86)/Intel/Intel(R) Management Engine Components/DAL:/mnt/c/Program Files/Intel/Intel(R) Management Engine Components/DAL:/mnt/c/Program Files (x86)/Intel/Intel(R) Management Engine Components/IPT:/mnt/c/Program Files/Intel/Intel(R) Management Engine Components/IPT:/mnt/c/Program Files/Haskell Platform/8.0.1/mingw/bin:/mnt/c/Program Files (x86)/GtkSharp/2.12/bin:/mnt/c/Program Files/Git/cmd:/mnt/c/Program Files/PuTTY:/mnt/c/Program Files/doxygen/bin:/mnt/c/Program Files/cURL/bin:/mnt/c/Program Files/nodejs:/mnt/c/Windows/System32/OpenSSH:/mnt/c/Program Files/Microsoft Windows Performance Toolkit:/mnt/c/TDM-GCC-64/bin:/mnt/c/Program Files/Intel/WiFi/bin:/mnt/c/Program Files/Common Files/Intel/WirelessCommon:/mnt/c/Users/ksank/AppData/Roaming/local/bin:/mnt/c/Users/ksank/AppData/Local/Microsoft/WindowsApps:/mnt/c/Users/ksank/Downloads/svm_light:/mnt/c/Program Files (x86)/Java/jdk1.8.0_144/bin:/mnt/c/Users/ksank/AppData/Local/.meteor:/mnt/c/Users/ksank/AppData/Roaming/npm:/mnt/c/MinGW/bin:/mnt/c/Users/ksank/AppData/Local/atom/bin:/snap/bin
SHELL=/bin/bash
HOSTTYPE=x86_64

Signal Handlers:
SIGSEGV: [libjvm.so+0xab2ea0], sa_mask[0]=11111111111111111111111111111110, sa_flags=SA_RESTART|SA_SIGINFO
SIGBUS: [libjvm.so+0xab2ea0], sa_mask[0]=11111111111111111111111111111110, sa_flags=SA_RESTART|SA_SIGINFO
SIGFPE: [libjvm.so+0x8e87b0], sa_mask[0]=11111111111111111111111111111110, sa_flags=SA_RESTART|SA_SIGINFO
SIGPIPE: [libjvm.so+0x8e87b0], sa_mask[0]=11111111111111111111111111111110, sa_flags=SA_RESTART|SA_SIGINFO
SIGXFSZ: [libjvm.so+0x8e87b0], sa_mask[0]=11111111111111111111111111111110, sa_flags=SA_RESTART|SA_SIGINFO
SIGILL: [libjvm.so+0x8e87b0], sa_mask[0]=11111111111111111111111111111110, sa_flags=SA_RESTART|SA_SIGINFO
SIGUSR1: SIG_DFL, sa_mask[0]=00000000000000000000000000000000, sa_flags=none
SIGUSR2: [libjvm.so+0x8e8660], sa_mask[0]=00000000000000000000000000000000, sa_flags=SA_RESTART|SA_SIGINFO
SIGHUP: [libjvm.so+0x8e8cd0], sa_mask[0]=11111111111111111111111111111110, sa_flags=SA_RESTART|SA_SIGINFO
SIGINT: SIG_IGN, sa_mask[0]=00000000000000000000000000000000, sa_flags=none
SIGTERM: [libjvm.so+0x8e8cd0], sa_mask[0]=11111111111111111111111111111110, sa_flags=SA_RESTART|SA_SIGINFO
SIGQUIT: [libjvm.so+0x8e8cd0], sa_mask[0]=11111111111111111111111111111110, sa_flags=SA_RESTART|SA_SIGINFO


---------------  S Y S T E M  ---------------

OS:DISTRIB_ID=Ubuntu
DISTRIB_RELEASE=18.04
DISTRIB_CODENAME=bionic
DISTRIB_DESCRIPTION="Ubuntu 18.04.1 LTS"

uname:Linux 4.4.0-17134-Microsoft #706-Microsoft Mon Apr 01 18:13:00 PST 2019 x86_64
libc:glibc 2.27 NPTL 2.27 
rlimit: STACK 8192k, CORE 0k, NPROC 7823, NOFILE 65536, AS infinity
load average:0.52 0.58 0.59

/proc/meminfo:
MemTotal:        8233460 kB
MemFree:          241800 kB
Buffers:           34032 kB
Cached:           188576 kB
SwapCached:            0 kB
Active:           167556 kB
Inactive:         157876 kB
Active(anon):     103104 kB
Inactive(anon):    17440 kB
Active(file):      64452 kB
Inactive(file):   140436 kB
Unevictable:           0 kB
Mlocked:               0 kB
SwapTotal:      15465852 kB
SwapFree:       11964412 kB
Dirty:                 0 kB
Writeback:             0 kB
AnonPages:        102824 kB
Mapped:            71404 kB
Shmem:             17720 kB
Slab:              13868 kB
SReclaimable:       6744 kB
SUnreclaim:         7124 kB
KernelStack:        2848 kB
PageTables:         2524 kB
NFS_Unstable:          0 kB
Bounce:                0 kB
WritebackTmp:          0 kB
CommitLimit:      515524 kB
Committed_AS:    3450064 kB
VmallocTotal:     122880 kB
VmallocUsed:       21296 kB
VmallocChunk:      66044 kB
HardwareCorrupted:     0 kB
AnonHugePages:      2048 kB
HugePages_Total:       0
HugePages_Free:        0
HugePages_Rsvd:        0
HugePages_Surp:        0
Hugepagesize:       2048 kB
DirectMap4k:       12280 kB
DirectMap4M:      897024 kB


CPU:total 4 (initial active 4) (2 cores per cpu, 2 threads per core) family 6 model 78 stepping 3, cmov, cx8, fxsr, mmx, sse, sse2, sse3, ssse3, sse4.1, sse4.2, popcnt, avx, avx2, aes, clmul, erms, 3dnowpref, lzcnt, ht, tsc, tscinvbit, bmi1, bmi2, adx

/proc/cpuinfo:
processor	: 0
vendor_id	: GenuineIntel
cpu family	: 6
model		: 78
model name	: Intel(R) Core(TM) i5-6200U CPU @ 2.30GHz
stepping	: 3
microcode	: 0xffffffff
cpu MHz		: 2400.000
cache size	: 256 KB
physical id	: 0
siblings	: 4
core id		: 0
cpu cores	: 2
apicid		: 0
initial apicid	: 0
fpu		: yes
fpu_exception	: yes
cpuid level	: 6
wp		: yes
flags		: fpu vme de pse tsc msr pae mce cx8 apic sep mtrr pge mca cmov pat pse36 clflush dts acpi mmx fxsr sse sse2 ss ht tm pbe syscall nx pdpe1gb rdtscp lm pni pclmulqdq est tm2 ssse3 fma cx16 xtpr pdcm pcid sse4_1 sse4_2 movbe popcnt aes xsave osxsave avx f16c rdrand hypervisor
bogomips	: 4800.00
clflush size	: 64
cache_alignment	: 64
address sizes	: 36 bits physical, 48 bits virtual
power management:

processor	: 1
vendor_id	: GenuineIntel
cpu family	: 6
model		: 78
model name	: Intel(R) Core(TM) i5-6200U CPU @ 2.30GHz
stepping	: 3
microcode	: 0xffffffff
cpu MHz		: 2400.000
cache size	: 256 KB
physical id	: 0
siblings	: 4
core id		: 0
cpu cores	: 2
apicid		: 0
initial apicid	: 0
fpu		: yes
fpu_exception	: yes
cpuid level	: 6
wp		: yes
flags		: fpu vme de pse tsc msr pae mce cx8 apic sep mtrr pge mca cmov pat pse36 clflush dts acpi mmx fxsr sse sse2 ss ht tm pbe syscall nx pdpe1gb rdtscp lm pni pclmulqdq est tm2 ssse3 fma cx16 xtpr pdcm pcid sse4_1 sse4_2 movbe popcnt aes xsave osxsave avx f16c rdrand hypervisor
bogomips	: 4800.00
clflush size	: 64
cache_alignment	: 64
address sizes	: 36 bits physical, 48 bits virtual
power management:

processor	: 2
vendor_id	: GenuineIntel
cpu family	: 6
model		: 78
model name	: Intel(R) Core(TM) i5-6200U CPU @ 2.30GHz
stepping	: 3
microcode	: 0xffffffff
cpu MHz		: 2400.000
cache size	: 256 KB
physical id	: 0
siblings	: 4
core id		: 1
cpu cores	: 2
apicid		: 0
initial apicid	: 0
fpu		: yes
fpu_exception	: yes
cpuid level	: 6
wp		: yes
flags		: fpu vme de pse tsc msr pae mce cx8 apic sep mtrr pge mca cmov pat pse36 clflush dts acpi mmx fxsr sse sse2 ss ht tm pbe syscall nx pdpe1gb rdtscp lm pni pclmulqdq est tm2 ssse3 fma cx16 xtpr pdcm pcid sse4_1 sse4_2 movbe popcnt aes xsave osxsave avx f16c rdrand hypervisor
bogomips	: 4800.00
clflush size	: 64
cache_alignment	: 64
address sizes	: 36 bits physical, 48 bits virtual
power management:

processor	: 3
vendor_id	: GenuineIntel
cpu family	: 6
model		: 78
model name	: Intel(R) Core(TM) i5-6200U CPU @ 2.30GHz
stepping	: 3
microcode	: 0xffffffff
cpu MHz		: 2400.000
cache size	: 256 KB
physical id	: 0
siblings	: 4
core id		: 1
cpu cores	: 2
apicid		: 0
initial apicid	: 0
fpu		: yes
fpu_exception	: yes
cpuid level	: 6
wp		: yes
flags		: fpu vme de pse tsc msr pae mce cx8 apic sep mtrr pge mca cmov pat pse36 clflush dts acpi mmx fxsr sse sse2 ss ht tm pbe syscall nx pdpe1gb rdtscp lm pni pclmulqdq est tm2 ssse3 fma cx16 xtpr pdcm pcid sse4_1 sse4_2 movbe popcnt aes xsave osxsave avx f16c rdrand hypervisor
bogomips	: 4800.00
clflush size	: 64
cache_alignment	: 64
address sizes	: 36 bits physical, 48 bits virtual
power management:



Memory: 4k page, physical 8233460k(241824k free), swap 15465852k(11964412k free)

vm_info: OpenJDK 64-Bit Server VM (25.191-b12) for linux-amd64 JRE (1.8.0_191-8u191-b12-2ubuntu0.18.04.1-b12), built on Jan 14 2019 21:02:00 by "buildd" with gcc 7.3.0

time: Wed Nov 13 12:44:10 2019
elapsed time: 808 seconds (0d 0h 13m 28s)

