#
# A fatal error has been detected by the Java Runtime Environment:
#
#  SIGSEGV (0xb) at pc=0x00007fc1d597ef2d, pid=30690, tid=0x00007fc1b8370700
#
# JRE version: OpenJDK Runtime Environment (8.0_191-b12) (build 1.8.0_191-8u191-b12-2ubuntu0.18.04.1-b12)
# Java VM: OpenJDK 64-Bit Server VM (25.191-b12 mixed mode linux-amd64 compressed oops)
# Problematic frame:
# C  [libc.so.6+0x18ef2d]
#
# Failed to write core dump. Core dumps have been disabled. To enable core dumping, try "ulimit -c unlimited" before starting Java again
#
# If you would like to submit a bug report, please visit:
#   http://bugreport.java.com/bugreport/crash.jsp
#

---------------  T H R E A D  ---------------

Current thread (0x00007fc1cc0be800):  JavaThread "C2 CompilerThread1" daemon [_thread_in_native, id=31461, stack(0x00007fc1b8271000,0x00007fc1b8371000)]

siginfo: si_signo: 11 (SIGSEGV), si_code: 2 (SEGV_ACCERR), si_addr: 0x00007fc18d387000

Registers:
RAX=0x0000000000000000, RBX=0x0000000000004b4f, RCX=0x0000000000012320, RDX=0x00007fc18d359340
RSP=0x00007fc1b836c828, RBP=0x00007fc1b836c890, RSI=0x0000000000000000, RDI=0x00007fc18d387000
R8 =0x0000000000000000, R9 =0x00007fc18d359320, R10=0xfffffffffffff000, R11=0x000000000135a000
R12=0x0000000000000000, R13=0x00007fc1b836d610, R14=0x00007fc18ceb2ca8, R15=0x00007fc18ceb2ca8
RIP=0x00007fc1d597ef2d, EFLAGS=0x0000000000010202, CSGSFS=0x00000053002b0033, ERR=0x0000000000000000
  TRAPNO=0x0000000000000000

Top of Stack: (sp=0x00007fc1b836c828)
0x00007fc1b836c828:   00007fc1d4a4a5ee 0000000000000001
0x00007fc1b836c838:   00047fc18d0d3f30 00007fc18cf3f2a0
0x00007fc1b836c848:   00007fc1b836c8d0 00007fc18d0d47d0
0x00007fc1b836c858:   a44357f0a1f63700 00007fc19894d090
0x00007fc1b836c868:   00007fc1b836d610 00007fc18d0d3f30
0x00007fc1b836c878:   00007fc1b836d610 00007fc18cf3f2a0
0x00007fc1b836c888:   0000000000000000 00007fc1b836c910
0x00007fc1b836c898:   00007fc1d4a4aa5c 000000000000a7b0
0x00007fc1b836c8a8:   00007fc1b836df98 00007fc18d0daf08
0x00007fc1b836c8b8:   00007fc18d0d2f20 00007fc18d0d3f30
0x00007fc1b836c8c8:   00007fc1d4a4e179 0000000000000001
0x00007fc1b836c8d8:   a44357f0a1f63700 00007fc1b836c910
0x00007fc1b836c8e8:   00007fc18cf3f2a0 00007fc18ceb2360
0x00007fc1b836c8f8:   00007fc1b836d610 0000000000000000
0x00007fc1b836c908:   00007fc19894bcd0 00007fc1b836c9a0
0x00007fc1b836c918:   00007fc1d4a4e94c 0000000100000001
0x00007fc1b836c928:   00007fc1d44ccbcc 00007fc100000000
0x00007fc1b836c938:   00007fc1b836c940 00007fc18d27e870
0x00007fc1b836c948:   00007fc18d359300 00007fc18d27cd40
0x00007fc1b836c958:   00007fc1cc01dc20 00007fc1b836f0b8
0x00007fc1b836c968:   a44357f0a1f63700 00007fc1b836eef0
0x00007fc1b836c978:   0000000000003717 00007fc1b836f0b8
0x00007fc1b836c988:   00007fc1b836d610 00007fc1b836eef0
0x00007fc1b836c998:   00007fc1b836eef0 00007fc1b836ca40
0x00007fc1b836c9a8:   00007fc1d4a508a1 00007fc1cc01dc20
0x00007fc1b836c9b8:   00007fc1b836eef0 00007fc19828d0c0
0x00007fc1b836c9c8:   00007fc1d5164988 00007fc18d0c2788
0x00007fc1b836c9d8:   0000000000000000 0000000000000000
0x00007fc1b836c9e8:   0000000000000000 0000000000000000
0x00007fc1b836c9f8:   0000000000000004 0000000000000000
0x00007fc1b836ca08:   a44357f0a1f63700 00007fc1b836ca40
0x00007fc1b836ca18:   00007fc1b836d610 00007fc1b836cb40 

Instructions: (pc=0x00007fc1d597ef2d)
0x00007fc1d597ef0d:   fe 7f 44 17 e0 c5 fe 7f 07 c5 f8 77 c3 66 0f 1f
0x00007fc1d597ef1d:   44 00 00 c5 f8 77 48 89 d1 40 0f b6 c6 48 89 fa
0x00007fc1d597ef2d:   f3 aa 48 89 d0 c3 0f 1f 00 66 2e 0f 1f 84 00 00
0x00007fc1d597ef3d:   00 00 00 48 39 d1 0f 82 b7 3a fa ff 0f 1f 80 00 

Register to memory mapping:

RAX=0x0000000000000000 is an unknown value
RBX=0x0000000000004b4f is an unknown value
RCX=0x0000000000012320 is an unknown value
RDX=0x00007fc18d359340 is an unknown value
RSP=0x00007fc1b836c828 is pointing into the stack for thread: 0x00007fc1cc0be800
RBP=0x00007fc1b836c890 is pointing into the stack for thread: 0x00007fc1cc0be800
RSI=0x0000000000000000 is an unknown value
RDI=0x00007fc18d387000 is an unknown value
R8 =0x0000000000000000 is an unknown value
R9 =0x00007fc18d359320 is an unknown value
R10=0xfffffffffffff000 is an unknown value
R11=0x000000000135a000 is an unknown value
R12=0x0000000000000000 is an unknown value
R13=0x00007fc1b836d610 is pointing into the stack for thread: 0x00007fc1cc0be800
R14=0x00007fc18ceb2ca8 is an unknown value
R15=0x00007fc18ceb2ca8 is an unknown value


Stack: [0x00007fc1b8271000,0x00007fc1b8371000],  sp=0x00007fc1b836c828,  free space=1006k
Native frames: (J=compiled Java code, j=interpreted, Vv=VM code, C=native code)
C  [libc.so.6+0x18ef2d]
V  [libjvm.so+0x83aa5c]
V  [libjvm.so+0x83e94c]
V  [libjvm.so+0x8408a1]
V  [libjvm.so+0x47832d]
V  [libjvm.so+0x47948b]
V  [libjvm.so+0x3c08da]
V  [libjvm.so+0x48487b]
V  [libjvm.so+0x486b58]
V  [libjvm.so+0xa4fd93]
V  [libjvm.so+0xa501c2]
V  [libjvm.so+0x8ea992]
C  [libpthread.so.0+0x76db]  start_thread+0xdb


Current CompileTask:
C2:1005651 1031   !   4       gc.WeakReference::send (199 bytes)


---------------  P R O C E S S  ---------------

Java Threads: ( => current thread )
  0x00007fc14c002000 JavaThread "Thread-11" [_thread_blocked, id=1320, stack(0x00007fc18b140000,0x00007fc18b241000)]
  0x00007fc180005000 JavaThread "Handler Loop 3" [_thread_in_native, id=1316, stack(0x00007fc18ad00000,0x00007fc18ae01000)]
  0x00007fc18000d000 JavaThread "gc.serverGC.GCAgent$State" [_thread_blocked, id=32597, stack(0x00007fc18af20000,0x00007fc18b021000)]
  0x00007fc180003000 JavaThread "wwc.messaging.WWCSystem$State" [_thread_blocked, id=32595, stack(0x00007fc18b030000,0x00007fc18b131000)]
  0x00007fc1cc00b000 JavaThread "DestroyJavaVM" [_thread_blocked, id=30838, stack(0x00007fc1d6071000,0x00007fc1d6171000)]
  0x00007fc16c007800 JavaThread "wwc.resources.StandardInput$State" [_thread_blocked, id=32121, stack(0x00007fc18b250000,0x00007fc18b351000)]
  0x00007fc16c005800 JavaThread "wwc.resources.StandardError$State" [_thread_blocked, id=32106, stack(0x00007fc18b360000,0x00007fc18b461000)]
  0x00007fc16c001800 JavaThread "wwc.resources.StandardOutput$State" [_thread_blocked, id=32092, stack(0x00007fc18b470000,0x00007fc18b571000)]
  0x00007fc1cc184000 JavaThread "examples.chat.Speaker$State" [_thread_blocked, id=32034, stack(0x00007fc18b580000,0x00007fc18b681000)]
  0x00007fc1cc182800 JavaThread "RunTime Exit Thead" daemon [_thread_blocked, id=32022, stack(0x00007fc18b690000,0x00007fc18b791000)]
  0x00007fc1cc16f800 JavaThread "Clear Socket Thread" [_thread_blocked, id=31601, stack(0x00007fc18b7a0000,0x00007fc18b8a1000)]
  0x00007fc1cc16e000 JavaThread "Listen Loop Thread" [_thread_in_native, id=31588, stack(0x00007fc18b8b0000,0x00007fc18b9b1000)]
  0x00007fc1cc0c3000 JavaThread "Service Thread" daemon [_thread_blocked, id=31520, stack(0x00007fc1b8050000,0x00007fc1b8151000)]
  0x00007fc1cc0c0000 JavaThread "C1 CompilerThread2" daemon [_thread_blocked, id=31484, stack(0x00007fc1b8161000,0x00007fc1b8261000)]
=>0x00007fc1cc0be800 JavaThread "C2 CompilerThread1" daemon [_thread_in_native, id=31461, stack(0x00007fc1b8271000,0x00007fc1b8371000)]
  0x00007fc1cc0bb800 JavaThread "C2 CompilerThread0" daemon [_thread_blocked, id=31433, stack(0x00007fc1b8381000,0x00007fc1b8481000)]
  0x00007fc1cc0ba000 JavaThread "Signal Dispatcher" daemon [_thread_blocked, id=31409, stack(0x00007fc1b8490000,0x00007fc1b8591000)]
  0x00007fc1cc085000 JavaThread "Finalizer" daemon [_thread_blocked, id=31363, stack(0x00007fc1b88a0000,0x00007fc1b89a1000)]
  0x00007fc1cc082800 JavaThread "Reference Handler" daemon [_thread_blocked, id=31332, stack(0x00007fc1b89b0000,0x00007fc1b8ab1000)]

Other Threads:
  0x00007fc1cc079000 VMThread [stack: 0x00007fc1b8ac1000,0x00007fc1b8bc1000] [id=31280]
  0x00007fc1cc0c5800 WatcherThread [stack: 0x00007fc18bef1000,0x00007fc18bff1000] [id=31534]

VM state:at safepoint (normal execution)

VM Mutex/Monitor currently owned by a thread:  ([mutex/lock_event])
[0x00007fc1cc007810] Threads_lock - owner thread: 0x00007fc1cc079000
[0x00007fc1cc007d10] Heap_lock - owner thread: 0x00007fc1cc182800

Heap:
 PSYoungGen      total 37888K, used 0K [0x00000000d6180000, 0x00000000d8b80000, 0x0000000100000000)
  eden space 32768K, 0% used [0x00000000d6180000,0x00000000d6180000,0x00000000d8180000)
  from space 5120K, 0% used [0x00000000d8680000,0x00000000d8680000,0x00000000d8b80000)
  to   space 5120K, 0% used [0x00000000d8180000,0x00000000d8180000,0x00000000d8680000)
 ParOldGen       total 86016K, used 2720K [0x0000000082400000, 0x0000000087800000, 0x00000000d6180000)
  object space 86016K, 3% used [0x0000000082400000,0x00000000826a8170,0x0000000087800000)
 Metaspace       used 5832K, capacity 6014K, committed 6144K, reserved 1056768K
  class space    used 596K, capacity 695K, committed 768K, reserved 1048576K

Card table byte_map: [0x00007fc1d2040000,0x00007fc1d242f000] byte_map_base: 0x00007fc1d1c2e000

Marking Bits: (ParMarkBitMap*) 0x00007fc1d5179340
 Begin Bits: [0x00007fc1b9120000, 0x00007fc1bb090000)
 End Bits:   [0x00007fc1bb090000, 0x00007fc1bd000000)

Polling page: 0x00007fc1d6060000

CodeCache: size=245760Kb used=4145Kb max_used=4372Kb free=241614Kb
 bounds [0x00007fc1bd000000, 0x00007fc1bd450000, 0x00007fc1cc000000]
 total_blobs=1156 nmethods=869 adapters=202
 compilation: enabled

Compilation events (10 events):
Event: 889.309 Thread 0x00007fc1cc0c0000 nmethod 1024 0x00007fc1bd11ac90 code [0x00007fc1bd11ae20, 0x00007fc1bd11b2f0]
Event: 894.992 Thread 0x00007fc1cc0be800 1025   !   4       java.io.ObjectStreamClass::readNonProxy (407 bytes)
Event: 895.666 Thread 0x00007fc1cc0be800 nmethod 1025 0x00007fc1bd1ca1d0 code [0x00007fc1bd1ca820, 0x00007fc1bd1cd1a8]
Event: 932.611 Thread 0x00007fc1cc0bb800 1028       4       java.lang.reflect.Method::invoke (62 bytes)
Event: 932.615 Thread 0x00007fc1cc0bb800 nmethod 1028 0x00007fc1bd196750 code [0x00007fc1bd1968c0, 0x00007fc1bd196a28]
Event: 947.151 Thread 0x00007fc1cc0bb800 1029       4       java.io.ObjectInputStream$GetFieldImpl::get (67 bytes)
Event: 947.171 Thread 0x00007fc1cc0bb800 nmethod 1029 0x00007fc1bd17cb10 code [0x00007fc1bd17cd00, 0x00007fc1bd17d5e8]
Event: 953.973 Thread 0x00007fc1cc0c0000 1030       3       gc.serverGC.SLocalPRID::snapshotUALReg (77 bytes)
Event: 954.700 Thread 0x00007fc1cc0c0000 nmethod 1030 0x00007fc1bd1e95d0 code [0x00007fc1bd1e97e0, 0x00007fc1bd1ea4a8]
Event: 971.877 Thread 0x00007fc1cc0be800 1031   !   4       gc.WeakReference::send (199 bytes)

GC Heap History (10 events):
Event: 969.317 GC heap before
{Heap before GC invocations=424 (full 212):
 PSYoungGen      total 37888K, used 32K [0x00000000d6180000, 0x00000000d8b80000, 0x0000000100000000)
  eden space 32768K, 0% used [0x00000000d6180000,0x00000000d6180000,0x00000000d8180000)
  from space 5120K, 0% used [0x00000000d8680000,0x00000000d8688000,0x00000000d8b80000)
  to   space 5120K, 0% used [0x00000000d8180000,0x00000000d8180000,0x00000000d8680000)
 ParOldGen       total 86016K, used 2690K [0x0000000082400000, 0x0000000087800000, 0x00000000d6180000)
  object space 86016K, 3% used [0x0000000082400000,0x00000000826a08b8,0x0000000087800000)
 Metaspace       used 5832K, capacity 6014K, committed 6144K, reserved 1056768K
  class space    used 596K, capacity 695K, committed 768K, reserved 1048576K
Event: 969.346 GC heap after
Heap after GC invocations=424 (full 212):
 PSYoungGen      total 37888K, used 0K [0x00000000d6180000, 0x00000000d8b80000, 0x0000000100000000)
  eden space 32768K, 0% used [0x00000000d6180000,0x00000000d6180000,0x00000000d8180000)
  from space 5120K, 0% used [0x00000000d8680000,0x00000000d8680000,0x00000000d8b80000)
  to   space 5120K, 0% used [0x00000000d8180000,0x00000000d8180000,0x00000000d8680000)
 ParOldGen       total 86016K, used 2698K [0x0000000082400000, 0x0000000087800000, 0x00000000d6180000)
  object space 86016K, 3% used [0x0000000082400000,0x00000000826a2b08,0x0000000087800000)
 Metaspace       used 5832K, capacity 6014K, committed 6144K, reserved 1056768K
  class space    used 596K, capacity 695K, committed 768K, reserved 1048576K
}
Event: 972.728 GC heap before
{Heap before GC invocations=425 (full 212):
 PSYoungGen      total 37888K, used 3276K [0x00000000d6180000, 0x00000000d8b80000, 0x0000000100000000)
  eden space 32768K, 10% used [0x00000000d6180000,0x00000000d64b33b8,0x00000000d8180000)
  from space 5120K, 0% used [0x00000000d8680000,0x00000000d8680000,0x00000000d8b80000)
  to   space 5120K, 0% used [0x00000000d8180000,0x00000000d8180000,0x00000000d8680000)
 ParOldGen       total 86016K, used 2698K [0x0000000082400000, 0x0000000087800000, 0x00000000d6180000)
  object space 86016K, 3% used [0x0000000082400000,0x00000000826a2b08,0x0000000087800000)
 Metaspace       used 5832K, capacity 6014K, committed 6144K, reserved 1056768K
  class space    used 596K, capacity 695K, committed 768K, reserved 1048576K
Event: 974.816 GC heap after
Heap after GC invocations=425 (full 212):
 PSYoungGen      total 37888K, used 32K [0x00000000d6180000, 0x00000000d8b80000, 0x0000000100000000)
  eden space 32768K, 0% used [0x00000000d6180000,0x00000000d6180000,0x00000000d8180000)
  from space 5120K, 0% used [0x00000000d8180000,0x00000000d8188000,0x00000000d8680000)
  to   space 5120K, 0% used [0x00000000d8680000,0x00000000d8680000,0x00000000d8b80000)
 ParOldGen       total 86016K, used 2698K [0x0000000082400000, 0x0000000087800000, 0x00000000d6180000)
  object space 86016K, 3% used [0x0000000082400000,0x00000000826a2b08,0x0000000087800000)
 Metaspace       used 5832K, capacity 6014K, committed 6144K, reserved 1056768K
  class space    used 596K, capacity 695K, committed 768K, reserved 1048576K
}
Event: 974.816 GC heap before
{Heap before GC invocations=426 (full 213):
 PSYoungGen      total 37888K, used 32K [0x00000000d6180000, 0x00000000d8b80000, 0x0000000100000000)
  eden space 32768K, 0% used [0x00000000d6180000,0x00000000d6180000,0x00000000d8180000)
  from space 5120K, 0% used [0x00000000d8180000,0x00000000d8188000,0x00000000d8680000)
  to   space 5120K, 0% used [0x00000000d8680000,0x00000000d8680000,0x00000000d8b80000)
 ParOldGen       total 86016K, used 2698K [0x0000000082400000, 0x0000000087800000, 0x00000000d6180000)
  object space 86016K, 3% used [0x0000000082400000,0x00000000826a2b08,0x0000000087800000)
 Metaspace       used 5832K, capacity 6014K, committed 6144K, reserved 1056768K
  class space    used 596K, capacity 695K, committed 768K, reserved 1048576K
Event: 977.027 GC heap after
Heap after GC invocations=426 (full 213):
 PSYoungGen      total 37888K, used 0K [0x00000000d6180000, 0x00000000d8b80000, 0x0000000100000000)
  eden space 32768K, 0% used [0x00000000d6180000,0x00000000d6180000,0x00000000d8180000)
  from space 5120K, 0% used [0x00000000d8180000,0x00000000d8180000,0x00000000d8680000)
  to   space 5120K, 0% used [0x00000000d8680000,0x00000000d8680000,0x00000000d8b80000)
 ParOldGen       total 86016K, used 2720K [0x0000000082400000, 0x0000000087800000, 0x00000000d6180000)
  object space 86016K, 3% used [0x0000000082400000,0x00000000826a8170,0x0000000087800000)
 Metaspace       used 5832K, capacity 6014K, committed 6144K, reserved 1056768K
  class space    used 596K, capacity 695K, committed 768K, reserved 1048576K
}
Event: 989.941 GC heap before
{Heap before GC invocations=427 (full 213):
 PSYoungGen      total 37888K, used 1310K [0x00000000d6180000, 0x00000000d8b80000, 0x0000000100000000)
  eden space 32768K, 3% used [0x00000000d6180000,0x00000000d62c7ae0,0x00000000d8180000)
  from space 5120K, 0% used [0x00000000d8180000,0x00000000d8180000,0x00000000d8680000)
  to   space 5120K, 0% used [0x00000000d8680000,0x00000000d8680000,0x00000000d8b80000)
 ParOldGen       total 86016K, used 2720K [0x0000000082400000, 0x0000000087800000, 0x00000000d6180000)
  object space 86016K, 3% used [0x0000000082400000,0x00000000826a8170,0x0000000087800000)
 Metaspace       used 5832K, capacity 6014K, committed 6144K, reserved 1056768K
  class space    used 596K, capacity 695K, committed 768K, reserved 1048576K
Event: 992.894 GC heap after
Heap after GC invocations=427 (full 213):
 PSYoungGen      total 37888K, used 0K [0x00000000d6180000, 0x00000000d8b80000, 0x0000000100000000)
  eden space 32768K, 0% used [0x00000000d6180000,0x00000000d6180000,0x00000000d8180000)
  from space 5120K, 0% used [0x00000000d8680000,0x00000000d8680000,0x00000000d8b80000)
  to   space 5120K, 0% used [0x00000000d8180000,0x00000000d8180000,0x00000000d8680000)
 ParOldGen       total 86016K, used 2720K [0x0000000082400000, 0x0000000087800000, 0x00000000d6180000)
  object space 86016K, 3% used [0x0000000082400000,0x00000000826a8170,0x0000000087800000)
 Metaspace       used 5832K, capacity 6014K, committed 6144K, reserved 1056768K
  class space    used 596K, capacity 695K, committed 768K, reserved 1048576K
}
Event: 992.894 GC heap before
{Heap before GC invocations=428 (full 214):
 PSYoungGen      total 37888K, used 0K [0x00000000d6180000, 0x00000000d8b80000, 0x0000000100000000)
  eden space 32768K, 0% used [0x00000000d6180000,0x00000000d6180000,0x00000000d8180000)
  from space 5120K, 0% used [0x00000000d8680000,0x00000000d8680000,0x00000000d8b80000)
  to   space 5120K, 0% used [0x00000000d8180000,0x00000000d8180000,0x00000000d8680000)
 ParOldGen       total 86016K, used 2720K [0x0000000082400000, 0x0000000087800000, 0x00000000d6180000)
  object space 86016K, 3% used [0x0000000082400000,0x00000000826a8170,0x0000000087800000)
 Metaspace       used 5832K, capacity 6014K, committed 6144K, reserved 1056768K
  class space    used 596K, capacity 695K, committed 768K, reserved 1048576K
Event: 1000.083 GC heap after
Heap after GC invocations=428 (full 214):
 PSYoungGen      total 37888K, used 0K [0x00000000d6180000, 0x00000000d8b80000, 0x0000000100000000)
  eden space 32768K, 0% used [0x00000000d6180000,0x00000000d6180000,0x00000000d8180000)
  from space 5120K, 0% used [0x00000000d8680000,0x00000000d8680000,0x00000000d8b80000)
  to   space 5120K, 0% used [0x00000000d8180000,0x00000000d8180000,0x00000000d8680000)
 ParOldGen       total 86016K, used 2720K [0x0000000082400000, 0x0000000087800000, 0x00000000d6180000)
  object space 86016K, 3% used [0x0000000082400000,0x00000000826a8170,0x0000000087800000)
 Metaspace       used 5832K, capacity 6014K, committed 6144K, reserved 1056768K
  class space    used 596K, capacity 695K, committed 768K, reserved 1048576K
}

Deoptimization events (4 events):
Event: 356.344 Thread 0x00007fc16c011000 Uncommon trap: reason=null_check action=make_not_entrant pc=0x00007fc1bd33785c method=java.io.ObjectStreamClass.getField(Ljava/lang/String;Ljava/lang/Class;)Ljava/io/ObjectStreamField; @ 67
Event: 415.165 Thread 0x00007fc18000f000 Uncommon trap: reason=unstable_if action=reinterpret pc=0x00007fc1bd384820 method=java.io.ObjectInputStream$BlockDataInputStream.readUTFBody(J)Ljava/lang/String; @ 53
Event: 415.173 Thread 0x00007fc18000f000 Uncommon trap: reason=null_check action=make_not_entrant pc=0x00007fc1bd3e7bd8 method=java.io.ObjectStreamClass.getReflector([Ljava/io/ObjectStreamField;Ljava/io/ObjectStreamClass;)Ljava/io/ObjectStreamClass$FieldReflector; @ 49
Event: 423.315 Thread 0x00007fc1cc184000 Uncommon trap: reason=unstable_if action=reinterpret pc=0x00007fc1bd3338b0 method=java.lang.reflect.Method.invoke(Ljava/lang/Object;[Ljava/lang/Object;)Ljava/lang/Object; @ 45

Classes redefined (0 events):
No events

Internal exceptions (10 events):
Event: 315.883 Thread 0x00007fc16c001800 Exception <a 'java/lang/IllegalArgumentException': argument type mismatch> (0x00000000d6217250) thrown at [/build/openjdk-8-5w_p1G/openjdk-8-8u191-b12/src/hotspot/src/share/vm/runtime/reflection.cpp, line 201]
Event: 315.883 Thread 0x00007fc16c001800 Exception <a 'java/lang/IllegalArgumentException': argument type mismatch> (0x00000000d62174c8) thrown at [/build/openjdk-8-5w_p1G/openjdk-8-8u191-b12/src/hotspot/src/share/vm/runtime/reflection.cpp, line 201]
Event: 315.883 Thread 0x00007fc16c001800 Exception <a 'java/lang/IllegalArgumentException': argument type mismatch> (0x00000000d6217740) thrown at [/build/openjdk-8-5w_p1G/openjdk-8-8u191-b12/src/hotspot/src/share/vm/runtime/reflection.cpp, line 201]
Event: 315.883 Thread 0x00007fc16c001800 Exception <a 'java/lang/IllegalArgumentException': argument type mismatch> (0x00000000d62179b8) thrown at [/build/openjdk-8-5w_p1G/openjdk-8-8u191-b12/src/hotspot/src/share/vm/runtime/reflection.cpp, line 201]
Event: 315.885 Thread 0x00007fc16c001800 Exception <a 'java/lang/IllegalArgumentException': argument type mismatch> (0x00000000d621d320) thrown at [/build/openjdk-8-5w_p1G/openjdk-8-8u191-b12/src/hotspot/src/share/vm/runtime/reflection.cpp, line 201]
Event: 315.887 Thread 0x00007fc16c001800 Exception <a 'java/lang/IllegalArgumentException': argument type mismatch> (0x00000000d621fee8) thrown at [/build/openjdk-8-5w_p1G/openjdk-8-8u191-b12/src/hotspot/src/share/vm/runtime/reflection.cpp, line 201]
Event: 315.888 Thread 0x00007fc16c001800 Exception <a 'java/lang/IllegalArgumentException': argument type mismatch> (0x00000000d6222b80) thrown at [/build/openjdk-8-5w_p1G/openjdk-8-8u191-b12/src/hotspot/src/share/vm/runtime/reflection.cpp, line 201]
Event: 315.889 Thread 0x00007fc16c001800 Exception <a 'java/lang/IllegalArgumentException': argument type mismatch> (0x00000000d62258d8) thrown at [/build/openjdk-8-5w_p1G/openjdk-8-8u191-b12/src/hotspot/src/share/vm/runtime/reflection.cpp, line 201]
Event: 415.173 Thread 0x00007fc18000f000 Exception <a 'java/lang/NoSuchMethodError': <clinit>> (0x00000000d6189db0) thrown at [/build/openjdk-8-5w_p1G/openjdk-8-8u191-b12/src/hotspot/src/share/vm/prims/jni.cpp, line 1613]
Event: 423.315 Thread 0x00007fc1cc184000 Implicit null exception at 0x00007fc1bd333818 to 0x00007fc1bd333896

Events (10 events):
Event: 963.023 Executing VM operation: ParallelGCSystemGC
Event: 963.767 Executing VM operation: ParallelGCSystemGC done
Event: 966.225 Executing VM operation: ParallelGCSystemGC
Event: 966.757 Executing VM operation: ParallelGCSystemGC done
Event: 969.282 Executing VM operation: ParallelGCSystemGC
Event: 969.346 Executing VM operation: ParallelGCSystemGC done
Event: 972.728 Executing VM operation: ParallelGCSystemGC
Event: 977.028 Executing VM operation: ParallelGCSystemGC done
Event: 989.941 Executing VM operation: ParallelGCSystemGC
Event: 1000.083 Executing VM operation: ParallelGCSystemGC done


Dynamic libraries:
82400000-87800000 rw-p 00000000 00:00 0
87800000-d6180000 ---p 00000000 00:00 0
d6180000-d8b80000 rw-p 00000000 00:00 0
d8b80000-100000000 ---p 00000000 00:00 0
100000000-1000c0000 rw-p 00000000 00:00 0
1000c0000-140000000 ---p 00000000 00:00 0
7fc14c000000-7fc14c021000 rw-p 00000000 00:00 0
7fc14c021000-7fc150000000 ---p 00000000 00:00 0
7fc150000000-7fc150021000 rw-p 00000000 00:00 0
7fc150021000-7fc154000000 ---p 00000000 00:00 0
7fc154000000-7fc154021000 rw-p 00000000 00:00 0
7fc154021000-7fc158000000 ---p 00000000 00:00 0
7fc158000000-7fc158021000 rw-p 00000000 00:00 0
7fc158021000-7fc15c000000 ---p 00000000 00:00 0
7fc15c000000-7fc15c021000 rw-p 00000000 00:00 0
7fc15c021000-7fc160000000 ---p 00000000 00:00 0
7fc160000000-7fc160021000 rw-p 00000000 00:00 0
7fc160021000-7fc164000000 ---p 00000000 00:00 0
7fc164000000-7fc164021000 rw-p 00000000 00:00 0
7fc164021000-7fc168000000 ---p 00000000 00:00 0
7fc168000000-7fc168021000 rw-p 00000000 00:00 0
7fc168021000-7fc16c000000 ---p 00000000 00:00 0
7fc16c000000-7fc16c02f000 rw-p 00000000 00:00 0
7fc16c02f000-7fc170000000 ---p 00000000 00:00 0
7fc170000000-7fc170021000 rw-p 00000000 00:00 0
7fc170021000-7fc174000000 ---p 00000000 00:00 0
7fc174000000-7fc174021000 rw-p 00000000 00:00 0
7fc174021000-7fc178000000 ---p 00000000 00:00 0
7fc178000000-7fc178021000 rw-p 00000000 00:00 0
7fc178021000-7fc17c000000 ---p 00000000 00:00 0
7fc17c000000-7fc17c021000 rw-p 00000000 00:00 0
7fc17c021000-7fc180000000 ---p 00000000 00:00 0
7fc180000000-7fc180021000 rw-p 00000000 00:00 0
7fc180021000-7fc184000000 ---p 00000000 00:00 0
7fc184000000-7fc184021000 rw-p 00000000 00:00 0
7fc184021000-7fc188000000 ---p 00000000 00:00 0
7fc18abf0000-7fc18abf3000 ---p 00000000 00:00 0
7fc18abf3000-7fc18acf1000 rw-p 00000000 00:00 0
7fc18ad00000-7fc18ad03000 ---p 00000000 00:00 0
7fc18ad03000-7fc18ae01000 rw-p 00000000 00:00 0
7fc18ae10000-7fc18ae13000 ---p 00000000 00:00 0
7fc18ae13000-7fc18af11000 rw-p 00000000 00:00 0
7fc18af20000-7fc18af23000 ---p 00000000 00:00 0
7fc18af23000-7fc18b021000 rw-p 00000000 00:00 0
7fc18b030000-7fc18b033000 ---p 00000000 00:00 0
7fc18b033000-7fc18b131000 rw-p 00000000 00:00 0
7fc18b140000-7fc18b143000 ---p 00000000 00:00 0
7fc18b143000-7fc18b241000 rw-p 00000000 00:00 0
7fc18b250000-7fc18b253000 ---p 00000000 00:00 0
7fc18b253000-7fc18b351000 rw-p 00000000 00:00 0
7fc18b360000-7fc18b363000 ---p 00000000 00:00 0
7fc18b363000-7fc18b461000 rw-p 00000000 00:00 0
7fc18b470000-7fc18b473000 ---p 00000000 00:00 0
7fc18b473000-7fc18b571000 rw-p 00000000 00:00 0
7fc18b580000-7fc18b583000 ---p 00000000 00:00 0
7fc18b583000-7fc18b681000 rw-p 00000000 00:00 0
7fc18b690000-7fc18b693000 ---p 00000000 00:00 0
7fc18b693000-7fc18b791000 rw-p 00000000 00:00 0
7fc18b7a0000-7fc18b7a3000 ---p 00000000 00:00 0
7fc18b7a3000-7fc18b8a1000 rw-p 00000000 00:00 0
7fc18b8b0000-7fc18b8b3000 ---p 00000000 00:00 0
7fc18b8b3000-7fc18b9b1000 rw-p 00000000 00:00 0
7fc18b9c0000-7fc18bcc1000 rw-p 00000000 00:00 0
7fc18bcd0000-7fc18bce7000 r-xp 00000000 00:00 213561             /usr/lib/jvm/java-8-openjdk-amd64/jre/lib/amd64/libnet.so
7fc18bce7000-7fc18bce8000 ---p 00017000 00:00 213561             /usr/lib/jvm/java-8-openjdk-amd64/jre/lib/amd64/libnet.so
7fc18bce8000-7fc18bee6000 ---p 00000018 00:00 213561             /usr/lib/jvm/java-8-openjdk-amd64/jre/lib/amd64/libnet.so
7fc18bee6000-7fc18bee7000 r--p 00016000 00:00 213561             /usr/lib/jvm/java-8-openjdk-amd64/jre/lib/amd64/libnet.so
7fc18bee7000-7fc18bee8000 rw-p 00017000 00:00 213561             /usr/lib/jvm/java-8-openjdk-amd64/jre/lib/amd64/libnet.so
7fc18bef0000-7fc18bef1000 ---p 00000000 00:00 0
7fc18bef1000-7fc18bff1000 rw-p 00000000 00:00 0
7fc18c000000-7fc18d39a000 rw-p 00000000 00:00 0
7fc18d39a000-7fc190000000 ---p 00000000 00:00 0
7fc190000000-7fc19038f000 rw-p 00000000 00:00 0
7fc19038f000-7fc194000000 ---p 00000000 00:00 0
7fc194000000-7fc194021000 rw-p 00000000 00:00 0
7fc194021000-7fc198000000 ---p 00000000 00:00 0
7fc198000000-7fc199498000 rw-p 00000000 00:00 0
7fc199498000-7fc19c000000 ---p 00000000 00:00 0
7fc19c000000-7fc19c021000 rw-p 00000000 00:00 0
7fc19c021000-7fc1a0000000 ---p 00000000 00:00 0
7fc1a0000000-7fc1a0021000 rw-p 00000000 00:00 0
7fc1a0021000-7fc1a4000000 ---p 00000000 00:00 0
7fc1a4000000-7fc1a4021000 rw-p 00000000 00:00 0
7fc1a4021000-7fc1a8000000 ---p 00000000 00:00 0
7fc1a8000000-7fc1a804b000 rw-p 00000000 00:00 0
7fc1a804b000-7fc1ac000000 ---p 00000000 00:00 0
7fc1ac000000-7fc1ac021000 rw-p 00000000 00:00 0
7fc1ac021000-7fc1b0000000 ---p 00000000 00:00 0
7fc1b0000000-7fc1b0021000 rw-p 00000000 00:00 0
7fc1b0021000-7fc1b4000000 ---p 00000000 00:00 0
7fc1b4000000-7fc1b4021000 rw-p 00000000 00:00 0
7fc1b4021000-7fc1b8000000 ---p 00000000 00:00 0
7fc1b8050000-7fc1b8053000 ---p 00000000 00:00 0
7fc1b8053000-7fc1b8151000 rw-p 00000000 00:00 0
7fc1b8160000-7fc1b8164000 ---p 00000000 00:00 0
7fc1b8164000-7fc1b8261000 rw-p 00000000 00:00 0
7fc1b8270000-7fc1b8274000 ---p 00000000 00:00 0
7fc1b8274000-7fc1b8371000 rw-p 00000000 00:00 0
7fc1b8380000-7fc1b8384000 ---p 00000000 00:00 0
7fc1b8384000-7fc1b8481000 rw-p 00000000 00:00 0
7fc1b8490000-7fc1b8493000 ---p 00000000 00:00 0
7fc1b8493000-7fc1b8591000 rw-p 00000000 00:00 0
7fc1b8592000-7fc1b8705000 r--p 00000000 00:00 1165082            /usr/lib/locale/C.UTF-8/LC_COLLATE
7fc1b8705000-7fc1b88a0000 r--p 00000000 00:00 1165094            /usr/lib/locale/locale-archive
7fc1b88a0000-7fc1b88a3000 ---p 00000000 00:00 0
7fc1b88a3000-7fc1b89a1000 rw-p 00000000 00:00 0
7fc1b89b0000-7fc1b89b3000 ---p 00000000 00:00 0
7fc1b89b3000-7fc1b8ab1000 rw-p 00000000 00:00 0
7fc1b8ac0000-7fc1b8ac1000 ---p 00000000 00:00 0
7fc1b8ac1000-7fc1b8bc1000 rw-p 00000000 00:00 0
7fc1b8bd0000-7fc1b8cd1000 rw-p 00000000 00:00 0
7fc1b8ce0000-7fc1b8de1000 rw-p 00000000 00:00 0
7fc1b8df0000-7fc1b8ef1000 rw-p 00000000 00:00 0
7fc1b8f00000-7fc1b9001000 rw-p 00000000 00:00 0
7fc1b9010000-7fc1b9111000 rw-p 00000000 00:00 0
7fc1b9120000-7fc1bd000000 rw-p 00000000 00:00 0
7fc1bd000000-7fc1bd450000 rwxp 00000000 00:00 0
7fc1bd450000-7fc1cc000000 ---p 00000000 00:00 0
7fc1cc000000-7fc1cc1c4000 rw-p 00000000 00:00 0
7fc1cc1c4000-7fc1d0000000 ---p 00000000 00:00 0
7fc1d0034000-7fc1d004f000 r--s 001d6000 00:00 43386              /usr/lib/jvm/java-8-openjdk-amd64/jre/lib/ext/nashorn.jar
7fc1d004f000-7fc1d0080000 r--p 00000000 00:00 1165083            /usr/lib/locale/C.UTF-8/LC_CTYPE
7fc1d0080000-7fc1d00a1000 rw-p 00000000 00:00 0
7fc1d00b0000-7fc1d01b1000 rw-p 00000000 00:00 0
7fc1d01c0000-7fc1d01e1000 rw-p 00000000 00:00 0
7fc1d01f0000-7fc1d02f1000 rw-p 00000000 00:00 0
7fc1d0300000-7fc1d0321000 rw-p 00000000 00:00 0
7fc1d0330000-7fc1d0431000 rw-p 00000000 00:00 0
7fc1d0440000-7fc1d0461000 rw-p 00000000 00:00 0
7fc1d0470000-7fc1d0571000 rw-p 00000000 00:00 0
7fc1d0580000-7fc1d0681000 rw-p 00000000 00:00 0
7fc1d0690000-7fc1d0791000 rw-p 00000000 00:00 0
7fc1d07a0000-7fc1d08a1000 rw-p 00000000 00:00 0
7fc1d08b0000-7fc1d09b1000 rw-p 00000000 00:00 0
7fc1d09c0000-7fc1d0ac1000 rw-p 00000000 00:00 0
7fc1d0ad0000-7fc1d0bd1000 rw-p 00000000 00:00 0
7fc1d0be0000-7fc1d0c2e000 rw-p 00000000 00:00 0
7fc1d0c31000-7fc1d0e00000 r--s 03c33000 00:00 213628             /usr/lib/jvm/java-8-openjdk-amd64/jre/lib/rt.jar
7fc1d0e00000-7fc1d0e76000 rw-p 00000000 00:00 0
7fc1d0e80000-7fc1d13c0000 rw-p 00000000 00:00 0
7fc1d13c0000-7fc1d1680000 ---p 00000000 00:00 0
7fc1d1680000-7fc1d1a6e000 rw-p 00000000 00:00 0
7fc1d1a70000-7fc1d1a71000 ---p 00000000 00:00 0
7fc1d1a71000-7fc1d1b71000 rw-p 00000000 00:00 0
7fc1d1b80000-7fc1d1b81000 ---p 00000000 00:00 0
7fc1d1b81000-7fc1d1c81000 rw-p 00000000 00:00 0
7fc1d1c90000-7fc1d1c91000 ---p 00000000 00:00 0
7fc1d1c91000-7fc1d1d91000 rw-p 00000000 00:00 0
7fc1d1da0000-7fc1d1dca000 rw-p 00000000 00:00 0
7fc1d1dca000-7fc1d203f000 ---p 00000000 00:00 0
7fc1d2040000-7fc1d206a000 rw-p 00000000 00:00 0
7fc1d206a000-7fc1d22de000 ---p 00000000 00:00 0
7fc1d22de000-7fc1d22f4000 rw-p 00000000 00:00 0
7fc1d22f4000-7fc1d242e000 ---p 00000000 00:00 0
7fc1d242e000-7fc1d242f000 rw-p 00000000 00:00 0
7fc1d2430000-7fc1d2442000 rw-p 00000000 00:00 0
7fc1d2442000-7fc1d27f0000 ---p 00000000 00:00 0
7fc1d27f0000-7fc1d27f8000 r-xp 00000000 00:00 213569             /usr/lib/jvm/java-8-openjdk-amd64/jre/lib/amd64/libzip.so
7fc1d27f8000-7fc1d27f9000 ---p 00008000 00:00 213569             /usr/lib/jvm/java-8-openjdk-amd64/jre/lib/amd64/libzip.so
7fc1d27f9000-7fc1d29f7000 ---p 00000009 00:00 213569             /usr/lib/jvm/java-8-openjdk-amd64/jre/lib/amd64/libzip.so
7fc1d29f7000-7fc1d29f8000 r--p 00007000 00:00 213569             /usr/lib/jvm/java-8-openjdk-amd64/jre/lib/amd64/libzip.so
7fc1d29f8000-7fc1d29f9000 rw-p 00008000 00:00 213569             /usr/lib/jvm/java-8-openjdk-amd64/jre/lib/amd64/libzip.so
7fc1d2a00000-7fc1d2a0b000 r-xp 00000000 00:00 1163848            /lib/x86_64-linux-gnu/libnss_files-2.27.so
7fc1d2a0b000-7fc1d2a0c000 ---p 0000b000 00:00 1163848            /lib/x86_64-linux-gnu/libnss_files-2.27.so
7fc1d2a0c000-7fc1d2c0a000 ---p 0000000c 00:00 1163848            /lib/x86_64-linux-gnu/libnss_files-2.27.so
7fc1d2c0a000-7fc1d2c0b000 r--p 0000a000 00:00 1163848            /lib/x86_64-linux-gnu/libnss_files-2.27.so
7fc1d2c0b000-7fc1d2c0c000 rw-p 0000b000 00:00 1163848            /lib/x86_64-linux-gnu/libnss_files-2.27.so
7fc1d2c0c000-7fc1d2c12000 rw-p 00000000 00:00 0
7fc1d2c20000-7fc1d2c37000 r-xp 00000000 00:00 1163842            /lib/x86_64-linux-gnu/libnsl-2.27.so
7fc1d2c37000-7fc1d2c38000 ---p 00017000 00:00 1163842            /lib/x86_64-linux-gnu/libnsl-2.27.so
7fc1d2c38000-7fc1d2e36000 ---p 00000018 00:00 1163842            /lib/x86_64-linux-gnu/libnsl-2.27.so
7fc1d2e36000-7fc1d2e37000 r--p 00016000 00:00 1163842            /lib/x86_64-linux-gnu/libnsl-2.27.so
7fc1d2e37000-7fc1d2e38000 rw-p 00017000 00:00 1163842            /lib/x86_64-linux-gnu/libnsl-2.27.so
7fc1d2e38000-7fc1d2e3a000 rw-p 00000000 00:00 0
7fc1d2e40000-7fc1d2e4b000 r-xp 00000000 00:00 1163852            /lib/x86_64-linux-gnu/libnss_nis-2.27.so
7fc1d2e4b000-7fc1d2e4c000 ---p 0000b000 00:00 1163852            /lib/x86_64-linux-gnu/libnss_nis-2.27.so
7fc1d2e4c000-7fc1d304a000 ---p 0000000c 00:00 1163852            /lib/x86_64-linux-gnu/libnss_nis-2.27.so
7fc1d304a000-7fc1d304b000 r--p 0000a000 00:00 1163852            /lib/x86_64-linux-gnu/libnss_nis-2.27.so
7fc1d304b000-7fc1d304c000 rw-p 0000b000 00:00 1163852            /lib/x86_64-linux-gnu/libnss_nis-2.27.so
7fc1d3050000-7fc1d3058000 r-xp 00000000 00:00 1163844            /lib/x86_64-linux-gnu/libnss_compat-2.27.so
7fc1d3058000-7fc1d305a000 ---p 00008000 00:00 1163844            /lib/x86_64-linux-gnu/libnss_compat-2.27.so
7fc1d305a000-7fc1d3258000 ---p 0000000a 00:00 1163844            /lib/x86_64-linux-gnu/libnss_compat-2.27.so
7fc1d3258000-7fc1d3259000 r--p 00008000 00:00 1163844            /lib/x86_64-linux-gnu/libnss_compat-2.27.so
7fc1d3259000-7fc1d325a000 rw-p 00009000 00:00 1163844            /lib/x86_64-linux-gnu/libnss_compat-2.27.so
7fc1d3260000-7fc1d328e000 r-xp 00000000 00:00 213546             /usr/lib/jvm/java-8-openjdk-amd64/jre/lib/amd64/libjava.so
7fc1d328e000-7fc1d3290000 ---p 0002e000 00:00 213546             /usr/lib/jvm/java-8-openjdk-amd64/jre/lib/amd64/libjava.so
7fc1d3290000-7fc1d348d000 ---p 00000030 00:00 213546             /usr/lib/jvm/java-8-openjdk-amd64/jre/lib/amd64/libjava.so
7fc1d348d000-7fc1d348e000 r--p 0002d000 00:00 213546             /usr/lib/jvm/java-8-openjdk-amd64/jre/lib/amd64/libjava.so
7fc1d348e000-7fc1d3490000 rw-p 0002e000 00:00 213546             /usr/lib/jvm/java-8-openjdk-amd64/jre/lib/amd64/libjava.so
7fc1d3490000-7fc1d34a0000 r-xp 00000000 00:00 213568             /usr/lib/jvm/java-8-openjdk-amd64/jre/lib/amd64/libverify.so
7fc1d34a0000-7fc1d34a2000 ---p 00010000 00:00 213568             /usr/lib/jvm/java-8-openjdk-amd64/jre/lib/amd64/libverify.so
7fc1d34a2000-7fc1d369f000 ---p 00000012 00:00 213568             /usr/lib/jvm/java-8-openjdk-amd64/jre/lib/amd64/libverify.so
7fc1d369f000-7fc1d36a1000 r--p 0000f000 00:00 213568             /usr/lib/jvm/java-8-openjdk-amd64/jre/lib/amd64/libverify.so
7fc1d36a1000-7fc1d36a2000 rw-p 00011000 00:00 213568             /usr/lib/jvm/java-8-openjdk-amd64/jre/lib/amd64/libverify.so
7fc1d36b0000-7fc1d36b7000 r-xp 00000000 00:00 1163891            /lib/x86_64-linux-gnu/librt-2.27.so
7fc1d36b7000-7fc1d36b8000 ---p 00007000 00:00 1163891            /lib/x86_64-linux-gnu/librt-2.27.so
7fc1d36b8000-7fc1d38b6000 ---p 00000008 00:00 1163891            /lib/x86_64-linux-gnu/librt-2.27.so
7fc1d38b6000-7fc1d38b7000 r--p 00006000 00:00 1163891            /lib/x86_64-linux-gnu/librt-2.27.so
7fc1d38b7000-7fc1d38b8000 rw-p 00007000 00:00 1163891            /lib/x86_64-linux-gnu/librt-2.27.so
7fc1d38c0000-7fc1d38d7000 r-xp 00000000 00:00 1195636            /lib/x86_64-linux-gnu/libgcc_s.so.1
7fc1d38d7000-7fc1d38d8000 ---p 00017000 00:00 1195636            /lib/x86_64-linux-gnu/libgcc_s.so.1
7fc1d38d8000-7fc1d3ad6000 ---p 00000018 00:00 1195636            /lib/x86_64-linux-gnu/libgcc_s.so.1
7fc1d3ad6000-7fc1d3ad7000 r--p 00016000 00:00 1195636            /lib/x86_64-linux-gnu/libgcc_s.so.1
7fc1d3ad7000-7fc1d3ad8000 rw-p 00017000 00:00 1195636            /lib/x86_64-linux-gnu/libgcc_s.so.1
7fc1d3ae0000-7fc1d3c7d000 r-xp 00000000 00:00 1163825            /lib/x86_64-linux-gnu/libm-2.27.so
7fc1d3c7d000-7fc1d3c80000 ---p 0019d000 00:00 1163825            /lib/x86_64-linux-gnu/libm-2.27.so
7fc1d3c80000-7fc1d3e7c000 ---p 000001a0 00:00 1163825            /lib/x86_64-linux-gnu/libm-2.27.so
7fc1d3e7c000-7fc1d3e7d000 r--p 0019c000 00:00 1163825            /lib/x86_64-linux-gnu/libm-2.27.so
7fc1d3e7d000-7fc1d3e7e000 rw-p 0019d000 00:00 1163825            /lib/x86_64-linux-gnu/libm-2.27.so
7fc1d3e80000-7fc1d3ff9000 r-xp 00000000 00:00 1252565            /usr/lib/x86_64-linux-gnu/libstdc++.so.6.0.25
7fc1d3ff9000-7fc1d4006000 ---p 00179000 00:00 1252565            /usr/lib/x86_64-linux-gnu/libstdc++.so.6.0.25
7fc1d4006000-7fc1d41f9000 ---p 00000186 00:00 1252565            /usr/lib/x86_64-linux-gnu/libstdc++.so.6.0.25
7fc1d41f9000-7fc1d4203000 r--p 00179000 00:00 1252565            /usr/lib/x86_64-linux-gnu/libstdc++.so.6.0.25
7fc1d4203000-7fc1d4205000 rw-p 00183000 00:00 1252565            /usr/lib/x86_64-linux-gnu/libstdc++.so.6.0.25
7fc1d4205000-7fc1d4209000 rw-p 00000000 00:00 0
7fc1d4210000-7fc1d4eaa000 r-xp 00000000 00:00 213574             /usr/lib/jvm/java-8-openjdk-amd64/jre/lib/amd64/server/libjvm.so
7fc1d4eaa000-7fc1d4f74000 ---p 00c9a000 00:00 213574             /usr/lib/jvm/java-8-openjdk-amd64/jre/lib/amd64/server/libjvm.so
7fc1d4f74000-7fc1d50a9000 ---p 00000d64 00:00 213574             /usr/lib/jvm/java-8-openjdk-amd64/jre/lib/amd64/server/libjvm.so
7fc1d50a9000-7fc1d513d000 r--p 00c99000 00:00 213574             /usr/lib/jvm/java-8-openjdk-amd64/jre/lib/amd64/server/libjvm.so
7fc1d513d000-7fc1d5166000 rw-p 00d2d000 00:00 213574             /usr/lib/jvm/java-8-openjdk-amd64/jre/lib/amd64/server/libjvm.so
7fc1d5166000-7fc1d5196000 rw-p 00000000 00:00 0
7fc1d51a0000-7fc1d51ba000 r-xp 00000000 00:00 1163883            /lib/x86_64-linux-gnu/libpthread-2.27.so
7fc1d51ba000-7fc1d51c4000 ---p 0001a000 00:00 1163883            /lib/x86_64-linux-gnu/libpthread-2.27.so
7fc1d51c4000-7fc1d53b9000 ---p 00000024 00:00 1163883            /lib/x86_64-linux-gnu/libpthread-2.27.so
7fc1d53b9000-7fc1d53ba000 r--p 00019000 00:00 1163883            /lib/x86_64-linux-gnu/libpthread-2.27.so
7fc1d53ba000-7fc1d53bb000 rw-p 0001a000 00:00 1163883            /lib/x86_64-linux-gnu/libpthread-2.27.so
7fc1d53bb000-7fc1d53bf000 rw-p 00000000 00:00 0
7fc1d53c0000-7fc1d53c3000 r-xp 00000000 00:00 1163697            /lib/x86_64-linux-gnu/libdl-2.27.so
7fc1d53c3000-7fc1d53c4000 ---p 00003000 00:00 1163697            /lib/x86_64-linux-gnu/libdl-2.27.so
7fc1d53c4000-7fc1d55c2000 ---p 00000004 00:00 1163697            /lib/x86_64-linux-gnu/libdl-2.27.so
7fc1d55c2000-7fc1d55c3000 r--p 00002000 00:00 1163697            /lib/x86_64-linux-gnu/libdl-2.27.so
7fc1d55c3000-7fc1d55c4000 rw-p 00003000 00:00 1163697            /lib/x86_64-linux-gnu/libdl-2.27.so
7fc1d55d0000-7fc1d55ec000 r-xp 00000000 00:00 1163923            /lib/x86_64-linux-gnu/libz.so.1.2.11
7fc1d55ec000-7fc1d55ed000 ---p 0001c000 00:00 1163923            /lib/x86_64-linux-gnu/libz.so.1.2.11
7fc1d55ed000-7fc1d57eb000 ---p 0000001d 00:00 1163923            /lib/x86_64-linux-gnu/libz.so.1.2.11
7fc1d57eb000-7fc1d57ec000 r--p 0001b000 00:00 1163923            /lib/x86_64-linux-gnu/libz.so.1.2.11
7fc1d57ec000-7fc1d57ed000 rw-p 0001c000 00:00 1163923            /lib/x86_64-linux-gnu/libz.so.1.2.11
7fc1d57f0000-7fc1d59d7000 r-xp 00000000 00:00 1163633            /lib/x86_64-linux-gnu/libc-2.27.so
7fc1d59d7000-7fc1d59e0000 ---p 001e7000 00:00 1163633            /lib/x86_64-linux-gnu/libc-2.27.so
7fc1d59e0000-7fc1d5bd7000 ---p 000001f0 00:00 1163633            /lib/x86_64-linux-gnu/libc-2.27.so
7fc1d5bd7000-7fc1d5bdb000 r--p 001e7000 00:00 1163633            /lib/x86_64-linux-gnu/libc-2.27.so
7fc1d5bdb000-7fc1d5bdd000 rw-p 001eb000 00:00 1163633            /lib/x86_64-linux-gnu/libc-2.27.so
7fc1d5bdd000-7fc1d5be1000 rw-p 00000000 00:00 0
7fc1d5bf0000-7fc1d5bfe000 r-xp 00000000 00:00 213532             /usr/lib/jvm/java-8-openjdk-amd64/jre/lib/amd64/jli/libjli.so
7fc1d5bfe000-7fc1d5bff000 ---p 0000e000 00:00 213532             /usr/lib/jvm/java-8-openjdk-amd64/jre/lib/amd64/jli/libjli.so
7fc1d5bff000-7fc1d5dfd000 ---p 0000000f 00:00 213532             /usr/lib/jvm/java-8-openjdk-amd64/jre/lib/amd64/jli/libjli.so
7fc1d5dfd000-7fc1d5dfe000 r--p 0000d000 00:00 213532             /usr/lib/jvm/java-8-openjdk-amd64/jre/lib/amd64/jli/libjli.so
7fc1d5dfe000-7fc1d5dff000 rw-p 0000e000 00:00 213532             /usr/lib/jvm/java-8-openjdk-amd64/jre/lib/amd64/jli/libjli.so
7fc1d5e00000-7fc1d5e26000 r-xp 00000000 00:00 1163578            /lib/x86_64-linux-gnu/ld-2.27.so
7fc1d5e26000-7fc1d5e27000 r-xp 00026000 00:00 1163578            /lib/x86_64-linux-gnu/ld-2.27.so
7fc1d5e30000-7fc1d5e51000 rw-p 00000000 00:00 0
7fc1d5e60000-7fc1d5ebb000 rw-p 00000000 00:00 0
7fc1d5ec0000-7fc1d5ee8000 rw-p 00000000 00:00 0
7fc1d5ef0000-7fc1d5f18000 rw-p 00000000 00:00 0
7fc1d5f20000-7fc1d5f21000 ---p 00000000 00:00 0
7fc1d5f21000-7fc1d6021000 rw-p 00000000 00:00 0
7fc1d6027000-7fc1d6028000 r--p 00027000 00:00 1163578            /lib/x86_64-linux-gnu/ld-2.27.so
7fc1d6028000-7fc1d6029000 rw-p 00028000 00:00 1163578            /lib/x86_64-linux-gnu/ld-2.27.so
7fc1d6029000-7fc1d602a000 rw-p 00000000 00:00 0
7fc1d602f000-7fc1d6035000 r--s 0004e000 00:00 614318             /mnt/c/Users/ksank/akka-resources/src/libs/salsa1.1.5.jar
7fc1d6035000-7fc1d6050000 r--s 00394000 00:00 213588             /usr/lib/jvm/java-8-openjdk-amd64/jre/lib/ext/cldrdata.jar
7fc1d6050000-7fc1d6051000 rw-p 00000000 00:00 0
7fc1d6054000-7fc1d605a000 r--s 0002b000 00:00 155396             /mnt/c/Users/ksank/akka-resources/src/libs/kotlin-runtime-1.2.20-dev-331.jar
7fc1d605a000-7fc1d6060000 r--s 0003b000 00:00 213596             /usr/lib/jvm/java-8-openjdk-amd64/jre/lib/ext/sunjce_provider.jar
7fc1d6060000-7fc1d6061000 ---p 00000000 00:00 0
7fc1d6061000-7fc1d6066000 r--s 000a0000 00:00 213618             /usr/lib/jvm/java-8-openjdk-amd64/jre/lib/jsse.jar
7fc1d6066000-7fc1d6070000 r--s 00116000 00:00 39595              /usr/lib/jvm/java-8-openjdk-amd64/jre/lib/ext/localedata.jar
7fc1d6070000-7fc1d6074000 ---p 00000000 00:00 0
7fc1d6074000-7fc1d6171000 rw-p 00000000 00:00 0
7fc1d6172000-7fc1d6173000 r--s 00010000 00:00 213599             /usr/lib/jvm/java-8-openjdk-amd64/jre/lib/ext/zipfs.jar
7fc1d6173000-7fc1d6176000 r--s 00038000 00:00 213598             /usr/lib/jvm/java-8-openjdk-amd64/jre/lib/ext/sunpkcs11.jar
7fc1d6176000-7fc1d6178000 r--s 00008000 00:00 213595             /usr/lib/jvm/java-8-openjdk-amd64/jre/lib/ext/sunec.jar
7fc1d6178000-7fc1d617a000 r--s 00007000 00:00 215852             /usr/share/java/java-atk-wrapper.jar
7fc1d617a000-7fc1d617b000 r--s 0000a000 00:00 213591             /usr/lib/jvm/java-8-openjdk-amd64/jre/lib/ext/jaccess.jar
7fc1d617b000-7fc1d617e000 r--s 0000f000 00:00 213590             /usr/lib/jvm/java-8-openjdk-amd64/jre/lib/ext/icedtea-sound.jar
7fc1d617e000-7fc1d6180000 r--s 00001000 00:00 213589             /usr/lib/jvm/java-8-openjdk-amd64/jre/lib/ext/dnsns.jar
7fc1d6180000-7fc1d6182000 rw-p 00000000 00:00 0
7fc1d6182000-7fc1d6183000 r--p 00000000 00:00 1165090            /usr/lib/locale/C.UTF-8/LC_NUMERIC
7fc1d6183000-7fc1d6184000 r--p 00000000 00:00 1165093            /usr/lib/locale/C.UTF-8/LC_TIME
7fc1d6184000-7fc1d6185000 r--p 00000000 00:00 1165088            /usr/lib/locale/C.UTF-8/LC_MONETARY
7fc1d6185000-7fc1d6186000 r--p 00000000 00:00 1165087            /usr/lib/locale/C.UTF-8/LC_MESSAGES/SYS_LC_MESSAGES
7fc1d6186000-7fc1d6187000 r--p 00000000 00:00 1165091            /usr/lib/locale/C.UTF-8/LC_PAPER
7fc1d6187000-7fc1d6188000 r--p 00000000 00:00 1165089            /usr/lib/locale/C.UTF-8/LC_NAME
7fc1d6188000-7fc1d6189000 r--p 00000000 00:00 1165081            /usr/lib/locale/C.UTF-8/LC_ADDRESS
7fc1d6189000-7fc1d6190000 r--s 00000000 00:00 1170996            /usr/lib/x86_64-linux-gnu/gconv/gconv-modules.cache
7fc1d6190000-7fc1d6192000 rw-p 00000000 00:00 0
7fc1d6192000-7fc1d6193000 r--p 00000000 00:00 1165092            /usr/lib/locale/C.UTF-8/LC_TELEPHONE
7fc1d6193000-7fc1d6194000 r--p 00000000 00:00 1165085            /usr/lib/locale/C.UTF-8/LC_MEASUREMENT
7fc1d6194000-7fc1d6195000 r--p 00000000 00:00 1165084            /usr/lib/locale/C.UTF-8/LC_IDENTIFICATION
7fc1d6195000-7fc1d619d000 rw-s 00000000 00:00 1870181            /tmp/hsperfdata_rohankasi/30690
7fc1d6200000-7fc1d6201000 r-xp 00000000 00:00 213513             /usr/lib/jvm/java-8-openjdk-amd64/jre/bin/java
7fc1d6400000-7fc1d6401000 r--p 00000000 00:00 213513             /usr/lib/jvm/java-8-openjdk-amd64/jre/bin/java
7fc1d6401000-7fc1d6402000 rw-p 00001000 00:00 213513             /usr/lib/jvm/java-8-openjdk-amd64/jre/bin/java
7fffec82c000-7fffec84d000 rw-p 00000000 00:00 0                  [heap]
7ffff47b3000-7ffff4fb3000 rw-p 00000000 00:00 0                  [stack]
7ffff577b000-7ffff577c000 r-xp 00000000 00:00 0                  [vdso]

VM Arguments:
jvm_args: -Duan=uan://localhost:3030/id89 
java_command: examples.chat.SpeakerKtKt uan://localhost:3030/id1 uan://localhost:3030/id89
java_class_path (initial): .:./libs/kotlin-runtime-1.2.20-dev-331.jar:./libs/salsa1.1.5.jar
Launcher Type: SUN_STANDARD

Environment Variables:
PATH=/home/rohankasi/.local/bin:/home/rohankasi/.sdkman/candidates/kotlin/current/bin:/opt/maven/bin:/usr/local/sbin:/usr/local/bin:/usr/sbin:/usr/bin:/sbin:/bin:/usr/games:/usr/local/games:/mnt/c/Program Files/WindowsApps/CanonicalGroupLimited.UbuntuonWindows_1804.2019.521.0_x64__79rhkp1fndgsc:/mnt/c/ProgramData/DockerDesktop/version-bin:/mnt/c/Program Files/Docker/Docker/resources/bin:/mnt/c/Python34:/mnt/c/Python34/Scripts:/mnt/c/Program Files/Haskell Platform/8.0.1/lib/extralibs/bin:/mnt/c/Program Files/Haskell Platform/8.0.1/bin:/mnt/c/Program Files (x86)/Intel/iCLS Client:/mnt/c/Program Files/Intel/iCLS Client:/mnt/c/Windows/System32:/mnt/c/Windows:/mnt/c/Windows/System32/wbem:/mnt/c/Windows/System32/WindowsPowerShell/v1.0:/mnt/c/Program Files (x86)/Intel/Intel(R) Management Engine Components/DAL:/mnt/c/Program Files/Intel/Intel(R) Management Engine Components/DAL:/mnt/c/Program Files (x86)/Intel/Intel(R) Management Engine Components/IPT:/mnt/c/Program Files/Intel/Intel(R) Management Engine Components/IPT:/mnt/c/Program Files/Haskell Platform/8.0.1/mingw/bin:/mnt/c/Program Files (x86)/GtkSharp/2.12/bin:/mnt/c/Program Files/Git/cmd:/mnt/c/Program Files/PuTTY:/mnt/c/Program Files/doxygen/bin:/mnt/c/Program Files/cURL/bin:/mnt/c/Program Files/nodejs:/mnt/c/Windows/System32/OpenSSH:/mnt/c/Program Files/Microsoft Windows Performance Toolkit:/mnt/c/TDM-GCC-64/bin:/mnt/c/Program Files/Intel/WiFi/bin:/mnt/c/Program Files/Common Files/Intel/WirelessCommon:/mnt/c/Users/ksank/AppData/Roaming/local/bin:/mnt/c/Users/ksank/AppData/Local/Microsoft/WindowsApps:/mnt/c/Users/ksank/Downloads/svm_light:/mnt/c/Program Files (x86)/Java/jdk1.8.0_144/bin:/mnt/c/Users/ksank/AppData/Local/.meteor:/mnt/c/Users/ksank/AppData/Roaming/npm:/mnt/c/MinGW/bin:/mnt/c/Users/ksank/AppData/Local/atom/bin:/snap/bin
SHELL=/bin/bash
HOSTTYPE=x86_64

Signal Handlers:
SIGSEGV: [libjvm.so+0xab2ea0], sa_mask[0]=11111111111111111111111111111110, sa_flags=SA_RESTART|SA_SIGINFO
SIGBUS: [libjvm.so+0xab2ea0], sa_mask[0]=11111111111111111111111111111110, sa_flags=SA_RESTART|SA_SIGINFO
SIGFPE: [libjvm.so+0x8e87b0], sa_mask[0]=11111111111111111111111111111110, sa_flags=SA_RESTART|SA_SIGINFO
SIGPIPE: [libjvm.so+0x8e87b0], sa_mask[0]=11111111111111111111111111111110, sa_flags=SA_RESTART|SA_SIGINFO
SIGXFSZ: [libjvm.so+0x8e87b0], sa_mask[0]=11111111111111111111111111111110, sa_flags=SA_RESTART|SA_SIGINFO
SIGILL: [libjvm.so+0x8e87b0], sa_mask[0]=11111111111111111111111111111110, sa_flags=SA_RESTART|SA_SIGINFO
SIGUSR1: SIG_DFL, sa_mask[0]=00000000000000000000000000000000, sa_flags=none
SIGUSR2: [libjvm.so+0x8e8660], sa_mask[0]=00000000000000000000000000000000, sa_flags=SA_RESTART|SA_SIGINFO
SIGHUP: [libjvm.so+0x8e8cd0], sa_mask[0]=11111111111111111111111111111110, sa_flags=SA_RESTART|SA_SIGINFO
SIGINT: SIG_IGN, sa_mask[0]=00000000000000000000000000000000, sa_flags=none
SIGTERM: [libjvm.so+0x8e8cd0], sa_mask[0]=11111111111111111111111111111110, sa_flags=SA_RESTART|SA_SIGINFO
SIGQUIT: [libjvm.so+0x8e8cd0], sa_mask[0]=11111111111111111111111111111110, sa_flags=SA_RESTART|SA_SIGINFO


---------------  S Y S T E M  ---------------

OS:DISTRIB_ID=Ubuntu
DISTRIB_RELEASE=18.04
DISTRIB_CODENAME=bionic
DISTRIB_DESCRIPTION="Ubuntu 18.04.1 LTS"

uname:Linux 4.4.0-17134-Microsoft #706-Microsoft Mon Apr 01 18:13:00 PST 2019 x86_64
libc:glibc 2.27 NPTL 2.27 
rlimit: STACK 8192k, CORE 0k, NPROC 7823, NOFILE 65536, AS infinity
load average:0.52 0.58 0.59

/proc/meminfo:
MemTotal:        8233460 kB
MemFree:          189400 kB
Buffers:           34032 kB
Cached:           188576 kB
SwapCached:            0 kB
Active:           167556 kB
Inactive:         157876 kB
Active(anon):     103104 kB
Inactive(anon):    17440 kB
Active(file):      64452 kB
Inactive(file):   140436 kB
Unevictable:           0 kB
Mlocked:               0 kB
SwapTotal:      15465852 kB
SwapFree:       11990040 kB
Dirty:                 0 kB
Writeback:             0 kB
AnonPages:        102824 kB
Mapped:            71404 kB
Shmem:             17720 kB
Slab:              13868 kB
SReclaimable:       6744 kB
SUnreclaim:         7124 kB
KernelStack:        2848 kB
PageTables:         2524 kB
NFS_Unstable:          0 kB
Bounce:                0 kB
WritebackTmp:          0 kB
CommitLimit:      515524 kB
Committed_AS:    3450064 kB
VmallocTotal:     122880 kB
VmallocUsed:       21296 kB
VmallocChunk:      66044 kB
HardwareCorrupted:     0 kB
AnonHugePages:      2048 kB
HugePages_Total:       0
HugePages_Free:        0
HugePages_Rsvd:        0
HugePages_Surp:        0
Hugepagesize:       2048 kB
DirectMap4k:       12280 kB
DirectMap4M:      897024 kB


CPU:total 4 (initial active 4) (2 cores per cpu, 2 threads per core) family 6 model 78 stepping 3, cmov, cx8, fxsr, mmx, sse, sse2, sse3, ssse3, sse4.1, sse4.2, popcnt, avx, avx2, aes, clmul, erms, 3dnowpref, lzcnt, ht, tsc, tscinvbit, bmi1, bmi2, adx

/proc/cpuinfo:
processor	: 0
vendor_id	: GenuineIntel
cpu family	: 6
model		: 78
model name	: Intel(R) Core(TM) i5-6200U CPU @ 2.30GHz
stepping	: 3
microcode	: 0xffffffff
cpu MHz		: 2400.000
cache size	: 256 KB
physical id	: 0
siblings	: 4
core id		: 0
cpu cores	: 2
apicid		: 0
initial apicid	: 0
fpu		: yes
fpu_exception	: yes
cpuid level	: 6
wp		: yes
flags		: fpu vme de pse tsc msr pae mce cx8 apic sep mtrr pge mca cmov pat pse36 clflush dts acpi mmx fxsr sse sse2 ss ht tm pbe syscall nx pdpe1gb rdtscp lm pni pclmulqdq est tm2 ssse3 fma cx16 xtpr pdcm pcid sse4_1 sse4_2 movbe popcnt aes xsave osxsave avx f16c rdrand hypervisor
bogomips	: 4800.00
clflush size	: 64
cache_alignment	: 64
address sizes	: 36 bits physical, 48 bits virtual
power management:

processor	: 1
vendor_id	: GenuineIntel
cpu family	: 6
model		: 78
model name	: Intel(R) Core(TM) i5-6200U CPU @ 2.30GHz
stepping	: 3
microcode	: 0xffffffff
cpu MHz		: 2400.000
cache size	: 256 KB
physical id	: 0
siblings	: 4
core id		: 0
cpu cores	: 2
apicid		: 0
initial apicid	: 0
fpu		: yes
fpu_exception	: yes
cpuid level	: 6
wp		: yes
flags		: fpu vme de pse tsc msr pae mce cx8 apic sep mtrr pge mca cmov pat pse36 clflush dts acpi mmx fxsr sse sse2 ss ht tm pbe syscall nx pdpe1gb rdtscp lm pni pclmulqdq est tm2 ssse3 fma cx16 xtpr pdcm pcid sse4_1 sse4_2 movbe popcnt aes xsave osxsave avx f16c rdrand hypervisor
bogomips	: 4800.00
clflush size	: 64
cache_alignment	: 64
address sizes	: 36 bits physical, 48 bits virtual
power management:

processor	: 2
vendor_id	: GenuineIntel
cpu family	: 6
model		: 78
model name	: Intel(R) Core(TM) i5-6200U CPU @ 2.30GHz
stepping	: 3
microcode	: 0xffffffff
cpu MHz		: 2400.000
cache size	: 256 KB
physical id	: 0
siblings	: 4
core id		: 1
cpu cores	: 2
apicid		: 0
initial apicid	: 0
fpu		: yes
fpu_exception	: yes
cpuid level	: 6
wp		: yes
flags		: fpu vme de pse tsc msr pae mce cx8 apic sep mtrr pge mca cmov pat pse36 clflush dts acpi mmx fxsr sse sse2 ss ht tm pbe syscall nx pdpe1gb rdtscp lm pni pclmulqdq est tm2 ssse3 fma cx16 xtpr pdcm pcid sse4_1 sse4_2 movbe popcnt aes xsave osxsave avx f16c rdrand hypervisor
bogomips	: 4800.00
clflush size	: 64
cache_alignment	: 64
address sizes	: 36 bits physical, 48 bits virtual
power management:

processor	: 3
vendor_id	: GenuineIntel
cpu family	: 6
model		: 78
model name	: Intel(R) Core(TM) i5-6200U CPU @ 2.30GHz
stepping	: 3
microcode	: 0xffffffff
cpu MHz		: 2400.000
cache size	: 256 KB
physical id	: 0
siblings	: 4
core id		: 1
cpu cores	: 2
apicid		: 0
initial apicid	: 0
fpu		: yes
fpu_exception	: yes
cpuid level	: 6
wp		: yes
flags		: fpu vme de pse tsc msr pae mce cx8 apic sep mtrr pge mca cmov pat pse36 clflush dts acpi mmx fxsr sse sse2 ss ht tm pbe syscall nx pdpe1gb rdtscp lm pni pclmulqdq est tm2 ssse3 fma cx16 xtpr pdcm pcid sse4_1 sse4_2 movbe popcnt aes xsave osxsave avx f16c rdrand hypervisor
bogomips	: 4800.00
clflush size	: 64
cache_alignment	: 64
address sizes	: 36 bits physical, 48 bits virtual
power management:



Memory: 4k page, physical 8233460k(188152k free), swap 15465852k(11990040k free)

vm_info: OpenJDK 64-Bit Server VM (25.191-b12) for linux-amd64 JRE (1.8.0_191-8u191-b12-2ubuntu0.18.04.1-b12), built on Jan 14 2019 21:02:00 by "buildd" with gcc 7.3.0

time: Wed Nov 13 14:15:41 2019
elapsed time: 1008 seconds (0d 0h 16m 48s)

