#
# A fatal error has been detected by the Java Runtime Environment:
#
#  SIGSEGV (0xb) at pc=0x00007fafd398a91c, pid=30502, tid=0x00007fafab1f0700
#
# JRE version: OpenJDK Runtime Environment (8.0_191-b12) (build 1.8.0_191-8u191-b12-2ubuntu0.18.04.1-b12)
# Java VM: OpenJDK 64-Bit Server VM (25.191-b12 mixed mode linux-amd64 compressed oops)
# Problematic frame:
# V  [libjvm.so+0x97a91c]
#
# Failed to write core dump. Core dumps have been disabled. To enable core dumping, try "ulimit -c unlimited" before starting Java again
#
# If you would like to submit a bug report, please visit:
#   http://bugreport.java.com/bugreport/crash.jsp
#

---------------  T H R E A D  ---------------

Current thread (0x00007fafcc0bb800):  JavaThread "C2 CompilerThread0" daemon [_thread_in_native, id=31212, stack(0x00007fafab0f1000,0x00007fafab1f1000)]

siginfo: si_signo: 11 (SIGSEGV), si_code: 2 (SEGV_ACCERR), si_addr: 0x00007faf959e7000

Registers:
RAX=0x00007faf959e7000, RBX=0x0000000000000644, RCX=0x0000000000000000, RDX=0x00007faf959e6590
RSP=0x00007fafab1ec5c0, RBP=0x00007fafab1ec7b0, RSI=0x00007faf959e7010, RDI=0x00007faf959e6510
R8 =0x0000000000000000, R9 =0x00000000000083b1, R10=0x0000000000000001, R11=0x0000000000000015
R12=0x00007fafab1ec840, R13=0x000000000000015e, R14=0x0000000000000160, R15=0x000000000000015e
RIP=0x00007fafd398a91c, EFLAGS=0x0000000000010202, CSGSFS=0x00000053002b0033, ERR=0x0000000000000000
  TRAPNO=0x0000000000000000

Top of Stack: (sp=0x00007fafab1ec5c0)
0x00007fafab1ec5c0:   0000000700000000 00007faf956de2b8
0x00007fafab1ec5d0:   00000000000003d8 00000000000f423f
0x00007fafab1ec5e0:   ffffffff00000001 0000000000000000
0x00007fafab1ec5f0:   00007fafab1ec730 00007faf940471c0
0x00007fafab1ec600:   00007faf94047598 00007fafab1ec710
0x00007fafab1ec610:   00007faf94322970 00007faf940471b0
0x00007fafab1ec620:   00007fafab1ec6d0 00007faf9482bbd0
0x00007fafab1ec630:   00007faf9494ba80 00007faf00000008
0x00007fafab1ec640:   00007faf94322660 00007faf00000015
0x00007fafab1ec650:   00007faf94322b68 00007faf00000015
0x00007fafab1ec660:   00007fafab1ec6d0 445ad1af6c51c900
0x00007fafab1ec670:   00007faf942f5c90 00007faf9494bac0
0x00007fafab1ec680:   0000000000000000 00007faf942f51a0
0x00007fafab1ec690:   000000000000015e 00007faf94308930
0x00007fafab1ec6a0:   ffffffff0000015d 000000000000015e
0x00007fafab1ec6b0:   0101010101010101 0101010101010101
0x00007fafab1ec6c0:   0000000000000af0 0000000000003210
0x00007fafab1ec6d0:   fffffffffffffe9f 00007fafab1ecb40
0x00007fafab1ec6e0:   00007faf942f8950 00007fafab1ec840
0x00007fafab1ec6f0:   fffffffffffff50f 0000000000000af0
0x00007fafab1ec700:   00007faf942f0960 000014bc0000015e
0x00007fafab1ec710:   000014bc0000015e 00007fafab1ec840
0x00007fafab1ec720:   00007faf0000000f 00007faf94318910
0x00007fafab1ec730:   000014bc00000000 00007fafab1ec840
0x00007fafab1ec740:   00007faf0000000f 00007faf94310920
0x00007fafab1ec750:   00007fafd3f3aa10 00007fafcc0bc090
0x00007fafab1ec760:   00007faf00000015 00007faf948f0288
0x00007fafab1ec770:   00007faf94009d38 445ad1af6c51c900
0x00007fafab1ec780:   00007fafab1ec810 00007fafab1ec870
0x00007fafab1ec790:   00007fafab1ec8e0 00007fafab1ec8a0
0x00007fafab1ec7a0:   00007fafab1eeef0 00007fafab1ecb40
0x00007fafab1ec7b0:   00007fafab1eca40 00007fafd33ef2b8 

Instructions: (pc=0x00007fafd398a91c)
0x00007fafd398a8fc:   45 31 d2 45 89 eb 48 8d 14 f7 48 01 c6 41 c1 eb
0x00007fafd398a90c:   04 0f 1f 00 41 83 c2 01 48 83 ea 80 48 83 c6 10
0x00007fafd398a91c:   0f 29 4e f0 0f 11 42 80 0f 11 42 90 0f 11 42 a0
0x00007fafd398a92c:   0f 11 42 b0 0f 11 42 c0 0f 11 42 d0 0f 11 42 e0 

Register to memory mapping:

RAX=0x00007faf959e7000 is an unknown value
RBX=0x0000000000000644 is an unknown value
RCX=0x0000000000000000 is an unknown value
RDX=0x00007faf959e6590 is an unknown value
RSP=0x00007fafab1ec5c0 is pointing into the stack for thread: 0x00007fafcc0bb800
RBP=0x00007fafab1ec7b0 is pointing into the stack for thread: 0x00007fafcc0bb800
RSI=0x00007faf959e7010 is an unknown value
RDI=0x00007faf959e6510 is an unknown value
R8 =0x0000000000000000 is an unknown value
R9 =0x00000000000083b1 is an unknown value
R10=0x0000000000000001 is an unknown value
R11=0x0000000000000015 is an unknown value
R12=0x00007fafab1ec840 is pointing into the stack for thread: 0x00007fafcc0bb800
R13=0x000000000000015e is an unknown value
R14=0x0000000000000160 is an unknown value
R15=0x000000000000015e is an unknown value


Stack: [0x00007fafab0f1000,0x00007fafab1f1000],  sp=0x00007fafab1ec5c0,  free space=1005k
Native frames: (J=compiled Java code, j=interpreted, Vv=VM code, C=native code)
V  [libjvm.so+0x97a91c]
V  [libjvm.so+0x3df2b8]
V  [libjvm.so+0x478448]
V  [libjvm.so+0x47948b]
V  [libjvm.so+0x3c08da]
V  [libjvm.so+0x48487b]
V  [libjvm.so+0x486b58]
V  [libjvm.so+0xa4fd93]
V  [libjvm.so+0xa501c2]
V  [libjvm.so+0x8ea992]
C  [libpthread.so.0+0x76db]  start_thread+0xdb


Current CompileTask:
C2:1008119 1088   !   4       gc.WeakReference::send (199 bytes)


---------------  P R O C E S S  ---------------

Java Threads: ( => current thread )
  0x00007faf50003800 JavaThread "Thread-13" [_thread_blocked, id=1517, stack(0x00007fafa9a90000,0x00007fafa9b91000)]
  0x00007faf78009800 JavaThread "Handler Loop 3" [_thread_in_native, id=1502, stack(0x00007fafa9ba0000,0x00007fafa9ca1000)]
  0x00007faf78005800 JavaThread "gc.serverGC.GCAgent$State" [_thread_blocked, id=32406, stack(0x00007fafa9cb0000,0x00007fafa9db1000)]
  0x00007faf78003000 JavaThread "wwc.messaging.WWCSystem$State" [_thread_blocked, id=32404, stack(0x00007fafa9dc0000,0x00007fafa9ec1000)]
  0x00007fafcc00b000 JavaThread "DestroyJavaVM" [_thread_blocked, id=30608, stack(0x00007fafd4d21000,0x00007fafd4e21000)]
  0x00007faf74007800 JavaThread "wwc.resources.StandardInput$State" [_thread_blocked, id=31869, stack(0x00007fafa9fe0000,0x00007fafaa0e1000)]
  0x00007faf74004000 JavaThread "wwc.resources.StandardError$State" [_thread_blocked, id=31855, stack(0x00007fafaa0f0000,0x00007fafaa1f1000)]
  0x00007faf74003000 JavaThread "wwc.resources.StandardOutput$State" [_thread_blocked, id=31839, stack(0x00007fafaa200000,0x00007fafaa301000)]
  0x00007fafcc184000 JavaThread "examples.chat.Speaker$State" [_thread_blocked, id=31818, stack(0x00007fafaa310000,0x00007fafaa411000)]
  0x00007fafcc182800 JavaThread "RunTime Exit Thead" daemon [_thread_blocked, id=31807, stack(0x00007fafaa420000,0x00007fafaa521000)]
  0x00007fafcc16f800 JavaThread "Clear Socket Thread" [_thread_blocked, id=31527, stack(0x00007fafaa530000,0x00007fafaa631000)]
  0x00007fafcc16d800 JavaThread "Listen Loop Thread" [_thread_in_native, id=31510, stack(0x00007fafaa640000,0x00007fafaa741000)]
  0x00007fafcc0c3000 JavaThread "Service Thread" daemon [_thread_blocked, id=31361, stack(0x00007fafaadc0000,0x00007fafaaec1000)]
  0x00007fafcc0c0000 JavaThread "C1 CompilerThread2" daemon [_thread_blocked, id=31317, stack(0x00007fafaaed1000,0x00007fafaafd1000)]
  0x00007fafcc0be800 JavaThread "C2 CompilerThread1" daemon [_thread_blocked, id=31265, stack(0x00007fafaafe1000,0x00007fafab0e1000)]
=>0x00007fafcc0bb800 JavaThread "C2 CompilerThread0" daemon [_thread_in_native, id=31212, stack(0x00007fafab0f1000,0x00007fafab1f1000)]
  0x00007fafcc0ba000 JavaThread "Signal Dispatcher" daemon [_thread_blocked, id=31168, stack(0x00007fafab200000,0x00007fafab301000)]
  0x00007fafcc085000 JavaThread "Finalizer" daemon [_thread_blocked, id=31029, stack(0x00007fafab640000,0x00007fafab741000)]
  0x00007fafcc082800 JavaThread "Reference Handler" daemon [_thread_blocked, id=30990, stack(0x00007fafab750000,0x00007fafab851000)]

Other Threads:
  0x00007fafcc079000 VMThread [stack: 0x00007fafab861000,0x00007fafab961000] [id=30913]
  0x00007fafcc0c5800 WatcherThread [stack: 0x00007fafaacb1000,0x00007fafaadb1000] [id=31381]

VM state:not at safepoint (normal execution)

VM Mutex/Monitor currently owned by a thread: None

Heap:
 PSYoungGen      total 37888K, used 0K [0x00000000d6180000, 0x00000000d8b80000, 0x0000000100000000)
  eden space 32768K, 0% used [0x00000000d6180000,0x00000000d6180000,0x00000000d8180000)
  from space 5120K, 0% used [0x00000000d8180000,0x00000000d8180000,0x00000000d8680000)
  to   space 5120K, 0% used [0x00000000d8680000,0x00000000d8680000,0x00000000d8b80000)
 ParOldGen       total 86016K, used 2718K [0x0000000082400000, 0x0000000087800000, 0x00000000d6180000)
  object space 86016K, 3% used [0x0000000082400000,0x00000000826a7ae0,0x0000000087800000)
 Metaspace       used 5833K, capacity 6014K, committed 6144K, reserved 1056768K
  class space    used 596K, capacity 695K, committed 768K, reserved 1048576K

Card table byte_map: [0x00007fafd0e40000,0x00007fafd122f000] byte_map_base: 0x00007fafd0a2e000

Marking Bits: (ParMarkBitMap*) 0x00007fafd3f79340
 Begin Bits: [0x00007fafb9120000, 0x00007fafbb090000)
 End Bits:   [0x00007fafbb090000, 0x00007fafbd000000)

Polling page: 0x00007fafd4eb0000

CodeCache: size=245760Kb used=3905Kb max_used=4520Kb free=241854Kb
 bounds [0x00007fafbd000000, 0x00007fafbd490000, 0x00007fafcc000000]
 total_blobs=1161 nmethods=874 adapters=202
 compilation: enabled

Compilation events (10 events):
Event: 886.305 Thread 0x00007fafcc0be800 nmethod 1083 0x00007fafbd139610 code [0x00007fafbd139780, 0x00007fafbd139b48]
Event: 932.113 Thread 0x00007fafcc0be800 1084       4       java.io.ObjectStreamClass::computeFieldOffsets (307 bytes)
Event: 932.127 Thread 0x00007fafcc0be800 nmethod 1084 0x00007fafbd1ed590 code [0x00007fafbd1ed800, 0x00007fafbd1eda38]
Event: 937.652 Thread 0x00007fafcc0be800 1085       4       java.io.ObjectInputStream$BlockDataInputStream::readLong (76 bytes)
Event: 937.658 Thread 0x00007fafcc0be800 nmethod 1085 0x00007fafbd1c4990 code [0x00007fafbd1c4b00, 0x00007fafbd1c4cc8]
Event: 945.664 Thread 0x00007fafcc0be800 1086       4       java.io.ObjectInputStream$GetFieldImpl::get (67 bytes)
Event: 945.694 Thread 0x00007fafcc0be800 nmethod 1086 0x00007fafbd1a2950 code [0x00007fafbd1a2b40, 0x00007fafbd1a3428]
Event: 947.158 Thread 0x00007fafcc0c0000 1087       3       gc.serverGC.SLocalPRID::snapshotUALReg (77 bytes)
Event: 947.161 Thread 0x00007fafcc0c0000 nmethod 1087 0x00007fafbd286b90 code [0x00007fafbd286da0, 0x00007fafbd287a68]
Event: 973.585 Thread 0x00007fafcc0bb800 1088   !   4       gc.WeakReference::send (199 bytes)

GC Heap History (10 events):
Event: 972.806 GC heap after
Heap after GC invocations=430 (full 215):
 PSYoungGen      total 37888K, used 0K [0x00000000d6180000, 0x00000000d8b80000, 0x0000000100000000)
  eden space 32768K, 0% used [0x00000000d6180000,0x00000000d6180000,0x00000000d8180000)
  from space 5120K, 0% used [0x00000000d8180000,0x00000000d8180000,0x00000000d8680000)
  to   space 5120K, 0% used [0x00000000d8680000,0x00000000d8680000,0x00000000d8b80000)
 ParOldGen       total 86016K, used 2708K [0x0000000082400000, 0x0000000087800000, 0x00000000d6180000)
  object space 86016K, 3% used [0x0000000082400000,0x00000000826a5238,0x0000000087800000)
 Metaspace       used 5833K, capacity 6014K, committed 6144K, reserved 1056768K
  class space    used 596K, capacity 695K, committed 768K, reserved 1048576K
}
Event: 979.369 GC heap before
{Heap before GC invocations=431 (full 215):
 PSYoungGen      total 37888K, used 3823K [0x00000000d6180000, 0x00000000d8b80000, 0x0000000100000000)
  eden space 32768K, 11% used [0x00000000d6180000,0x00000000d653bc40,0x00000000d8180000)
  from space 5120K, 0% used [0x00000000d8180000,0x00000000d8180000,0x00000000d8680000)
  to   space 5120K, 0% used [0x00000000d8680000,0x00000000d8680000,0x00000000d8b80000)
 ParOldGen       total 86016K, used 2708K [0x0000000082400000, 0x0000000087800000, 0x00000000d6180000)
  object space 86016K, 3% used [0x0000000082400000,0x00000000826a5238,0x0000000087800000)
 Metaspace       used 5833K, capacity 6014K, committed 6144K, reserved 1056768K
  class space    used 596K, capacity 695K, committed 768K, reserved 1048576K
Event: 980.915 GC heap after
Heap after GC invocations=431 (full 215):
 PSYoungGen      total 37888K, used 32K [0x00000000d6180000, 0x00000000d8b80000, 0x0000000100000000)
  eden space 32768K, 0% used [0x00000000d6180000,0x00000000d6180000,0x00000000d8180000)
  from space 5120K, 0% used [0x00000000d8680000,0x00000000d8688000,0x00000000d8b80000)
  to   space 5120K, 0% used [0x00000000d8180000,0x00000000d8180000,0x00000000d8680000)
 ParOldGen       total 86016K, used 2708K [0x0000000082400000, 0x0000000087800000, 0x00000000d6180000)
  object space 86016K, 3% used [0x0000000082400000,0x00000000826a5238,0x0000000087800000)
 Metaspace       used 5833K, capacity 6014K, committed 6144K, reserved 1056768K
  class space    used 596K, capacity 695K, committed 768K, reserved 1048576K
}
Event: 980.915 GC heap before
{Heap before GC invocations=432 (full 216):
 PSYoungGen      total 37888K, used 32K [0x00000000d6180000, 0x00000000d8b80000, 0x0000000100000000)
  eden space 32768K, 0% used [0x00000000d6180000,0x00000000d6180000,0x00000000d8180000)
  from space 5120K, 0% used [0x00000000d8680000,0x00000000d8688000,0x00000000d8b80000)
  to   space 5120K, 0% used [0x00000000d8180000,0x00000000d8180000,0x00000000d8680000)
 ParOldGen       total 86016K, used 2708K [0x0000000082400000, 0x0000000087800000, 0x00000000d6180000)
  object space 86016K, 3% used [0x0000000082400000,0x00000000826a5238,0x0000000087800000)
 Metaspace       used 5833K, capacity 6014K, committed 6144K, reserved 1056768K
  class space    used 596K, capacity 695K, committed 768K, reserved 1048576K
Event: 986.284 GC heap after
Heap after GC invocations=432 (full 216):
 PSYoungGen      total 37888K, used 0K [0x00000000d6180000, 0x00000000d8b80000, 0x0000000100000000)
  eden space 32768K, 0% used [0x00000000d6180000,0x00000000d6180000,0x00000000d8180000)
  from space 5120K, 0% used [0x00000000d8680000,0x00000000d8680000,0x00000000d8b80000)
  to   space 5120K, 0% used [0x00000000d8180000,0x00000000d8180000,0x00000000d8680000)
 ParOldGen       total 86016K, used 2718K [0x0000000082400000, 0x0000000087800000, 0x00000000d6180000)
  object space 86016K, 3% used [0x0000000082400000,0x00000000826a7ae0,0x0000000087800000)
 Metaspace       used 5833K, capacity 6014K, committed 6144K, reserved 1056768K
  class space    used 596K, capacity 695K, committed 768K, reserved 1048576K
}
Event: 996.734 GC heap before
{Heap before GC invocations=433 (full 216):
 PSYoungGen      total 37888K, used 1310K [0x00000000d6180000, 0x00000000d8b80000, 0x0000000100000000)
  eden space 32768K, 3% used [0x00000000d6180000,0x00000000d62c7ae0,0x00000000d8180000)
  from space 5120K, 0% used [0x00000000d8680000,0x00000000d8680000,0x00000000d8b80000)
  to   space 5120K, 0% used [0x00000000d8180000,0x00000000d8180000,0x00000000d8680000)
 ParOldGen       total 86016K, used 2718K [0x0000000082400000, 0x0000000087800000, 0x00000000d6180000)
  object space 86016K, 3% used [0x0000000082400000,0x00000000826a7ae0,0x0000000087800000)
 Metaspace       used 5833K, capacity 6014K, committed 6144K, reserved 1056768K
  class space    used 596K, capacity 695K, committed 768K, reserved 1048576K
Event: 996.795 GC heap after
Heap after GC invocations=433 (full 216):
 PSYoungGen      total 37888K, used 0K [0x00000000d6180000, 0x00000000d8b80000, 0x0000000100000000)
  eden space 32768K, 0% used [0x00000000d6180000,0x00000000d6180000,0x00000000d8180000)
  from space 5120K, 0% used [0x00000000d8180000,0x00000000d8180000,0x00000000d8680000)
  to   space 5120K, 0% used [0x00000000d8680000,0x00000000d8680000,0x00000000d8b80000)
 ParOldGen       total 86016K, used 2718K [0x0000000082400000, 0x0000000087800000, 0x00000000d6180000)
  object space 86016K, 3% used [0x0000000082400000,0x00000000826a7ae0,0x0000000087800000)
 Metaspace       used 5833K, capacity 6014K, committed 6144K, reserved 1056768K
  class space    used 596K, capacity 695K, committed 768K, reserved 1048576K
}
Event: 996.795 GC heap before
{Heap before GC invocations=434 (full 217):
 PSYoungGen      total 37888K, used 0K [0x00000000d6180000, 0x00000000d8b80000, 0x0000000100000000)
  eden space 32768K, 0% used [0x00000000d6180000,0x00000000d6180000,0x00000000d8180000)
  from space 5120K, 0% used [0x00000000d8180000,0x00000000d8180000,0x00000000d8680000)
  to   space 5120K, 0% used [0x00000000d8680000,0x00000000d8680000,0x00000000d8b80000)
 ParOldGen       total 86016K, used 2718K [0x0000000082400000, 0x0000000087800000, 0x00000000d6180000)
  object space 86016K, 3% used [0x0000000082400000,0x00000000826a7ae0,0x0000000087800000)
 Metaspace       used 5833K, capacity 6014K, committed 6144K, reserved 1056768K
  class space    used 596K, capacity 695K, committed 768K, reserved 1048576K
Event: 1000.346 GC heap after
Heap after GC invocations=434 (full 217):
 PSYoungGen      total 37888K, used 0K [0x00000000d6180000, 0x00000000d8b80000, 0x0000000100000000)
  eden space 32768K, 0% used [0x00000000d6180000,0x00000000d6180000,0x00000000d8180000)
  from space 5120K, 0% used [0x00000000d8180000,0x00000000d8180000,0x00000000d8680000)
  to   space 5120K, 0% used [0x00000000d8680000,0x00000000d8680000,0x00000000d8b80000)
 ParOldGen       total 86016K, used 2718K [0x0000000082400000, 0x0000000087800000, 0x00000000d6180000)
  object space 86016K, 3% used [0x0000000082400000,0x00000000826a7ae0,0x0000000087800000)
 Metaspace       used 5833K, capacity 6014K, committed 6144K, reserved 1056768K
  class space    used 596K, capacity 695K, committed 768K, reserved 1048576K
}
Event: 1002.740 GC heap before
{Heap before GC invocations=435 (full 217):
 PSYoungGen      total 37888K, used 1310K [0x00000000d6180000, 0x00000000d8b80000, 0x0000000100000000)
  eden space 32768K, 3% used [0x00000000d6180000,0x00000000d62c7ae0,0x00000000d8180000)
  from space 5120K, 0% used [0x00000000d8180000,0x00000000d8180000,0x00000000d8680000)
  to   space 5120K, 0% used [0x00000000d8680000,0x00000000d8680000,0x00000000d8b80000)
 ParOldGen       total 86016K, used 2718K [0x0000000082400000, 0x0000000087800000, 0x00000000d6180000)
  object space 86016K, 3% used [0x0000000082400000,0x00000000826a7ae0,0x0000000087800000)
 Metaspace       used 5833K, capacity 6014K, committed 6144K, reserved 1056768K
  class space    used 596K, capacity 695K, committed 768K, reserved 1048576K

Deoptimization events (10 events):
Event: 404.971 Thread 0x00007faf78007800 Uncommon trap: reason=unstable_if action=reinterpret pc=0x00007fafbd349874 method=java.io.ObjectInputStream.readSerialData(Ljava/lang/Object;Ljava/io/ObjectStreamClass;)V @ 84
Event: 404.971 Thread 0x00007faf78007800 Uncommon trap: reason=unstable_if action=reinterpret pc=0x00007fafbd232ccc method=java.io.ObjectStreamClass.hasReadResolveMethod()Z @ 8
Event: 405.029 Thread 0x00007fafcc184000 Uncommon trap: reason=unstable_if action=reinterpret pc=0x00007fafbd383630 method=java.lang.reflect.Method.invoke(Ljava/lang/Object;[Ljava/lang/Object;)Ljava/lang/Object; @ 45
Event: 476.501 Thread 0x00007faf78009800 Uncommon trap: reason=unstable_if action=reinterpret pc=0x00007fafbd2f87d4 method=java.io.ObjectInputStream.readNonProxyDesc(Z)Ljava/io/ObjectStreamClass; @ 133
Event: 477.464 Thread 0x00007faf50004800 Uncommon trap: reason=unstable_if action=reinterpret pc=0x00007fafbd3e7bd4 method=java.io.ObjectStreamClass.writeNonProxy(Ljava/io/ObjectOutputStream;)V @ 142
Event: 765.132 Thread 0x00007fafcc184000 Uncommon trap: reason=predicate action=maybe_recompile pc=0x00007fafbd3697ac method=java.util.Arrays.fill([Ljava/lang/Object;IILjava/lang/Object;)V @ 16
Event: 787.489 Thread 0x00007fafcc184000 Uncommon trap: reason=array_check action=maybe_recompile pc=0x00007fafbd133a6c method=java.util.Arrays.fill([Ljava/lang/Object;IILjava/lang/Object;)V @ 20
Event: 787.633 Thread 0x00007fafcc184000 Uncommon trap: reason=array_check action=maybe_recompile pc=0x00007fafbd133a6c method=java.util.Arrays.fill([Ljava/lang/Object;IILjava/lang/Object;)V @ 20
Event: 787.748 Thread 0x00007fafcc184000 Uncommon trap: reason=array_check action=maybe_recompile pc=0x00007fafbd133a6c method=java.util.Arrays.fill([Ljava/lang/Object;IILjava/lang/Object;)V @ 20
Event: 787.845 Thread 0x00007fafcc184000 Uncommon trap: reason=array_check action=maybe_recompile pc=0x00007fafbd133a6c method=java.util.Arrays.fill([Ljava/lang/Object;IILjava/lang/Object;)V @ 20

Classes redefined (0 events):
No events

Internal exceptions (10 events):
Event: 304.327 Thread 0x00007faf74003000 Exception <a 'java/lang/IllegalArgumentException': argument type mismatch> (0x00000000d62d6420) thrown at [/build/openjdk-8-5w_p1G/openjdk-8-8u191-b12/src/hotspot/src/share/vm/runtime/reflection.cpp, line 201]
Event: 304.327 Thread 0x00007faf74003000 Exception <a 'java/lang/IllegalArgumentException': argument type mismatch> (0x00000000d62d6698) thrown at [/build/openjdk-8-5w_p1G/openjdk-8-8u191-b12/src/hotspot/src/share/vm/runtime/reflection.cpp, line 201]
Event: 304.384 Thread 0x00007faf74003000 Exception <a 'java/lang/IllegalArgumentException': argument type mismatch> (0x00000000d62dc000) thrown at [/build/openjdk-8-5w_p1G/openjdk-8-8u191-b12/src/hotspot/src/share/vm/runtime/reflection.cpp, line 201]
Event: 304.384 Thread 0x00007faf74003000 Exception <a 'java/lang/IllegalArgumentException': argument type mismatch> (0x00000000d62debc8) thrown at [/build/openjdk-8-5w_p1G/openjdk-8-8u191-b12/src/hotspot/src/share/vm/runtime/reflection.cpp, line 201]
Event: 304.385 Thread 0x00007faf74003000 Exception <a 'java/lang/IllegalArgumentException': argument type mismatch> (0x00000000d62e1858) thrown at [/build/openjdk-8-5w_p1G/openjdk-8-8u191-b12/src/hotspot/src/share/vm/runtime/reflection.cpp, line 201]
Event: 304.386 Thread 0x00007faf74003000 Exception <a 'java/lang/IllegalArgumentException': argument type mismatch> (0x00000000d62e45a8) thrown at [/build/openjdk-8-5w_p1G/openjdk-8-8u191-b12/src/hotspot/src/share/vm/runtime/reflection.cpp, line 201]
Event: 404.049 Thread 0x00007faf78007800 Implicit null exception at 0x00007fafbd286d45 to 0x00007fafbd286e83
Event: 404.050 Thread 0x00007faf78007800 Implicit null exception at 0x00007fafbd3b5476 to 0x00007fafbd3b584a
Event: 404.050 Thread 0x00007faf78007800 Exception <a 'java/lang/NoSuchMethodError': <clinit>> (0x00000000d6189de0) thrown at [/build/openjdk-8-5w_p1G/openjdk-8-8u191-b12/src/hotspot/src/share/vm/prims/jni.cpp, line 1613]
Event: 405.029 Thread 0x00007fafcc184000 Implicit null exception at 0x00007fafbd383598 to 0x00007fafbd383616

Events (10 events):
Event: 967.465 Executing VM operation: ParallelGCSystemGC done
Event: 970.104 Executing VM operation: ParallelGCSystemGC
Event: 970.260 Executing VM operation: ParallelGCSystemGC done
Event: 972.648 Executing VM operation: ParallelGCSystemGC
Event: 972.806 Executing VM operation: ParallelGCSystemGC done
Event: 979.369 Executing VM operation: ParallelGCSystemGC
Event: 986.285 Executing VM operation: ParallelGCSystemGC done
Event: 996.734 Executing VM operation: ParallelGCSystemGC
Event: 1000.346 Executing VM operation: ParallelGCSystemGC done
Event: 1002.739 Executing VM operation: ParallelGCSystemGC


Dynamic libraries:
82400000-87800000 rw-p 00000000 00:00 0
87800000-d6180000 ---p 00000000 00:00 0
d6180000-d8b80000 rw-p 00000000 00:00 0
d8b80000-100000000 ---p 00000000 00:00 0
100000000-1000c0000 rw-p 00000000 00:00 0
1000c0000-140000000 ---p 00000000 00:00 0
7faf50000000-7faf50021000 rw-p 00000000 00:00 0
7faf50021000-7faf54000000 ---p 00000000 00:00 0
7faf54000000-7faf54021000 rw-p 00000000 00:00 0
7faf54021000-7faf58000000 ---p 00000000 00:00 0
7faf58000000-7faf58021000 rw-p 00000000 00:00 0
7faf58021000-7faf5c000000 ---p 00000000 00:00 0
7faf5c000000-7faf5c021000 rw-p 00000000 00:00 0
7faf5c021000-7faf60000000 ---p 00000000 00:00 0
7faf60000000-7faf60021000 rw-p 00000000 00:00 0
7faf60021000-7faf64000000 ---p 00000000 00:00 0
7faf64000000-7faf64021000 rw-p 00000000 00:00 0
7faf64021000-7faf68000000 ---p 00000000 00:00 0
7faf68000000-7faf68021000 rw-p 00000000 00:00 0
7faf68021000-7faf6c000000 ---p 00000000 00:00 0
7faf6c000000-7faf6c021000 rw-p 00000000 00:00 0
7faf6c021000-7faf70000000 ---p 00000000 00:00 0
7faf70000000-7faf70021000 rw-p 00000000 00:00 0
7faf70021000-7faf74000000 ---p 00000000 00:00 0
7faf74000000-7faf7402f000 rw-p 00000000 00:00 0
7faf7402f000-7faf78000000 ---p 00000000 00:00 0
7faf78000000-7faf78021000 rw-p 00000000 00:00 0
7faf78021000-7faf7c000000 ---p 00000000 00:00 0
7faf7c000000-7faf7c021000 rw-p 00000000 00:00 0
7faf7c021000-7faf80000000 ---p 00000000 00:00 0
7faf80000000-7faf80021000 rw-p 00000000 00:00 0
7faf80021000-7faf84000000 ---p 00000000 00:00 0
7faf84000000-7faf84021000 rw-p 00000000 00:00 0
7faf84021000-7faf88000000 ---p 00000000 00:00 0
7faf88000000-7faf8984e000 rw-p 00000000 00:00 0
7faf8984e000-7faf8c000000 ---p 00000000 00:00 0
7faf8c000000-7faf8c413000 rw-p 00000000 00:00 0
7faf8c413000-7faf90000000 ---p 00000000 00:00 0
7faf90000000-7faf90021000 rw-p 00000000 00:00 0
7faf90021000-7faf94000000 ---p 00000000 00:00 0
7faf94000000-7faf959ed000 rw-p 00000000 00:00 0
7faf959ed000-7faf98000000 ---p 00000000 00:00 0
7faf98000000-7faf98021000 rw-p 00000000 00:00 0
7faf98021000-7faf9c000000 ---p 00000000 00:00 0
7faf9c000000-7faf9c021000 rw-p 00000000 00:00 0
7faf9c021000-7fafa0000000 ---p 00000000 00:00 0
7fafa0000000-7fafa002b000 rw-p 00000000 00:00 0
7fafa002b000-7fafa4000000 ---p 00000000 00:00 0
7fafa4000000-7fafa4021000 rw-p 00000000 00:00 0
7fafa4021000-7fafa8000000 ---p 00000000 00:00 0
7fafa9a90000-7fafa9a93000 ---p 00000000 00:00 0
7fafa9a93000-7fafa9b91000 rw-p 00000000 00:00 0
7fafa9ba0000-7fafa9ba3000 ---p 00000000 00:00 0
7fafa9ba3000-7fafa9ca1000 rw-p 00000000 00:00 0
7fafa9cb0000-7fafa9cb3000 ---p 00000000 00:00 0
7fafa9cb3000-7fafa9db1000 rw-p 00000000 00:00 0
7fafa9dc0000-7fafa9dc3000 ---p 00000000 00:00 0
7fafa9dc3000-7fafa9ec1000 rw-p 00000000 00:00 0
7fafa9ed0000-7fafa9ed3000 ---p 00000000 00:00 0
7fafa9ed3000-7fafa9fd1000 rw-p 00000000 00:00 0
7fafa9fe0000-7fafa9fe3000 ---p 00000000 00:00 0
7fafa9fe3000-7fafaa0e1000 rw-p 00000000 00:00 0
7fafaa0f0000-7fafaa0f3000 ---p 00000000 00:00 0
7fafaa0f3000-7fafaa1f1000 rw-p 00000000 00:00 0
7fafaa200000-7fafaa203000 ---p 00000000 00:00 0
7fafaa203000-7fafaa301000 rw-p 00000000 00:00 0
7fafaa310000-7fafaa313000 ---p 00000000 00:00 0
7fafaa313000-7fafaa411000 rw-p 00000000 00:00 0
7fafaa420000-7fafaa423000 ---p 00000000 00:00 0
7fafaa423000-7fafaa521000 rw-p 00000000 00:00 0
7fafaa530000-7fafaa533000 ---p 00000000 00:00 0
7fafaa533000-7fafaa631000 rw-p 00000000 00:00 0
7fafaa640000-7fafaa643000 ---p 00000000 00:00 0
7fafaa643000-7fafaa741000 rw-p 00000000 00:00 0
7fafaa750000-7fafaaa51000 rw-p 00000000 00:00 0
7fafaaa60000-7fafaaa77000 r-xp 00000000 00:00 213561             /usr/lib/jvm/java-8-openjdk-amd64/jre/lib/amd64/libnet.so
7fafaaa77000-7fafaaa78000 ---p 00017000 00:00 213561             /usr/lib/jvm/java-8-openjdk-amd64/jre/lib/amd64/libnet.so
7fafaaa78000-7fafaac76000 ---p 00000018 00:00 213561             /usr/lib/jvm/java-8-openjdk-amd64/jre/lib/amd64/libnet.so
7fafaac76000-7fafaac77000 r--p 00016000 00:00 213561             /usr/lib/jvm/java-8-openjdk-amd64/jre/lib/amd64/libnet.so
7fafaac77000-7fafaac78000 rw-p 00017000 00:00 213561             /usr/lib/jvm/java-8-openjdk-amd64/jre/lib/amd64/libnet.so
7fafaac7a000-7fafaac95000 r--s 001d6000 00:00 43386              /usr/lib/jvm/java-8-openjdk-amd64/jre/lib/ext/nashorn.jar
7fafaac95000-7fafaacb0000 r--s 00394000 00:00 213588             /usr/lib/jvm/java-8-openjdk-amd64/jre/lib/ext/cldrdata.jar
7fafaacb0000-7fafaacb1000 ---p 00000000 00:00 0
7fafaacb1000-7fafaadb1000 rw-p 00000000 00:00 0
7fafaadc0000-7fafaadc3000 ---p 00000000 00:00 0
7fafaadc3000-7fafaaec1000 rw-p 00000000 00:00 0
7fafaaed0000-7fafaaed4000 ---p 00000000 00:00 0
7fafaaed4000-7fafaafd1000 rw-p 00000000 00:00 0
7fafaafe0000-7fafaafe4000 ---p 00000000 00:00 0
7fafaafe4000-7fafab0e1000 rw-p 00000000 00:00 0
7fafab0f0000-7fafab0f4000 ---p 00000000 00:00 0
7fafab0f4000-7fafab1f1000 rw-p 00000000 00:00 0
7fafab200000-7fafab203000 ---p 00000000 00:00 0
7fafab203000-7fafab301000 rw-p 00000000 00:00 0
7fafab301000-7fafab332000 r--p 00000000 00:00 1165083            /usr/lib/locale/C.UTF-8/LC_CTYPE
7fafab332000-7fafab4a5000 r--p 00000000 00:00 1165082            /usr/lib/locale/C.UTF-8/LC_COLLATE
7fafab4a5000-7fafab640000 r--p 00000000 00:00 1165094            /usr/lib/locale/locale-archive
7fafab640000-7fafab643000 ---p 00000000 00:00 0
7fafab643000-7fafab741000 rw-p 00000000 00:00 0
7fafab750000-7fafab753000 ---p 00000000 00:00 0
7fafab753000-7fafab851000 rw-p 00000000 00:00 0
7fafab860000-7fafab861000 ---p 00000000 00:00 0
7fafab861000-7fafab961000 rw-p 00000000 00:00 0
7fafab970000-7fafaba71000 rw-p 00000000 00:00 0
7fafaba80000-7fafabb81000 rw-p 00000000 00:00 0
7fafabb90000-7fafabc91000 rw-p 00000000 00:00 0
7fafabca0000-7fafabda1000 rw-p 00000000 00:00 0
7fafabdb0000-7fafabeb1000 rw-p 00000000 00:00 0
7fafabec0000-7fafabee1000 rw-p 00000000 00:00 0
7fafabef0000-7fafabff1000 rw-p 00000000 00:00 0
7fafac000000-7fafac021000 rw-p 00000000 00:00 0
7fafac021000-7fafb0000000 ---p 00000000 00:00 0
7fafb0000000-7fafb0021000 rw-p 00000000 00:00 0
7fafb0021000-7fafb4000000 ---p 00000000 00:00 0
7fafb4000000-7fafb4021000 rw-p 00000000 00:00 0
7fafb4021000-7fafb8000000 ---p 00000000 00:00 0
7fafb8010000-7fafb8031000 rw-p 00000000 00:00 0
7fafb8040000-7fafb8141000 rw-p 00000000 00:00 0
7fafb8150000-7fafb8171000 rw-p 00000000 00:00 0
7fafb8180000-7fafb8281000 rw-p 00000000 00:00 0
7fafb8290000-7fafb82b1000 rw-p 00000000 00:00 0
7fafb82c0000-7fafb83c1000 rw-p 00000000 00:00 0
7fafb83d0000-7fafb84d1000 rw-p 00000000 00:00 0
7fafb84e0000-7fafb85e1000 rw-p 00000000 00:00 0
7fafb85f0000-7fafb86f1000 rw-p 00000000 00:00 0
7fafb8700000-7fafb8801000 rw-p 00000000 00:00 0
7fafb8810000-7fafb8911000 rw-p 00000000 00:00 0
7fafb8920000-7fafb8e60000 rw-p 00000000 00:00 0
7fafb8e60000-7fafb9120000 ---p 00000000 00:00 0
7fafb9120000-7fafbd000000 rw-p 00000000 00:00 0
7fafbd000000-7fafbd490000 rwxp 00000000 00:00 0
7fafbd490000-7fafcc000000 ---p 00000000 00:00 0
7fafcc000000-7fafcc1c3000 rw-p 00000000 00:00 0
7fafcc1c3000-7fafd0000000 ---p 00000000 00:00 0
7fafd0010000-7fafd0031000 rw-p 00000000 00:00 0
7fafd0040000-7fafd0141000 rw-p 00000000 00:00 0
7fafd0150000-7fafd019e000 rw-p 00000000 00:00 0
7fafd01a1000-7fafd0370000 r--s 03c33000 00:00 213628             /usr/lib/jvm/java-8-openjdk-amd64/jre/lib/rt.jar
7fafd0370000-7fafd075e000 rw-p 00000000 00:00 0
7fafd0760000-7fafd0761000 ---p 00000000 00:00 0
7fafd0761000-7fafd0861000 rw-p 00000000 00:00 0
7fafd0870000-7fafd0871000 ---p 00000000 00:00 0
7fafd0871000-7fafd0971000 rw-p 00000000 00:00 0
7fafd0980000-7fafd0981000 ---p 00000000 00:00 0
7fafd0981000-7fafd0a81000 rw-p 00000000 00:00 0
7fafd0a90000-7fafd0a91000 ---p 00000000 00:00 0
7fafd0a91000-7fafd0b91000 rw-p 00000000 00:00 0
7fafd0ba0000-7fafd0bca000 rw-p 00000000 00:00 0
7fafd0bca000-7fafd0e3f000 ---p 00000000 00:00 0
7fafd0e40000-7fafd0e6a000 rw-p 00000000 00:00 0
7fafd0e6a000-7fafd10de000 ---p 00000000 00:00 0
7fafd10de000-7fafd10f4000 rw-p 00000000 00:00 0
7fafd10f4000-7fafd122e000 ---p 00000000 00:00 0
7fafd122e000-7fafd122f000 rw-p 00000000 00:00 0
7fafd1230000-7fafd1243000 rw-p 00000000 00:00 0
7fafd1243000-7fafd15f0000 ---p 00000000 00:00 0
7fafd15f0000-7fafd15f8000 r-xp 00000000 00:00 213569             /usr/lib/jvm/java-8-openjdk-amd64/jre/lib/amd64/libzip.so
7fafd15f8000-7fafd15f9000 ---p 00008000 00:00 213569             /usr/lib/jvm/java-8-openjdk-amd64/jre/lib/amd64/libzip.so
7fafd15f9000-7fafd17f7000 ---p 00000009 00:00 213569             /usr/lib/jvm/java-8-openjdk-amd64/jre/lib/amd64/libzip.so
7fafd17f7000-7fafd17f8000 r--p 00007000 00:00 213569             /usr/lib/jvm/java-8-openjdk-amd64/jre/lib/amd64/libzip.so
7fafd17f8000-7fafd17f9000 rw-p 00008000 00:00 213569             /usr/lib/jvm/java-8-openjdk-amd64/jre/lib/amd64/libzip.so
7fafd1800000-7fafd180b000 r-xp 00000000 00:00 1163848            /lib/x86_64-linux-gnu/libnss_files-2.27.so
7fafd180b000-7fafd180c000 ---p 0000b000 00:00 1163848            /lib/x86_64-linux-gnu/libnss_files-2.27.so
7fafd180c000-7fafd1a0a000 ---p 0000000c 00:00 1163848            /lib/x86_64-linux-gnu/libnss_files-2.27.so
7fafd1a0a000-7fafd1a0b000 r--p 0000a000 00:00 1163848            /lib/x86_64-linux-gnu/libnss_files-2.27.so
7fafd1a0b000-7fafd1a0c000 rw-p 0000b000 00:00 1163848            /lib/x86_64-linux-gnu/libnss_files-2.27.so
7fafd1a0c000-7fafd1a12000 rw-p 00000000 00:00 0
7fafd1a20000-7fafd1a37000 r-xp 00000000 00:00 1163842            /lib/x86_64-linux-gnu/libnsl-2.27.so
7fafd1a37000-7fafd1a38000 ---p 00017000 00:00 1163842            /lib/x86_64-linux-gnu/libnsl-2.27.so
7fafd1a38000-7fafd1c36000 ---p 00000018 00:00 1163842            /lib/x86_64-linux-gnu/libnsl-2.27.so
7fafd1c36000-7fafd1c37000 r--p 00016000 00:00 1163842            /lib/x86_64-linux-gnu/libnsl-2.27.so
7fafd1c37000-7fafd1c38000 rw-p 00017000 00:00 1163842            /lib/x86_64-linux-gnu/libnsl-2.27.so
7fafd1c38000-7fafd1c3a000 rw-p 00000000 00:00 0
7fafd1c40000-7fafd1c4b000 r-xp 00000000 00:00 1163852            /lib/x86_64-linux-gnu/libnss_nis-2.27.so
7fafd1c4b000-7fafd1c4c000 ---p 0000b000 00:00 1163852            /lib/x86_64-linux-gnu/libnss_nis-2.27.so
7fafd1c4c000-7fafd1e4a000 ---p 0000000c 00:00 1163852            /lib/x86_64-linux-gnu/libnss_nis-2.27.so
7fafd1e4a000-7fafd1e4b000 r--p 0000a000 00:00 1163852            /lib/x86_64-linux-gnu/libnss_nis-2.27.so
7fafd1e4b000-7fafd1e4c000 rw-p 0000b000 00:00 1163852            /lib/x86_64-linux-gnu/libnss_nis-2.27.so
7fafd1e50000-7fafd1e58000 r-xp 00000000 00:00 1163844            /lib/x86_64-linux-gnu/libnss_compat-2.27.so
7fafd1e58000-7fafd1e5a000 ---p 00008000 00:00 1163844            /lib/x86_64-linux-gnu/libnss_compat-2.27.so
7fafd1e5a000-7fafd2058000 ---p 0000000a 00:00 1163844            /lib/x86_64-linux-gnu/libnss_compat-2.27.so
7fafd2058000-7fafd2059000 r--p 00008000 00:00 1163844            /lib/x86_64-linux-gnu/libnss_compat-2.27.so
7fafd2059000-7fafd205a000 rw-p 00009000 00:00 1163844            /lib/x86_64-linux-gnu/libnss_compat-2.27.so
7fafd2060000-7fafd208e000 r-xp 00000000 00:00 213546             /usr/lib/jvm/java-8-openjdk-amd64/jre/lib/amd64/libjava.so
7fafd208e000-7fafd2090000 ---p 0002e000 00:00 213546             /usr/lib/jvm/java-8-openjdk-amd64/jre/lib/amd64/libjava.so
7fafd2090000-7fafd228d000 ---p 00000030 00:00 213546             /usr/lib/jvm/java-8-openjdk-amd64/jre/lib/amd64/libjava.so
7fafd228d000-7fafd228e000 r--p 0002d000 00:00 213546             /usr/lib/jvm/java-8-openjdk-amd64/jre/lib/amd64/libjava.so
7fafd228e000-7fafd2290000 rw-p 0002e000 00:00 213546             /usr/lib/jvm/java-8-openjdk-amd64/jre/lib/amd64/libjava.so
7fafd2290000-7fafd22a0000 r-xp 00000000 00:00 213568             /usr/lib/jvm/java-8-openjdk-amd64/jre/lib/amd64/libverify.so
7fafd22a0000-7fafd22a2000 ---p 00010000 00:00 213568             /usr/lib/jvm/java-8-openjdk-amd64/jre/lib/amd64/libverify.so
7fafd22a2000-7fafd249f000 ---p 00000012 00:00 213568             /usr/lib/jvm/java-8-openjdk-amd64/jre/lib/amd64/libverify.so
7fafd249f000-7fafd24a1000 r--p 0000f000 00:00 213568             /usr/lib/jvm/java-8-openjdk-amd64/jre/lib/amd64/libverify.so
7fafd24a1000-7fafd24a2000 rw-p 00011000 00:00 213568             /usr/lib/jvm/java-8-openjdk-amd64/jre/lib/amd64/libverify.so
7fafd24b0000-7fafd24b7000 r-xp 00000000 00:00 1163891            /lib/x86_64-linux-gnu/librt-2.27.so
7fafd24b7000-7fafd24b8000 ---p 00007000 00:00 1163891            /lib/x86_64-linux-gnu/librt-2.27.so
7fafd24b8000-7fafd26b6000 ---p 00000008 00:00 1163891            /lib/x86_64-linux-gnu/librt-2.27.so
7fafd26b6000-7fafd26b7000 r--p 00006000 00:00 1163891            /lib/x86_64-linux-gnu/librt-2.27.so
7fafd26b7000-7fafd26b8000 rw-p 00007000 00:00 1163891            /lib/x86_64-linux-gnu/librt-2.27.so
7fafd26c0000-7fafd26d7000 r-xp 00000000 00:00 1195636            /lib/x86_64-linux-gnu/libgcc_s.so.1
7fafd26d7000-7fafd26d8000 ---p 00017000 00:00 1195636            /lib/x86_64-linux-gnu/libgcc_s.so.1
7fafd26d8000-7fafd28d6000 ---p 00000018 00:00 1195636            /lib/x86_64-linux-gnu/libgcc_s.so.1
7fafd28d6000-7fafd28d7000 r--p 00016000 00:00 1195636            /lib/x86_64-linux-gnu/libgcc_s.so.1
7fafd28d7000-7fafd28d8000 rw-p 00017000 00:00 1195636            /lib/x86_64-linux-gnu/libgcc_s.so.1
7fafd28e0000-7fafd2a7d000 r-xp 00000000 00:00 1163825            /lib/x86_64-linux-gnu/libm-2.27.so
7fafd2a7d000-7fafd2a80000 ---p 0019d000 00:00 1163825            /lib/x86_64-linux-gnu/libm-2.27.so
7fafd2a80000-7fafd2c7c000 ---p 000001a0 00:00 1163825            /lib/x86_64-linux-gnu/libm-2.27.so
7fafd2c7c000-7fafd2c7d000 r--p 0019c000 00:00 1163825            /lib/x86_64-linux-gnu/libm-2.27.so
7fafd2c7d000-7fafd2c7e000 rw-p 0019d000 00:00 1163825            /lib/x86_64-linux-gnu/libm-2.27.so
7fafd2c80000-7fafd2df9000 r-xp 00000000 00:00 1252565            /usr/lib/x86_64-linux-gnu/libstdc++.so.6.0.25
7fafd2df9000-7fafd2e06000 ---p 00179000 00:00 1252565            /usr/lib/x86_64-linux-gnu/libstdc++.so.6.0.25
7fafd2e06000-7fafd2ff9000 ---p 00000186 00:00 1252565            /usr/lib/x86_64-linux-gnu/libstdc++.so.6.0.25
7fafd2ff9000-7fafd3003000 r--p 00179000 00:00 1252565            /usr/lib/x86_64-linux-gnu/libstdc++.so.6.0.25
7fafd3003000-7fafd3005000 rw-p 00183000 00:00 1252565            /usr/lib/x86_64-linux-gnu/libstdc++.so.6.0.25
7fafd3005000-7fafd3009000 rw-p 00000000 00:00 0
7fafd3010000-7fafd3caa000 r-xp 00000000 00:00 213574             /usr/lib/jvm/java-8-openjdk-amd64/jre/lib/amd64/server/libjvm.so
7fafd3caa000-7fafd3d74000 ---p 00c9a000 00:00 213574             /usr/lib/jvm/java-8-openjdk-amd64/jre/lib/amd64/server/libjvm.so
7fafd3d74000-7fafd3ea9000 ---p 00000d64 00:00 213574             /usr/lib/jvm/java-8-openjdk-amd64/jre/lib/amd64/server/libjvm.so
7fafd3ea9000-7fafd3f3d000 r--p 00c99000 00:00 213574             /usr/lib/jvm/java-8-openjdk-amd64/jre/lib/amd64/server/libjvm.so
7fafd3f3d000-7fafd3f66000 rw-p 00d2d000 00:00 213574             /usr/lib/jvm/java-8-openjdk-amd64/jre/lib/amd64/server/libjvm.so
7fafd3f66000-7fafd3f96000 rw-p 00000000 00:00 0
7fafd3fa0000-7fafd3fba000 r-xp 00000000 00:00 1163883            /lib/x86_64-linux-gnu/libpthread-2.27.so
7fafd3fba000-7fafd3fc4000 ---p 0001a000 00:00 1163883            /lib/x86_64-linux-gnu/libpthread-2.27.so
7fafd3fc4000-7fafd41b9000 ---p 00000024 00:00 1163883            /lib/x86_64-linux-gnu/libpthread-2.27.so
7fafd41b9000-7fafd41ba000 r--p 00019000 00:00 1163883            /lib/x86_64-linux-gnu/libpthread-2.27.so
7fafd41ba000-7fafd41bb000 rw-p 0001a000 00:00 1163883            /lib/x86_64-linux-gnu/libpthread-2.27.so
7fafd41bb000-7fafd41bf000 rw-p 00000000 00:00 0
7fafd41c0000-7fafd41c3000 r-xp 00000000 00:00 1163697            /lib/x86_64-linux-gnu/libdl-2.27.so
7fafd41c3000-7fafd41c4000 ---p 00003000 00:00 1163697            /lib/x86_64-linux-gnu/libdl-2.27.so
7fafd41c4000-7fafd43c2000 ---p 00000004 00:00 1163697            /lib/x86_64-linux-gnu/libdl-2.27.so
7fafd43c2000-7fafd43c3000 r--p 00002000 00:00 1163697            /lib/x86_64-linux-gnu/libdl-2.27.so
7fafd43c3000-7fafd43c4000 rw-p 00003000 00:00 1163697            /lib/x86_64-linux-gnu/libdl-2.27.so
7fafd43d0000-7fafd43ec000 r-xp 00000000 00:00 1163923            /lib/x86_64-linux-gnu/libz.so.1.2.11
7fafd43ec000-7fafd43ed000 ---p 0001c000 00:00 1163923            /lib/x86_64-linux-gnu/libz.so.1.2.11
7fafd43ed000-7fafd45eb000 ---p 0000001d 00:00 1163923            /lib/x86_64-linux-gnu/libz.so.1.2.11
7fafd45eb000-7fafd45ec000 r--p 0001b000 00:00 1163923            /lib/x86_64-linux-gnu/libz.so.1.2.11
7fafd45ec000-7fafd45ed000 rw-p 0001c000 00:00 1163923            /lib/x86_64-linux-gnu/libz.so.1.2.11
7fafd45f0000-7fafd47d7000 r-xp 00000000 00:00 1163633            /lib/x86_64-linux-gnu/libc-2.27.so
7fafd47d7000-7fafd47e0000 ---p 001e7000 00:00 1163633            /lib/x86_64-linux-gnu/libc-2.27.so
7fafd47e0000-7fafd49d7000 ---p 000001f0 00:00 1163633            /lib/x86_64-linux-gnu/libc-2.27.so
7fafd49d7000-7fafd49db000 r--p 001e7000 00:00 1163633            /lib/x86_64-linux-gnu/libc-2.27.so
7fafd49db000-7fafd49dd000 rw-p 001eb000 00:00 1163633            /lib/x86_64-linux-gnu/libc-2.27.so
7fafd49dd000-7fafd49e1000 rw-p 00000000 00:00 0
7fafd49f0000-7fafd49fe000 r-xp 00000000 00:00 213532             /usr/lib/jvm/java-8-openjdk-amd64/jre/lib/amd64/jli/libjli.so
7fafd49fe000-7fafd49ff000 ---p 0000e000 00:00 213532             /usr/lib/jvm/java-8-openjdk-amd64/jre/lib/amd64/jli/libjli.so
7fafd49ff000-7fafd4bfd000 ---p 0000000f 00:00 213532             /usr/lib/jvm/java-8-openjdk-amd64/jre/lib/amd64/jli/libjli.so
7fafd4bfd000-7fafd4bfe000 r--p 0000d000 00:00 213532             /usr/lib/jvm/java-8-openjdk-amd64/jre/lib/amd64/jli/libjli.so
7fafd4bfe000-7fafd4bff000 rw-p 0000e000 00:00 213532             /usr/lib/jvm/java-8-openjdk-amd64/jre/lib/amd64/jli/libjli.so
7fafd4c00000-7fafd4c26000 r-xp 00000000 00:00 1163578            /lib/x86_64-linux-gnu/ld-2.27.so
7fafd4c26000-7fafd4c27000 r-xp 00026000 00:00 1163578            /lib/x86_64-linux-gnu/ld-2.27.so
7fafd4c40000-7fafd4cb6000 rw-p 00000000 00:00 0
7fafd4cc0000-7fafd4d1b000 rw-p 00000000 00:00 0
7fafd4d20000-7fafd4d24000 ---p 00000000 00:00 0
7fafd4d24000-7fafd4e21000 rw-p 00000000 00:00 0
7fafd4e27000-7fafd4e28000 r--p 00027000 00:00 1163578            /lib/x86_64-linux-gnu/ld-2.27.so
7fafd4e28000-7fafd4e29000 rw-p 00028000 00:00 1163578            /lib/x86_64-linux-gnu/ld-2.27.so
7fafd4e29000-7fafd4e2a000 rw-p 00000000 00:00 0
7fafd4e3a000-7fafd4e40000 r--s 0004e000 00:00 614318             /mnt/c/Users/ksank/akka-resources/src/libs/salsa1.1.5.jar
7fafd4e40000-7fafd4e68000 rw-p 00000000 00:00 0
7fafd4e6a000-7fafd4e70000 r--s 0002b000 00:00 155396             /mnt/c/Users/ksank/akka-resources/src/libs/kotlin-runtime-1.2.20-dev-331.jar
7fafd4e70000-7fafd4e98000 rw-p 00000000 00:00 0
7fafd4e9a000-7fafd4ea0000 r--s 0003b000 00:00 213596             /usr/lib/jvm/java-8-openjdk-amd64/jre/lib/ext/sunjce_provider.jar
7fafd4ea0000-7fafd4ea1000 rw-p 00000000 00:00 0
7fafd4ea1000-7fafd4ea6000 r--s 000a0000 00:00 213618             /usr/lib/jvm/java-8-openjdk-amd64/jre/lib/jsse.jar
7fafd4ea6000-7fafd4eb0000 r--s 00116000 00:00 39595              /usr/lib/jvm/java-8-openjdk-amd64/jre/lib/ext/localedata.jar
7fafd4eb0000-7fafd4eb1000 r--p 00000000 00:00 0
7fafd4eb1000-7fafd4eb2000 r--s 00010000 00:00 213599             /usr/lib/jvm/java-8-openjdk-amd64/jre/lib/ext/zipfs.jar
7fafd4eb2000-7fafd4eb5000 r--s 00038000 00:00 213598             /usr/lib/jvm/java-8-openjdk-amd64/jre/lib/ext/sunpkcs11.jar
7fafd4eb5000-7fafd4eb7000 r--s 00008000 00:00 213595             /usr/lib/jvm/java-8-openjdk-amd64/jre/lib/ext/sunec.jar
7fafd4eb7000-7fafd4eb9000 r--s 00007000 00:00 215852             /usr/share/java/java-atk-wrapper.jar
7fafd4eb9000-7fafd4eba000 r--s 0000a000 00:00 213591             /usr/lib/jvm/java-8-openjdk-amd64/jre/lib/ext/jaccess.jar
7fafd4eba000-7fafd4ebd000 r--s 0000f000 00:00 213590             /usr/lib/jvm/java-8-openjdk-amd64/jre/lib/ext/icedtea-sound.jar
7fafd4ebd000-7fafd4ebf000 r--s 00001000 00:00 213589             /usr/lib/jvm/java-8-openjdk-amd64/jre/lib/ext/dnsns.jar
7fafd4ebf000-7fafd4ec0000 r--p 00000000 00:00 1165090            /usr/lib/locale/C.UTF-8/LC_NUMERIC
7fafd4ec0000-7fafd4ec2000 rw-p 00000000 00:00 0
7fafd4ec2000-7fafd4ec3000 r--p 00000000 00:00 1165093            /usr/lib/locale/C.UTF-8/LC_TIME
7fafd4ec3000-7fafd4ec4000 r--p 00000000 00:00 1165088            /usr/lib/locale/C.UTF-8/LC_MONETARY
7fafd4ec4000-7fafd4ec5000 r--p 00000000 00:00 1165087            /usr/lib/locale/C.UTF-8/LC_MESSAGES/SYS_LC_MESSAGES
7fafd4ec5000-7fafd4ec6000 r--p 00000000 00:00 1165091            /usr/lib/locale/C.UTF-8/LC_PAPER
7fafd4ec6000-7fafd4ec7000 r--p 00000000 00:00 1165089            /usr/lib/locale/C.UTF-8/LC_NAME
7fafd4ec7000-7fafd4ec8000 r--p 00000000 00:00 1165081            /usr/lib/locale/C.UTF-8/LC_ADDRESS
7fafd4ec8000-7fafd4ec9000 r--p 00000000 00:00 1165092            /usr/lib/locale/C.UTF-8/LC_TELEPHONE
7fafd4ec9000-7fafd4ed0000 r--s 00000000 00:00 1170996            /usr/lib/x86_64-linux-gnu/gconv/gconv-modules.cache
7fafd4ed0000-7fafd4ed2000 rw-p 00000000 00:00 0
7fafd4ed2000-7fafd4ed3000 r--p 00000000 00:00 1165085            /usr/lib/locale/C.UTF-8/LC_MEASUREMENT
7fafd4ed3000-7fafd4ed4000 r--p 00000000 00:00 1165084            /usr/lib/locale/C.UTF-8/LC_IDENTIFICATION
7fafd4ed4000-7fafd4edc000 rw-s 00000000 00:00 1870156            /tmp/hsperfdata_rohankasi/30502
7fafd5000000-7fafd5001000 r-xp 00000000 00:00 213513             /usr/lib/jvm/java-8-openjdk-amd64/jre/bin/java
7fafd5200000-7fafd5201000 r--p 00000000 00:00 213513             /usr/lib/jvm/java-8-openjdk-amd64/jre/bin/java
7fafd5201000-7fafd5202000 rw-p 00001000 00:00 213513             /usr/lib/jvm/java-8-openjdk-amd64/jre/bin/java
7fffe490a000-7fffe492b000 rw-p 00000000 00:00 0                  [heap]
7fffecc55000-7fffed455000 rw-p 00000000 00:00 0                  [stack]
7fffed9fe000-7fffed9ff000 r-xp 00000000 00:00 0                  [vdso]

VM Arguments:
jvm_args: -Duan=uan://localhost:3030/id81 
java_command: examples.chat.SpeakerKtKt uan://localhost:3030/id1 uan://localhost:3030/id81
java_class_path (initial): .:./libs/kotlin-runtime-1.2.20-dev-331.jar:./libs/salsa1.1.5.jar
Launcher Type: SUN_STANDARD

Environment Variables:
PATH=/home/rohankasi/.local/bin:/home/rohankasi/.sdkman/candidates/kotlin/current/bin:/opt/maven/bin:/usr/local/sbin:/usr/local/bin:/usr/sbin:/usr/bin:/sbin:/bin:/usr/games:/usr/local/games:/mnt/c/Program Files/WindowsApps/CanonicalGroupLimited.UbuntuonWindows_1804.2019.521.0_x64__79rhkp1fndgsc:/mnt/c/ProgramData/DockerDesktop/version-bin:/mnt/c/Program Files/Docker/Docker/resources/bin:/mnt/c/Python34:/mnt/c/Python34/Scripts:/mnt/c/Program Files/Haskell Platform/8.0.1/lib/extralibs/bin:/mnt/c/Program Files/Haskell Platform/8.0.1/bin:/mnt/c/Program Files (x86)/Intel/iCLS Client:/mnt/c/Program Files/Intel/iCLS Client:/mnt/c/Windows/System32:/mnt/c/Windows:/mnt/c/Windows/System32/wbem:/mnt/c/Windows/System32/WindowsPowerShell/v1.0:/mnt/c/Program Files (x86)/Intel/Intel(R) Management Engine Components/DAL:/mnt/c/Program Files/Intel/Intel(R) Management Engine Components/DAL:/mnt/c/Program Files (x86)/Intel/Intel(R) Management Engine Components/IPT:/mnt/c/Program Files/Intel/Intel(R) Management Engine Components/IPT:/mnt/c/Program Files/Haskell Platform/8.0.1/mingw/bin:/mnt/c/Program Files (x86)/GtkSharp/2.12/bin:/mnt/c/Program Files/Git/cmd:/mnt/c/Program Files/PuTTY:/mnt/c/Program Files/doxygen/bin:/mnt/c/Program Files/cURL/bin:/mnt/c/Program Files/nodejs:/mnt/c/Windows/System32/OpenSSH:/mnt/c/Program Files/Microsoft Windows Performance Toolkit:/mnt/c/TDM-GCC-64/bin:/mnt/c/Program Files/Intel/WiFi/bin:/mnt/c/Program Files/Common Files/Intel/WirelessCommon:/mnt/c/Users/ksank/AppData/Roaming/local/bin:/mnt/c/Users/ksank/AppData/Local/Microsoft/WindowsApps:/mnt/c/Users/ksank/Downloads/svm_light:/mnt/c/Program Files (x86)/Java/jdk1.8.0_144/bin:/mnt/c/Users/ksank/AppData/Local/.meteor:/mnt/c/Users/ksank/AppData/Roaming/npm:/mnt/c/MinGW/bin:/mnt/c/Users/ksank/AppData/Local/atom/bin:/snap/bin
SHELL=/bin/bash
HOSTTYPE=x86_64

Signal Handlers:
SIGSEGV: [libjvm.so+0xab2ea0], sa_mask[0]=11111111111111111111111111111110, sa_flags=SA_RESTART|SA_SIGINFO
SIGBUS: [libjvm.so+0xab2ea0], sa_mask[0]=11111111111111111111111111111110, sa_flags=SA_RESTART|SA_SIGINFO
SIGFPE: [libjvm.so+0x8e87b0], sa_mask[0]=11111111111111111111111111111110, sa_flags=SA_RESTART|SA_SIGINFO
SIGPIPE: [libjvm.so+0x8e87b0], sa_mask[0]=11111111111111111111111111111110, sa_flags=SA_RESTART|SA_SIGINFO
SIGXFSZ: [libjvm.so+0x8e87b0], sa_mask[0]=11111111111111111111111111111110, sa_flags=SA_RESTART|SA_SIGINFO
SIGILL: [libjvm.so+0x8e87b0], sa_mask[0]=11111111111111111111111111111110, sa_flags=SA_RESTART|SA_SIGINFO
SIGUSR1: SIG_DFL, sa_mask[0]=00000000000000000000000000000000, sa_flags=none
SIGUSR2: [libjvm.so+0x8e8660], sa_mask[0]=00000000000000000000000000000000, sa_flags=SA_RESTART|SA_SIGINFO
SIGHUP: [libjvm.so+0x8e8cd0], sa_mask[0]=11111111111111111111111111111110, sa_flags=SA_RESTART|SA_SIGINFO
SIGINT: SIG_IGN, sa_mask[0]=00000000000000000000000000000000, sa_flags=none
SIGTERM: [libjvm.so+0x8e8cd0], sa_mask[0]=11111111111111111111111111111110, sa_flags=SA_RESTART|SA_SIGINFO
SIGQUIT: [libjvm.so+0x8e8cd0], sa_mask[0]=11111111111111111111111111111110, sa_flags=SA_RESTART|SA_SIGINFO


---------------  S Y S T E M  ---------------

OS:DISTRIB_ID=Ubuntu
DISTRIB_RELEASE=18.04
DISTRIB_CODENAME=bionic
DISTRIB_DESCRIPTION="Ubuntu 18.04.1 LTS"

uname:Linux 4.4.0-17134-Microsoft #706-Microsoft Mon Apr 01 18:13:00 PST 2019 x86_64
libc:glibc 2.27 NPTL 2.27 
rlimit: STACK 8192k, CORE 0k, NPROC 7823, NOFILE 65536, AS infinity
load average:0.52 0.58 0.59

/proc/meminfo:
MemTotal:        8233460 kB
MemFree:          295176 kB
Buffers:           34032 kB
Cached:           188576 kB
SwapCached:            0 kB
Active:           167556 kB
Inactive:         157876 kB
Active(anon):     103104 kB
Inactive(anon):    17440 kB
Active(file):      64452 kB
Inactive(file):   140436 kB
Unevictable:           0 kB
Mlocked:               0 kB
SwapTotal:      15465852 kB
SwapFree:       11989664 kB
Dirty:                 0 kB
Writeback:             0 kB
AnonPages:        102824 kB
Mapped:            71404 kB
Shmem:             17720 kB
Slab:              13868 kB
SReclaimable:       6744 kB
SUnreclaim:         7124 kB
KernelStack:        2848 kB
PageTables:         2524 kB
NFS_Unstable:          0 kB
Bounce:                0 kB
WritebackTmp:          0 kB
CommitLimit:      515524 kB
Committed_AS:    3450064 kB
VmallocTotal:     122880 kB
VmallocUsed:       21296 kB
VmallocChunk:      66044 kB
HardwareCorrupted:     0 kB
AnonHugePages:      2048 kB
HugePages_Total:       0
HugePages_Free:        0
HugePages_Rsvd:        0
HugePages_Surp:        0
Hugepagesize:       2048 kB
DirectMap4k:       12280 kB
DirectMap4M:      897024 kB


CPU:total 4 (initial active 4) (2 cores per cpu, 2 threads per core) family 6 model 78 stepping 3, cmov, cx8, fxsr, mmx, sse, sse2, sse3, ssse3, sse4.1, sse4.2, popcnt, avx, avx2, aes, clmul, erms, 3dnowpref, lzcnt, ht, tsc, tscinvbit, bmi1, bmi2, adx

/proc/cpuinfo:
processor	: 0
vendor_id	: GenuineIntel
cpu family	: 6
model		: 78
model name	: Intel(R) Core(TM) i5-6200U CPU @ 2.30GHz
stepping	: 3
microcode	: 0xffffffff
cpu MHz		: 2400.000
cache size	: 256 KB
physical id	: 0
siblings	: 4
core id		: 0
cpu cores	: 2
apicid		: 0
initial apicid	: 0
fpu		: yes
fpu_exception	: yes
cpuid level	: 6
wp		: yes
flags		: fpu vme de pse tsc msr pae mce cx8 apic sep mtrr pge mca cmov pat pse36 clflush dts acpi mmx fxsr sse sse2 ss ht tm pbe syscall nx pdpe1gb rdtscp lm pni pclmulqdq est tm2 ssse3 fma cx16 xtpr pdcm pcid sse4_1 sse4_2 movbe popcnt aes xsave osxsave avx f16c rdrand hypervisor
bogomips	: 4800.00
clflush size	: 64
cache_alignment	: 64
address sizes	: 36 bits physical, 48 bits virtual
power management:

processor	: 1
vendor_id	: GenuineIntel
cpu family	: 6
model		: 78
model name	: Intel(R) Core(TM) i5-6200U CPU @ 2.30GHz
stepping	: 3
microcode	: 0xffffffff
cpu MHz		: 2400.000
cache size	: 256 KB
physical id	: 0
siblings	: 4
core id		: 0
cpu cores	: 2
apicid		: 0
initial apicid	: 0
fpu		: yes
fpu_exception	: yes
cpuid level	: 6
wp		: yes
flags		: fpu vme de pse tsc msr pae mce cx8 apic sep mtrr pge mca cmov pat pse36 clflush dts acpi mmx fxsr sse sse2 ss ht tm pbe syscall nx pdpe1gb rdtscp lm pni pclmulqdq est tm2 ssse3 fma cx16 xtpr pdcm pcid sse4_1 sse4_2 movbe popcnt aes xsave osxsave avx f16c rdrand hypervisor
bogomips	: 4800.00
clflush size	: 64
cache_alignment	: 64
address sizes	: 36 bits physical, 48 bits virtual
power management:

processor	: 2
vendor_id	: GenuineIntel
cpu family	: 6
model		: 78
model name	: Intel(R) Core(TM) i5-6200U CPU @ 2.30GHz
stepping	: 3
microcode	: 0xffffffff
cpu MHz		: 2400.000
cache size	: 256 KB
physical id	: 0
siblings	: 4
core id		: 1
cpu cores	: 2
apicid		: 0
initial apicid	: 0
fpu		: yes
fpu_exception	: yes
cpuid level	: 6
wp		: yes
flags		: fpu vme de pse tsc msr pae mce cx8 apic sep mtrr pge mca cmov pat pse36 clflush dts acpi mmx fxsr sse sse2 ss ht tm pbe syscall nx pdpe1gb rdtscp lm pni pclmulqdq est tm2 ssse3 fma cx16 xtpr pdcm pcid sse4_1 sse4_2 movbe popcnt aes xsave osxsave avx f16c rdrand hypervisor
bogomips	: 4800.00
clflush size	: 64
cache_alignment	: 64
address sizes	: 36 bits physical, 48 bits virtual
power management:

processor	: 3
vendor_id	: GenuineIntel
cpu family	: 6
model		: 78
model name	: Intel(R) Core(TM) i5-6200U CPU @ 2.30GHz
stepping	: 3
microcode	: 0xffffffff
cpu MHz		: 2400.000
cache size	: 256 KB
physical id	: 0
siblings	: 4
core id		: 1
cpu cores	: 2
apicid		: 0
initial apicid	: 0
fpu		: yes
fpu_exception	: yes
cpuid level	: 6
wp		: yes
flags		: fpu vme de pse tsc msr pae mce cx8 apic sep mtrr pge mca cmov pat pse36 clflush dts acpi mmx fxsr sse sse2 ss ht tm pbe syscall nx pdpe1gb rdtscp lm pni pclmulqdq est tm2 ssse3 fma cx16 xtpr pdcm pcid sse4_1 sse4_2 movbe popcnt aes xsave osxsave avx f16c rdrand hypervisor
bogomips	: 4800.00
clflush size	: 64
cache_alignment	: 64
address sizes	: 36 bits physical, 48 bits virtual
power management:



Memory: 4k page, physical 8233460k(295716k free), swap 15465852k(11989664k free)

vm_info: OpenJDK 64-Bit Server VM (25.191-b12) for linux-amd64 JRE (1.8.0_191-8u191-b12-2ubuntu0.18.04.1-b12), built on Jan 14 2019 21:02:00 by "buildd" with gcc 7.3.0

time: Wed Nov 13 14:15:41 2019
elapsed time: 1010 seconds (0d 0h 16m 50s)

