#
# A fatal error has been detected by the Java Runtime Environment:
#
#  SIGSEGV (0xb) at pc=0x00007f4237c35f9c, pid=10314, tid=0x00007f420f880700
#
# JRE version: OpenJDK Runtime Environment (8.0_191-b12) (build 1.8.0_191-8u191-b12-2ubuntu0.18.04.1-b12)
# Java VM: OpenJDK 64-Bit Server VM (25.191-b12 mixed mode linux-amd64 compressed oops)
# Problematic frame:
# V  [libjvm.so+0x625f9c]
#
# Failed to write core dump. Core dumps have been disabled. To enable core dumping, try "ulimit -c unlimited" before starting Java again
#
# If you would like to submit a bug report, please visit:
#   http://bugreport.java.com/bugreport/crash.jsp
#

---------------  T H R E A D  ---------------

Current thread (0x00007f42300bb800):  JavaThread "C2 CompilerThread0" daemon [_thread_in_native, id=10824, stack(0x00007f420f781000,0x00007f420f881000)]

siginfo: si_signo: 11 (SIGSEGV), si_code: 2 (SEGV_ACCERR), si_addr: 0x00007f420de3a000

Registers:
RAX=0x00007f41f93c6970, RBX=0x00007f420de3a000, RCX=0x0000000000000033, RDX=0x0000000000000034
RSP=0x00007f420f87c740, RBP=0x00007f420f87c760, RSI=0x0000000000000034, RDI=0x00007f420de3a000
R8 =0x0000000000000000, R9 =0x0000000000000000, R10=0x00007f41f80008d0, R11=0x0000000000000000
R12=0x00007f420f87c8a0, R13=0x000000000000337f, R14=0x000000000014eb98, R15=0x000000000002a080
RIP=0x00007f4237c35f9c, EFLAGS=0x0000000000010206, CSGSFS=0x00000053002b0033, ERR=0x0000000000000000
  TRAPNO=0x0000000000000000

Top of Stack: (sp=0x00007f420f87c740)
0x00007f420f87c740:   00007f420f87c8a0 000000000001b4b8
0x00007f420f87c750:   00007f420f87c8a0 000000000000337f
0x00007f420f87c760:   00007f420f87c7b0 00007f4237c2dd6b
0x00007f420f87c770:   ffffffffffffffff ffffffffffffffff
0x00007f420f87c780:   00007f420f87c940 00007f420f87c870
0x00007f420f87c790:   00007f420f87c8e0 00007f420f87c8a0
0x00007f420f87c7a0:   00007f420f87c940 00007f420f87cb40
0x00007f420f87c7b0:   00007f420f87ca40 00007f42379ef360
0x00007f420f87c7c0:   00000000000109a0 ffffffffffffffb0
0x00007f420f87c7d0:   0000000000000426 00007f420f87c840
0x00007f420f87c7e0:   00007f420f87c870 00007f41ec001860
0x00007f420f87c7f0:   00007f41ec001870 00007f41ec001c48
0x00007f420f87c800:   00000000000003d8 00007f41f80007f0
0x00007f420f87c810:   00007f42384b1030 000000000000000d
0x00007f420f87c820:   00007f420f87eef0 00007f420f87cb40
0x00007f420f87c830:   0000000000004255 00007f420f87c8d0
0x00007f420f87c840:   0000000000000006 00007f41ec002040
0x00007f420f87c850:   00007f41ec002040 00007f41ec002050
0x00007f420f87c860:   00007f41ec002428 00000000000003d8
0x00007f420f87c870:   00007f4200000006 00007f41ec001860
0x00007f420f87c880:   00007f41f8b9e620 00007f41f8ba4950
0x00007f420f87c890:   00007f41f8ba6608 00000000003c1ca8
0x00007f420f87c8a0:   00007f420000000c 00007f420f87eef0
0x00007f420f87c8b0:   00007f420de10020 00007f42378cc900
0x00007f420f87c8c0:   00007f41f93ab520 00007f420000337f
0x00007f420f87c8d0:   00007f420f87c870 00007f41ec001870
0x00007f420f87c8e0:   000000000000000a 00007f420f87eef0
0x00007f420f87c8f0:   00007f41f94f3670 00007f41f954b110
0x00007f420f87c900:   00007f41f81de9e0 00007f41f81e3150
0x00007f420f87c910:   00007f41f89d50c0 00007f420f87cab0
0x00007f420f87c920:   00007f420f87cc50 00007f42000013e2
0x00007f420f87c930:   00007f420f87c870 00007f4237c0a67d 

Instructions: (pc=0x00007f4237c35f9c)
0x00007f4237c35f7c:   0f 1f 40 00 55 81 c6 ff 00 00 00 c1 ee 08 48 89
0x00007f4237c35f8c:   e5 41 55 41 54 53 48 89 fb 48 83 ec 08 83 fe 10
0x00007f4237c35f9c:   c7 07 00 00 00 00 89 b7 90 00 00 00 77 46 48 8d
0x00007f4237c35fac:   47 10 48 89 47 08 85 f6 74 27 31 d2 48 8d 35 61 

Register to memory mapping:

RAX=0x00007f41f93c6970 is an unknown value
RBX=0x00007f420de3a000 is an unknown value
RCX=0x0000000000000033 is an unknown value
RDX=0x0000000000000034 is an unknown value
RSP=0x00007f420f87c740 is pointing into the stack for thread: 0x00007f42300bb800
RBP=0x00007f420f87c760 is pointing into the stack for thread: 0x00007f42300bb800
RSI=0x0000000000000034 is an unknown value
RDI=0x00007f420de3a000 is an unknown value
R8 =0x0000000000000000 is an unknown value
R9 =0x0000000000000000 is an unknown value
0x00007f41f80008d0 is an unknown value
0x0000000000000000 is an unknown value
0x00007f420f87c8a0 is pointing into the stack for thread: 0x00007f42300bb800
0x000000000000337f is an unknown value
0x000000000014eb98 is an unknown value
0x000000000002a080 is an unknown value
[0x00007f420f781000,0x00007f420f881000],  sp=0x00007f420f87c740,  free space=1005k
Native frames: (J=compiled Java code, j=interpreted, Vv=VM code, C=native code)
V  [libjvm.so+0x625f9c]
V  [libjvm.so+0x61dd6b]
V  [libjvm.so+0x3df360]
V  [libjvm.so+0x478448]
V  [libjvm.so+0x47948b]
V  [libjvm.so+0x3c08da]
V  [libjvm.so+0x48487b]
V  [libjvm.so+0x486b58]
V  [libjvm.so+0xa4fd93]
V  [libjvm.so+0xa501c2]
V  [libjvm.so+0x8ea992]
C  [libpthread.so.0+0x76db]  start_thread+0xdb


Current CompileTask:
C2: 793332 1132   !   4       gc.WeakReference::send (199 bytes)


---------------  P R O C E S S  ---------------

Java Threads: ( => current thread )
  0x00007f41b800b000 JavaThread "Thread-9" [_thread_blocked, id=14396, stack(0x00007f420e020000,0x00007f420e121000)]
  0x00007f41dc009000 JavaThread "Handler Loop 3" [_thread_in_native, id=14380, stack(0x00007f420e130000,0x00007f420e231000)]
  0x00007f41dc005000 JavaThread "gc.serverGC.GCAgent$State" [_thread_blocked, id=13183, stack(0x00007f420e350000,0x00007f420e451000)]
  0x00007f41dc003000 JavaThread "wwc.messaging.WWCSystem$State" [_thread_blocked, id=13179, stack(0x00007f420e460000,0x00007f420e561000)]
  0x00007f423000b000 JavaThread "DestroyJavaVM" [_thread_blocked, id=10339, stack(0x00007f4239431000,0x00007f4239531000)]
  0x00007f41d8009800 JavaThread "wwc.resources.StandardInput$State" [_thread_blocked, id=12091, stack(0x00007f420e680000,0x00007f420e781000)]
  0x00007f41d8007800 JavaThread "wwc.resources.StandardError$State" [_thread_blocked, id=12048, stack(0x00007f420e790000,0x00007f420e891000)]
  0x00007f41d8001800 JavaThread "wwc.resources.StandardOutput$State" [_thread_blocked, id=11985, stack(0x00007f420e8a0000,0x00007f420e9a1000)]
  0x00007f4230184800 JavaThread "examples.chat.Speaker$State" [_thread_blocked, id=11947, stack(0x00007f420e9b0000,0x00007f420eab1000)]
  0x00007f4230183000 JavaThread "RunTime Exit Thead" daemon [_thread_blocked, id=11925, stack(0x00007f420eac0000,0x00007f420ebc1000)]
  0x00007f423016f800 JavaThread "Clear Socket Thread" [_thread_blocked, id=11537, stack(0x00007f420ebd0000,0x00007f420ecd1000)]
  0x00007f423016e000 JavaThread "Listen Loop Thread" [_thread_in_native, id=11293, stack(0x00007f420ece0000,0x00007f420ede1000)]
  0x00007f42300c3000 JavaThread "Service Thread" daemon [_thread_blocked, id=11071, stack(0x00007f420f450000,0x00007f420f551000)0x00007f42300c0000JavaThread "C1 CompilerThread2", id=10936, stack(0x00007f420f561000,0x00007f420f661000)0x00007f42300be800JavaThread "C2 CompilerThread1", id=10863, stack(0x00007f420f671000,0x00007f420f771000)0x00007f42300bb800JavaThread "C2 CompilerThread0", id=10824, stack(0x00007f420f781000,0x00007f420f881000)0x00007f42300ba000JavaThread "Signal Dispatcher", id=10787, stack(0x00007f420f890000,0x00007f420f991000)0x00007f4230085000JavaThread "Finalizer", id=10598, stack(0x00007f420fcd0000,0x00007f420fdd1000)0x00007f4230082800JavaThread "Reference Handler", id=10478, stack(0x00007f420fde0000,0x00007f420fee1000)Other Threads:
0x00007f4230079000 [stack: 0x00007f420fef1000,0x00007f420fff1000] [id=10420]0x00007f42300c5800 [stack: 0x00007f420f341000,0x00007f420f441000] [id=11098] ([mutex/lock_event])
[0x00007f4230007810] Threads_lock - owner thread: 0x00007f4230079000
[0x00007f4230007d10] Heap_lock - owner thread: 0x00007f4230183000

Heap:
 PSYoungGen      total 37888K, used 0K [0x00000000d6180000, 0x00000000d8b80000, 0x0000000100000000)
  eden space 32768K, 0% used [0x00000000d6180000,0x00000000d6180000,0x00000000d8180000)
  from space 5120K, 0% used [0x00000000d8680000,0x00000000d8680000,0x00000000d8b80000)
  to   space 5120K, 0% used [0x00000000d8180000,0x00000000d8180000,0x00000000d8680000)
 ParOldGen       total 86016K, used 2252K [0x0000000082400000, 0x0000000087800000, 0x00000000d6180000)
  object space 86016K, 2% used [0x0000000082400000,0x00000000826333f8,0x0000000087800000)
 Metaspace       used 6010K, capacity 6218K, committed 6400K, reserved 1056768K
  class space    used 608K, capacity 697K, committed 768K, reserved 1048576K

Card table byte_map: [0x00007f4235440000,0x00007f423582f000] byte_map_base: 0x00007f423502e000

Marking Bits: (ParMarkBitMap*) 0x00007f4238579340
 Begin Bits: [0x00007f421d120000, 0x00007f421f090000)
 End Bits:   [0x00007f421f090000, 0x00007f4221000000)

Polling page: 0x00007f4239420000

CodeCache: size=245760Kb used=4072Kb max_used=4605Kb free=241687Kb
 bounds [0x00007f4221000000, 0x00007f4221490000, 0x00007f4230000000]
 total_blobs=1197 nmethods=910 adapters=202
 compilation: enabled

Compilation events (10 events):
Event: 751.677 Thread 0x00007f42300c0000 nmethod 1126 0x00007f42213fa790 code [0x00007f42213fa900, 0x00007f42213faab0]
Event: 752.618 Thread 0x00007f42300c0000 1127   !   3       sun.reflect.GeneratedMethodAccessor14::invoke (119 bytes)
Event: 752.663 Thread 0x00007f42300c0000 nmethod 1127 0x00007f4221190fd0 code [0x00007f4221191220, 0x00007f4221192088]
Event: 759.109 Thread 0x00007f42300be800 1129       4       sun.reflect.misc.ReflectUtil::checkPackageAccess (77 bytes)
Event: 759.110 Thread 0x00007f42300be800 nmethod 1129 0x00007f42211c5b50 code [0x00007f42211c5ca0, 0x00007f42211c5d18]
Event: 759.111 Thread 0x00007f42300be800 1130       4       sun.reflect.misc.ReflectUtil::isNonPublicProxyClass (51 bytes)
Event: 759.309 Thread 0x00007f42300be800 nmethod 1130 0x00007f42211d2910 code [0x00007f42211d2aa0, 0x00007f42211d3048]
Event: 761.831 Thread 0x00007f42300bb800 1131       4       java.util.regex.Matcher::find (69 bytes)
Event: 761.837 Thread 0x00007f42300bb800 nmethod 1131 0x00007f4221390310 code [0x00007f4221390480, 0x00007f4221390798]
Event: 764.326 Thread 0x00007f42300bb800 1132   !   4       gc.WeakReference::send (199 bytes)

GC Heap History (10 events):
Event: 767.433 GC heap after
Heap after GC invocations=339 (full 169):
 PSYoungGen      total 37888K, used 32K [0x00000000d6180000, 0x00000000d8b80000, 0x0000000100000000)
  eden space 32768K, 0% used [0x00000000d6180000,0x00000000d6180000,0x00000000d8180000)
  from space 5120K, 0% used [0x00000000d8680000,0x00000000d8688000,0x00000000d8b80000)
  to   space 5120K, 0% used [0x00000000d8180000,0x00000000d8180000,0x00000000d8680000)
 ParOldGen       total 86016K, used 2249K [0x0000000082400000, 0x0000000087800000, 0x00000000d6180000)
  object space 86016K, 2% used [0x0000000082400000,0x0000000082632748,0x0000000087800000)
 Metaspace       used 6010K, capacity 6218K, committed 6400K, reserved 1056768K
  class space    used 608K, capacity 697K, committed 768K, reserved 1048576K
}
Event: 767.433 GC heap before
{Heap before GC invocations=340 (full 170):
 PSYoungGen      total 37888K, used 32K [0x00000000d6180000, 0x00000000d8b80000, 0x0000000100000000)
  eden space 32768K, 0% used [0x00000000d6180000,0x00000000d6180000,0x00000000d8180000)
  from space 5120K, 0% used [0x00000000d8680000,0x00000000d8688000,0x00000000d8b80000)
  to   space 5120K, 0% used [0x00000000d8180000,0x00000000d8180000,0x00000000d8680000)
 ParOldGen       total 86016K, used 2249K [0x0000000082400000, 0x0000000087800000, 0x00000000d6180000)
  object space 86016K, 2% used [0x0000000082400000,0x0000000082632748,0x0000000087800000)
 Metaspace       used 6010K, capacity 6218K, committed 6400K, reserved 1056768K
  class space    used 608K, capacity 697K, committed 768K, reserved 1048576K
Event: 768.268 GC heap after
Heap after GC invocations=340 (full 170):
 PSYoungGen      total 37888K, used 0K [0x00000000d6180000, 0x00000000d8b80000, 0x0000000100000000)
  eden space 32768K, 0% used [0x00000000d6180000,0x00000000d6180000,0x00000000d8180000)
  from space 5120K, 0% used [0x00000000d8680000,0x00000000d8680000,0x00000000d8b80000)
  to   space 5120K, 0% used [0x00000000d8180000,0x00000000d8180000,0x00000000d8680000)
 ParOldGen       total 86016K, used 2252K [0x0000000082400000, 0x0000000087800000, 0x00000000d6180000)
  object space 86016K, 2% used [0x0000000082400000,0x00000000826333f8,0x0000000087800000)
 Metaspace       used 6010K, capacity 6218K, committed 6400K, reserved 1056768K
  class space    used 608K, capacity 697K, committed 768K, reserved 1048576K
}
Event: 775.842 GC heap before
{Heap before GC invocations=341 (full 170):
 PSYoungGen      total 37888K, used 655K [0x00000000d6180000, 0x00000000d8b80000, 0x0000000100000000)
  eden space 32768K, 1% used [0x00000000d6180000,0x00000000d6223d70,0x00000000d8180000)
  from space 5120K, 0% used [0x00000000d8680000,0x00000000d8680000,0x00000000d8b80000)
  to   space 5120K, 0% used [0x00000000d8180000,0x00000000d8180000,0x00000000d8680000)
 ParOldGen       total 86016K, used 2252K [0x0000000082400000, 0x0000000087800000, 0x00000000d6180000)
  object space 86016K, 2% used [0x0000000082400000,0x00000000826333f8,0x0000000087800000)
 Metaspace       used 6010K, capacity 6218K, committed 6400K, reserved 1056768K
  class space    used 608K, capacity 697K, committed 768K, reserved 1048576K
Event: 778.488 GC heap after
Heap after GC invocations=341 (full 170):
 PSYoungGen      total 37888K, used 0K [0x00000000d6180000, 0x00000000d8b80000, 0x0000000100000000)
  eden space 32768K, 0% used [0x00000000d6180000,0x00000000d6180000,0x00000000d8180000)
  from space 5120K, 0% used [0x00000000d8180000,0x00000000d8180000,0x00000000d8680000)
  to   space 5120K, 0% used [0x00000000d8680000,0x00000000d8680000,0x00000000d8b80000)
 ParOldGen       total 86016K, used 2252K [0x0000000082400000, 0x0000000087800000, 0x00000000d6180000)
  object space 86016K, 2% used [0x0000000082400000,0x00000000826333f8,0x0000000087800000)
 Metaspace       used 6010K, capacity 6218K, committed 6400K, reserved 1056768K
  class space    used 608K, capacity 697K, committed 768K, reserved 1048576K
}
Event: 778.488 GC heap before
{Heap before GC invocations=342 (full 171):
 PSYoungGen      total 37888K, used 0K [0x00000000d6180000, 0x00000000d8b80000, 0x0000000100000000)
  eden space 32768K, 0% used [0x00000000d6180000,0x00000000d6180000,0x00000000d8180000)
  from space 5120K, 0% used [0x00000000d8180000,0x00000000d8180000,0x00000000d8680000)
  to   space 5120K, 0% used [0x00000000d8680000,0x00000000d8680000,0x00000000d8b80000)
 ParOldGen       total 86016K, used 2252K [0x0000000082400000, 0x0000000087800000, 0x00000000d6180000)
  object space 86016K, 2% used [0x0000000082400000,0x00000000826333f8,0x0000000087800000)
 Metaspace       used 6010K, capacity 6218K, committed 6400K, reserved 1056768K
  class space    used 608K, capacity 697K, committed 768K, reserved 1048576K
Event: 782.272 GC heap after
Heap after GC invocations=342 (full 171):
 PSYoungGen      total 37888K, used 0K [0x00000000d6180000, 0x00000000d8b80000, 0x0000000100000000)
  eden space 32768K, 0% used [0x00000000d6180000,0x00000000d6180000,0x00000000d8180000)
  from space 5120K, 0% used [0x00000000d8180000,0x00000000d8180000,0x00000000d8680000)
  to   space 5120K, 0% used [0x00000000d8680000,0x00000000d8680000,0x00000000d8b80000)
 ParOldGen       total 86016K, used 2252K [0x0000000082400000, 0x0000000087800000, 0x00000000d6180000)
  object space 86016K, 2% used [0x0000000082400000,0x00000000826333f8,0x0000000087800000)
 Metaspace       used 6010K, capacity 6218K, committed 6400K, reserved 1056768K
  class space    used 608K, capacity 697K, committed 768K, reserved 1048576K
}
Event: 792.176 GC heap before
{Heap before GC invocations=343 (full 171):
 PSYoungGen      total 37888K, used 1310K [0x00000000d6180000, 0x00000000d8b80000, 0x0000000100000000)
  eden space 32768K, 3% used [0x00000000d6180000,0x00000000d62c7ae0,0x00000000d8180000)
  from space 5120K, 0% used [0x00000000d8180000,0x00000000d8180000,0x00000000d8680000)
  to   space 5120K, 0% used [0x00000000d8680000,0x00000000d8680000,0x00000000d8b80000)
 ParOldGen       total 86016K, used 2252K [0x0000000082400000, 0x0000000087800000, 0x00000000d6180000)
  object space 86016K, 2% used [0x0000000082400000,0x00000000826333f8,0x0000000087800000)
 Metaspace       used 6010K, capacity 6218K, committed 6400K, reserved 1056768K
  class space    used 608K, capacity 697K, committed 768K, reserved 1048576K
Event: 792.622 GC heap after
Heap after GC invocations=343 (full 171):
 PSYoungGen      total 37888K, used 0K [0x00000000d6180000, 0x00000000d8b80000, 0x0000000100000000)
  eden space 32768K, 0% used [0x00000000d6180000,0x00000000d6180000,0x00000000d8180000)
  from space 5120K, 0% used [0x00000000d8680000,0x00000000d8680000,0x00000000d8b80000)
  to   space 5120K, 0% used [0x00000000d8180000,0x00000000d8180000,0x00000000d8680000)
 ParOldGen       total 86016K, used 2252K [0x0000000082400000, 0x0000000087800000, 0x00000000d6180000)
  object space 86016K, 2% used [0x0000000082400000,0x00000000826333f8,0x0000000087800000)
 Metaspace       used 6010K, capacity 6218K, committed 6400K, reserved 1056768K
  class space    used 608K, capacity 697K, committed 768K, reserved 1048576K
}
Event: 792.622 GC heap before
{Heap before GC invocations=344 (full 172):
 PSYoungGen      total 37888K, used 0K [0x00000000d6180000, 0x00000000d8b80000, 0x0000000100000000)
  eden space 32768K, 0% used [0x00000000d6180000,0x00000000d6180000,0x00000000d8180000)
  from space 5120K, 0% used [0x00000000d8680000,0x00000000d8680000,0x00000000d8b80000)
  to   space 5120K, 0% used [0x00000000d8180000,0x00000000d8180000,0x00000000d8680000)
 ParOldGen       total 86016K, used 2252K [0x0000000082400000, 0x0000000087800000, 0x00000000d6180000)
  object space 86016K, 2% used [0x0000000082400000,0x00000000826333f8,0x0000000087800000)
 Metaspace       used 6010K, capacity 6218K, committed 6400K, reserved 1056768K
  class space    used 608K, capacity 697K, committed 768K, reserved 1048576K

Deoptimization events (10 events):
Event: 378.685 Thread 0x00007f41dc007000 Uncommon trap: reason=unstable_if action=reinterpret pc=0x00007f42211dac90 method=java.net.SocketInputStream.read()I @ 28Event: 394.279 Thread 0x00007f41dc009000 Uncommon trap: reason=unstable_if action=reinterpret pc=0x00007f42211815f8 method=java.net.SocketInputStream.read([BIII)I @ 124Event: 394.280 Thread 0x00007f41dc009000 Uncommon trap: reason=unstable_if action=reinterpret pc=0x00007f42211d96d0 method=java.net.SocketInputStream.read()I @ 28Event: 412.382 Thread 0x00007f41dc009000 Uncommon trap: reason=unstable_if action=reinterpret pc=0x00007f42213b7b64 method=java.io.ObjectInputStream.isCustomSubclass()Z @ 12Event: 635.157 Thread 0x00007f4230184800 Uncommon trap: reason=predicate action=maybe_recompile pc=0x00007f42212e196c method=java.util.Arrays.fill([Ljava/lang/Object;IILjava/lang/Object;)V @ 16Event: 656.577 Thread 0x00007f4230184800 Uncommon trap: reason=array_check action=maybe_recompile pc=0x00007f4221211f2c method=java.util.Arrays.fill([Ljava/lang/Object;IILjava/lang/Object;)V @ 20Event: 656.577 Thread 0x00007f4230184800 Uncommon trap: reason=array_check action=maybe_recompile pc=0x00007f4221211f2c method=java.util.Arrays.fill([Ljava/lang/Object;IILjava/lang/Object;)V @ 20Event: 658.314 Thread 0x00007f4230184800 Uncommon trap: reason=array_check action=maybe_recompile pc=0x00007f4221211f2c method=java.util.Arrays.fill([Ljava/lang/Object;IILjava/lang/Object;)V @ 20Event: 658.314 Thread 0x00007f4230184800 Uncommon trap: reason=array_check action=maybe_recompile pc=0x00007f4221211f2c method=java.util.Arrays.fill([Ljava/lang/Object;IILjava/lang/Object;)V @ 20Event: 659.627 Thread 0x00007f4230184800 Uncommon trap: reason=array_check action=maybe_recompile pc=0x00007f42213ee960 method=java.util.Arrays.fill([Ljava/lang/Object;IILjava/lang/Object;)V @ 20Classes redefined (0 events):
No events
Internal exceptions (10 events):
Event: 76.069 Thread 0x00007f41d8001800 Exception <a 'java/lang/IllegalArgumentException': argument type mismatch> (0x00000000d63d7c40) thrown at [/build/openjdk-8-5w_p1G/openjdk-8-8u191-b12/src/hotspot/src/share/vm/runtime/reflection.cpp, line 201]Event: 76.069 Thread 0x00007f41d8001800 Exception <a 'java/lang/IllegalArgumentException': argument type mismatch> (0x00000000d63d7eb8) thrown at [/build/openjdk-8-5w_p1G/openjdk-8-8u191-b12/src/hotspot/src/share/vm/runtime/reflection.cpp, line 201]Event: 76.070 Thread 0x00007f41d8001800 Exception <a 'java/lang/IllegalArgumentException': argument type mismatch> (0x00000000d63dd820) thrown at [/build/openjdk-8-5w_p1G/openjdk-8-8u191-b12/src/hotspot/src/share/vm/runtime/reflection.cpp, line 201]Event: 76.071 Thread 0x00007f41d8001800 Exception <a 'java/lang/IllegalArgumentException': argument type mismatch> (0x00000000d63e03e8) thrown at [/build/openjdk-8-5w_p1G/openjdk-8-8u191-b12/src/hotspot/src/share/vm/runtime/reflection.cpp, line 201]Event: 76.071 Thread 0x00007f41d8001800 Exception <a 'java/lang/IllegalArgumentException': argument type mismatch> (0x00000000d63e3078) thrown at [/build/openjdk-8-5w_p1G/openjdk-8-8u191-b12/src/hotspot/src/share/vm/runtime/reflection.cpp, line 201]Event: 76.072 Thread 0x00007f41d8001800 Exception <a 'java/lang/IllegalArgumentException': argument type mismatch> (0x00000000d63e5dc8) thrown at [/build/openjdk-8-5w_p1G/openjdk-8-8u191-b12/src/hotspot/src/share/vm/runtime/reflection.cpp, line 201]Event: 109.764 Thread 0x00007f4230184800 Implicit null exception at 0x00007f42213352b0 to 0x00007f4221332de1Event: 165.877 Thread 0x00007f41dc009000 Implicit null exception at 0x00007f42213dc0b6 to 0x00007f42213dc496Event: 165.877 Thread 0x00007f41dc009000 Exception <a 'java/lang/NoSuchMethodError': <clinit>> (0x00000000d622db68) thrown at [/build/openjdk-8-5w_p1G/openjdk-8-8u191-b12/src/hotspot/src/share/vm/prims/jni.cpp, line 1613]Event: 165.955 Thread 0x00007f4230184800 Implicit null exception at 0x00007f42212dfc98 to 0x00007f42212dfd16Events (10 events):
Event: 758.951 Executing VM operation: ParallelGCSystemGC doneEvent: 761.276 Executing VM operation: ParallelGCSystemGCEvent: 761.403 Executing VM operation: ParallelGCSystemGC doneEvent: 763.747 Executing VM operation: ParallelGCSystemGCEvent: 763.895 Executing VM operation: ParallelGCSystemGC doneEvent: 767.315 Executing VM operation: ParallelGCSystemGCEvent: 768.268 Executing VM operation: ParallelGCSystemGC doneEvent: 775.842 Executing VM operation: ParallelGCSystemGCEvent: 782.272 Executing VM operation: ParallelGCSystemGC doneEvent: 791.064 Executing VM operation: ParallelGCSystemGCDynamic libraries:
82400000-87800000 rw-p 00000000 00:00 0
87800000-d6180000 ---p 00000000 00:00 0
d6180000-d8b80000 rw-p 00000000 00:00 0
d8b80000-100000000 ---p 00000000 00:00 0
100000000-1000c0000 rw-p 00000000 00:00 0
1000c0000-140000000 ---p 00000000 00:00 0
7f41ac000000-7f41ac021000 rw-p 00000000 00:00 0
7f41ac021000-7f41b0000000 ---p 00000000 00:00 0
7f41b4000000-7f41b4021000 rw-p 00000000 00:00 0
7f41b4021000-7f41b8000000 ---p 00000000 00:00 0
7f41b8000000-7f41b8021000 rw-p 00000000 00:00 0
7f41b8021000-7f41bc000000 ---p 00000000 00:00 0
7f41bc000000-7f41bc021000 rw-p 00000000 00:00 0
7f41bc021000-7f41c0000000 ---p 00000000 00:00 0
7f41c0000000-7f41c0021000 rw-p 00000000 00:00 0
7f41c0021000-7f41c4000000 ---p 00000000 00:00 0
7f41c4000000-7f41c4021000 rw-p 00000000 00:00 0
7f41c4021000-7f41c8000000 ---p 00000000 00:00 0
7f41c8000000-7f41c8021000 rw-p 00000000 00:00 0
7f41c8021000-7f41cc000000 ---p 00000000 00:00 0
7f41cc000000-7f41cc021000 rw-p 00000000 00:00 0
7f41cc021000-7f41d0000000 ---p 00000000 00:00 0
7f41d0000000-7f41d0021000 rw-p 00000000 00:00 0
7f41d0021000-7f41d4000000 ---p 00000000 00:00 0
7f41d4000000-7f41d4021000 rw-p 00000000 00:00 0
7f41d4021000-7f41d8000000 ---p 00000000 00:00 0
7f41d8000000-7f41d8030000 rw-p 00000000 00:00 0
7f41d8030000-7f41dc000000 ---p 00000000 00:00 0
7f41dc000000-7f41dc021000 rw-p 00000000 00:00 0
7f41dc021000-7f41e0000000 ---p 00000000 00:00 0
7f41e0000000-7f41e0021000 rw-p 00000000 00:00 0
7f41e0021000-7f41e4000000 ---p 00000000 00:00 0
7f41e4000000-7f41e4021000 rw-p 00000000 00:00 0
7f41e4021000-7f41e8000000 ---p 00000000 00:00 0
7f41e8000000-7f41e8021000 rw-p 00000000 00:00 0
7f41e8021000-7f41ec000000 ---p 00000000 00:00 0
7f41ec000000-7f41ed53c000 rw-p 00000000 00:00 0
7f41ed53c000-7f41f0000000 ---p 00000000 00:00 0
7f41f0000000-7f41f038e000 rw-p 00000000 00:00 0
7f41f038e000-7f41f4000000 ---p 00000000 00:00 0
7f41f4000000-7f41f4021000 rw-p 00000000 00:00 0
7f41f4021000-7f41f8000000 ---p 00000000 00:00 0
7f41f8000000-7f41f9b1b000 rw-p 00000000 00:00 0
7f41f9b1b000-7f41fc000000 ---p 00000000 00:00 0
7f41fc000000-7f41fc021000 rw-p 00000000 00:00 0
7f41fc021000-7f4200000000 ---p 00000000 00:00 0
7f4200000000-7f4200021000 rw-p 00000000 00:00 0
7f4200021000-7f4204000000 ---p 00000000 00:00 0
7f4204000000-7f4204044000 rw-p 00000000 00:00 0
7f4204044000-7f4208000000 ---p 00000000 00:00 0
7f4208000000-7f4208021000 rw-p 00000000 00:00 0
7f4208021000-7f420c000000 ---p 00000000 00:00 0
7f420de10000-7f420e013000 rw-p 00000000 00:00 0
7f420e020000-7f420e023000 ---p 00000000 00:00 0
7f420e023000-7f420e121000 rw-p 00000000 00:00 0
7f420e130000-7f420e133000 ---p 00000000 00:00 0
7f420e133000-7f420e231000 rw-p 00000000 00:00 0
7f420e240000-7f420e243000 ---p 00000000 00:00 0
7f420e243000-7f420e341000 rw-p 00000000 00:00 0
7f420e350000-7f420e353000 ---p 00000000 00:00 0
7f420e353000-7f420e451000 rw-p 00000000 00:00 0
7f420e460000-7f420e463000 ---p 00000000 00:00 0
7f420e463000-7f420e561000 rw-p 00000000 00:00 0
7f420e570000-7f420e573000 ---p 00000000 00:00 0
7f420e573000-7f420e671000 rw-p 00000000 00:00 0
7f420e680000-7f420e683000 ---p 00000000 00:00 0
7f420e683000-7f420e781000 rw-p 00000000 00:00 0
7f420e790000-7f420e793000 ---p 00000000 00:00 0
7f420e793000-7f420e891000 rw-p 00000000 00:00 0
7f420e8a0000-7f420e8a3000 ---p 00000000 00:00 0
7f420e8a3000-7f420e9a1000 rw-p 00000000 00:00 0
7f420e9b0000-7f420e9b3000 ---p 00000000 00:00 0
7f420e9b3000-7f420eab1000 rw-p 00000000 00:00 0
7f420eac0000-7f420eac3000 ---p 00000000 00:00 0
7f420eac3000-7f420ebc1000 rw-p 00000000 00:00 0
7f420ebd0000-7f420ebd3000 ---p 00000000 00:00 0
7f420ebd3000-7f420ecd1000 rw-p 00000000 00:00 0
7f420ece0000-7f420ece3000 ---p 00000000 00:00 0
7f420ece3000-7f420ede1000 rw-p 00000000 00:00 0
7f420edf0000-7f420f0f1000 rw-p 00000000 00:00 0
7f420f100000-7f420f117000 r-xp 00000000 00:00 213561             /usr/lib/jvm/java-8-openjdk-amd64/jre/lib/amd64/libnet.so
7f420f117000-7f420f118000 ---p 00017000 00:00 213561             /usr/lib/jvm/java-8-openjdk-amd64/jre/lib/amd64/libnet.so
7f420f118000-7f420f316000 ---p 00000018 00:00 213561             /usr/lib/jvm/java-8-openjdk-amd64/jre/lib/amd64/libnet.so
7f420f316000-7f420f317000 r--p 00016000 00:00 213561             /usr/lib/jvm/java-8-openjdk-amd64/jre/lib/amd64/libnet.so
7f420f317000-7f420f318000 rw-p 00017000 00:00 213561             /usr/lib/jvm/java-8-openjdk-amd64/jre/lib/amd64/libnet.so
7f420f325000-7f420f340000 r--s 001d6000 00:00 43386              /usr/lib/jvm/java-8-openjdk-amd64/jre/lib/ext/nashorn.jar
7f420f340000-7f420f341000 ---p 00000000 00:00 0
7f420f341000-7f420f441000 rw-p 00000000 00:00 0
7f420f450000-7f420f453000 ---p 00000000 00:00 0
7f420f453000-7f420f551000 rw-p 00000000 00:00 0
7f420f560000-7f420f564000 ---p 00000000 00:00 0
7f420f564000-7f420f661000 rw-p 00000000 00:00 0
7f420f670000-7f420f674000 ---p 00000000 00:00 0
7f420f674000-7f420f771000 rw-p 00000000 00:00 0
7f420f780000-7f420f784000 ---p 00000000 00:00 0
7f420f784000-7f420f881000 rw-p 00000000 00:00 0
7f420f890000-7f420f893000 ---p 00000000 00:00 0
7f420f893000-7f420f991000 rw-p 00000000 00:00 0
7f420f991000-7f420f9c2000 r--p 00000000 00:00 1165083            /usr/lib/locale/C.UTF-8/LC_CTYPE
7f420f9c2000-7f420fb35000 r--p 00000000 00:00 1165082            /usr/lib/locale/C.UTF-8/LC_COLLATE
7f420fb35000-7f420fcd0000 r--p 00000000 00:00 1165094            /usr/lib/locale/locale-archive
7f420fcd0000-7f420fcd3000 ---p 00000000 00:00 0
7f420fcd3000-7f420fdd1000 rw-p 00000000 00:00 0
7f420fde0000-7f420fde3000 ---p 00000000 00:00 0
7f420fde3000-7f420fee1000 rw-p 00000000 00:00 0
7f420fef0000-7f420fef1000 ---p 00000000 00:00 0
7f420fef1000-7f420fff1000 rw-p 00000000 00:00 0
7f4210000000-7f4210021000 rw-p 00000000 00:00 0
7f4210021000-7f4214000000 ---p 00000000 00:00 0
7f4214000000-7f4214021000 rw-p 00000000 00:00 0
7f4214021000-7f4218000000 ---p 00000000 00:00 0
7f4218000000-7f4218021000 rw-p 00000000 00:00 0
7f4218021000-7f421c000000 ---p 00000000 00:00 0
7f421c005000-7f421c020000 r--s 00394000 00:00 213588             /usr/lib/jvm/java-8-openjdk-amd64/jre/lib/ext/cldrdata.jar
7f421c020000-7f421c121000 rw-p 00000000 00:00 0
7f421c130000-7f421c231000 rw-p 00000000 00:00 0
7f421c240000-7f421c341000 rw-p 00000000 00:00 0
7f421c350000-7f421c451000 rw-p 00000000 00:00 0
7f421c460000-7f421c561000 rw-p 00000000 00:00 0
7f421c570000-7f421c591000 rw-p 00000000 00:00 0
7f421c5a0000-7f421c6a1000 rw-p 00000000 00:00 0
7f421c6b0000-7f421c6d1000 rw-p 00000000 00:00 0
7f421c6e0000-7f421c7e1000 rw-p 00000000 00:00 0
7f421c7f0000-7f421c811000 rw-p 00000000 00:00 0
7f421c820000-7f421c921000 rw-p 00000000 00:00 0
7f421c930000-7f421c951000 rw-p 00000000 00:00 0
7f421c960000-7f421ca61000 rw-p 00000000 00:00 0
7f421ca70000-7f421cb71000 rw-p 00000000 00:00 0
7f421cb80000-7f421cc81000 rw-p 00000000 00:00 0
7f421cc90000-7f421cd91000 rw-p 00000000 00:00 0
7f421cda0000-7f421cea1000 rw-p 00000000 00:00 0
7f421ceb0000-7f421cfb1000 rw-p 00000000 00:00 0
7f421cfc0000-7f421d0c1000 rw-p 00000000 00:00 0
7f421d0d0000-7f421d11e000 rw-p 00000000 00:00 0
7f421d120000-7f4221000000 rw-p 00000000 00:00 0
7f4221000000-7f4221490000 rwxp 00000000 00:00 0
7f4221490000-7f4230000000 ---p 00000000 00:00 0
7f4230000000-7f42301c2000 rw-p 00000000 00:00 0
7f42301c2000-7f4234000000 ---p 00000000 00:00 0
7f4234010000-7f4234031000 rw-p 00000000 00:00 0
7f4234031000-7f4234200000 r--s 03c33000 00:00 213628             /usr/lib/jvm/java-8-openjdk-amd64/jre/lib/rt.jar
7f4234200000-7f4234276000 rw-p 00000000 00:00 0
7f4234280000-7f4234800000 rw-p 00000000 00:00 0
7f4234800000-7f4234a80000 ---p 00000000 00:00 0
7f4234a80000-7f4234e6e000 rw-p 00000000 00:00 0
7f4234e70000-7f4234e71000 ---p 00000000 00:00 0
7f4234e71000-7f4234f71000 rw-p 00000000 00:00 0
7f4234f80000-7f4234f81000 ---p 00000000 00:00 0
7f4234f81000-7f4235081000 rw-p 00000000 00:00 0
7f4235090000-7f4235091000 ---p 00000000 00:00 0
7f4235091000-7f4235191000 rw-p 00000000 00:00 0
7f42351a0000-7f42351ca000 rw-p 00000000 00:00 0
7f42351ca000-7f423543f000 ---p 00000000 00:00 0
7f4235440000-7f423546a000 rw-p 00000000 00:00 0
7f423546a000-7f42356de000 ---p 00000000 00:00 0
7f42356de000-7f42356f4000 rw-p 00000000 00:00 0
7f42356f4000-7f423582e000 ---p 00000000 00:00 0
7f423582e000-7f423582f000 rw-p 00000000 00:00 0
7f4235830000-7f4235843000 rw-p 00000000 00:00 0
7f4235843000-7f4235bf0000 ---p 00000000 00:00 0
7f4235bf0000-7f4235bf8000 r-xp 00000000 00:00 213569             /usr/lib/jvm/java-8-openjdk-amd64/jre/lib/amd64/libzip.so
7f4235bf8000-7f4235bf9000 ---p 00008000 00:00 213569             /usr/lib/jvm/java-8-openjdk-amd64/jre/lib/amd64/libzip.so
7f4235bf9000-7f4235df7000 ---p 00000009 00:00 213569             /usr/lib/jvm/java-8-openjdk-amd64/jre/lib/amd64/libzip.so
7f4235df7000-7f4235df8000 r--p 00007000 00:00 213569             /usr/lib/jvm/java-8-openjdk-amd64/jre/lib/amd64/libzip.so
7f4235df8000-7f4235df9000 rw-p 00008000 00:00 213569             /usr/lib/jvm/java-8-openjdk-amd64/jre/lib/amd64/libzip.so
7f4235e00000-7f4235e0b000 r-xp 00000000 00:00 1163848            /lib/x86_64-linux-gnu/libnss_files-2.27.so
7f4235e0b000-7f4235e0c000 ---p 0000b000 00:00 1163848            /lib/x86_64-linux-gnu/libnss_files-2.27.so
7f4235e0c000-7f423600a000 ---p 0000000c 00:00 1163848            /lib/x86_64-linux-gnu/libnss_files-2.27.so
7f423600a000-7f423600b000 r--p 0000a000 00:00 1163848            /lib/x86_64-linux-gnu/libnss_files-2.27.so
7f423600b000-7f423600c000 rw-p 0000b000 00:00 1163848            /lib/x86_64-linux-gnu/libnss_files-2.27.so
7f423600c000-7f4236012000 rw-p 00000000 00:00 0
7f4236020000-7f4236037000 r-xp 00000000 00:00 1163842            /lib/x86_64-linux-gnu/libnsl-2.27.so
7f4236037000-7f4236038000 ---p 00017000 00:00 1163842            /lib/x86_64-linux-gnu/libnsl-2.27.so
7f4236038000-7f4236236000 ---p 00000018 00:00 1163842            /lib/x86_64-linux-gnu/libnsl-2.27.so
7f4236236000-7f4236237000 r--p 00016000 00:00 1163842            /lib/x86_64-linux-gnu/libnsl-2.27.so
7f4236237000-7f4236238000 rw-p 00017000 00:00 1163842            /lib/x86_64-linux-gnu/libnsl-2.27.so
7f4236238000-7f423623a000 rw-p 00000000 00:00 0
7f4236240000-7f423624b000 r-xp 00000000 00:00 1163852            /lib/x86_64-linux-gnu/libnss_nis-2.27.so
7f423624b000-7f423624c000 ---p 0000b000 00:00 1163852            /lib/x86_64-linux-gnu/libnss_nis-2.27.so
7f423624c000-7f423644a000 ---p 0000000c 00:00 1163852            /lib/x86_64-linux-gnu/libnss_nis-2.27.so
7f423644a000-7f423644b000 r--p 0000a000 00:00 1163852            /lib/x86_64-linux-gnu/libnss_nis-2.27.so
7f423644b000-7f423644c000 rw-p 0000b000 00:00 1163852            /lib/x86_64-linux-gnu/libnss_nis-2.27.so
7f4236450000-7f4236458000 r-xp 00000000 00:00 1163844            /lib/x86_64-linux-gnu/libnss_compat-2.27.so
7f4236458000-7f423645a000 ---p 00008000 00:00 1163844            /lib/x86_64-linux-gnu/libnss_compat-2.27.so
7f423645a000-7f4236658000 ---p 0000000a 00:00 1163844            /lib/x86_64-linux-gnu/libnss_compat-2.27.so
7f4236658000-7f4236659000 r--p 00008000 00:00 1163844            /lib/x86_64-linux-gnu/libnss_compat-2.27.so
7f4236659000-7f423665a000 rw-p 00009000 00:00 1163844            /lib/x86_64-linux-gnu/libnss_compat-2.27.so
7f4236660000-7f423668e000 r-xp 00000000 00:00 213546             /usr/lib/jvm/java-8-openjdk-amd64/jre/lib/amd64/libjava.so
7f423668e000-7f4236690000 ---p 0002e000 00:00 213546             /usr/lib/jvm/java-8-openjdk-amd64/jre/lib/amd64/libjava.so
7f4236690000-7f423688d000 ---p 00000030 00:00 213546             /usr/lib/jvm/java-8-openjdk-amd64/jre/lib/amd64/libjava.so
7f423688d000-7f423688e000 r--p 0002d000 00:00 213546             /usr/lib/jvm/java-8-openjdk-amd64/jre/lib/amd64/libjava.so
7f423688e000-7f4236890000 rw-p 0002e000 00:00 213546             /usr/lib/jvm/java-8-openjdk-amd64/jre/lib/amd64/libjava.so
7f4236890000-7f42368a0000 r-xp 00000000 00:00 213568             /usr/lib/jvm/java-8-openjdk-amd64/jre/lib/amd64/libverify.so
7f42368a0000-7f42368a2000 ---p 00010000 00:00 213568             /usr/lib/jvm/java-8-openjdk-amd64/jre/lib/amd64/libverify.so
7f42368a2000-7f4236a9f000 ---p 00000012 00:00 213568             /usr/lib/jvm/java-8-openjdk-amd64/jre/lib/amd64/libverify.so
7f4236a9f000-7f4236aa1000 r--p 0000f000 00:00 213568             /usr/lib/jvm/java-8-openjdk-amd64/jre/lib/amd64/libverify.so
7f4236aa1000-7f4236aa2000 rw-p 00011000 00:00 213568             /usr/lib/jvm/java-8-openjdk-amd64/jre/lib/amd64/libverify.so
7f4236ab0000-7f4236ab7000 r-xp 00000000 00:00 1163891            /lib/x86_64-linux-gnu/librt-2.27.so
7f4236ab7000-7f4236ab8000 ---p 00007000 00:00 1163891            /lib/x86_64-linux-gnu/librt-2.27.so
7f4236ab8000-7f4236cb6000 ---p 00000008 00:00 1163891            /lib/x86_64-linux-gnu/librt-2.27.so
7f4236cb6000-7f4236cb7000 r--p 00006000 00:00 1163891            /lib/x86_64-linux-gnu/librt-2.27.so
7f4236cb7000-7f4236cb8000 rw-p 00007000 00:00 1163891            /lib/x86_64-linux-gnu/librt-2.27.so
7f4236cc0000-7f4236cd7000 r-xp 00000000 00:00 1195636            /lib/x86_64-linux-gnu/libgcc_s.so.1
7f4236cd7000-7f4236cd8000 ---p 00017000 00:00 1195636            /lib/x86_64-linux-gnu/libgcc_s.so.1
7f4236cd8000-7f4236ed6000 ---p 00000018 00:00 1195636            /lib/x86_64-linux-gnu/libgcc_s.so.1
7f4236ed6000-7f4236ed7000 r--p 00016000 00:00 1195636            /lib/x86_64-linux-gnu/libgcc_s.so.1
7f4236ed7000-7f4236ed8000 rw-p 00017000 00:00 1195636            /lib/x86_64-linux-gnu/libgcc_s.so.1
7f4236ee0000-7f423707d000 r-xp 00000000 00:00 1163825            /lib/x86_64-linux-gnu/libm-2.27.so
7f423707d000-7f4237080000 ---p 0019d000 00:00 1163825            /lib/x86_64-linux-gnu/libm-2.27.so
7f4237080000-7f423727c000 ---p 000001a0 00:00 1163825            /lib/x86_64-linux-gnu/libm-2.27.so
7f423727c000-7f423727d000 r--p 0019c000 00:00 1163825            /lib/x86_64-linux-gnu/libm-2.27.so
7f423727d000-7f423727e000 rw-p 0019d000 00:00 1163825            /lib/x86_64-linux-gnu/libm-2.27.so
7f4237280000-7f42373f9000 r-xp 00000000 00:00 1252565            /usr/lib/x86_64-linux-gnu/libstdc++.so.6.0.25
7f42373f9000-7f4237406000 ---p 00179000 00:00 1252565            /usr/lib/x86_64-linux-gnu/libstdc++.so.6.0.25
7f4237406000-7f42375f9000 ---p 00000186 00:00 1252565            /usr/lib/x86_64-linux-gnu/libstdc++.so.6.0.25
7f42375f9000-7f4237603000 r--p 00179000 00:00 1252565            /usr/lib/x86_64-linux-gnu/libstdc++.so.6.0.25
7f4237603000-7f4237605000 rw-p 00183000 00:00 1252565            /usr/lib/x86_64-linux-gnu/libstdc++.so.6.0.25
7f4237605000-7f4237609000 rw-p 00000000 00:00 0
7f4237610000-7f42382aa000 r-xp 00000000 00:00 213574             /usr/lib/jvm/java-8-openjdk-amd64/jre/lib/amd64/server/libjvm.so
7f42382aa000-7f4238374000 ---p 00c9a000 00:00 213574             /usr/lib/jvm/java-8-openjdk-amd64/jre/lib/amd64/server/libjvm.so
7f4238374000-7f42384a9000 ---p 00000d64 00:00 213574             /usr/lib/jvm/java-8-openjdk-amd64/jre/lib/amd64/server/libjvm.so
7f42384a9000-7f423853d000 r--p 00c99000 00:00 213574             /usr/lib/jvm/java-8-openjdk-amd64/jre/lib/amd64/server/libjvm.so
7f423853d000-7f4238566000 rw-p 00d2d000 00:00 213574             /usr/lib/jvm/java-8-openjdk-amd64/jre/lib/amd64/server/libjvm.so
7f4238566000-7f4238596000 rw-p 00000000 00:00 0
7f42385a0000-7f42385ba000 r-xp 00000000 00:00 1163883            /lib/x86_64-linux-gnu/libpthread-2.27.so
7f42385ba000-7f42385c4000 ---p 0001a000 00:00 1163883            /lib/x86_64-linux-gnu/libpthread-2.27.so
7f42385c4000-7f42387b9000 ---p 00000024 00:00 1163883            /lib/x86_64-linux-gnu/libpthread-2.27.so
7f42387b9000-7f42387ba000 r--p 00019000 00:00 1163883            /lib/x86_64-linux-gnu/libpthread-2.27.so
7f42387ba000-7f42387bb000 rw-p 0001a000 00:00 1163883            /lib/x86_64-linux-gnu/libpthread-2.27.so
7f42387bb000-7f42387bf000 rw-p 00000000 00:00 0
7f42387c0000-7f42387c3000 r-xp 00000000 00:00 1163697            /lib/x86_64-linux-gnu/libdl-2.27.so
7f42387c3000-7f42387c4000 ---p 00003000 00:00 1163697            /lib/x86_64-linux-gnu/libdl-2.27.so
7f42387c4000-7f42389c2000 ---p 00000004 00:00 1163697            /lib/x86_64-linux-gnu/libdl-2.27.so
7f42389c2000-7f42389c3000 r--p 00002000 00:00 1163697            /lib/x86_64-linux-gnu/libdl-2.27.so
7f42389c3000-7f42389c4000 rw-p 00003000 00:00 1163697            /lib/x86_64-linux-gnu/libdl-2.27.so
7f42389d0000-7f42389ec000 r-xp 00000000 00:00 1163923            /lib/x86_64-linux-gnu/libz.so.1.2.11
7f42389ec000-7f42389ed000 ---p 0001c000 00:00 1163923            /lib/x86_64-linux-gnu/libz.so.1.2.11
7f42389ed000-7f4238beb000 ---p 0000001d 00:00 1163923            /lib/x86_64-linux-gnu/libz.so.1.2.11
7f4238beb000-7f4238bec000 r--p 0001b000 00:00 1163923            /lib/x86_64-linux-gnu/libz.so.1.2.11
7f4238bec000-7f4238bed000 rw-p 0001c000 00:00 1163923            /lib/x86_64-linux-gnu/libz.so.1.2.11
7f4238bf0000-7f4238dd7000 r-xp 00000000 00:00 1163633            /lib/x86_64-linux-gnu/libc-2.27.so
7f4238dd7000-7f4238de0000 ---p 001e7000 00:00 1163633            /lib/x86_64-linux-gnu/libc-2.27.so
7f4238de0000-7f4238fd7000 ---p 000001f0 00:00 1163633            /lib/x86_64-linux-gnu/libc-2.27.so
7f4238fd7000-7f4238fdb000 r--p 001e7000 00:00 1163633            /lib/x86_64-linux-gnu/libc-2.27.so
7f4238fdb000-7f4238fdd000 rw-p 001eb000 00:00 1163633            /lib/x86_64-linux-gnu/libc-2.27.so
7f4238fdd000-7f4238fe1000 rw-p 00000000 00:00 0
7f4238ff0000-7f4238ffe000 r-xp 00000000 00:00 213532             /usr/lib/jvm/java-8-openjdk-amd64/jre/lib/amd64/jli/libjli.so
7f4238ffe000-7f4238fff000 ---p 0000e000 00:00 213532             /usr/lib/jvm/java-8-openjdk-amd64/jre/lib/amd64/jli/libjli.so
7f4238fff000-7f42391fd000 ---p 0000000f 00:00 213532             /usr/lib/jvm/java-8-openjdk-amd64/jre/lib/amd64/jli/libjli.so
7f42391fd000-7f42391fe000 r--p 0000d000 00:00 213532             /usr/lib/jvm/java-8-openjdk-amd64/jre/lib/amd64/jli/libjli.so
7f42391fe000-7f42391ff000 rw-p 0000e000 00:00 213532             /usr/lib/jvm/java-8-openjdk-amd64/jre/lib/amd64/jli/libjli.so
7f4239200000-7f4239226000 r-xp 00000000 00:00 1163578            /lib/x86_64-linux-gnu/ld-2.27.so
7f4239226000-7f4239227000 r-xp 00026000 00:00 1163578            /lib/x86_64-linux-gnu/ld-2.27.so
7f4239240000-7f423929b000 rw-p 00000000 00:00 0
7f42392a0000-7f42392c8000 rw-p 00000000 00:00 0
7f42392d0000-7f42392f8000 rw-p 00000000 00:00 0
7f42392fb000-7f4239300000 r--s 000a0000 00:00 213618             /usr/lib/jvm/java-8-openjdk-amd64/jre/lib/jsse.jar
7f4239300000-7f4239301000 ---p 00000000 00:00 0
7f4239301000-7f4239401000 rw-p 00000000 00:00 0
7f4239404000-7f423940a000 r--s 0004e000 00:00 614318             /mnt/c/Users/ksank/akka-resources/src/libs/salsa1.1.5.jar
7f423940a000-7f4239410000 r--s 0002b000 00:00 155396             /mnt/c/Users/ksank/akka-resources/src/libs/kotlin-runtime-1.2.20-dev-331.jar
7f4239410000-7f4239411000 rw-p 00000000 00:00 0
7f4239413000-7f4239416000 r--s 00038000 00:00 213598             /usr/lib/jvm/java-8-openjdk-amd64/jre/lib/ext/sunpkcs11.jar
7f4239416000-7f4239420000 r--s 00116000 00:00 39595              /usr/lib/jvm/java-8-openjdk-amd64/jre/lib/ext/localedata.jar
7f4239420000-7f4239421000 ---p 00000000 00:00 0
7f4239421000-7f4239427000 r--s 0003b000 00:00 213596             /usr/lib/jvm/java-8-openjdk-amd64/jre/lib/ext/sunjce_provider.jar
7f4239427000-7f4239428000 r--p 00027000 00:00 1163578            /lib/x86_64-linux-gnu/ld-2.27.so
7f4239428000-7f4239429000 rw-p 00028000 00:00 1163578            /lib/x86_64-linux-gnu/ld-2.27.so
7f4239429000-7f423942a000 rw-p 00000000 00:00 0
7f423942a000-7f423942b000 r--s 00010000 00:00 213599             /usr/lib/jvm/java-8-openjdk-amd64/jre/lib/ext/zipfs.jar
7f423942b000-7f423942d000 r--s 00008000 00:00 213595             /usr/lib/jvm/java-8-openjdk-amd64/jre/lib/ext/sunec.jar
7f423942d000-7f423942f000 r--s 00007000 00:00 215852             /usr/share/java/java-atk-wrapper.jar
7f423942f000-7f4239430000 r--s 0000a000 00:00 213591             /usr/lib/jvm/java-8-openjdk-amd64/jre/lib/ext/jaccess.jar
7f4239430000-7f4239434000 ---p 00000000 00:00 0
7f4239434000-7f4239531000 rw-p 00000000 00:00 0
7f4239531000-7f4239534000 r--s 0000f000 00:00 213590             /usr/lib/jvm/java-8-openjdk-amd64/jre/lib/ext/icedtea-sound.jar
7f4239534000-7f4239536000 r--s 00001000 00:00 213589             /usr/lib/jvm/java-8-openjdk-amd64/jre/lib/ext/dnsns.jar
7f4239536000-7f4239537000 r--p 00000000 00:00 1165090            /usr/lib/locale/C.UTF-8/LC_NUMERIC
7f4239537000-7f4239538000 r--p 00000000 00:00 1165093            /usr/lib/locale/C.UTF-8/LC_TIME
7f4239538000-7f4239539000 r--p 00000000 00:00 1165088            /usr/lib/locale/C.UTF-8/LC_MONETARY
7f4239539000-7f4239540000 r--s 00000000 00:00 1170996            /usr/lib/x86_64-linux-gnu/gconv/gconv-modules.cache
7f4239540000-7f4239542000 rw-p 00000000 00:00 0
7f4239542000-7f4239543000 r--p 00000000 00:00 1165087            /usr/lib/locale/C.UTF-8/LC_MESSAGES/SYS_LC_MESSAGES
7f4239543000-7f4239544000 r--p 00000000 00:00 1165091            /usr/lib/locale/C.UTF-8/LC_PAPER
7f4239544000-7f4239545000 r--p 00000000 00:00 1165089            /usr/lib/locale/C.UTF-8/LC_NAME
7f4239545000-7f4239546000 r--p 00000000 00:00 1165081            /usr/lib/locale/C.UTF-8/LC_ADDRESS
7f4239546000-7f4239547000 r--p 00000000 00:00 1165092            /usr/lib/locale/C.UTF-8/LC_TELEPHONE
7f4239547000-7f4239548000 r--p 00000000 00:00 1165085            /usr/lib/locale/C.UTF-8/LC_MEASUREMENT
7f4239548000-7f4239550000 rw-s 00000000 00:00 925570             /tmp/hsperfdata_rohankasi/10314
7f4239550000-7f4239552000 rw-p 00000000 00:00 0
7f4239552000-7f4239553000 r--p 00000000 00:00 1165084            /usr/lib/locale/C.UTF-8/LC_IDENTIFICATION
7f4239600000-7f4239601000 r-xp 00000000 00:00 213513             /usr/lib/jvm/java-8-openjdk-amd64/jre/bin/java
7f4239800000-7f4239801000 r--p 00000000 00:00 213513             /usr/lib/jvm/java-8-openjdk-amd64/jre/bin/java
7f4239801000-7f4239802000 rw-p 00001000 00:00 213513             /usr/lib/jvm/java-8-openjdk-amd64/jre/bin/java
7fffcef0e000-7fffcef2f000 rw-p 00000000 00:00 0                  [heap]
7fffd59fd000-7fffd61fd000 rw-p 00000000 00:00 0                  [stack]
7fffd650f000-7fffd6510000 r-xp 00000000 00:00 0                  [vdso]

VM Arguments:
jvm_args: -Duan=uan://localhost:3030/id20 
java_command: examples.chat.SpeakerKtKt uan://localhost:3030/id1 uan://localhost:3030/id20
java_class_path (initial): .:./libs/kotlin-runtime-1.2.20-dev-331.jar:./libs/salsa1.1.5.jar
Launcher Type: SUN_STANDARD

Environment Variables:
PATH=/home/rohankasi/.local/bin:/home/rohankasi/.sdkman/candidates/kotlin/current/bin:/opt/maven/bin:/usr/local/sbin:/usr/local/bin:/usr/sbin:/usr/bin:/sbin:/bin:/usr/games:/usr/local/games:/mnt/c/Program Files/WindowsApps/CanonicalGroupLimited.UbuntuonWindows_1804.2019.521.0_x64__79rhkp1fndgsc:/mnt/c/ProgramData/DockerDesktop/version-bin:/mnt/c/Program Files/Docker/Docker/resources/bin:/mnt/c/Python34:/mnt/c/Python34/Scripts:/mnt/c/Program Files/Haskell Platform/8.0.1/lib/extralibs/bin:/mnt/c/Program Files/Haskell Platform/8.0.1/bin:/mnt/c/Program Files (x86)/Intel/iCLS Client:/mnt/c/Program Files/Intel/iCLS Client:/mnt/c/Windows/System32:/mnt/c/Windows:/mnt/c/Windows/System32/wbem:/mnt/c/Windows/System32/WindowsPowerShell/v1.0:/mnt/c/Program Files (x86)/Intel/Intel(R) Management Engine Components/DAL:/mnt/c/Program Files/Intel/Intel(R) Management Engine Components/DAL:/mnt/c/Program Files (x86)/Intel/Intel(R) Management Engine Components/IPT:/mnt/c/Program Files/Intel/Intel(R) Management Engine Components/IPT:/mnt/c/Program Files/Haskell Platform/8.0.1/mingw/bin:/mnt/c/Program Files (x86)/GtkSharp/2.12/bin:/mnt/c/Program Files/Git/cmd:/mnt/c/Program Files/PuTTY:/mnt/c/Program Files/doxygen/bin:/mnt/c/Program Files/cURL/bin:/mnt/c/Program Files/nodejs:/mnt/c/Windows/System32/OpenSSH:/mnt/c/Program Files/Microsoft Windows Performance Toolkit:/mnt/c/TDM-GCC-64/bin:/mnt/c/Program Files/Intel/WiFi/bin:/mnt/c/Program Files/Common Files/Intel/WirelessCommon:/mnt/c/Users/ksank/AppData/Roaming/local/bin:/mnt/c/Users/ksank/AppData/Local/Microsoft/WindowsApps:/mnt/c/Users/ksank/Downloads/svm_light:/mnt/c/Program Files (x86)/Java/jdk1.8.0_144/bin:/mnt/c/Users/ksank/AppData/Local/.meteor:/mnt/c/Users/ksank/AppData/Roaming/npm:/mnt/c/MinGW/bin:/mnt/c/Users/ksank/AppData/Local/atom/bin:/snap/bin
SHELL=/bin/bash
HOSTTYPE=x86_64

Signal Handlers:
SIGSEGV: [libjvm.so+0xab2ea0], sa_mask[0]=11111111111111111111111111111110, sa_flags=SA_RESTART|SA_SIGINFO
SIGBUS: [libjvm.so+0xab2ea0], sa_mask[0]=11111111111111111111111111111110, sa_flags=SA_RESTART|SA_SIGINFO
SIGFPE: [libjvm.so+0x8e87b0], sa_mask[0]=11111111111111111111111111111110, sa_flags=SA_RESTART|SA_SIGINFO
SIGPIPE: [libjvm.so+0x8e87b0], sa_mask[0]=11111111111111111111111111111110, sa_flags=SA_RESTART|SA_SIGINFO
SIGXFSZ: [libjvm.so+0x8e87b0], sa_mask[0]=11111111111111111111111111111110, sa_flags=SA_RESTART|SA_SIGINFO
SIGILL: [libjvm.so+0x8e87b0], sa_mask[0]=11111111111111111111111111111110, sa_flags=SA_RESTART|SA_SIGINFO
SIGUSR1: SIG_DFL, sa_mask[0]=00000000000000000000000000000000, sa_flags=none
SIGUSR2: [libjvm.so+0x8e8660], sa_mask[0]=00000000000000000000000000000000, sa_flags=SA_RESTART|SA_SIGINFO
SIGHUP: [libjvm.so+0x8e8cd0], sa_mask[0]=11111111111111111111111111111110, sa_flags=SA_RESTART|SA_SIGINFO
SIGINT: SIG_IGN, sa_mask[0]=00000000000000000000000000000000, sa_flags=none
SIGTERM: [libjvm.so+0x8e8cd0], sa_mask[0]=11111111111111111111111111111110, sa_flags=SA_RESTART|SA_SIGINFO
SIGQUIT: [libjvm.so+0x8e8cd0], sa_mask[0]=11111111111111111111111111111110, sa_flags=SA_RESTART|SA_SIGINFO


---------------  S Y S T E M  ---------------

OS:DISTRIB_ID=Ubuntu
DISTRIB_RELEASE=18.04
DISTRIB_CODENAME=bionic
DISTRIB_DESCRIPTION="Ubuntu 18.04.1 LTS"

uname:Linux 4.4.0-17134-Microsoft #706-Microsoft Mon Apr 01 18:13:00 PST 2019 x86_64
libc:glibc 2.27 NPTL 2.27 
rlimit: STACK 8192k, CORE 0k, NPROC 7823, NOFILE 65536, AS infinity
load average:0.52 0.58 0.59

/proc/meminfo:
MemTotal:        8233460 kB
MemFree:          257300 kB
Buffers:           34032 kB
Cached:           188576 kB
SwapCached:            0 kB
Active:           167556 kB
Inactive:         157876 kB
Active(anon):     103104 kB
Inactive(anon):    17440 kB
Active(file):      64452 kB
Inactive(file):   140436 kB
Unevictable:           0 kB
Mlocked:               0 kB
SwapTotal:      15465852 kB
SwapFree:       12376716 kB
Dirty:                 0 kB
Writeback:             0 kB
AnonPages:        102824 kB
Mapped:            71404 kB
Shmem:             17720 kB
Slab:              13868 kB
SReclaimable:       6744 kB
SUnreclaim:         7124 kB
KernelStack:        2848 kB
PageTables:         2524 kB
NFS_Unstable:          0 kB
Bounce:                0 kB
WritebackTmp:          0 kB
CommitLimit:      515524 kB
Committed_AS:    3450064 kB
VmallocTotal:     122880 kB
VmallocUsed:       21296 kB
VmallocChunk:      66044 kB
HardwareCorrupted:     0 kB
AnonHugePages:      2048 kB
HugePages_Total:       0
HugePages_Free:        0
HugePages_Rsvd:        0
HugePages_Surp:        0
Hugepagesize:       2048 kB
DirectMap4k:       12280 kB
DirectMap4M:      897024 kB


CPU:total 4 (initial active 4) (2 cores per cpu, 2 threads per core) family 6 model 78 stepping 3, cmov, cx8, fxsr, mmx, sse, sse2, sse3, ssse3, sse4.1, sse4.2, popcnt, avx, avx2, aes, clmul, erms, 3dnowpref, lzcnt, ht, tsc, tscinvbit, bmi1, bmi2, adx

/proc/cpuinfo:
processor	: 0
vendor_id	: GenuineIntel
cpu family	: 6
model		: 78
model name	: Intel(R) Core(TM) i5-6200U CPU @ 2.30GHz
stepping	: 3
microcode	: 0xffffffff
cpu MHz		: 2400.000
cache size	: 256 KB
physical id	: 0
siblings	: 4
core id		: 0
cpu cores	: 2
apicid		: 0
initial apicid	: 0
fpu		: yes
fpu_exception	: yes
cpuid level	: 6
wp		: yes
flags		: fpu vme de pse tsc msr pae mce cx8 apic sep mtrr pge mca cmov pat pse36 clflush dts acpi mmx fxsr sse sse2 ss ht tm pbe syscall nx pdpe1gb rdtscp lm pni pclmulqdq est tm2 ssse3 fma cx16 xtpr pdcm pcid sse4_1 sse4_2 movbe popcnt aes xsave osxsave avx f16c rdrand hypervisor
bogomips	: 4800.00
clflush size	: 64
cache_alignment	: 64
address sizes	: 36 bits physical, 48 bits virtual
power management:

processor	: 1
vendor_id	: GenuineIntel
cpu family	: 6
model		: 78
model name	: Intel(R) Core(TM) i5-6200U CPU @ 2.30GHz
stepping	: 3
microcode	: 0xffffffff
cpu MHz		: 2400.000
cache size	: 256 KB
physical id	: 0
siblings	: 4
core id		: 0
cpu cores	: 2
apicid		: 0
initial apicid	: 0
fpu		: yes
fpu_exception	: yes
cpuid level	: 6
wp		: yes
flags		: fpu vme de pse tsc msr pae mce cx8 apic sep mtrr pge mca cmov pat pse36 clflush dts acpi mmx fxsr sse sse2 ss ht tm pbe syscall nx pdpe1gb rdtscp lm pni pclmulqdq est tm2 ssse3 fma cx16 xtpr pdcm pcid sse4_1 sse4_2 movbe popcnt aes xsave osxsave avx f16c rdrand hypervisor
bogomips	: 4800.00
clflush size	: 64
cache_alignment	: 64
address sizes	: 36 bits physical, 48 bits virtual
power management:

processor	: 2
vendor_id	: GenuineIntel
cpu family	: 6
model		: 78
model name	: Intel(R) Core(TM) i5-6200U CPU @ 2.30GHz
stepping	: 3
microcode	: 0xffffffff
cpu MHz		: 2400.000
cache size	: 256 KB
physical id	: 0
siblings	: 4
core id		: 1
cpu cores	: 2
apicid		: 0
initial apicid	: 0
fpu		: yes
fpu_exception	: yes
cpuid level	: 6
wp		: yes
flags		: fpu vme de pse tsc msr pae mce cx8 apic sep mtrr pge mca cmov pat pse36 clflush dts acpi mmx fxsr sse sse2 ss ht tm pbe syscall nx pdpe1gb rdtscp lm pni pclmulqdq est tm2 ssse3 fma cx16 xtpr pdcm pcid sse4_1 sse4_2 movbe popcnt aes xsave osxsave avx f16c rdrand hypervisor
bogomips	: 4800.00
clflush size	: 64
cache_alignment	: 64
address sizes	: 36 bits physical, 48 bits virtual
power management:

processor	: 3
vendor_id	: GenuineIntel
cpu family	: 6
model		: 78
model name	: Intel(R) Core(TM) i5-6200U CPU @ 2.30GHz
stepping	: 3
microcode	: 0xffffffff
cpu MHz		: 2400.000
cache size	: 256 KB
physical id	: 0
siblings	: 4
core id		: 1
cpu cores	: 2
apicid		: 0
initial apicid	: 0
fpu		: yes
fpu_exception	: yes
cpuid level	: 6
wp		: yes
flags		: fpu vme de pse tsc msr pae mce cx8 apic sep mtrr pge mca cmov pat pse36 clflush dts acpi mmx fxsr sse sse2 ss ht tm pbe syscall nx pdpe1gb rdtscp lm pni pclmulqdq est tm2 ssse3 fma cx16 xtpr pdcm pcid sse4_1 sse4_2 movbe popcnt aes xsave osxsave avx f16c rdrand hypervisor
bogomips	: 4800.00
clflush size	: 64
cache_alignment	: 64
address sizes	: 36 bits physical, 48 bits virtual
power management:



Memory: 4k page, physical 8233460k(257292k free), swap 15465852k(12376716k free)

vm_info: OpenJDK 64-Bit Server VM (25.191-b12) for linux-amd64 JRE (1.8.0_191-8u191-b12-2ubuntu0.18.04.1-b12), built on Jan 14 2019 21:02:00 by "buildd" with gcc 7.3.0

time: Wed Nov 13 17:26:03 2019
elapsed time: 794 seconds (0d 0h 13m 14s)

