#
# A fatal error has been detected by the Java Runtime Environment:
#
#  SIGSEGV (0xb) at pc=0x00007f0a6618a91c, pid=25613, tid=0x00007f0a498b0700
#
# JRE version: OpenJDK Runtime Environment (8.0_191-b12) (build 1.8.0_191-8u191-b12-2ubuntu0.18.04.1-b12)
# Java VM: OpenJDK 64-Bit Server VM (25.191-b12 mixed mode linux-amd64 compressed oops)
# Problematic frame:
# V  [libjvm.so+0x97a91c]
#
# Failed to write core dump. Core dumps have been disabled. To enable core dumping, try "ulimit -c unlimited" before starting Java again
#
# If you would like to submit a bug report, please visit:
#   http://bugreport.java.com/bugreport/crash.jsp
#

---------------  T H R E A D  ---------------

Current thread (0x00007f0a600be800):  JavaThread "C2 CompilerThread1" daemon [_thread_in_native, id=26465, stack(0x00007f0a497b1000,0x00007f0a498b1000)]

siginfo: si_signo: 11 (SIGSEGV), si_code: 2 (SEGV_ACCERR), si_addr: 0x00007f0a1df35000

Registers:
RAX=0x00007f0a1df34e70, RBX=0x00000000000001b2, RCX=0x0000000000000000, RDX=0x00007f0a1df34e60
RSP=0x00007f0a498ac5c0, RBP=0x00007f0a498ac7b0, RSI=0x00007f0a1df35010, RDI=0x00007f0a1df34160
R8 =0x0000000000000000, R9 =0x0000000000008ec1, R10=0x000000000000001a, R11=0x000000000000001a
R12=0x00007f0a498ac840, R13=0x00000000000001a1, R14=0x00000000000001b0, R15=0x00000000000001a1
RIP=0x00007f0a6618a91c, EFLAGS=0x0000000000010202, CSGSFS=0x00000053002b0033, ERR=0x0000000000000000
  TRAPNO=0x0000000000000000

Top of Stack: (sp=0x00007f0a498ac5c0)
0x00007f0a498ac5c0:   ffff7fff00000200 00007f0a00008000
0x00007f0a498ac5d0:   00000000000003d8 00007f0a00000008
0x00007f0a498ac5e0:   00007f0a1d8210c0 000f42ba00000034
0x00007f0a498ac5f0:   00007f0a498ac730 00007f0a20023d80
0x00007f0a498ac600:   00007f0a20024158 00007f0a498ac710
0x00007f0a498ac610:   0000336a00000000 00007f0a20023d70
0x00007f0a498ac620:   00007f0a1da8d568 000000000000013f
0x00007f0a498ac630:   00007f0a1d9ef6b0 00007f0a65e35b46
0x00007f0a498ac640:   00007f0a1de137b0 0000000000000000
0x00007f0a498ac650:   00007f0a498ac710 00007f0a65bec713
0x00007f0a498ac660:   000000000000000c 0000000000040000
0x00007f0a498ac670:   00007f0a1d866c40 00007f0a1d9ef6f0
0x00007f0a498ac680:   00007f0a498ac710 00007f0a1d865f30
0x00007f0a498ac690:   00000000000001a1 00007f0a1d84cbc0
0x00007f0a498ac6a0:   00003081000001a0 00000000000001a1
0x00007f0a498ac6b0:   0101010101010101 0101010101010101
0x00007f0a498ac6c0:   0000000000000d08 0000000000000d90
0x00007f0a498ac6d0:   fffffffffffffe4f 00007f0a498acb40
0x00007f0a498ac6e0:   00007f0a1d8599b0 00007f0a498ac840
0x00007f0a498ac6f0:   fffffffffffff2ef 0000000000000d10
0x00007f0a498ac700:   00007f0a1d8619a0 00003373000001a1
0x00007f0a498ac710:   00003373000001a1 00007f0a498ac840
0x00007f0a498ac720:   00007f0a0000000f 00007f0a1d832fe0
0x00007f0a498ac730:   0000337300000000 00007f0a498ac840
0x00007f0a498ac740:   000030810000000f 00007f0a1d83fdd0
0x00007f0a498ac750:   00007f0a1d7df860 0000000000000034
0x00007f0a498ac760:   00007f0a1c566560 00007f0a00000034
0x00007f0a498ac770:   00007f0a1dcc5c00 d1539d085ca36000
0x00007f0a498ac780:   00007f0a1dc81be0 00007f0a498ac870
0x00007f0a498ac790:   00007f0a498ac8e0 00007f0a498ac940
0x00007f0a498ac7a0:   00007f0a667406b8 00007f0a498acb40
0x00007f0a498ac7b0:   00007f0a498aca40 00007f0a65beeff7 

Instructions: (pc=0x00007f0a6618a91c)
0x00007f0a6618a8fc:   45 31 d2 45 89 eb 48 8d 14 f7 48 01 c6 41 c1 eb
0x00007f0a6618a90c:   04 0f 1f 00 41 83 c2 01 48 83 ea 80 48 83 c6 10
0x00007f0a6618a91c:   0f 29 4e f0 0f 11 42 80 0f 11 42 90 0f 11 42 a0
0x00007f0a6618a92c:   0f 11 42 b0 0f 11 42 c0 0f 11 42 d0 0f 11 42 e0 

Register to memory mapping:

RAX=0x00007f0a1df34e70 is an unknown value
RBX=0x00000000000001b2 is an unknown value
RCX=0x0000000000000000 is an unknown value
RDX=0x00007f0a1df34e60 is an unknown value
RSP=0x00007f0a498ac5c0 is pointing into the stack for thread: 0x00007f0a600be800
RBP=0x00007f0a498ac7b0 is pointing into the stack for thread: 0x00007f0a600be800
RSI=0x00007f0a1df35010 is an unknown value
RDI=0x00007f0a1df34160 is an unknown value
R8 =0x0000000000000000 is an unknown value
R9 =0x0000000000008ec1 is an unknown value
R10=0x000000000000001a is an unknown value
R11=0x000000000000001a is an unknown value
R12=0x00007f0a498ac840 is pointing into the stack for thread: 0x00007f0a600be800
R13=0x00000000000001a1 is an unknown value
R14=0x00000000000001b0 is an unknown value
R15=0x00000000000001a1 is an unknown value


Stack: [0x00007f0a497b1000,0x00007f0a498b1000],  sp=0x00007f0a498ac5c0,  free space=1005k
Native frames: (J=compiled Java code, j=interpreted, Vv=VM code, C=native code)
V  [libjvm.so+0x97a91c]
V  [libjvm.so+0x3deff7]
V  [libjvm.so+0x478448]
V  [libjvm.so+0x47948b]
V  [libjvm.so+0x3c08da]
V  [libjvm.so+0x48487b]
V  [libjvm.so+0x486b58]
V  [libjvm.so+0xa4fd93]
V  [libjvm.so+0xa501c2]
V  [libjvm.so+0x8ea992]
C  [libpthread.so.0+0x76db]  start_thread+0xdb


Current CompileTask:
C2: 799957 1137   !   4       gc.WeakReference::send (199 bytes)


---------------  P R O C E S S  ---------------

Java Threads: ( => current thread )
  0x00007f09e4005000 JavaThread "Thread-11" [_thread_blocked, id=29537, stack(0x00007f0a48160000,0x00007f0a48261000)]
  0x00007f0a0c006000 JavaThread "Handler Loop 4" [_thread_in_native, id=29526, stack(0x00007f0a48380000,0x00007f0a48481000)]
  0x00007f0a0c005000 JavaThread "gc.serverGC.GCAgent$State" [_thread_blocked, id=27798, stack(0x00007f0a48490000,0x00007f0a48591000)]
  0x00007f0a0c003000 JavaThread "wwc.messaging.WWCSystem$State" [_thread_blocked, id=27793, stack(0x00007f0a485a0000,0x00007f0a486a1000)]
  0x00007f0a6000b000 JavaThread "DestroyJavaVM" [_thread_blocked, id=25672, stack(0x00007f0a67521000,0x00007f0a67621000)]
  0x00007f0a08007000 JavaThread "wwc.resources.StandardInput$State" [_thread_blocked, id=27488, stack(0x00007f0a487c0000,0x00007f0a488c1000)]
  0x00007f0a08003800 JavaThread "wwc.resources.StandardError$State" [_thread_blocked, id=27463, stack(0x00007f0a488d0000,0x00007f0a489d1000)]
  0x00007f0a08001800 JavaThread "wwc.resources.StandardOutput$State" [_thread_blocked, id=27430, stack(0x00007f0a489e0000,0x00007f0a48ae1000)]
  0x00007f0a60184000 JavaThread "examples.chat.Speaker$State" [_thread_blocked, id=27260, stack(0x00007f0a48af0000,0x00007f0a48bf1000)]
  0x00007f0a60182800 JavaThread "RunTime Exit Thead" daemon [_thread_blocked, id=27254, stack(0x00007f0a48c00000,0x00007f0a48d01000)]
  0x00007f0a6016f800 JavaThread "Clear Socket Thread" [_thread_blocked, id=26870, stack(0x00007f0a48d10000,0x00007f0a48e11000)]
  0x00007f0a6016d800 JavaThread "Listen Loop Thread" [_thread_in_native, id=26827, stack(0x00007f0a48e20000,0x00007f0a48f21000)]
  0x00007f0a600c3000 JavaThread "Service Thread" daemon [_thread_blocked, id=26590, stack(0x00007f0a49590000,0x00007f0a49691000)]
  0x00007f0a600c0000 JavaThread "C1 CompilerThread2" daemon [_thread_blocked, id=26531, stack(0x00007f0a496a1000,0x00007f0a497a1000)]
=>0x00007f0a600be800 JavaThread "C2 CompilerThread1" daemon [_thread_in_native, id=26465, stack(0x00007f0a497b1000,0x00007f0a498b1000)]
  0x00007f0a600bb800 JavaThread "C2 CompilerThread0" daemon [_thread_blocked, id=26390, stack(0x00007f0a498c1000,0x00007f0a499c1000)]
  0x00007f0a600ba000 JavaThread "Signal Dispatcher" daemon [_thread_blocked, id=26348, stack(0x00007f0a499d0000,0x00007f0a49ad1000)]
  0x00007f0a60085000 JavaThread "Finalizer" daemon [_thread_blocked, id=26223, stack(0x00007f0a49e10000,0x00007f0a49f11000)]
  0x00007f0a60082800 JavaThread "Reference Handler" daemon [_thread_blocked, id=26105, stack(0x00007f0a49f20000,0x00007f0a4a021000)]

Other Threads:
  0x00007f0a60079000 VMThread [stack: 0x00007f0a4a031000,0x00007f0a4a131000] [id=25968]
  0x00007f0a600c5800 WatcherThread [stack: 0x00007f0a49481000,0x00007f0a49581000] [id=26616]

VM state:not at safepoint (normal execution)

VM Mutex/Monitor currently owned by a thread: None

Heap:
 PSYoungGen      total 37888K, used 0K [0x00000000d6180000, 0x00000000d8b80000, 0x0000000100000000)
  eden space 32768K, 0% used [0x00000000d6180000,0x00000000d6180000,0x00000000d8180000)
  from space 5120K, 0% used [0x00000000d8680000,0x00000000d8680000,0x00000000d8b80000)
  to   space 5120K, 0% used [0x00000000d8180000,0x00000000d8180000,0x00000000d8680000)
 ParOldGen       total 86016K, used 1848K [0x0000000082400000, 0x0000000087800000, 0x00000000d6180000)
  object space 86016K, 2% used [0x0000000082400000,0x00000000825ce2e8,0x0000000087800000)
 Metaspace       used 6005K, capacity 6208K, committed 6400K, reserved 1056768K
  class space    used 607K, capacity 698K, committed 768K, reserved 1048576K

Card table byte_map: [0x00007f0a50640000,0x00007f0a50a2f000] byte_map_base: 0x00007f0a5022e000

Marking Bits: (ParMarkBitMap*) 0x00007f0a66779340
 Begin Bits: [0x00007f0a4c080000, 0x00007f0a4dff0000)
 End Bits:   [0x00007f0a4dff0000, 0x00007f0a4ff60000)

Polling page: 0x00007f0a67680000

CodeCache: size=245760Kb used=4067Kb max_used=4567Kb free=241692Kb
 bounds [0x00007f0a50df0000, 0x00007f0a51290000, 0x00007f0a5fdf0000]
 total_blobs=1205 nmethods=918 adapters=202
 compilation: enabled

Compilation events (10 events):
Event: 732.204 Thread 0x00007f0a600c0000 nmethod 1124 0x00007f0a50fa63d0 code [0x00007f0a50fa6620, 0x00007f0a50fa7488]
Event: 754.099 Thread 0x00007f0a600c0000 1125       3       java.util.regex.Pattern::expr (142 bytes)
Event: 754.100 Thread 0x00007f0a600c0000 nmethod 1125 0x00007f0a50f78f90 code [0x00007f0a50f791c0, 0x00007f0a50f79cd8]
Event: 754.100 Thread 0x00007f0a600c0000 1126       3       java.util.regex.Pattern::range (279 bytes)
Event: 754.275 Thread 0x00007f0a600c0000 nmethod 1126 0x00007f0a511cb8d0 code [0x00007f0a511cbd60, 0x00007f0a511ce3f8]
Event: 754.275 Thread 0x00007f0a600c0000 1127       3       java.util.regex.Pattern::nextEscaped (19 bytes)
Event: 754.276 Thread 0x00007f0a600c0000 nmethod 1127 0x00007f0a50f33590 code [0x00007f0a50f33700, 0x00007f0a50f33890]
Event: 760.160 Thread 0x00007f0a600c0000 1136   !   3       java.net.URL::set (114 bytes)
Event: 760.161 Thread 0x00007f0a600c0000 nmethod 1136 0x00007f0a510b7690 code [0x00007f0a510b7880, 0x00007f0a510b83b8]
Event: 760.195 Thread 0x00007f0a600be800 1137   !   4       gc.WeakReference::send (199 bytes)

GC Heap History (10 events):
Event: 758.472 GC heap after
Heap after GC invocations=297 (full 148):
 PSYoungGen      total 37888K, used 32K [0x00000000d6180000, 0x00000000d8b80000, 0x0000000100000000)
  eden space 32768K, 0% used [0x00000000d6180000,0x00000000d6180000,0x00000000d8180000)
  from space 5120K, 0% used [0x00000000d8180000,0x00000000d8188000,0x00000000d8680000)
  to   space 5120K, 0% used [0x00000000d8680000,0x00000000d8680000,0x00000000d8b80000)
 ParOldGen       total 86016K, used 1838K [0x0000000082400000, 0x0000000087800000, 0x00000000d6180000)
  object space 86016K, 2% used [0x0000000082400000,0x00000000825cba60,0x0000000087800000)
 Metaspace       used 6005K, capacity 6208K, committed 6400K, reserved 1056768K
  class space    used 607K, capacity 698K, committed 768K, reserved 1048576K
}
Event: 758.472 GC heap before
{Heap before GC invocations=298 (full 149):
 PSYoungGen      total 37888K, used 32K [0x00000000d6180000, 0x00000000d8b80000, 0x0000000100000000)
  eden space 32768K, 0% used [0x00000000d6180000,0x00000000d6180000,0x00000000d8180000)
  from space 5120K, 0% used [0x00000000d8180000,0x00000000d8188000,0x00000000d8680000)
  to   space 5120K, 0% used [0x00000000d8680000,0x00000000d8680000,0x00000000d8b80000)
 ParOldGen       total 86016K, used 1838K [0x0000000082400000, 0x0000000087800000, 0x00000000d6180000)
  object space 86016K, 2% used [0x0000000082400000,0x00000000825cba60,0x0000000087800000)
 Metaspace       used 6005K, capacity 6208K, committed 6400K, reserved 1056768K
  class space    used 607K, capacity 698K, committed 768K, reserved 1048576K
Event: 758.859 GC heap after
Heap after GC invocations=298 (full 149):
 PSYoungGen      total 37888K, used 0K [0x00000000d6180000, 0x00000000d8b80000, 0x0000000100000000)
  eden space 32768K, 0% used [0x00000000d6180000,0x00000000d6180000,0x00000000d8180000)
  from space 5120K, 0% used [0x00000000d8180000,0x00000000d8180000,0x00000000d8680000)
  to   space 5120K, 0% used [0x00000000d8680000,0x00000000d8680000,0x00000000d8b80000)
 ParOldGen       total 86016K, used 1843K [0x0000000082400000, 0x0000000087800000, 0x00000000d6180000)
  object space 86016K, 2% used [0x0000000082400000,0x00000000825ccd68,0x0000000087800000)
 Metaspace       used 6005K, capacity 6208K, committed 6400K, reserved 1056768K
  class space    used 607K, capacity 698K, committed 768K, reserved 1048576K
}
Event: 765.464 GC heap before
{Heap before GC invocations=299 (full 149):
 PSYoungGen      total 37888K, used 3932K [0x00000000d6180000, 0x00000000d8b80000, 0x0000000100000000)
  eden space 32768K, 12% used [0x00000000d6180000,0x00000000d6557130,0x00000000d8180000)
  from space 5120K, 0% used [0x00000000d8180000,0x00000000d8180000,0x00000000d8680000)
  to   space 5120K, 0% used [0x00000000d8680000,0x00000000d8680000,0x00000000d8b80000)
 ParOldGen       total 86016K, used 1843K [0x0000000082400000, 0x0000000087800000, 0x00000000d6180000)
  object space 86016K, 2% used [0x0000000082400000,0x00000000825ccd68,0x0000000087800000)
 Metaspace       used 6005K, capacity 6208K, committed 6400K, reserved 1056768K
  class space    used 607K, capacity 698K, committed 768K, reserved 1048576K
Event: 766.672 GC heap after
Heap after GC invocations=299 (full 149):
 PSYoungGen      total 37888K, used 32K [0x00000000d6180000, 0x00000000d8b80000, 0x0000000100000000)
  eden space 32768K, 0% used [0x00000000d6180000,0x00000000d6180000,0x00000000d8180000)
  from space 5120K, 0% used [0x00000000d8680000,0x00000000d8688000,0x00000000d8b80000)
  to   space 5120K, 0% used [0x00000000d8180000,0x00000000d8180000,0x00000000d8680000)
 ParOldGen       total 86016K, used 1851K [0x0000000082400000, 0x0000000087800000, 0x00000000d6180000)
  object space 86016K, 2% used [0x0000000082400000,0x00000000825ced68,0x0000000087800000)
 Metaspace       used 6005K, capacity 6208K, committed 6400K, reserved 1056768K
  class space    used 607K, capacity 698K, committed 768K, reserved 1048576K
}
Event: 766.672 GC heap before
{Heap before GC invocations=300 (full 150):
 PSYoungGen      total 37888K, used 32K [0x00000000d6180000, 0x00000000d8b80000, 0x0000000100000000)
  eden space 32768K, 0% used [0x00000000d6180000,0x00000000d6180000,0x00000000d8180000)
  from space 5120K, 0% used [0x00000000d8680000,0x00000000d8688000,0x00000000d8b80000)
  to   space 5120K, 0% used [0x00000000d8180000,0x00000000d8180000,0x00000000d8680000)
 ParOldGen       total 86016K, used 1851K [0x0000000082400000, 0x0000000087800000, 0x00000000d6180000)
  object space 86016K, 2% used [0x0000000082400000,0x00000000825ced68,0x0000000087800000)
 Metaspace       used 6005K, capacity 6208K, committed 6400K, reserved 1056768K
  class space    used 607K, capacity 698K, committed 768K, reserved 1048576K
Event: 767.833 GC heap after
Heap after GC invocations=300 (full 150):
 PSYoungGen      total 37888K, used 0K [0x00000000d6180000, 0x00000000d8b80000, 0x0000000100000000)
  eden space 32768K, 0% used [0x00000000d6180000,0x00000000d6180000,0x00000000d8180000)
  from space 5120K, 0% used [0x00000000d8680000,0x00000000d8680000,0x00000000d8b80000)
  to   space 5120K, 0% used [0x00000000d8180000,0x00000000d8180000,0x00000000d8680000)
 ParOldGen       total 86016K, used 1848K [0x0000000082400000, 0x0000000087800000, 0x00000000d6180000)
  object space 86016K, 2% used [0x0000000082400000,0x00000000825ce2e8,0x0000000087800000)
 Metaspace       used 6005K, capacity 6208K, committed 6400K, reserved 1056768K
  class space    used 607K, capacity 698K, committed 768K, reserved 1048576K
}
Event: 781.927 GC heap before
{Heap before GC invocations=301 (full 150):
 PSYoungGen      total 37888K, used 1310K [0x00000000d6180000, 0x00000000d8b80000, 0x0000000100000000)
  eden space 32768K, 3% used [0x00000000d6180000,0x00000000d62c7ae0,0x00000000d8180000)
  from space 5120K, 0% used [0x00000000d8680000,0x00000000d8680000,0x00000000d8b80000)
  to   space 5120K, 0% used [0x00000000d8180000,0x00000000d8180000,0x00000000d8680000)
 ParOldGen       total 86016K, used 1848K [0x0000000082400000, 0x0000000087800000, 0x00000000d6180000)
  object space 86016K, 2% used [0x0000000082400000,0x00000000825ce2e8,0x0000000087800000)
 Metaspace       used 6005K, capacity 6208K, committed 6400K, reserved 1056768K
  class space    used 607K, capacity 698K, committed 768K, reserved 1048576K
Event: 782.380 GC heap after
Heap after GC invocations=301 (full 150):
 PSYoungGen      total 37888K, used 0K [0x00000000d6180000, 0x00000000d8b80000, 0x0000000100000000)
  eden space 32768K, 0% used [0x00000000d6180000,0x00000000d6180000,0x00000000d8180000)
  from space 5120K, 0% used [0x00000000d8180000,0x00000000d8180000,0x00000000d8680000)
  to   space 5120K, 0% used [0x00000000d8680000,0x00000000d8680000,0x00000000d8b80000)
 ParOldGen       total 86016K, used 1848K [0x0000000082400000, 0x0000000087800000, 0x00000000d6180000)
  object space 86016K, 2% used [0x0000000082400000,0x00000000825ce2e8,0x0000000087800000)
 Metaspace       used 6005K, capacity 6208K, committed 6400K, reserved 1056768K
  class space    used 607K, capacity 698K, committed 768K, reserved 1048576K
}
Event: 782.380 GC heap before
{Heap before GC invocations=302 (full 151):
 PSYoungGen      total 37888K, used 0K [0x00000000d6180000, 0x00000000d8b80000, 0x0000000100000000)
  eden space 32768K, 0% used [0x00000000d6180000,0x00000000d6180000,0x00000000d8180000)
  from space 5120K, 0% used [0x00000000d8180000,0x00000000d8180000,0x00000000d8680000)
  to   space 5120K, 0% used [0x00000000d8680000,0x00000000d8680000,0x00000000d8b80000)
 ParOldGen       total 86016K, used 1848K [0x0000000082400000, 0x0000000087800000, 0x00000000d6180000)
  object space 86016K, 2% used [0x0000000082400000,0x00000000825ce2e8,0x0000000087800000)
 Metaspace       used 6005K, capacity 6208K, committed 6400K, reserved 1056768K
  class space    used 607K, capacity 698K, committed 768K, reserved 1048576K

Deoptimization events (10 events):
Event: 395.237 Thread 0x00007f0a08001800 Uncommon trap: reason=predicate action=maybe_recompile pc=0x00007f0a510ed66c method=java.util.Arrays.fill([Ljava/lang/Object;IILjava/lang/Object;)V @ 16
Event: 399.757 Thread 0x00007f0a60184000 Uncommon trap: reason=array_check action=maybe_recompile pc=0x00007f0a50f047ac method=java.util.Arrays.fill([Ljava/lang/Object;IILjava/lang/Object;)V @ 20
Event: 449.806 Thread 0x00007f0a0c007000 Uncommon trap: reason=unstable_if action=reinterpret pc=0x00007f0a511a9960 method=java.io.ObjectInputStream$BlockDataInputStream.readUTFBody(J)Ljava/lang/String; @ 53
Event: 450.325 Thread 0x00007f0a0c007000 Uncommon trap: reason=null_check action=make_not_entrant pc=0x00007f0a511d3034 method=java.io.ObjectStreamClass.getReflector([Ljava/io/ObjectStreamField;Ljava/io/ObjectStreamClass;)Ljava/io/ObjectStreamClass$FieldReflector; @ 49
Event: 455.915 Thread 0x00007f0a0c007000 Uncommon trap: reason=unstable_if action=reinterpret pc=0x00007f0a51193a78 method=java.io.ObjectInputStream.readSerialData(Ljava/lang/Object;Ljava/io/ObjectStreamClass;)V @ 84
Event: 455.915 Thread 0x00007f0a0c007000 Uncommon trap: reason=unstable_if action=reinterpret pc=0x00007f0a5107dd04 method=java.io.ObjectStreamClass.hasReadResolveMethod()Z @ 8
Event: 456.066 Thread 0x00007f0a60184000 Uncommon trap: reason=unstable_if action=reinterpret pc=0x00007f0a51136e30 method=java.lang.reflect.Method.invoke(Ljava/lang/Object;[Ljava/lang/Object;)Ljava/lang/Object; @ 45
Event: 495.123 Thread 0x00007f0a0c006000 Uncommon trap: reason=unstable_if action=reinterpret pc=0x00007f0a5111c6d4 method=java.io.ObjectInputStream.isCustomSubclass()Z @ 12
Event: 495.212 Thread 0x00007f09e4005000 Uncommon trap: reason=unstable_if action=reinterpret pc=0x00007f0a511ccee8 method=java.io.ObjectStreamClass.writeNonProxy(Ljava/io/ObjectOutputStream;)V @ 142
Event: 514.374 Thread 0x00007f0a0c007000 Uncommon trap: reason=unstable_if action=reinterpret pc=0x00007f0a50fd5650 method=java.net.SocketInputStream.read()I @ 28

Classes redefined (0 events):
No events

Internal exceptions (10 events):
Event: 357.365 Thread 0x00007f0a08001800 Exception <a 'java/lang/IllegalArgumentException': argument type mismatch> (0x00000000d62a0258) thrown at [/build/openjdk-8-5w_p1G/openjdk-8-8u191-b12/src/hotspot/src/share/vm/runtime/reflection.cpp, line 201]
Event: 357.365 Thread 0x00007f0a08001800 Exception <a 'java/lang/IllegalArgumentException': argument type mismatch> (0x00000000d62a04d0) thrown at [/build/openjdk-8-5w_p1G/openjdk-8-8u191-b12/src/hotspot/src/share/vm/runtime/reflection.cpp, line 201]
Event: 357.365 Thread 0x00007f0a08001800 Exception <a 'java/lang/IllegalArgumentException': argument type mismatch> (0x00000000d62a0748) thrown at [/build/openjdk-8-5w_p1G/openjdk-8-8u191-b12/src/hotspot/src/share/vm/runtime/reflection.cpp, line 201]
Event: 357.365 Thread 0x00007f0a08001800 Exception <a 'java/lang/IllegalArgumentException': argument type mismatch> (0x00000000d62a09c0) thrown at [/build/openjdk-8-5w_p1G/openjdk-8-8u191-b12/src/hotspot/src/share/vm/runtime/reflection.cpp, line 201]
Event: 357.366 Thread 0x00007f0a08001800 Exception <a 'java/lang/IllegalArgumentException': argument type mismatch> (0x00000000d62a6328) thrown at [/build/openjdk-8-5w_p1G/openjdk-8-8u191-b12/src/hotspot/src/share/vm/runtime/reflection.cpp, line 201]
Event: 357.367 Thread 0x00007f0a08001800 Exception <a 'java/lang/IllegalArgumentException': argument type mismatch> (0x00000000d62a8ef0) thrown at [/build/openjdk-8-5w_p1G/openjdk-8-8u191-b12/src/hotspot/src/share/vm/runtime/reflection.cpp, line 201]
Event: 357.367 Thread 0x00007f0a08001800 Exception <a 'java/lang/IllegalArgumentException': argument type mismatch> (0x00000000d62abb80) thrown at [/build/openjdk-8-5w_p1G/openjdk-8-8u191-b12/src/hotspot/src/share/vm/runtime/reflection.cpp, line 201]
Event: 357.368 Thread 0x00007f0a08001800 Exception <a 'java/lang/IllegalArgumentException': argument type mismatch> (0x00000000d62ae8d0) thrown at [/build/openjdk-8-5w_p1G/openjdk-8-8u191-b12/src/hotspot/src/share/vm/runtime/reflection.cpp, line 201]
Event: 450.325 Thread 0x00007f0a0c007000 Exception <a 'java/lang/NoSuchMethodError': <clinit>> (0x00000000d6189db0) thrown at [/build/openjdk-8-5w_p1G/openjdk-8-8u191-b12/src/hotspot/src/share/vm/prims/jni.cpp, line 1613]
Event: 456.066 Thread 0x00007f0a60184000 Implicit null exception at 0x00007f0a51136d98 to 0x00007f0a51136e16

Events (10 events):
Event: 753.044 Executing VM operation: ParallelGCSystemGC done
Event: 754.275 Thread 0x00007f0a600c0000 flushing nmethod 0x00007f0a50f28ed0
Event: 755.396 Executing VM operation: ParallelGCSystemGC
Event: 755.989 Executing VM operation: ParallelGCSystemGC done
Event: 758.269 Executing VM operation: ParallelGCSystemGC
Event: 758.859 Executing VM operation: ParallelGCSystemGC done
Event: 760.161 Thread 0x00007f0a600c0000 flushing nmethod 0x00007f0a50f4ba90
Event: 765.464 Executing VM operation: ParallelGCSystemGC
Event: 767.833 Executing VM operation: ParallelGCSystemGC done
Event: 781.703 Executing VM operation: ParallelGCSystemGC


Dynamic libraries:
82400000-87800000 rw-p 00000000 00:00 0
87800000-d6180000 ---p 00000000 00:00 0
d6180000-d8b80000 rw-p 00000000 00:00 0
d8b80000-100000000 ---p 00000000 00:00 0
100000000-1000c0000 rw-p 00000000 00:00 0
1000c0000-140000000 ---p 00000000 00:00 0
7f09dc000000-7f09dc021000 rw-p 00000000 00:00 0
7f09dc021000-7f09e0000000 ---p 00000000 00:00 0
7f09e4000000-7f09e4021000 rw-p 00000000 00:00 0
7f09e4021000-7f09e8000000 ---p 00000000 00:00 0
7f09e8000000-7f09e8021000 rw-p 00000000 00:00 0
7f09e8021000-7f09ec000000 ---p 00000000 00:00 0
7f09ec000000-7f09ec021000 rw-p 00000000 00:00 0
7f09ec021000-7f09f0000000 ---p 00000000 00:00 0
7f09f0000000-7f09f0021000 rw-p 00000000 00:00 0
7f09f0021000-7f09f4000000 ---p 00000000 00:00 0
7f09f4000000-7f09f4021000 rw-p 00000000 00:00 0
7f09f4021000-7f09f8000000 ---p 00000000 00:00 0
7f09f8000000-7f09f8021000 rw-p 00000000 00:00 0
7f09f8021000-7f09fc000000 ---p 00000000 00:00 0
7f09fc000000-7f09fc021000 rw-p 00000000 00:00 0
7f09fc021000-7f0a00000000 ---p 00000000 00:00 0
7f0a00000000-7f0a00021000 rw-p 00000000 00:00 0
7f0a00021000-7f0a04000000 ---p 00000000 00:00 0
7f0a04000000-7f0a04021000 rw-p 00000000 00:00 0
7f0a04021000-7f0a08000000 ---p 00000000 00:00 0
7f0a08000000-7f0a08038000 rw-p 00000000 00:00 0
7f0a08038000-7f0a0c000000 ---p 00000000 00:00 0
7f0a0c000000-7f0a0c029000 rw-p 00000000 00:00 0
7f0a0c029000-7f0a10000000 ---p 00000000 00:00 0
7f0a10000000-7f0a10021000 rw-p 00000000 00:00 0
7f0a10021000-7f0a14000000 ---p 00000000 00:00 0
7f0a14000000-7f0a14021000 rw-p 00000000 00:00 0
7f0a14021000-7f0a18000000 ---p 00000000 00:00 0
7f0a18000000-7f0a18021000 rw-p 00000000 00:00 0
7f0a18021000-7f0a1c000000 ---p 00000000 00:00 0
7f0a1c000000-7f0a1df3d000 rw-p 00000000 00:00 0
7f0a1df3d000-7f0a20000000 ---p 00000000 00:00 0
7f0a20000000-7f0a20462000 rw-p 00000000 00:00 0
7f0a20462000-7f0a24000000 ---p 00000000 00:00 0
7f0a24000000-7f0a24021000 rw-p 00000000 00:00 0
7f0a24021000-7f0a28000000 ---p 00000000 00:00 0
7f0a28000000-7f0a29a3d000 rw-p 00000000 00:00 0
7f0a29a3d000-7f0a2c000000 ---p 00000000 00:00 0
7f0a2c000000-7f0a2c021000 rw-p 00000000 00:00 0
7f0a2c021000-7f0a30000000 ---p 00000000 00:00 0
7f0a30000000-7f0a30021000 rw-p 00000000 00:00 0
7f0a30021000-7f0a34000000 ---p 00000000 00:00 0
7f0a34000000-7f0a34021000 rw-p 00000000 00:00 0
7f0a34021000-7f0a38000000 ---p 00000000 00:00 0
7f0a38000000-7f0a38039000 rw-p 00000000 00:00 0
7f0a38039000-7f0a3c000000 ---p 00000000 00:00 0
7f0a3c000000-7f0a3c021000 rw-p 00000000 00:00 0
7f0a3c021000-7f0a40000000 ---p 00000000 00:00 0
7f0a40000000-7f0a40021000 rw-p 00000000 00:00 0
7f0a40021000-7f0a44000000 ---p 00000000 00:00 0
7f0a44000000-7f0a44021000 rw-p 00000000 00:00 0
7f0a44021000-7f0a48000000 ---p 00000000 00:00 0
7f0a48160000-7f0a48163000 ---p 00000000 00:00 0
7f0a48163000-7f0a48261000 rw-p 00000000 00:00 0
7f0a48270000-7f0a48273000 ---p 00000000 00:00 0
7f0a48273000-7f0a48371000 rw-p 00000000 00:00 0
7f0a48380000-7f0a48383000 ---p 00000000 00:00 0
7f0a48383000-7f0a48481000 rw-p 00000000 00:00 0
7f0a48490000-7f0a48493000 ---p 00000000 00:00 0
7f0a48493000-7f0a48591000 rw-p 00000000 00:00 0
7f0a485a0000-7f0a485a3000 ---p 00000000 00:00 0
7f0a485a3000-7f0a486a1000 rw-p 00000000 00:00 0
7f0a486b0000-7f0a486b3000 ---p 00000000 00:00 0
7f0a486b3000-7f0a487b1000 rw-p 00000000 00:00 0
7f0a487c0000-7f0a487c3000 ---p 00000000 00:00 0
7f0a487c3000-7f0a488c1000 rw-p 00000000 00:00 0
7f0a488d0000-7f0a488d3000 ---p 00000000 00:00 0
7f0a488d3000-7f0a489d1000 rw-p 00000000 00:00 0
7f0a489e0000-7f0a489e3000 ---p 00000000 00:00 0
7f0a489e3000-7f0a48ae1000 rw-p 00000000 00:00 0
7f0a48af0000-7f0a48af3000 ---p 00000000 00:00 0
7f0a48af3000-7f0a48bf1000 rw-p 00000000 00:00 0
7f0a48c00000-7f0a48c03000 ---p 00000000 00:00 0
7f0a48c03000-7f0a48d01000 rw-p 00000000 00:00 0
7f0a48d10000-7f0a48d13000 ---p 00000000 00:00 0
7f0a48d13000-7f0a48e11000 rw-p 00000000 00:00 0
7f0a48e20000-7f0a48e23000 ---p 00000000 00:00 0
7f0a48e23000-7f0a48f21000 rw-p 00000000 00:00 0
7f0a48f30000-7f0a49231000 rw-p 00000000 00:00 0
7f0a49240000-7f0a49257000 r-xp 00000000 00:00 213561             /usr/lib/jvm/java-8-openjdk-amd64/jre/lib/amd64/libnet.so
7f0a49257000-7f0a49258000 ---p 00017000 00:00 213561             /usr/lib/jvm/java-8-openjdk-amd64/jre/lib/amd64/libnet.so
7f0a49258000-7f0a49456000 ---p 00000018 00:00 213561             /usr/lib/jvm/java-8-openjdk-amd64/jre/lib/amd64/libnet.so
7f0a49456000-7f0a49457000 r--p 00016000 00:00 213561             /usr/lib/jvm/java-8-openjdk-amd64/jre/lib/amd64/libnet.so
7f0a49457000-7f0a49458000 rw-p 00017000 00:00 213561             /usr/lib/jvm/java-8-openjdk-amd64/jre/lib/amd64/libnet.so
7f0a49465000-7f0a49480000 r--s 001d6000 00:00 43386              /usr/lib/jvm/java-8-openjdk-amd64/jre/lib/ext/nashorn.jar
7f0a49480000-7f0a49481000 ---p 00000000 00:00 0
7f0a49481000-7f0a49581000 rw-p 00000000 00:00 0
7f0a49590000-7f0a49593000 ---p 00000000 00:00 0
7f0a49593000-7f0a49691000 rw-p 00000000 00:00 0
7f0a496a0000-7f0a496a4000 ---p 00000000 00:00 0
7f0a496a4000-7f0a497a1000 rw-p 00000000 00:00 0
7f0a497b0000-7f0a497b4000 ---p 00000000 00:00 0
7f0a497b4000-7f0a498b1000 rw-p 00000000 00:00 0
7f0a498c0000-7f0a498c4000 ---p 00000000 00:00 0
7f0a498c4000-7f0a499c1000 rw-p 00000000 00:00 0
7f0a499d0000-7f0a499d3000 ---p 00000000 00:00 0
7f0a499d3000-7f0a49ad1000 rw-p 00000000 00:00 0
7f0a49ad1000-7f0a49b02000 r--p 00000000 00:00 1165083            /usr/lib/locale/C.UTF-8/LC_CTYPE
7f0a49b02000-7f0a49c75000 r--p 00000000 00:00 1165082            /usr/lib/locale/C.UTF-8/LC_COLLATE
7f0a49c75000-7f0a49e10000 r--p 00000000 00:00 1165094            /usr/lib/locale/locale-archive
7f0a49e10000-7f0a49e13000 ---p 00000000 00:00 0
7f0a49e13000-7f0a49f11000 rw-p 00000000 00:00 0
7f0a49f20000-7f0a49f23000 ---p 00000000 00:00 0
7f0a49f23000-7f0a4a021000 rw-p 00000000 00:00 0
7f0a4a030000-7f0a4a031000 ---p 00000000 00:00 0
7f0a4a031000-7f0a4a131000 rw-p 00000000 00:00 0
7f0a4a140000-7f0a4a241000 rw-p 00000000 00:00 0
7f0a4a250000-7f0a4a351000 rw-p 00000000 00:00 0
7f0a4a360000-7f0a4a461000 rw-p 00000000 00:00 0
7f0a4a470000-7f0a4a571000 rw-p 00000000 00:00 0
7f0a4a580000-7f0a4a681000 rw-p 00000000 00:00 0
7f0a4a690000-7f0a4a6b1000 rw-p 00000000 00:00 0
7f0a4a6c0000-7f0a4a7c1000 rw-p 00000000 00:00 0
7f0a4a7d0000-7f0a4a7f1000 rw-p 00000000 00:00 0
7f0a4a800000-7f0a4a901000 rw-p 00000000 00:00 0
7f0a4a910000-7f0a4a931000 rw-p 00000000 00:00 0
7f0a4a940000-7f0a4aa41000 rw-p 00000000 00:00 0
7f0a4aa50000-7f0a4aa71000 rw-p 00000000 00:00 0
7f0a4aa80000-7f0a4ab81000 rw-p 00000000 00:00 0
7f0a4ab90000-7f0a4ac91000 rw-p 00000000 00:00 0
7f0a4aca0000-7f0a4ada1000 rw-p 00000000 00:00 0
7f0a4adb0000-7f0a4aeb1000 rw-p 00000000 00:00 0
7f0a4aec0000-7f0a4afc1000 rw-p 00000000 00:00 0
7f0a4afd0000-7f0a4b0d1000 rw-p 00000000 00:00 0
7f0a4b0e0000-7f0a4b1e1000 rw-p 00000000 00:00 0
7f0a4b1f0000-7f0a4b23e000 rw-p 00000000 00:00 0
7f0a4b241000-7f0a4b410000 r--s 03c33000 00:00 213628             /usr/lib/jvm/java-8-openjdk-amd64/jre/lib/rt.jar
7f0a4b410000-7f0a4b486000 rw-p 00000000 00:00 0
7f0a4b490000-7f0a4ba10000 rw-p 00000000 00:00 0
7f0a4ba10000-7f0a4bc90000 ---p 00000000 00:00 0
7f0a4bc90000-7f0a4c07e000 rw-p 00000000 00:00 0
7f0a4c080000-7f0a4ff60000 rw-p 00000000 00:00 0
7f0a4ff60000-7f0a4ff61000 ---p 00000000 00:00 0
7f0a4ff61000-7f0a50061000 rw-p 00000000 00:00 0
7f0a50070000-7f0a50071000 ---p 00000000 00:00 0
7f0a50071000-7f0a50171000 rw-p 00000000 00:00 0
7f0a50180000-7f0a50181000 ---p 00000000 00:00 0
7f0a50181000-7f0a50281000 rw-p 00000000 00:00 0
7f0a50290000-7f0a50291000 ---p 00000000 00:00 0
7f0a50291000-7f0a50391000 rw-p 00000000 00:00 0
7f0a503a0000-7f0a503ca000 rw-p 00000000 00:00 0
7f0a503ca000-7f0a5063f000 ---p 00000000 00:00 0
7f0a50640000-7f0a5066a000 rw-p 00000000 00:00 0
7f0a5066a000-7f0a508de000 ---p 00000000 00:00 0
7f0a508de000-7f0a508f4000 rw-p 00000000 00:00 0
7f0a508f4000-7f0a50a2e000 ---p 00000000 00:00 0
7f0a50a2e000-7f0a50a2f000 rw-p 00000000 00:00 0
7f0a50a30000-7f0a50a43000 rw-p 00000000 00:00 0
7f0a50a43000-7f0a50df0000 ---p 00000000 00:00 0
7f0a50df0000-7f0a51290000 rwxp 00000000 00:00 0
7f0a51290000-7f0a5fdf0000 ---p 00000000 00:00 0
7f0a5fdf0000-7f0a5fdf8000 r-xp 00000000 00:00 213569             /usr/lib/jvm/java-8-openjdk-amd64/jre/lib/amd64/libzip.so
7f0a5fdf8000-7f0a5fdf9000 ---p 00008000 00:00 213569             /usr/lib/jvm/java-8-openjdk-amd64/jre/lib/amd64/libzip.so
7f0a5fdf9000-7f0a5fff7000 ---p 00000009 00:00 213569             /usr/lib/jvm/java-8-openjdk-amd64/jre/lib/amd64/libzip.so
7f0a5fff7000-7f0a5fff8000 r--p 00007000 00:00 213569             /usr/lib/jvm/java-8-openjdk-amd64/jre/lib/amd64/libzip.so
7f0a5fff8000-7f0a5fff9000 rw-p 00008000 00:00 213569             /usr/lib/jvm/java-8-openjdk-amd64/jre/lib/amd64/libzip.so
7f0a60000000-7f0a601c4000 rw-p 00000000 00:00 0
7f0a601c4000-7f0a64000000 ---p 00000000 00:00 0
7f0a64000000-7f0a6400b000 r-xp 00000000 00:00 1163848            /lib/x86_64-linux-gnu/libnss_files-2.27.so
7f0a6400b000-7f0a6400c000 ---p 0000b000 00:00 1163848            /lib/x86_64-linux-gnu/libnss_files-2.27.so
7f0a6400c000-7f0a6420a000 ---p 0000000c 00:00 1163848            /lib/x86_64-linux-gnu/libnss_files-2.27.so
7f0a6420a000-7f0a6420b000 r--p 0000a000 00:00 1163848            /lib/x86_64-linux-gnu/libnss_files-2.27.so
7f0a6420b000-7f0a6420c000 rw-p 0000b000 00:00 1163848            /lib/x86_64-linux-gnu/libnss_files-2.27.so
7f0a6420c000-7f0a64212000 rw-p 00000000 00:00 0
7f0a64220000-7f0a64237000 r-xp 00000000 00:00 1163842            /lib/x86_64-linux-gnu/libnsl-2.27.so
7f0a64237000-7f0a64238000 ---p 00017000 00:00 1163842            /lib/x86_64-linux-gnu/libnsl-2.27.so
7f0a64238000-7f0a64436000 ---p 00000018 00:00 1163842            /lib/x86_64-linux-gnu/libnsl-2.27.so
7f0a64436000-7f0a64437000 r--p 00016000 00:00 1163842            /lib/x86_64-linux-gnu/libnsl-2.27.so
7f0a64437000-7f0a64438000 rw-p 00017000 00:00 1163842            /lib/x86_64-linux-gnu/libnsl-2.27.so
7f0a64438000-7f0a6443a000 rw-p 00000000 00:00 0
7f0a64440000-7f0a6444b000 r-xp 00000000 00:00 1163852            /lib/x86_64-linux-gnu/libnss_nis-2.27.so
7f0a6444b000-7f0a6444c000 ---p 0000b000 00:00 1163852            /lib/x86_64-linux-gnu/libnss_nis-2.27.so
7f0a6444c000-7f0a6464a000 ---p 0000000c 00:00 1163852            /lib/x86_64-linux-gnu/libnss_nis-2.27.so
7f0a6464a000-7f0a6464b000 r--p 0000a000 00:00 1163852            /lib/x86_64-linux-gnu/libnss_nis-2.27.so
7f0a6464b000-7f0a6464c000 rw-p 0000b000 00:00 1163852            /lib/x86_64-linux-gnu/libnss_nis-2.27.so
7f0a64650000-7f0a64658000 r-xp 00000000 00:00 1163844            /lib/x86_64-linux-gnu/libnss_compat-2.27.so
7f0a64658000-7f0a6465a000 ---p 00008000 00:00 1163844            /lib/x86_64-linux-gnu/libnss_compat-2.27.so
7f0a6465a000-7f0a64858000 ---p 0000000a 00:00 1163844            /lib/x86_64-linux-gnu/libnss_compat-2.27.so
7f0a64858000-7f0a64859000 r--p 00008000 00:00 1163844            /lib/x86_64-linux-gnu/libnss_compat-2.27.so
7f0a64859000-7f0a6485a000 rw-p 00009000 00:00 1163844            /lib/x86_64-linux-gnu/libnss_compat-2.27.so
7f0a64860000-7f0a6488e000 r-xp 00000000 00:00 213546             /usr/lib/jvm/java-8-openjdk-amd64/jre/lib/amd64/libjava.so
7f0a6488e000-7f0a64890000 ---p 0002e000 00:00 213546             /usr/lib/jvm/java-8-openjdk-amd64/jre/lib/amd64/libjava.so
7f0a64890000-7f0a64a8d000 ---p 00000030 00:00 213546             /usr/lib/jvm/java-8-openjdk-amd64/jre/lib/amd64/libjava.so
7f0a64a8d000-7f0a64a8e000 r--p 0002d000 00:00 213546             /usr/lib/jvm/java-8-openjdk-amd64/jre/lib/amd64/libjava.so
7f0a64a8e000-7f0a64a90000 rw-p 0002e000 00:00 213546             /usr/lib/jvm/java-8-openjdk-amd64/jre/lib/amd64/libjava.so
7f0a64a90000-7f0a64aa0000 r-xp 00000000 00:00 213568             /usr/lib/jvm/java-8-openjdk-amd64/jre/lib/amd64/libverify.so
7f0a64aa0000-7f0a64aa2000 ---p 00010000 00:00 213568             /usr/lib/jvm/java-8-openjdk-amd64/jre/lib/amd64/libverify.so
7f0a64aa2000-7f0a64c9f000 ---p 00000012 00:00 213568             /usr/lib/jvm/java-8-openjdk-amd64/jre/lib/amd64/libverify.so
7f0a64c9f000-7f0a64ca1000 r--p 0000f000 00:00 213568             /usr/lib/jvm/java-8-openjdk-amd64/jre/lib/amd64/libverify.so
7f0a64ca1000-7f0a64ca2000 rw-p 00011000 00:00 213568             /usr/lib/jvm/java-8-openjdk-amd64/jre/lib/amd64/libverify.so
7f0a64cb0000-7f0a64cb7000 r-xp 00000000 00:00 1163891            /lib/x86_64-linux-gnu/librt-2.27.so
7f0a64cb7000-7f0a64cb8000 ---p 00007000 00:00 1163891            /lib/x86_64-linux-gnu/librt-2.27.so
7f0a64cb8000-7f0a64eb6000 ---p 00000008 00:00 1163891            /lib/x86_64-linux-gnu/librt-2.27.so
7f0a64eb6000-7f0a64eb7000 r--p 00006000 00:00 1163891            /lib/x86_64-linux-gnu/librt-2.27.so
7f0a64eb7000-7f0a64eb8000 rw-p 00007000 00:00 1163891            /lib/x86_64-linux-gnu/librt-2.27.so
7f0a64ec0000-7f0a64ed7000 r-xp 00000000 00:00 1195636            /lib/x86_64-linux-gnu/libgcc_s.so.1
7f0a64ed7000-7f0a64ed8000 ---p 00017000 00:00 1195636            /lib/x86_64-linux-gnu/libgcc_s.so.1
7f0a64ed8000-7f0a650d6000 ---p 00000018 00:00 1195636            /lib/x86_64-linux-gnu/libgcc_s.so.1
7f0a650d6000-7f0a650d7000 r--p 00016000 00:00 1195636            /lib/x86_64-linux-gnu/libgcc_s.so.1
7f0a650d7000-7f0a650d8000 rw-p 00017000 00:00 1195636            /lib/x86_64-linux-gnu/libgcc_s.so.1
7f0a650e0000-7f0a6527d000 r-xp 00000000 00:00 1163825            /lib/x86_64-linux-gnu/libm-2.27.so
7f0a6527d000-7f0a65280000 ---p 0019d000 00:00 1163825            /lib/x86_64-linux-gnu/libm-2.27.so
7f0a65280000-7f0a6547c000 ---p 000001a0 00:00 1163825            /lib/x86_64-linux-gnu/libm-2.27.so
7f0a6547c000-7f0a6547d000 r--p 0019c000 00:00 1163825            /lib/x86_64-linux-gnu/libm-2.27.so
7f0a6547d000-7f0a6547e000 rw-p 0019d000 00:00 1163825            /lib/x86_64-linux-gnu/libm-2.27.so
7f0a65480000-7f0a655f9000 r-xp 00000000 00:00 1252565            /usr/lib/x86_64-linux-gnu/libstdc++.so.6.0.25
7f0a655f9000-7f0a65606000 ---p 00179000 00:00 1252565            /usr/lib/x86_64-linux-gnu/libstdc++.so.6.0.25
7f0a65606000-7f0a657f9000 ---p 00000186 00:00 1252565            /usr/lib/x86_64-linux-gnu/libstdc++.so.6.0.25
7f0a657f9000-7f0a65803000 r--p 00179000 00:00 1252565            /usr/lib/x86_64-linux-gnu/libstdc++.so.6.0.25
7f0a65803000-7f0a65805000 rw-p 00183000 00:00 1252565            /usr/lib/x86_64-linux-gnu/libstdc++.so.6.0.25
7f0a65805000-7f0a65809000 rw-p 00000000 00:00 0
7f0a65810000-7f0a664aa000 r-xp 00000000 00:00 213574             /usr/lib/jvm/java-8-openjdk-amd64/jre/lib/amd64/server/libjvm.so
7f0a664aa000-7f0a66574000 ---p 00c9a000 00:00 213574             /usr/lib/jvm/java-8-openjdk-amd64/jre/lib/amd64/server/libjvm.so
7f0a66574000-7f0a666a9000 ---p 00000d64 00:00 213574             /usr/lib/jvm/java-8-openjdk-amd64/jre/lib/amd64/server/libjvm.so
7f0a666a9000-7f0a6673d000 r--p 00c99000 00:00 213574             /usr/lib/jvm/java-8-openjdk-amd64/jre/lib/amd64/server/libjvm.so
7f0a6673d000-7f0a66766000 rw-p 00d2d000 00:00 213574             /usr/lib/jvm/java-8-openjdk-amd64/jre/lib/amd64/server/libjvm.so
7f0a66766000-7f0a66796000 rw-p 00000000 00:00 0
7f0a667a0000-7f0a667ba000 r-xp 00000000 00:00 1163883            /lib/x86_64-linux-gnu/libpthread-2.27.so
7f0a667ba000-7f0a667c4000 ---p 0001a000 00:00 1163883            /lib/x86_64-linux-gnu/libpthread-2.27.so
7f0a667c4000-7f0a669b9000 ---p 00000024 00:00 1163883            /lib/x86_64-linux-gnu/libpthread-2.27.so
7f0a669b9000-7f0a669ba000 r--p 00019000 00:00 1163883            /lib/x86_64-linux-gnu/libpthread-2.27.so
7f0a669ba000-7f0a669bb000 rw-p 0001a000 00:00 1163883            /lib/x86_64-linux-gnu/libpthread-2.27.so
7f0a669bb000-7f0a669bf000 rw-p 00000000 00:00 0
7f0a669c0000-7f0a669c3000 r-xp 00000000 00:00 1163697            /lib/x86_64-linux-gnu/libdl-2.27.so
7f0a669c3000-7f0a669c4000 ---p 00003000 00:00 1163697            /lib/x86_64-linux-gnu/libdl-2.27.so
7f0a669c4000-7f0a66bc2000 ---p 00000004 00:00 1163697            /lib/x86_64-linux-gnu/libdl-2.27.so
7f0a66bc2000-7f0a66bc3000 r--p 00002000 00:00 1163697            /lib/x86_64-linux-gnu/libdl-2.27.so
7f0a66bc3000-7f0a66bc4000 rw-p 00003000 00:00 1163697            /lib/x86_64-linux-gnu/libdl-2.27.so
7f0a66bd0000-7f0a66bec000 r-xp 00000000 00:00 1163923            /lib/x86_64-linux-gnu/libz.so.1.2.11
7f0a66bec000-7f0a66bed000 ---p 0001c000 00:00 1163923            /lib/x86_64-linux-gnu/libz.so.1.2.11
7f0a66bed000-7f0a66deb000 ---p 0000001d 00:00 1163923            /lib/x86_64-linux-gnu/libz.so.1.2.11
7f0a66deb000-7f0a66dec000 r--p 0001b000 00:00 1163923            /lib/x86_64-linux-gnu/libz.so.1.2.11
7f0a66dec000-7f0a66ded000 rw-p 0001c000 00:00 1163923            /lib/x86_64-linux-gnu/libz.so.1.2.11
7f0a66df0000-7f0a66fd7000 r-xp 00000000 00:00 1163633            /lib/x86_64-linux-gnu/libc-2.27.so
7f0a66fd7000-7f0a66fe0000 ---p 001e7000 00:00 1163633            /lib/x86_64-linux-gnu/libc-2.27.so
7f0a66fe0000-7f0a671d7000 ---p 000001f0 00:00 1163633            /lib/x86_64-linux-gnu/libc-2.27.so
7f0a671d7000-7f0a671db000 r--p 001e7000 00:00 1163633            /lib/x86_64-linux-gnu/libc-2.27.so
7f0a671db000-7f0a671dd000 rw-p 001eb000 00:00 1163633            /lib/x86_64-linux-gnu/libc-2.27.so
7f0a671dd000-7f0a671e1000 rw-p 00000000 00:00 0
7f0a671f0000-7f0a671fe000 r-xp 00000000 00:00 213532             /usr/lib/jvm/java-8-openjdk-amd64/jre/lib/amd64/jli/libjli.so
7f0a671fe000-7f0a671ff000 ---p 0000e000 00:00 213532             /usr/lib/jvm/java-8-openjdk-amd64/jre/lib/amd64/jli/libjli.so
7f0a671ff000-7f0a673fd000 ---p 0000000f 00:00 213532             /usr/lib/jvm/java-8-openjdk-amd64/jre/lib/amd64/jli/libjli.so
7f0a673fd000-7f0a673fe000 r--p 0000d000 00:00 213532             /usr/lib/jvm/java-8-openjdk-amd64/jre/lib/amd64/jli/libjli.so
7f0a673fe000-7f0a673ff000 rw-p 0000e000 00:00 213532             /usr/lib/jvm/java-8-openjdk-amd64/jre/lib/amd64/jli/libjli.so
7f0a67400000-7f0a67426000 r-xp 00000000 00:00 1163578            /lib/x86_64-linux-gnu/ld-2.27.so
7f0a67426000-7f0a67427000 r-xp 00026000 00:00 1163578            /lib/x86_64-linux-gnu/ld-2.27.so
7f0a67430000-7f0a67451000 rw-p 00000000 00:00 0
7f0a67460000-7f0a674bb000 rw-p 00000000 00:00 0
7f0a674c0000-7f0a674e8000 rw-p 00000000 00:00 0
7f0a674ea000-7f0a674f0000 r--s 0004e000 00:00 614318             /mnt/c/Users/ksank/akka-resources/src/libs/salsa1.1.5.jar
7f0a674f0000-7f0a67518000 rw-p 00000000 00:00 0
7f0a6751a000-7f0a67520000 r--s 0002b000 00:00 155396             /mnt/c/Users/ksank/akka-resources/src/libs/kotlin-runtime-1.2.20-dev-331.jar
7f0a67520000-7f0a67524000 ---p 00000000 00:00 0
7f0a67524000-7f0a67621000 rw-p 00000000 00:00 0
7f0a67621000-7f0a67626000 r--s 000a0000 00:00 213618             /usr/lib/jvm/java-8-openjdk-amd64/jre/lib/jsse.jar
7f0a67626000-7f0a67627000 r--s 00010000 00:00 213599             /usr/lib/jvm/java-8-openjdk-amd64/jre/lib/ext/zipfs.jar
7f0a67627000-7f0a67628000 r--p 00027000 00:00 1163578            /lib/x86_64-linux-gnu/ld-2.27.so
7f0a67628000-7f0a67629000 rw-p 00028000 00:00 1163578            /lib/x86_64-linux-gnu/ld-2.27.so
7f0a67629000-7f0a6762a000 rw-p 00000000 00:00 0
7f0a6762a000-7f0a6762d000 r--s 00038000 00:00 213598             /usr/lib/jvm/java-8-openjdk-amd64/jre/lib/ext/sunpkcs11.jar
7f0a6762d000-7f0a67633000 r--s 0003b000 00:00 213596             /usr/lib/jvm/java-8-openjdk-amd64/jre/lib/ext/sunjce_provider.jar
7f0a67633000-7f0a67635000 r--s 00008000 00:00 213595             /usr/lib/jvm/java-8-openjdk-amd64/jre/lib/ext/sunec.jar
7f0a67635000-7f0a67650000 r--s 00394000 00:00 213588             /usr/lib/jvm/java-8-openjdk-amd64/jre/lib/ext/cldrdata.jar
7f0a67650000-7f0a67651000 rw-p 00000000 00:00 0
7f0a67651000-7f0a6765b000 r--s 00116000 00:00 39595              /usr/lib/jvm/java-8-openjdk-amd64/jre/lib/ext/localedata.jar
7f0a6765b000-7f0a6765d000 r--s 00007000 00:00 215852             /usr/share/java/java-atk-wrapper.jar
7f0a6765d000-7f0a67660000 r--s 0000f000 00:00 213590             /usr/lib/jvm/java-8-openjdk-amd64/jre/lib/ext/icedtea-sound.jar
7f0a67660000-7f0a67662000 rw-p 00000000 00:00 0
7f0a67662000-7f0a67663000 r--s 0000a000 00:00 213591             /usr/lib/jvm/java-8-openjdk-amd64/jre/lib/ext/jaccess.jar
7f0a67663000-7f0a67665000 r--s 00001000 00:00 213589             /usr/lib/jvm/java-8-openjdk-amd64/jre/lib/ext/dnsns.jar
7f0a67665000-7f0a67666000 r--p 00000000 00:00 1165090            /usr/lib/locale/C.UTF-8/LC_NUMERIC
7f0a67666000-7f0a67667000 r--p 00000000 00:00 1165093            /usr/lib/locale/C.UTF-8/LC_TIME
7f0a67667000-7f0a67668000 r--p 00000000 00:00 1165088            /usr/lib/locale/C.UTF-8/LC_MONETARY
7f0a67668000-7f0a67669000 r--p 00000000 00:00 1165087            /usr/lib/locale/C.UTF-8/LC_MESSAGES/SYS_LC_MESSAGES
7f0a67669000-7f0a67670000 r--s 00000000 00:00 1170996            /usr/lib/x86_64-linux-gnu/gconv/gconv-modules.cache
7f0a67670000-7f0a67672000 rw-p 00000000 00:00 0
7f0a67672000-7f0a67673000 r--p 00000000 00:00 1165091            /usr/lib/locale/C.UTF-8/LC_PAPER
7f0a67673000-7f0a67674000 r--p 00000000 00:00 1165089            /usr/lib/locale/C.UTF-8/LC_NAME
7f0a67674000-7f0a67675000 r--p 00000000 00:00 1165081            /usr/lib/locale/C.UTF-8/LC_ADDRESS
7f0a67675000-7f0a67676000 r--p 00000000 00:00 1165092            /usr/lib/locale/C.UTF-8/LC_TELEPHONE
7f0a67676000-7f0a67677000 r--p 00000000 00:00 1165085            /usr/lib/locale/C.UTF-8/LC_MEASUREMENT
7f0a67677000-7f0a67678000 r--p 00000000 00:00 1165084            /usr/lib/locale/C.UTF-8/LC_IDENTIFICATION
7f0a67678000-7f0a67680000 rw-s 00000000 00:00 1870154            /tmp/hsperfdata_rohankasi/25613
7f0a67680000-7f0a67681000 ---p 00000000 00:00 0
7f0a67800000-7f0a67801000 r-xp 00000000 00:00 213513             /usr/lib/jvm/java-8-openjdk-amd64/jre/bin/java
7f0a67a00000-7f0a67a01000 r--p 00000000 00:00 213513             /usr/lib/jvm/java-8-openjdk-amd64/jre/bin/java
7f0a67a01000-7f0a67a02000 rw-p 00001000 00:00 213513             /usr/lib/jvm/java-8-openjdk-amd64/jre/bin/java
7fffd06ef000-7fffd0710000 rw-p 00000000 00:00 0                  [heap]
7fffd86c8000-7fffd8ec8000 rw-p 00000000 00:00 0                  [stack]
7fffd9111000-7fffd9112000 r-xp 00000000 00:00 0                  [vdso]

VM Arguments:
jvm_args: -Duan=uan://localhost:3030/id92 
java_command: examples.chat.SpeakerKtKt uan://localhost:3030/id1 uan://localhost:3030/id92
java_class_path (initial): .:./libs/kotlin-runtime-1.2.20-dev-331.jar:./libs/salsa1.1.5.jar
Launcher Type: SUN_STANDARD

Environment Variables:
PATH=/home/rohankasi/.local/bin:/home/rohankasi/.sdkman/candidates/kotlin/current/bin:/opt/maven/bin:/usr/local/sbin:/usr/local/bin:/usr/sbin:/usr/bin:/sbin:/bin:/usr/games:/usr/local/games:/mnt/c/Program Files/WindowsApps/CanonicalGroupLimited.UbuntuonWindows_1804.2019.521.0_x64__79rhkp1fndgsc:/mnt/c/ProgramData/DockerDesktop/version-bin:/mnt/c/Program Files/Docker/Docker/resources/bin:/mnt/c/Python34:/mnt/c/Python34/Scripts:/mnt/c/Program Files/Haskell Platform/8.0.1/lib/extralibs/bin:/mnt/c/Program Files/Haskell Platform/8.0.1/bin:/mnt/c/Program Files (x86)/Intel/iCLS Client:/mnt/c/Program Files/Intel/iCLS Client:/mnt/c/Windows/System32:/mnt/c/Windows:/mnt/c/Windows/System32/wbem:/mnt/c/Windows/System32/WindowsPowerShell/v1.0:/mnt/c/Program Files (x86)/Intel/Intel(R) Management Engine Components/DAL:/mnt/c/Program Files/Intel/Intel(R) Management Engine Components/DAL:/mnt/c/Program Files (x86)/Intel/Intel(R) Management Engine Components/IPT:/mnt/c/Program Files/Intel/Intel(R) Management Engine Components/IPT:/mnt/c/Program Files/Haskell Platform/8.0.1/mingw/bin:/mnt/c/Program Files (x86)/GtkSharp/2.12/bin:/mnt/c/Program Files/Git/cmd:/mnt/c/Program Files/PuTTY:/mnt/c/Program Files/doxygen/bin:/mnt/c/Program Files/cURL/bin:/mnt/c/Program Files/nodejs:/mnt/c/Windows/System32/OpenSSH:/mnt/c/Program Files/Microsoft Windows Performance Toolkit:/mnt/c/TDM-GCC-64/bin:/mnt/c/Program Files/Intel/WiFi/bin:/mnt/c/Program Files/Common Files/Intel/WirelessCommon:/mnt/c/Users/ksank/AppData/Roaming/local/bin:/mnt/c/Users/ksank/AppData/Local/Microsoft/WindowsApps:/mnt/c/Users/ksank/Downloads/svm_light:/mnt/c/Program Files (x86)/Java/jdk1.8.0_144/bin:/mnt/c/Users/ksank/AppData/Local/.meteor:/mnt/c/Users/ksank/AppData/Roaming/npm:/mnt/c/MinGW/bin:/mnt/c/Users/ksank/AppData/Local/atom/bin:/snap/bin
SHELL=/bin/bash
HOSTTYPE=x86_64

Signal Handlers:
SIGSEGV: [libjvm.so+0xab2ea0], sa_mask[0]=11111111111111111111111111111110, sa_flags=SA_RESTART|SA_SIGINFO
SIGBUS: [libjvm.so+0xab2ea0], sa_mask[0]=11111111111111111111111111111110, sa_flags=SA_RESTART|SA_SIGINFO
SIGFPE: [libjvm.so+0x8e87b0], sa_mask[0]=11111111111111111111111111111110, sa_flags=SA_RESTART|SA_SIGINFO
SIGPIPE: [libjvm.so+0x8e87b0], sa_mask[0]=11111111111111111111111111111110, sa_flags=SA_RESTART|SA_SIGINFO
SIGXFSZ: [libjvm.so+0x8e87b0], sa_mask[0]=11111111111111111111111111111110, sa_flags=SA_RESTART|SA_SIGINFO
SIGILL: [libjvm.so+0x8e87b0], sa_mask[0]=11111111111111111111111111111110, sa_flags=SA_RESTART|SA_SIGINFO
SIGUSR1: SIG_DFL, sa_mask[0]=00000000000000000000000000000000, sa_flags=none
SIGUSR2: [libjvm.so+0x8e8660], sa_mask[0]=00000000000000000000000000000000, sa_flags=SA_RESTART|SA_SIGINFO
SIGHUP: [libjvm.so+0x8e8cd0], sa_mask[0]=11111111111111111111111111111110, sa_flags=SA_RESTART|SA_SIGINFO
SIGINT: SIG_IGN, sa_mask[0]=00000000000000000000000000000000, sa_flags=none
SIGTERM: [libjvm.so+0x8e8cd0], sa_mask[0]=11111111111111111111111111111110, sa_flags=SA_RESTART|SA_SIGINFO
SIGQUIT: [libjvm.so+0x8e8cd0], sa_mask[0]=11111111111111111111111111111110, sa_flags=SA_RESTART|SA_SIGINFO


---------------  S Y S T E M  ---------------

OS:DISTRIB_ID=Ubuntu
DISTRIB_RELEASE=18.04
DISTRIB_CODENAME=bionic
DISTRIB_DESCRIPTION="Ubuntu 18.04.1 LTS"

uname:Linux 4.4.0-17134-Microsoft #706-Microsoft Mon Apr 01 18:13:00 PST 2019 x86_64
libc:glibc 2.27 NPTL 2.27 
rlimit: STACK 8192k, CORE 0k, NPROC 7823, NOFILE 65536, AS infinity
load average:0.52 0.58 0.59

/proc/meminfo:
MemTotal:        8233460 kB
MemFree:          244168 kB
Buffers:           34032 kB
Cached:           188576 kB
SwapCached:            0 kB
Active:           167556 kB
Inactive:         157876 kB
Active(anon):     103104 kB
Inactive(anon):    17440 kB
Active(file):      64452 kB
Inactive(file):   140436 kB
Unevictable:           0 kB
Mlocked:               0 kB
SwapTotal:      15465852 kB
SwapFree:       11964440 kB
Dirty:                 0 kB
Writeback:             0 kB
AnonPages:        102824 kB
Mapped:            71404 kB
Shmem:             17720 kB
Slab:              13868 kB
SReclaimable:       6744 kB
SUnreclaim:         7124 kB
KernelStack:        2848 kB
PageTables:         2524 kB
NFS_Unstable:          0 kB
Bounce:                0 kB
WritebackTmp:          0 kB
CommitLimit:      515524 kB
Committed_AS:    3450064 kB
VmallocTotal:     122880 kB
VmallocUsed:       21296 kB
VmallocChunk:      66044 kB
HardwareCorrupted:     0 kB
AnonHugePages:      2048 kB
HugePages_Total:       0
HugePages_Free:        0
HugePages_Rsvd:        0
HugePages_Surp:        0
Hugepagesize:       2048 kB
DirectMap4k:       12280 kB
DirectMap4M:      897024 kB


CPU:total 4 (initial active 4) (2 cores per cpu, 2 threads per core) family 6 model 78 stepping 3, cmov, cx8, fxsr, mmx, sse, sse2, sse3, ssse3, sse4.1, sse4.2, popcnt, avx, avx2, aes, clmul, erms, 3dnowpref, lzcnt, ht, tsc, tscinvbit, bmi1, bmi2, adx

/proc/cpuinfo:
processor	: 0
vendor_id	: GenuineIntel
cpu family	: 6
model		: 78
model name	: Intel(R) Core(TM) i5-6200U CPU @ 2.30GHz
stepping	: 3
microcode	: 0xffffffff
cpu MHz		: 2400.000
cache size	: 256 KB
physical id	: 0
siblings	: 4
core id		: 0
cpu cores	: 2
apicid		: 0
initial apicid	: 0
fpu		: yes
fpu_exception	: yes
cpuid level	: 6
wp		: yes
flags		: fpu vme de pse tsc msr pae mce cx8 apic sep mtrr pge mca cmov pat pse36 clflush dts acpi mmx fxsr sse sse2 ss ht tm pbe syscall nx pdpe1gb rdtscp lm pni pclmulqdq est tm2 ssse3 fma cx16 xtpr pdcm pcid sse4_1 sse4_2 movbe popcnt aes xsave osxsave avx f16c rdrand hypervisor
bogomips	: 4800.00
clflush size	: 64
cache_alignment	: 64
address sizes	: 36 bits physical, 48 bits virtual
power management:

processor	: 1
vendor_id	: GenuineIntel
cpu family	: 6
model		: 78
model name	: Intel(R) Core(TM) i5-6200U CPU @ 2.30GHz
stepping	: 3
microcode	: 0xffffffff
cpu MHz		: 2400.000
cache size	: 256 KB
physical id	: 0
siblings	: 4
core id		: 0
cpu cores	: 2
apicid		: 0
initial apicid	: 0
fpu		: yes
fpu_exception	: yes
cpuid level	: 6
wp		: yes
flags		: fpu vme de pse tsc msr pae mce cx8 apic sep mtrr pge mca cmov pat pse36 clflush dts acpi mmx fxsr sse sse2 ss ht tm pbe syscall nx pdpe1gb rdtscp lm pni pclmulqdq est tm2 ssse3 fma cx16 xtpr pdcm pcid sse4_1 sse4_2 movbe popcnt aes xsave osxsave avx f16c rdrand hypervisor
bogomips	: 4800.00
clflush size	: 64
cache_alignment	: 64
address sizes	: 36 bits physical, 48 bits virtual
power management:

processor	: 2
vendor_id	: GenuineIntel
cpu family	: 6
model		: 78
model name	: Intel(R) Core(TM) i5-6200U CPU @ 2.30GHz
stepping	: 3
microcode	: 0xffffffff
cpu MHz		: 2400.000
cache size	: 256 KB
physical id	: 0
siblings	: 4
core id		: 1
cpu cores	: 2
apicid		: 0
initial apicid	: 0
fpu		: yes
fpu_exception	: yes
cpuid level	: 6
wp		: yes
flags		: fpu vme de pse tsc msr pae mce cx8 apic sep mtrr pge mca cmov pat pse36 clflush dts acpi mmx fxsr sse sse2 ss ht tm pbe syscall nx pdpe1gb rdtscp lm pni pclmulqdq est tm2 ssse3 fma cx16 xtpr pdcm pcid sse4_1 sse4_2 movbe popcnt aes xsave osxsave avx f16c rdrand hypervisor
bogomips	: 4800.00
clflush size	: 64
cache_alignment	: 64
address sizes	: 36 bits physical, 48 bits virtual
power management:

processor	: 3
vendor_id	: GenuineIntel
cpu family	: 6
model		: 78
model name	: Intel(R) Core(TM) i5-6200U CPU @ 2.30GHz
stepping	: 3
microcode	: 0xffffffff
cpu MHz		: 2400.000
cache size	: 256 KB
physical id	: 0
siblings	: 4
core id		: 1
cpu cores	: 2
apicid		: 0
initial apicid	: 0
fpu		: yes
fpu_exception	: yes
cpuid level	: 6
wp		: yes
flags		: fpu vme de pse tsc msr pae mce cx8 apic sep mtrr pge mca cmov pat pse36 clflush dts acpi mmx fxsr sse sse2 ss ht tm pbe syscall nx pdpe1gb rdtscp lm pni pclmulqdq est tm2 ssse3 fma cx16 xtpr pdcm pcid sse4_1 sse4_2 movbe popcnt aes xsave osxsave avx f16c rdrand hypervisor
bogomips	: 4800.00
clflush size	: 64
cache_alignment	: 64
address sizes	: 36 bits physical, 48 bits virtual
power management:



Memory: 4k page, physical 8233460k(244288k free), swap 15465852k(11964444k free)

vm_info: OpenJDK 64-Bit Server VM (25.191-b12) for linux-amd64 JRE (1.8.0_191-8u191-b12-2ubuntu0.18.04.1-b12), built on Jan 14 2019 21:02:00 by "buildd" with gcc 7.3.0

time: Wed Nov 13 12:44:10 2019
elapsed time: 806 seconds (0d 0h 13m 26s)

